Building DAG of jobs...
Using shell: /usr/bin/bash
Provided cluster nodes: 10
Job stats:
job               count    min threads    max threads
--------------  -------  -------------  -------------
all                   1              1              1
hicDetectLoops        8             24             24
total                 9              1             24

Select jobs to execute...

[Mon Nov 28 22:10:41 2022]
rule hicDetectLoops:
    input: /home/lengliang/lzy/3d/hic-pro/4_hicexplorer/3_hicCorrectMatrix/100000/control_100000_corrected.h5
    output: /home/lengliang/lzy/3d/hic-pro/4_hicexplorer/7_hicDetectLoops/control/control_100000_loops.bedgraph
    log: /home/lengliang/lzy/3d/log/control_100000_loop.log
    jobid: 1
    reason: Missing output files: /home/lengliang/lzy/3d/hic-pro/4_hicexplorer/7_hicDetectLoops/control/control_100000_loops.bedgraph
    wildcards: treatment=control, resolution=100000
    threads: 24
    resources: mem_mb=1000, disk_mb=4191800, tmpdir=/home/lengliang/lzy/tmp/3d/

Submitted job 1 with external jobid '7181.mu01'.

[Mon Nov 28 22:10:43 2022]
rule hicDetectLoops:
    input: /home/lengliang/lzy/3d/hic-pro/4_hicexplorer/3_hicCorrectMatrix/250000/control_250000_corrected.h5
    output: /home/lengliang/lzy/3d/hic-pro/4_hicexplorer/7_hicDetectLoops/control/control_250000_loops.bedgraph
    log: /home/lengliang/lzy/3d/log/control_250000_loop.log
    jobid: 4
    reason: Missing output files: /home/lengliang/lzy/3d/hic-pro/4_hicexplorer/7_hicDetectLoops/control/control_250000_loops.bedgraph
    wildcards: treatment=control, resolution=250000
    threads: 24
    resources: mem_mb=1000, disk_mb=4191800, tmpdir=/home/lengliang/lzy/tmp/3d/

Submitted job 4 with external jobid '7182.mu01'.

[Mon Nov 28 22:10:43 2022]
rule hicDetectLoops:
    input: /home/lengliang/lzy/3d/hic-pro/4_hicexplorer/3_hicCorrectMatrix/50000/heat_50000_corrected.h5
    output: /home/lengliang/lzy/3d/hic-pro/4_hicexplorer/7_hicDetectLoops/heat/heat_50000_loops.bedgraph
    log: /home/lengliang/lzy/3d/log/heat_50000_loop.log
    jobid: 6
    reason: Missing output files: /home/lengliang/lzy/3d/hic-pro/4_hicexplorer/7_hicDetectLoops/heat/heat_50000_loops.bedgraph
    wildcards: treatment=heat, resolution=50000
    threads: 24
    resources: mem_mb=1000, disk_mb=4191800, tmpdir=/home/lengliang/lzy/tmp/3d/

Submitted job 6 with external jobid '7183.mu01'.

[Mon Nov 28 22:10:43 2022]
rule hicDetectLoops:
    input: /home/lengliang/lzy/3d/hic-pro/4_hicexplorer/3_hicCorrectMatrix/250000/heat_250000_corrected.h5
    output: /home/lengliang/lzy/3d/hic-pro/4_hicexplorer/7_hicDetectLoops/heat/heat_250000_loops.bedgraph
    log: /home/lengliang/lzy/3d/log/heat_250000_loop.log
    jobid: 8
    reason: Missing output files: /home/lengliang/lzy/3d/hic-pro/4_hicexplorer/7_hicDetectLoops/heat/heat_250000_loops.bedgraph
    wildcards: treatment=heat, resolution=250000
    threads: 24
    resources: mem_mb=1000, disk_mb=4191800, tmpdir=/home/lengliang/lzy/tmp/3d/

Submitted job 8 with external jobid '7184.mu01'.

[Mon Nov 28 22:10:43 2022]
rule hicDetectLoops:
    input: /home/lengliang/lzy/3d/hic-pro/4_hicexplorer/3_hicCorrectMatrix/50000/control_50000_corrected.h5
    output: /home/lengliang/lzy/3d/hic-pro/4_hicexplorer/7_hicDetectLoops/control/control_50000_loops.bedgraph
    log: /home/lengliang/lzy/3d/log/control_50000_loop.log
    jobid: 2
    reason: Missing output files: /home/lengliang/lzy/3d/hic-pro/4_hicexplorer/7_hicDetectLoops/control/control_50000_loops.bedgraph
    wildcards: treatment=control, resolution=50000
    threads: 24
    resources: mem_mb=1000, disk_mb=4191800, tmpdir=/home/lengliang/lzy/tmp/3d/

Submitted job 2 with external jobid '7185.mu01'.

[Mon Nov 28 22:10:43 2022]
rule hicDetectLoops:
    input: /home/lengliang/lzy/3d/hic-pro/4_hicexplorer/3_hicCorrectMatrix/500000/control_500000_corrected.h5
    output: /home/lengliang/lzy/3d/hic-pro/4_hicexplorer/7_hicDetectLoops/control/control_500000_loops.bedgraph
    log: /home/lengliang/lzy/3d/log/control_500000_loop.log
    jobid: 3
    reason: Missing output files: /home/lengliang/lzy/3d/hic-pro/4_hicexplorer/7_hicDetectLoops/control/control_500000_loops.bedgraph
    wildcards: treatment=control, resolution=500000
    threads: 24
    resources: mem_mb=1000, disk_mb=4191800, tmpdir=/home/lengliang/lzy/tmp/3d/

Submitted job 3 with external jobid '7186.mu01'.

[Mon Nov 28 22:10:43 2022]
rule hicDetectLoops:
    input: /home/lengliang/lzy/3d/hic-pro/4_hicexplorer/3_hicCorrectMatrix/100000/heat_100000_corrected.h5
    output: /home/lengliang/lzy/3d/hic-pro/4_hicexplorer/7_hicDetectLoops/heat/heat_100000_loops.bedgraph
    log: /home/lengliang/lzy/3d/log/heat_100000_loop.log
    jobid: 5
    reason: Missing output files: /home/lengliang/lzy/3d/hic-pro/4_hicexplorer/7_hicDetectLoops/heat/heat_100000_loops.bedgraph
    wildcards: treatment=heat, resolution=100000
    threads: 24
    resources: mem_mb=1000, disk_mb=4191800, tmpdir=/home/lengliang/lzy/tmp/3d/

Submitted job 5 with external jobid '7187.mu01'.

[Mon Nov 28 22:10:44 2022]
rule hicDetectLoops:
    input: /home/lengliang/lzy/3d/hic-pro/4_hicexplorer/3_hicCorrectMatrix/500000/heat_500000_corrected.h5
    output: /home/lengliang/lzy/3d/hic-pro/4_hicexplorer/7_hicDetectLoops/heat/heat_500000_loops.bedgraph
    log: /home/lengliang/lzy/3d/log/heat_500000_loop.log
    jobid: 7
    reason: Missing output files: /home/lengliang/lzy/3d/hic-pro/4_hicexplorer/7_hicDetectLoops/heat/heat_500000_loops.bedgraph
    wildcards: treatment=heat, resolution=500000
    threads: 24
    resources: mem_mb=1000, disk_mb=4191800, tmpdir=/home/lengliang/lzy/tmp/3d/

Submitted job 7 with external jobid '7188.mu01'.
[Mon Nov 28 22:11:21 2022]
Error in rule hicDetectLoops:
    jobid: 4
    output: /home/lengliang/lzy/3d/hic-pro/4_hicexplorer/7_hicDetectLoops/control/control_250000_loops.bedgraph
    log: /home/lengliang/lzy/3d/log/control_250000_loop.log (check log file(s) for error message)
    shell:
        
pvalue=(0.05 0.1 0.5 1)
dis=(8000000 20000000)
pp=(0.1 0.5 1 1)
num=${#pvalue[@]}
for((i=0;i<num;i++)){
    for d in ${dis[*]}
    do
        # echo "${pvalue[i]}and${d}and ${pp[i]}"
        ~/lzy/mambaforge/bin/hicDetectLoops -m /home/lengliang/lzy/3d/hic-pro/4_hicexplorer/3_hicCorrectMatrix/250000/control_250000_corrected.h5 -o /home/lengliang/lzy/3d/hic-pro/4_hicexplorer/7_hicDetectLoops/control/control_250000_loops.bedgraph.p${pvalue[i]}.d${dis} --maxLoopDistance ${dis} --peakInteractionsThreshold 5 --threads 24 --peakWidth 2 --windowSize 5 --pValuePreselection  ${pp[i]} --pValue ${pvalue[i]} 2>>/home/lengliang/lzy/3d/log/control_250000_loop.log
        ~/lzy/mambaforge/bin/hicPlotMatrix -m /home/lengliang/lzy/3d/hic-pro/4_hicexplorer/3_hicCorrectMatrix/250000/control_250000_corrected.h5 -o /home/lengliang/lzy/3d/hic-pro/4_hicexplorer/7_hicDetectLoops/control/control_250000_loops.bedgraph.p${pvalue[i]}.d${dis}.pdf --vMax 4 --dpi 330  --loops /home/lengliang/lzy/3d/hic-pro/4_hicexplorer/7_hicDetectLoops/control/control_250000_loops.bedgraph.p${pvalue[i]}.d${dis}  2>>/home/lengliang/lzy/3d/log/control_250000_loop.log

    done
}
echo ''>/home/lengliang/lzy/3d/hic-pro/4_hicexplorer/7_hicDetectLoops/control/control_250000_loops.bedgraph

        (one of the commands exited with non-zero exit code; note that snakemake uses bash strict mode!)
    cluster_jobid: 7182.mu01

Error executing rule hicDetectLoops on cluster (jobid: 4, external: 7182.mu01, jobscript: /home/lengliang/lzy/3d/hic-pro/script/hicexplorer/.snakemake/tmp.7lk1fa5l/snakejob.hicDetectLoops.4.sh). For error details see the cluster log and the log files of the involved rule(s).
[Mon Nov 28 22:11:21 2022]
Error in rule hicDetectLoops:
    jobid: 8
    output: /home/lengliang/lzy/3d/hic-pro/4_hicexplorer/7_hicDetectLoops/heat/heat_250000_loops.bedgraph
    log: /home/lengliang/lzy/3d/log/heat_250000_loop.log (check log file(s) for error message)
    shell:
        
pvalue=(0.05 0.1 0.5 1)
dis=(8000000 20000000)
pp=(0.1 0.5 1 1)
num=${#pvalue[@]}
for((i=0;i<num;i++)){
    for d in ${dis[*]}
    do
        # echo "${pvalue[i]}and${d}and ${pp[i]}"
        ~/lzy/mambaforge/bin/hicDetectLoops -m /home/lengliang/lzy/3d/hic-pro/4_hicexplorer/3_hicCorrectMatrix/250000/heat_250000_corrected.h5 -o /home/lengliang/lzy/3d/hic-pro/4_hicexplorer/7_hicDetectLoops/heat/heat_250000_loops.bedgraph.p${pvalue[i]}.d${dis} --maxLoopDistance ${dis} --peakInteractionsThreshold 5 --threads 24 --peakWidth 2 --windowSize 5 --pValuePreselection  ${pp[i]} --pValue ${pvalue[i]} 2>>/home/lengliang/lzy/3d/log/heat_250000_loop.log
        ~/lzy/mambaforge/bin/hicPlotMatrix -m /home/lengliang/lzy/3d/hic-pro/4_hicexplorer/3_hicCorrectMatrix/250000/heat_250000_corrected.h5 -o /home/lengliang/lzy/3d/hic-pro/4_hicexplorer/7_hicDetectLoops/heat/heat_250000_loops.bedgraph.p${pvalue[i]}.d${dis}.pdf --vMax 4 --dpi 330  --loops /home/lengliang/lzy/3d/hic-pro/4_hicexplorer/7_hicDetectLoops/heat/heat_250000_loops.bedgraph.p${pvalue[i]}.d${dis}  2>>/home/lengliang/lzy/3d/log/heat_250000_loop.log

    done
}
echo ''>/home/lengliang/lzy/3d/hic-pro/4_hicexplorer/7_hicDetectLoops/heat/heat_250000_loops.bedgraph

        (one of the commands exited with non-zero exit code; note that snakemake uses bash strict mode!)
    cluster_jobid: 7184.mu01

Error executing rule hicDetectLoops on cluster (jobid: 8, external: 7184.mu01, jobscript: /home/lengliang/lzy/3d/hic-pro/script/hicexplorer/.snakemake/tmp.7lk1fa5l/snakejob.hicDetectLoops.8.sh). For error details see the cluster log and the log files of the involved rule(s).
[Mon Nov 28 22:11:21 2022]
Error in rule hicDetectLoops:
    jobid: 7
    output: /home/lengliang/lzy/3d/hic-pro/4_hicexplorer/7_hicDetectLoops/heat/heat_500000_loops.bedgraph
    log: /home/lengliang/lzy/3d/log/heat_500000_loop.log (check log file(s) for error message)
    shell:
        
pvalue=(0.05 0.1 0.5 1)
dis=(8000000 20000000)
pp=(0.1 0.5 1 1)
num=${#pvalue[@]}
for((i=0;i<num;i++)){
    for d in ${dis[*]}
    do
        # echo "${pvalue[i]}and${d}and ${pp[i]}"
        ~/lzy/mambaforge/bin/hicDetectLoops -m /home/lengliang/lzy/3d/hic-pro/4_hicexplorer/3_hicCorrectMatrix/500000/heat_500000_corrected.h5 -o /home/lengliang/lzy/3d/hic-pro/4_hicexplorer/7_hicDetectLoops/heat/heat_500000_loops.bedgraph.p${pvalue[i]}.d${dis} --maxLoopDistance ${dis} --peakInteractionsThreshold 5 --threads 24 --peakWidth 2 --windowSize 5 --pValuePreselection  ${pp[i]} --pValue ${pvalue[i]} 2>>/home/lengliang/lzy/3d/log/heat_500000_loop.log
        ~/lzy/mambaforge/bin/hicPlotMatrix -m /home/lengliang/lzy/3d/hic-pro/4_hicexplorer/3_hicCorrectMatrix/500000/heat_500000_corrected.h5 -o /home/lengliang/lzy/3d/hic-pro/4_hicexplorer/7_hicDetectLoops/heat/heat_500000_loops.bedgraph.p${pvalue[i]}.d${dis}.pdf --vMax 4 --dpi 330  --loops /home/lengliang/lzy/3d/hic-pro/4_hicexplorer/7_hicDetectLoops/heat/heat_500000_loops.bedgraph.p${pvalue[i]}.d${dis}  2>>/home/lengliang/lzy/3d/log/heat_500000_loop.log

    done
}
echo ''>/home/lengliang/lzy/3d/hic-pro/4_hicexplorer/7_hicDetectLoops/heat/heat_500000_loops.bedgraph

        (one of the commands exited with non-zero exit code; note that snakemake uses bash strict mode!)
    cluster_jobid: 7188.mu01

Error executing rule hicDetectLoops on cluster (jobid: 7, external: 7188.mu01, jobscript: /home/lengliang/lzy/3d/hic-pro/script/hicexplorer/.snakemake/tmp.7lk1fa5l/snakejob.hicDetectLoops.7.sh). For error details see the cluster log and the log files of the involved rule(s).
Terminating processes on user request, this might take some time.
No --cluster-cancel given. Will exit after finishing currently running jobs.
Complete log: .snakemake/log/2022-11-28T221040.705014.snakemake.log
