Building DAG of jobs...
Using shell: /usr/bin/bash
Provided cluster nodes: 10
Job stats:
job               count    min threads    max threads
--------------  -------  -------------  -------------
all                   1              1              1
hicDetectLoops        8             24             24
total                 9              1             24

Select jobs to execute...

[Tue Nov 29 14:55:36 2022]
rule hicDetectLoops:
    input: /home/lengliang/lzy/3d/hic-pro/4_hicexplorer/3_hicCorrectMatrix/100000/control_100000_corrected.h5
    output: /home/lengliang/lzy/3d/hic-pro/4_hicexplorer/7_hicDetectLoops/control/control_100000_loops.bedgraph
    log: /home/lengliang/lzy/3d/hic-pro/4_hicexplorer/7_hicDetectLoops/log/control_100000_loop.log
    jobid: 1
    reason: Code has changed since last execution
    wildcards: treatment=control, resolution=100000
    threads: 24
    resources: mem_mb=1000, disk_mb=4191800, tmpdir=/home/lengliang/lzy/tmp/3d/


function f(){   
    local pvalue=(0.05 0.1 0.5 1)
    local dis=(8000000 20000000)
    local pp=(0.1 0.5 1 1)
    local num=${#pvalue[@]}
    for((i=0;i<num;i++)){
        for d in ${dis[*]}
        do
            # echo "${pvalue[i]}and${d}and ${pp[i]}"
            ~/lzy/mambaforge/bin/hicDetectLoops -m /home/lengliang/lzy/3d/hic-pro/4_hicexplorer/3_hicCorrectMatrix/100000/control_100000_corrected.h5 -o /home/lengliang/lzy/3d/hic-pro/4_hicexplorer/7_hicDetectLoops/control/control_100000_loops.bedgraph.p${pvalue[i]}.d${dis} --maxLoopDistance ${dis} --peakInteractionsThreshold 5 --threads 24 --peakWidth 2 --windowSize 5 --pValuePreselection  ${pp[i]} --pValue ${pvalue[i]} 2>>/home/lengliang/lzy/3d/hic-pro/4_hicexplorer/7_hicDetectLoops/log/control_100000_loop.log
                # -f 参数判断 $file 是否存在
            if [ -f "/home/lengliang/lzy/3d/hic-pro/4_hicexplorer/7_hicDetectLoops/control/control_100000_loops.bedgraph.p${pvalue[i]}.d${dis}" ]; then
                ~/lzy/mambaforge/bin/hicPlotMatrix -m /home/lengliang/lzy/3d/hic-pro/4_hicexplorer/3_hicCorrectMatrix/100000/control_100000_corrected.h5 -o /home/lengliang/lzy/3d/hic-pro/4_hicexplorer/7_hicDetectLoops/control/control_100000_loops.bedgraph.p${pvalue[i]}.d${dis}.pdf --vMax 4 --dpi 330  --loops /home/lengliang/lzy/3d/hic-pro/4_hicexplorer/7_hicDetectLoops/control/control_100000_loops.bedgraph.p${pvalue[i]}.d${dis}  2>>/home/lengliang/lzy/3d/hic-pro/4_hicexplorer/7_hicDetectLoops/log/control_100000_loop.log
            fi

        done
    }
} 
f
echo ''>/home/lengliang/lzy/3d/hic-pro/4_hicexplorer/7_hicDetectLoops/control/control_100000_loops.bedgraph

Submitted job 1 with external jobid '7219.mu01'.

[Tue Nov 29 14:55:40 2022]
rule hicDetectLoops:
    input: /home/lengliang/lzy/3d/hic-pro/4_hicexplorer/3_hicCorrectMatrix/250000/control_250000_corrected.h5
    output: /home/lengliang/lzy/3d/hic-pro/4_hicexplorer/7_hicDetectLoops/control/control_250000_loops.bedgraph
    log: /home/lengliang/lzy/3d/hic-pro/4_hicexplorer/7_hicDetectLoops/log/control_250000_loop.log
    jobid: 4
    reason: Missing output files: /home/lengliang/lzy/3d/hic-pro/4_hicexplorer/7_hicDetectLoops/control/control_250000_loops.bedgraph
    wildcards: treatment=control, resolution=250000
    threads: 24
    resources: mem_mb=1000, disk_mb=4191800, tmpdir=/home/lengliang/lzy/tmp/3d/


function f(){   
    local pvalue=(0.05 0.1 0.5 1)
    local dis=(8000000 20000000)
    local pp=(0.1 0.5 1 1)
    local num=${#pvalue[@]}
    for((i=0;i<num;i++)){
        for d in ${dis[*]}
        do
            # echo "${pvalue[i]}and${d}and ${pp[i]}"
            ~/lzy/mambaforge/bin/hicDetectLoops -m /home/lengliang/lzy/3d/hic-pro/4_hicexplorer/3_hicCorrectMatrix/250000/control_250000_corrected.h5 -o /home/lengliang/lzy/3d/hic-pro/4_hicexplorer/7_hicDetectLoops/control/control_250000_loops.bedgraph.p${pvalue[i]}.d${dis} --maxLoopDistance ${dis} --peakInteractionsThreshold 5 --threads 24 --peakWidth 2 --windowSize 5 --pValuePreselection  ${pp[i]} --pValue ${pvalue[i]} 2>>/home/lengliang/lzy/3d/hic-pro/4_hicexplorer/7_hicDetectLoops/log/control_250000_loop.log
                # -f 参数判断 $file 是否存在
            if [ -f "/home/lengliang/lzy/3d/hic-pro/4_hicexplorer/7_hicDetectLoops/control/control_250000_loops.bedgraph.p${pvalue[i]}.d${dis}" ]; then
                ~/lzy/mambaforge/bin/hicPlotMatrix -m /home/lengliang/lzy/3d/hic-pro/4_hicexplorer/3_hicCorrectMatrix/250000/control_250000_corrected.h5 -o /home/lengliang/lzy/3d/hic-pro/4_hicexplorer/7_hicDetectLoops/control/control_250000_loops.bedgraph.p${pvalue[i]}.d${dis}.pdf --vMax 4 --dpi 330  --loops /home/lengliang/lzy/3d/hic-pro/4_hicexplorer/7_hicDetectLoops/control/control_250000_loops.bedgraph.p${pvalue[i]}.d${dis}  2>>/home/lengliang/lzy/3d/hic-pro/4_hicexplorer/7_hicDetectLoops/log/control_250000_loop.log
            fi

        done
    }
} 
f
echo ''>/home/lengliang/lzy/3d/hic-pro/4_hicexplorer/7_hicDetectLoops/control/control_250000_loops.bedgraph

Submitted job 4 with external jobid '7220.mu01'.

[Tue Nov 29 14:55:40 2022]
rule hicDetectLoops:
    input: /home/lengliang/lzy/3d/hic-pro/4_hicexplorer/3_hicCorrectMatrix/50000/heat_50000_corrected.h5
    output: /home/lengliang/lzy/3d/hic-pro/4_hicexplorer/7_hicDetectLoops/heat/heat_50000_loops.bedgraph
    log: /home/lengliang/lzy/3d/hic-pro/4_hicexplorer/7_hicDetectLoops/log/heat_50000_loop.log
    jobid: 6
    reason: Code has changed since last execution
    wildcards: treatment=heat, resolution=50000
    threads: 24
    resources: mem_mb=1000, disk_mb=4191800, tmpdir=/home/lengliang/lzy/tmp/3d/


function f(){   
    local pvalue=(0.05 0.1 0.5 1)
    local dis=(8000000 20000000)
    local pp=(0.1 0.5 1 1)
    local num=${#pvalue[@]}
    for((i=0;i<num;i++)){
        for d in ${dis[*]}
        do
            # echo "${pvalue[i]}and${d}and ${pp[i]}"
            ~/lzy/mambaforge/bin/hicDetectLoops -m /home/lengliang/lzy/3d/hic-pro/4_hicexplorer/3_hicCorrectMatrix/50000/heat_50000_corrected.h5 -o /home/lengliang/lzy/3d/hic-pro/4_hicexplorer/7_hicDetectLoops/heat/heat_50000_loops.bedgraph.p${pvalue[i]}.d${dis} --maxLoopDistance ${dis} --peakInteractionsThreshold 5 --threads 24 --peakWidth 2 --windowSize 5 --pValuePreselection  ${pp[i]} --pValue ${pvalue[i]} 2>>/home/lengliang/lzy/3d/hic-pro/4_hicexplorer/7_hicDetectLoops/log/heat_50000_loop.log
                # -f 参数判断 $file 是否存在
            if [ -f "/home/lengliang/lzy/3d/hic-pro/4_hicexplorer/7_hicDetectLoops/heat/heat_50000_loops.bedgraph.p${pvalue[i]}.d${dis}" ]; then
                ~/lzy/mambaforge/bin/hicPlotMatrix -m /home/lengliang/lzy/3d/hic-pro/4_hicexplorer/3_hicCorrectMatrix/50000/heat_50000_corrected.h5 -o /home/lengliang/lzy/3d/hic-pro/4_hicexplorer/7_hicDetectLoops/heat/heat_50000_loops.bedgraph.p${pvalue[i]}.d${dis}.pdf --vMax 4 --dpi 330  --loops /home/lengliang/lzy/3d/hic-pro/4_hicexplorer/7_hicDetectLoops/heat/heat_50000_loops.bedgraph.p${pvalue[i]}.d${dis}  2>>/home/lengliang/lzy/3d/hic-pro/4_hicexplorer/7_hicDetectLoops/log/heat_50000_loop.log
            fi

        done
    }
} 
f
echo ''>/home/lengliang/lzy/3d/hic-pro/4_hicexplorer/7_hicDetectLoops/heat/heat_50000_loops.bedgraph

Submitted job 6 with external jobid '7221.mu01'.

[Tue Nov 29 14:55:41 2022]
rule hicDetectLoops:
    input: /home/lengliang/lzy/3d/hic-pro/4_hicexplorer/3_hicCorrectMatrix/250000/heat_250000_corrected.h5
    output: /home/lengliang/lzy/3d/hic-pro/4_hicexplorer/7_hicDetectLoops/heat/heat_250000_loops.bedgraph
    log: /home/lengliang/lzy/3d/hic-pro/4_hicexplorer/7_hicDetectLoops/log/heat_250000_loop.log
    jobid: 8
    reason: Missing output files: /home/lengliang/lzy/3d/hic-pro/4_hicexplorer/7_hicDetectLoops/heat/heat_250000_loops.bedgraph
    wildcards: treatment=heat, resolution=250000
    threads: 24
    resources: mem_mb=1000, disk_mb=4191800, tmpdir=/home/lengliang/lzy/tmp/3d/


function f(){   
    local pvalue=(0.05 0.1 0.5 1)
    local dis=(8000000 20000000)
    local pp=(0.1 0.5 1 1)
    local num=${#pvalue[@]}
    for((i=0;i<num;i++)){
        for d in ${dis[*]}
        do
            # echo "${pvalue[i]}and${d}and ${pp[i]}"
            ~/lzy/mambaforge/bin/hicDetectLoops -m /home/lengliang/lzy/3d/hic-pro/4_hicexplorer/3_hicCorrectMatrix/250000/heat_250000_corrected.h5 -o /home/lengliang/lzy/3d/hic-pro/4_hicexplorer/7_hicDetectLoops/heat/heat_250000_loops.bedgraph.p${pvalue[i]}.d${dis} --maxLoopDistance ${dis} --peakInteractionsThreshold 5 --threads 24 --peakWidth 2 --windowSize 5 --pValuePreselection  ${pp[i]} --pValue ${pvalue[i]} 2>>/home/lengliang/lzy/3d/hic-pro/4_hicexplorer/7_hicDetectLoops/log/heat_250000_loop.log
                # -f 参数判断 $file 是否存在
            if [ -f "/home/lengliang/lzy/3d/hic-pro/4_hicexplorer/7_hicDetectLoops/heat/heat_250000_loops.bedgraph.p${pvalue[i]}.d${dis}" ]; then
                ~/lzy/mambaforge/bin/hicPlotMatrix -m /home/lengliang/lzy/3d/hic-pro/4_hicexplorer/3_hicCorrectMatrix/250000/heat_250000_corrected.h5 -o /home/lengliang/lzy/3d/hic-pro/4_hicexplorer/7_hicDetectLoops/heat/heat_250000_loops.bedgraph.p${pvalue[i]}.d${dis}.pdf --vMax 4 --dpi 330  --loops /home/lengliang/lzy/3d/hic-pro/4_hicexplorer/7_hicDetectLoops/heat/heat_250000_loops.bedgraph.p${pvalue[i]}.d${dis}  2>>/home/lengliang/lzy/3d/hic-pro/4_hicexplorer/7_hicDetectLoops/log/heat_250000_loop.log
            fi

        done
    }
} 
f
echo ''>/home/lengliang/lzy/3d/hic-pro/4_hicexplorer/7_hicDetectLoops/heat/heat_250000_loops.bedgraph

Submitted job 8 with external jobid '7222.mu01'.

[Tue Nov 29 14:55:41 2022]
rule hicDetectLoops:
    input: /home/lengliang/lzy/3d/hic-pro/4_hicexplorer/3_hicCorrectMatrix/50000/control_50000_corrected.h5
    output: /home/lengliang/lzy/3d/hic-pro/4_hicexplorer/7_hicDetectLoops/control/control_50000_loops.bedgraph
    log: /home/lengliang/lzy/3d/hic-pro/4_hicexplorer/7_hicDetectLoops/log/control_50000_loop.log
    jobid: 2
    reason: Code has changed since last execution
    wildcards: treatment=control, resolution=50000
    threads: 24
    resources: mem_mb=1000, disk_mb=4191800, tmpdir=/home/lengliang/lzy/tmp/3d/


function f(){   
    local pvalue=(0.05 0.1 0.5 1)
    local dis=(8000000 20000000)
    local pp=(0.1 0.5 1 1)
    local num=${#pvalue[@]}
    for((i=0;i<num;i++)){
        for d in ${dis[*]}
        do
            # echo "${pvalue[i]}and${d}and ${pp[i]}"
            ~/lzy/mambaforge/bin/hicDetectLoops -m /home/lengliang/lzy/3d/hic-pro/4_hicexplorer/3_hicCorrectMatrix/50000/control_50000_corrected.h5 -o /home/lengliang/lzy/3d/hic-pro/4_hicexplorer/7_hicDetectLoops/control/control_50000_loops.bedgraph.p${pvalue[i]}.d${dis} --maxLoopDistance ${dis} --peakInteractionsThreshold 5 --threads 24 --peakWidth 2 --windowSize 5 --pValuePreselection  ${pp[i]} --pValue ${pvalue[i]} 2>>/home/lengliang/lzy/3d/hic-pro/4_hicexplorer/7_hicDetectLoops/log/control_50000_loop.log
                # -f 参数判断 $file 是否存在
            if [ -f "/home/lengliang/lzy/3d/hic-pro/4_hicexplorer/7_hicDetectLoops/control/control_50000_loops.bedgraph.p${pvalue[i]}.d${dis}" ]; then
                ~/lzy/mambaforge/bin/hicPlotMatrix -m /home/lengliang/lzy/3d/hic-pro/4_hicexplorer/3_hicCorrectMatrix/50000/control_50000_corrected.h5 -o /home/lengliang/lzy/3d/hic-pro/4_hicexplorer/7_hicDetectLoops/control/control_50000_loops.bedgraph.p${pvalue[i]}.d${dis}.pdf --vMax 4 --dpi 330  --loops /home/lengliang/lzy/3d/hic-pro/4_hicexplorer/7_hicDetectLoops/control/control_50000_loops.bedgraph.p${pvalue[i]}.d${dis}  2>>/home/lengliang/lzy/3d/hic-pro/4_hicexplorer/7_hicDetectLoops/log/control_50000_loop.log
            fi

        done
    }
} 
f
echo ''>/home/lengliang/lzy/3d/hic-pro/4_hicexplorer/7_hicDetectLoops/control/control_50000_loops.bedgraph

Submitted job 2 with external jobid '7223.mu01'.

[Tue Nov 29 14:55:42 2022]
rule hicDetectLoops:
    input: /home/lengliang/lzy/3d/hic-pro/4_hicexplorer/3_hicCorrectMatrix/500000/control_500000_corrected.h5
    output: /home/lengliang/lzy/3d/hic-pro/4_hicexplorer/7_hicDetectLoops/control/control_500000_loops.bedgraph
    log: /home/lengliang/lzy/3d/hic-pro/4_hicexplorer/7_hicDetectLoops/log/control_500000_loop.log
    jobid: 3
    reason: Code has changed since last execution
    wildcards: treatment=control, resolution=500000
    threads: 24
    resources: mem_mb=1000, disk_mb=4191800, tmpdir=/home/lengliang/lzy/tmp/3d/


function f(){   
    local pvalue=(0.05 0.1 0.5 1)
    local dis=(8000000 20000000)
    local pp=(0.1 0.5 1 1)
    local num=${#pvalue[@]}
    for((i=0;i<num;i++)){
        for d in ${dis[*]}
        do
            # echo "${pvalue[i]}and${d}and ${pp[i]}"
            ~/lzy/mambaforge/bin/hicDetectLoops -m /home/lengliang/lzy/3d/hic-pro/4_hicexplorer/3_hicCorrectMatrix/500000/control_500000_corrected.h5 -o /home/lengliang/lzy/3d/hic-pro/4_hicexplorer/7_hicDetectLoops/control/control_500000_loops.bedgraph.p${pvalue[i]}.d${dis} --maxLoopDistance ${dis} --peakInteractionsThreshold 5 --threads 24 --peakWidth 2 --windowSize 5 --pValuePreselection  ${pp[i]} --pValue ${pvalue[i]} 2>>/home/lengliang/lzy/3d/hic-pro/4_hicexplorer/7_hicDetectLoops/log/control_500000_loop.log
                # -f 参数判断 $file 是否存在
            if [ -f "/home/lengliang/lzy/3d/hic-pro/4_hicexplorer/7_hicDetectLoops/control/control_500000_loops.bedgraph.p${pvalue[i]}.d${dis}" ]; then
                ~/lzy/mambaforge/bin/hicPlotMatrix -m /home/lengliang/lzy/3d/hic-pro/4_hicexplorer/3_hicCorrectMatrix/500000/control_500000_corrected.h5 -o /home/lengliang/lzy/3d/hic-pro/4_hicexplorer/7_hicDetectLoops/control/control_500000_loops.bedgraph.p${pvalue[i]}.d${dis}.pdf --vMax 4 --dpi 330  --loops /home/lengliang/lzy/3d/hic-pro/4_hicexplorer/7_hicDetectLoops/control/control_500000_loops.bedgraph.p${pvalue[i]}.d${dis}  2>>/home/lengliang/lzy/3d/hic-pro/4_hicexplorer/7_hicDetectLoops/log/control_500000_loop.log
            fi

        done
    }
} 
f
echo ''>/home/lengliang/lzy/3d/hic-pro/4_hicexplorer/7_hicDetectLoops/control/control_500000_loops.bedgraph

Submitted job 3 with external jobid '7224.mu01'.

[Tue Nov 29 14:55:42 2022]
rule hicDetectLoops:
    input: /home/lengliang/lzy/3d/hic-pro/4_hicexplorer/3_hicCorrectMatrix/100000/heat_100000_corrected.h5
    output: /home/lengliang/lzy/3d/hic-pro/4_hicexplorer/7_hicDetectLoops/heat/heat_100000_loops.bedgraph
    log: /home/lengliang/lzy/3d/hic-pro/4_hicexplorer/7_hicDetectLoops/log/heat_100000_loop.log
    jobid: 5
    reason: Code has changed since last execution
    wildcards: treatment=heat, resolution=100000
    threads: 24
    resources: mem_mb=1000, disk_mb=4191800, tmpdir=/home/lengliang/lzy/tmp/3d/


function f(){   
    local pvalue=(0.05 0.1 0.5 1)
    local dis=(8000000 20000000)
    local pp=(0.1 0.5 1 1)
    local num=${#pvalue[@]}
    for((i=0;i<num;i++)){
        for d in ${dis[*]}
        do
            # echo "${pvalue[i]}and${d}and ${pp[i]}"
            ~/lzy/mambaforge/bin/hicDetectLoops -m /home/lengliang/lzy/3d/hic-pro/4_hicexplorer/3_hicCorrectMatrix/100000/heat_100000_corrected.h5 -o /home/lengliang/lzy/3d/hic-pro/4_hicexplorer/7_hicDetectLoops/heat/heat_100000_loops.bedgraph.p${pvalue[i]}.d${dis} --maxLoopDistance ${dis} --peakInteractionsThreshold 5 --threads 24 --peakWidth 2 --windowSize 5 --pValuePreselection  ${pp[i]} --pValue ${pvalue[i]} 2>>/home/lengliang/lzy/3d/hic-pro/4_hicexplorer/7_hicDetectLoops/log/heat_100000_loop.log
                # -f 参数判断 $file 是否存在
            if [ -f "/home/lengliang/lzy/3d/hic-pro/4_hicexplorer/7_hicDetectLoops/heat/heat_100000_loops.bedgraph.p${pvalue[i]}.d${dis}" ]; then
                ~/lzy/mambaforge/bin/hicPlotMatrix -m /home/lengliang/lzy/3d/hic-pro/4_hicexplorer/3_hicCorrectMatrix/100000/heat_100000_corrected.h5 -o /home/lengliang/lzy/3d/hic-pro/4_hicexplorer/7_hicDetectLoops/heat/heat_100000_loops.bedgraph.p${pvalue[i]}.d${dis}.pdf --vMax 4 --dpi 330  --loops /home/lengliang/lzy/3d/hic-pro/4_hicexplorer/7_hicDetectLoops/heat/heat_100000_loops.bedgraph.p${pvalue[i]}.d${dis}  2>>/home/lengliang/lzy/3d/hic-pro/4_hicexplorer/7_hicDetectLoops/log/heat_100000_loop.log
            fi

        done
    }
} 
f
echo ''>/home/lengliang/lzy/3d/hic-pro/4_hicexplorer/7_hicDetectLoops/heat/heat_100000_loops.bedgraph

Submitted job 5 with external jobid '7225.mu01'.

[Tue Nov 29 14:55:43 2022]
rule hicDetectLoops:
    input: /home/lengliang/lzy/3d/hic-pro/4_hicexplorer/3_hicCorrectMatrix/500000/heat_500000_corrected.h5
    output: /home/lengliang/lzy/3d/hic-pro/4_hicexplorer/7_hicDetectLoops/heat/heat_500000_loops.bedgraph
    log: /home/lengliang/lzy/3d/hic-pro/4_hicexplorer/7_hicDetectLoops/log/heat_500000_loop.log
    jobid: 7
    reason: Missing output files: /home/lengliang/lzy/3d/hic-pro/4_hicexplorer/7_hicDetectLoops/heat/heat_500000_loops.bedgraph
    wildcards: treatment=heat, resolution=500000
    threads: 24
    resources: mem_mb=1000, disk_mb=4191800, tmpdir=/home/lengliang/lzy/tmp/3d/


function f(){   
    local pvalue=(0.05 0.1 0.5 1)
    local dis=(8000000 20000000)
    local pp=(0.1 0.5 1 1)
    local num=${#pvalue[@]}
    for((i=0;i<num;i++)){
        for d in ${dis[*]}
        do
            # echo "${pvalue[i]}and${d}and ${pp[i]}"
            ~/lzy/mambaforge/bin/hicDetectLoops -m /home/lengliang/lzy/3d/hic-pro/4_hicexplorer/3_hicCorrectMatrix/500000/heat_500000_corrected.h5 -o /home/lengliang/lzy/3d/hic-pro/4_hicexplorer/7_hicDetectLoops/heat/heat_500000_loops.bedgraph.p${pvalue[i]}.d${dis} --maxLoopDistance ${dis} --peakInteractionsThreshold 5 --threads 24 --peakWidth 2 --windowSize 5 --pValuePreselection  ${pp[i]} --pValue ${pvalue[i]} 2>>/home/lengliang/lzy/3d/hic-pro/4_hicexplorer/7_hicDetectLoops/log/heat_500000_loop.log
                # -f 参数判断 $file 是否存在
            if [ -f "/home/lengliang/lzy/3d/hic-pro/4_hicexplorer/7_hicDetectLoops/heat/heat_500000_loops.bedgraph.p${pvalue[i]}.d${dis}" ]; then
                ~/lzy/mambaforge/bin/hicPlotMatrix -m /home/lengliang/lzy/3d/hic-pro/4_hicexplorer/3_hicCorrectMatrix/500000/heat_500000_corrected.h5 -o /home/lengliang/lzy/3d/hic-pro/4_hicexplorer/7_hicDetectLoops/heat/heat_500000_loops.bedgraph.p${pvalue[i]}.d${dis}.pdf --vMax 4 --dpi 330  --loops /home/lengliang/lzy/3d/hic-pro/4_hicexplorer/7_hicDetectLoops/heat/heat_500000_loops.bedgraph.p${pvalue[i]}.d${dis}  2>>/home/lengliang/lzy/3d/hic-pro/4_hicexplorer/7_hicDetectLoops/log/heat_500000_loop.log
            fi

        done
    }
} 
f
echo ''>/home/lengliang/lzy/3d/hic-pro/4_hicexplorer/7_hicDetectLoops/heat/heat_500000_loops.bedgraph

Submitted job 7 with external jobid '7226.mu01'.
[Tue Nov 29 14:58:06 2022]
Finished job 4.
1 of 9 steps (11%) done
[Tue Nov 29 14:58:06 2022]
Finished job 8.
2 of 9 steps (22%) done
[Tue Nov 29 14:58:06 2022]
Finished job 7.
3 of 9 steps (33%) done
[Tue Nov 29 14:58:16 2022]
Finished job 3.
4 of 9 steps (44%) done
[Tue Nov 29 14:58:26 2022]
Finished job 1.
5 of 9 steps (56%) done
[Tue Nov 29 14:58:26 2022]
Finished job 5.
6 of 9 steps (67%) done
[Tue Nov 29 14:59:06 2022]
Finished job 6.
7 of 9 steps (78%) done
[Tue Nov 29 14:59:06 2022]
Finished job 2.
8 of 9 steps (89%) done
Select jobs to execute...

[Tue Nov 29 14:59:06 2022]
localrule all:
    input: /home/lengliang/lzy/3d/hic-pro/4_hicexplorer/7_hicDetectLoops/control/control_100000_loops.bedgraph, /home/lengliang/lzy/3d/hic-pro/4_hicexplorer/7_hicDetectLoops/control/control_50000_loops.bedgraph, /home/lengliang/lzy/3d/hic-pro/4_hicexplorer/7_hicDetectLoops/control/control_100000_loops.bedgraph, /home/lengliang/lzy/3d/hic-pro/4_hicexplorer/7_hicDetectLoops/control/control_500000_loops.bedgraph, /home/lengliang/lzy/3d/hic-pro/4_hicexplorer/7_hicDetectLoops/control/control_500000_loops.bedgraph, /home/lengliang/lzy/3d/hic-pro/4_hicexplorer/7_hicDetectLoops/control/control_250000_loops.bedgraph, /home/lengliang/lzy/3d/hic-pro/4_hicexplorer/7_hicDetectLoops/control/control_250000_loops.bedgraph, /home/lengliang/lzy/3d/hic-pro/4_hicexplorer/7_hicDetectLoops/control/control_50000_loops.bedgraph, /home/lengliang/lzy/3d/hic-pro/4_hicexplorer/7_hicDetectLoops/control/control_100000_loops.bedgraph, /home/lengliang/lzy/3d/hic-pro/4_hicexplorer/7_hicDetectLoops/control/control_50000_loops.bedgraph, /home/lengliang/lzy/3d/hic-pro/4_hicexplorer/7_hicDetectLoops/control/control_100000_loops.bedgraph, /home/lengliang/lzy/3d/hic-pro/4_hicexplorer/7_hicDetectLoops/control/control_500000_loops.bedgraph, /home/lengliang/lzy/3d/hic-pro/4_hicexplorer/7_hicDetectLoops/control/control_500000_loops.bedgraph, /home/lengliang/lzy/3d/hic-pro/4_hicexplorer/7_hicDetectLoops/control/control_250000_loops.bedgraph, /home/lengliang/lzy/3d/hic-pro/4_hicexplorer/7_hicDetectLoops/control/control_250000_loops.bedgraph, /home/lengliang/lzy/3d/hic-pro/4_hicexplorer/7_hicDetectLoops/control/control_50000_loops.bedgraph, /home/lengliang/lzy/3d/hic-pro/4_hicexplorer/7_hicDetectLoops/heat/heat_100000_loops.bedgraph, /home/lengliang/lzy/3d/hic-pro/4_hicexplorer/7_hicDetectLoops/heat/heat_50000_loops.bedgraph, /home/lengliang/lzy/3d/hic-pro/4_hicexplorer/7_hicDetectLoops/heat/heat_100000_loops.bedgraph, /home/lengliang/lzy/3d/hic-pro/4_hicexplorer/7_hicDetectLoops/heat/heat_500000_loops.bedgraph, /home/lengliang/lzy/3d/hic-pro/4_hicexplorer/7_hicDetectLoops/heat/heat_500000_loops.bedgraph, /home/lengliang/lzy/3d/hic-pro/4_hicexplorer/7_hicDetectLoops/heat/heat_250000_loops.bedgraph, /home/lengliang/lzy/3d/hic-pro/4_hicexplorer/7_hicDetectLoops/heat/heat_250000_loops.bedgraph, /home/lengliang/lzy/3d/hic-pro/4_hicexplorer/7_hicDetectLoops/heat/heat_50000_loops.bedgraph, /home/lengliang/lzy/3d/hic-pro/4_hicexplorer/7_hicDetectLoops/heat/heat_100000_loops.bedgraph, /home/lengliang/lzy/3d/hic-pro/4_hicexplorer/7_hicDetectLoops/heat/heat_50000_loops.bedgraph, /home/lengliang/lzy/3d/hic-pro/4_hicexplorer/7_hicDetectLoops/heat/heat_100000_loops.bedgraph, /home/lengliang/lzy/3d/hic-pro/4_hicexplorer/7_hicDetectLoops/heat/heat_500000_loops.bedgraph, /home/lengliang/lzy/3d/hic-pro/4_hicexplorer/7_hicDetectLoops/heat/heat_500000_loops.bedgraph, /home/lengliang/lzy/3d/hic-pro/4_hicexplorer/7_hicDetectLoops/heat/heat_250000_loops.bedgraph, /home/lengliang/lzy/3d/hic-pro/4_hicexplorer/7_hicDetectLoops/heat/heat_250000_loops.bedgraph, /home/lengliang/lzy/3d/hic-pro/4_hicexplorer/7_hicDetectLoops/heat/heat_50000_loops.bedgraph, /home/lengliang/lzy/3d/hic-pro/4_hicexplorer/7_hicDetectLoops/control/control_100000_loops.bedgraph, /home/lengliang/lzy/3d/hic-pro/4_hicexplorer/7_hicDetectLoops/control/control_50000_loops.bedgraph, /home/lengliang/lzy/3d/hic-pro/4_hicexplorer/7_hicDetectLoops/control/control_100000_loops.bedgraph, /home/lengliang/lzy/3d/hic-pro/4_hicexplorer/7_hicDetectLoops/control/control_500000_loops.bedgraph, /home/lengliang/lzy/3d/hic-pro/4_hicexplorer/7_hicDetectLoops/control/control_500000_loops.bedgraph, /home/lengliang/lzy/3d/hic-pro/4_hicexplorer/7_hicDetectLoops/control/control_250000_loops.bedgraph, /home/lengliang/lzy/3d/hic-pro/4_hicexplorer/7_hicDetectLoops/control/control_250000_loops.bedgraph, /home/lengliang/lzy/3d/hic-pro/4_hicexplorer/7_hicDetectLoops/control/control_50000_loops.bedgraph, /home/lengliang/lzy/3d/hic-pro/4_hicexplorer/7_hicDetectLoops/control/control_100000_loops.bedgraph, /home/lengliang/lzy/3d/hic-pro/4_hicexplorer/7_hicDetectLoops/control/control_50000_loops.bedgraph, /home/lengliang/lzy/3d/hic-pro/4_hicexplorer/7_hicDetectLoops/control/control_100000_loops.bedgraph, /home/lengliang/lzy/3d/hic-pro/4_hicexplorer/7_hicDetectLoops/control/control_500000_loops.bedgraph, /home/lengliang/lzy/3d/hic-pro/4_hicexplorer/7_hicDetectLoops/control/control_500000_loops.bedgraph, /home/lengliang/lzy/3d/hic-pro/4_hicexplorer/7_hicDetectLoops/control/control_250000_loops.bedgraph, /home/lengliang/lzy/3d/hic-pro/4_hicexplorer/7_hicDetectLoops/control/control_250000_loops.bedgraph, /home/lengliang/lzy/3d/hic-pro/4_hicexplorer/7_hicDetectLoops/control/control_50000_loops.bedgraph, /home/lengliang/lzy/3d/hic-pro/4_hicexplorer/7_hicDetectLoops/heat/heat_100000_loops.bedgraph, /home/lengliang/lzy/3d/hic-pro/4_hicexplorer/7_hicDetectLoops/heat/heat_50000_loops.bedgraph, /home/lengliang/lzy/3d/hic-pro/4_hicexplorer/7_hicDetectLoops/heat/heat_100000_loops.bedgraph, /home/lengliang/lzy/3d/hic-pro/4_hicexplorer/7_hicDetectLoops/heat/heat_500000_loops.bedgraph, /home/lengliang/lzy/3d/hic-pro/4_hicexplorer/7_hicDetectLoops/heat/heat_500000_loops.bedgraph, /home/lengliang/lzy/3d/hic-pro/4_hicexplorer/7_hicDetectLoops/heat/heat_250000_loops.bedgraph, /home/lengliang/lzy/3d/hic-pro/4_hicexplorer/7_hicDetectLoops/heat/heat_250000_loops.bedgraph, /home/lengliang/lzy/3d/hic-pro/4_hicexplorer/7_hicDetectLoops/heat/heat_50000_loops.bedgraph, /home/lengliang/lzy/3d/hic-pro/4_hicexplorer/7_hicDetectLoops/heat/heat_100000_loops.bedgraph, /home/lengliang/lzy/3d/hic-pro/4_hicexplorer/7_hicDetectLoops/heat/heat_50000_loops.bedgraph, /home/lengliang/lzy/3d/hic-pro/4_hicexplorer/7_hicDetectLoops/heat/heat_100000_loops.bedgraph, /home/lengliang/lzy/3d/hic-pro/4_hicexplorer/7_hicDetectLoops/heat/heat_500000_loops.bedgraph, /home/lengliang/lzy/3d/hic-pro/4_hicexplorer/7_hicDetectLoops/heat/heat_500000_loops.bedgraph, /home/lengliang/lzy/3d/hic-pro/4_hicexplorer/7_hicDetectLoops/heat/heat_250000_loops.bedgraph, /home/lengliang/lzy/3d/hic-pro/4_hicexplorer/7_hicDetectLoops/heat/heat_250000_loops.bedgraph, /home/lengliang/lzy/3d/hic-pro/4_hicexplorer/7_hicDetectLoops/heat/heat_50000_loops.bedgraph
    jobid: 0
    reason: Input files updated by another job: /home/lengliang/lzy/3d/hic-pro/4_hicexplorer/7_hicDetectLoops/control/control_50000_loops.bedgraph, /home/lengliang/lzy/3d/hic-pro/4_hicexplorer/7_hicDetectLoops/heat/heat_250000_loops.bedgraph, /home/lengliang/lzy/3d/hic-pro/4_hicexplorer/7_hicDetectLoops/control/control_500000_loops.bedgraph, /home/lengliang/lzy/3d/hic-pro/4_hicexplorer/7_hicDetectLoops/heat/heat_100000_loops.bedgraph, /home/lengliang/lzy/3d/hic-pro/4_hicexplorer/7_hicDetectLoops/heat/heat_500000_loops.bedgraph, /home/lengliang/lzy/3d/hic-pro/4_hicexplorer/7_hicDetectLoops/control/control_250000_loops.bedgraph, /home/lengliang/lzy/3d/hic-pro/4_hicexplorer/7_hicDetectLoops/heat/heat_50000_loops.bedgraph, /home/lengliang/lzy/3d/hic-pro/4_hicexplorer/7_hicDetectLoops/control/control_100000_loops.bedgraph
    resources: mem_mb=1000, disk_mb=1000, tmpdir=/tmp

[Tue Nov 29 14:59:06 2022]
Finished job 0.
9 of 9 steps (100%) done
Complete log: .snakemake/log/2022-11-29T145533.365738.snakemake.log
