Building DAG of jobs...
Using shell: /usr/bin/bash
Provided cluster nodes: 10
Job stats:
job            count    min threads    max threads
-----------  -------  -------------  -------------
all                1              1              1
hicFindTADs       18             24             24
total             19              1             24

Select jobs to execute...

[Mon Nov 28 19:55:41 2022]
rule hicFindTADs:
    input: /home/lengliang/lzy/3d/hic-pro/4_hicexplorer/3_hicCorrectMatrix/50000/control_50000_corrected.h5
    output: /home/lengliang/lzy/3d/hic-pro/4_hicexplorer/5_hicFindTADs/50000/control_50000_corrected_domains.bed
    log: /home/lengliang/lzy/3d/log/hicFindTADs_control_50000.log
    jobid: 9
    reason: Missing output files: /home/lengliang/lzy/3d/hic-pro/4_hicexplorer/5_hicFindTADs/50000/control_50000_corrected_domains.bed
    wildcards: resolution=50000, treatment=control
    threads: 24
    resources: mem_mb=1000, disk_mb=4191800, tmpdir=/home/lengliang/lzy/tmp/3d/


~/lzy/mambaforge/bin/hicFindTADs --correctForMultipleTesting fdr -m  /home/lengliang/lzy/3d/hic-pro/4_hicexplorer/3_hicCorrectMatrix/50000/control_50000_corrected.h5  --outPrefix /home/lengliang/lzy/3d/hic-pro/4_hicexplorer/5_hicFindTADs/50000/control_50000_corrected --numberOfProcessors 24  2>>/home/lengliang/lzy/3d/log/hicFindTADs_control_50000.log

Submitted job 9 with external jobid '7127.mu01'.

[Mon Nov 28 19:55:43 2022]
rule hicFindTADs:
    input: /home/lengliang/lzy/3d/hic-pro/4_hicexplorer/3_hicCorrectMatrix/100000/heat_100000_corrected.h5
    output: /home/lengliang/lzy/3d/hic-pro/4_hicexplorer/5_hicFindTADs/100000/heat_100000_corrected_domains.bed
    log: /home/lengliang/lzy/3d/log/hicFindTADs_heat_100000.log
    jobid: 10
    reason: Missing output files: /home/lengliang/lzy/3d/hic-pro/4_hicexplorer/5_hicFindTADs/100000/heat_100000_corrected_domains.bed
    wildcards: resolution=100000, treatment=heat
    threads: 24
    resources: mem_mb=1000, disk_mb=4191800, tmpdir=/home/lengliang/lzy/tmp/3d/


~/lzy/mambaforge/bin/hicFindTADs --correctForMultipleTesting fdr -m  /home/lengliang/lzy/3d/hic-pro/4_hicexplorer/3_hicCorrectMatrix/100000/heat_100000_corrected.h5  --outPrefix /home/lengliang/lzy/3d/hic-pro/4_hicexplorer/5_hicFindTADs/100000/heat_100000_corrected --numberOfProcessors 24  2>>/home/lengliang/lzy/3d/log/hicFindTADs_heat_100000.log

Submitted job 10 with external jobid '7128.mu01'.

[Mon Nov 28 19:55:43 2022]
rule hicFindTADs:
    input: /home/lengliang/lzy/3d/hic-pro/4_hicexplorer/3_hicCorrectMatrix/10000/heat_10000_corrected.h5
    output: /home/lengliang/lzy/3d/hic-pro/4_hicexplorer/5_hicFindTADs/10000/heat_10000_corrected_domains.bed
    log: /home/lengliang/lzy/3d/log/hicFindTADs_heat_10000.log
    jobid: 12
    reason: Missing output files: /home/lengliang/lzy/3d/hic-pro/4_hicexplorer/5_hicFindTADs/10000/heat_10000_corrected_domains.bed
    wildcards: resolution=10000, treatment=heat
    threads: 24
    resources: mem_mb=1000, disk_mb=4191800, tmpdir=/home/lengliang/lzy/tmp/3d/


~/lzy/mambaforge/bin/hicFindTADs --correctForMultipleTesting fdr -m  /home/lengliang/lzy/3d/hic-pro/4_hicexplorer/3_hicCorrectMatrix/10000/heat_10000_corrected.h5  --outPrefix /home/lengliang/lzy/3d/hic-pro/4_hicexplorer/5_hicFindTADs/10000/heat_10000_corrected --numberOfProcessors 24  2>>/home/lengliang/lzy/3d/log/hicFindTADs_heat_10000.log

Submitted job 12 with external jobid '7129.mu01'.

[Mon Nov 28 19:55:43 2022]
rule hicFindTADs:
    input: /home/lengliang/lzy/3d/hic-pro/4_hicexplorer/3_hicCorrectMatrix/500000/heat_500000_corrected.h5
    output: /home/lengliang/lzy/3d/hic-pro/4_hicexplorer/5_hicFindTADs/500000/heat_500000_corrected_domains.bed
    log: /home/lengliang/lzy/3d/log/hicFindTADs_heat_500000.log
    jobid: 14
    reason: Missing output files: /home/lengliang/lzy/3d/hic-pro/4_hicexplorer/5_hicFindTADs/500000/heat_500000_corrected_domains.bed
    wildcards: resolution=500000, treatment=heat
    threads: 24
    resources: mem_mb=1000, disk_mb=4191800, tmpdir=/home/lengliang/lzy/tmp/3d/


~/lzy/mambaforge/bin/hicFindTADs --correctForMultipleTesting fdr -m  /home/lengliang/lzy/3d/hic-pro/4_hicexplorer/3_hicCorrectMatrix/500000/heat_500000_corrected.h5  --outPrefix /home/lengliang/lzy/3d/hic-pro/4_hicexplorer/5_hicFindTADs/500000/heat_500000_corrected --numberOfProcessors 24  2>>/home/lengliang/lzy/3d/log/hicFindTADs_heat_500000.log

Submitted job 14 with external jobid '7130.mu01'.

[Mon Nov 28 19:55:43 2022]
rule hicFindTADs:
    input: /home/lengliang/lzy/3d/hic-pro/4_hicexplorer/3_hicCorrectMatrix/100000/control_100000_corrected.h5
    output: /home/lengliang/lzy/3d/hic-pro/4_hicexplorer/5_hicFindTADs/100000/control_100000_corrected_domains.bed
    log: /home/lengliang/lzy/3d/log/hicFindTADs_control_100000.log
    jobid: 1
    reason: Missing output files: /home/lengliang/lzy/3d/hic-pro/4_hicexplorer/5_hicFindTADs/100000/control_100000_corrected_domains.bed
    wildcards: resolution=100000, treatment=control
    threads: 24
    resources: mem_mb=1000, disk_mb=4191800, tmpdir=/home/lengliang/lzy/tmp/3d/


~/lzy/mambaforge/bin/hicFindTADs --correctForMultipleTesting fdr -m  /home/lengliang/lzy/3d/hic-pro/4_hicexplorer/3_hicCorrectMatrix/100000/control_100000_corrected.h5  --outPrefix /home/lengliang/lzy/3d/hic-pro/4_hicexplorer/5_hicFindTADs/100000/control_100000_corrected --numberOfProcessors 24  2>>/home/lengliang/lzy/3d/log/hicFindTADs_control_100000.log

Submitted job 1 with external jobid '7131.mu01'.

[Mon Nov 28 19:55:43 2022]
rule hicFindTADs:
    input: /home/lengliang/lzy/3d/hic-pro/4_hicexplorer/3_hicCorrectMatrix/5000/heat_5000_corrected.h5
    output: /home/lengliang/lzy/3d/hic-pro/4_hicexplorer/5_hicFindTADs/5000/heat_5000_corrected_domains.bed
    log: /home/lengliang/lzy/3d/log/hicFindTADs_heat_5000.log
    jobid: 16
    reason: Missing output files: /home/lengliang/lzy/3d/hic-pro/4_hicexplorer/5_hicFindTADs/5000/heat_5000_corrected_domains.bed
    wildcards: resolution=5000, treatment=heat
    threads: 24
    resources: mem_mb=1000, disk_mb=4191800, tmpdir=/home/lengliang/lzy/tmp/3d/


~/lzy/mambaforge/bin/hicFindTADs --correctForMultipleTesting fdr -m  /home/lengliang/lzy/3d/hic-pro/4_hicexplorer/3_hicCorrectMatrix/5000/heat_5000_corrected.h5  --outPrefix /home/lengliang/lzy/3d/hic-pro/4_hicexplorer/5_hicFindTADs/5000/heat_5000_corrected --numberOfProcessors 24  2>>/home/lengliang/lzy/3d/log/hicFindTADs_heat_5000.log

Submitted job 16 with external jobid '7132.mu01'.

[Mon Nov 28 19:55:43 2022]
rule hicFindTADs:
    input: /home/lengliang/lzy/3d/hic-pro/4_hicexplorer/3_hicCorrectMatrix/50000/heat_50000_corrected.h5
    output: /home/lengliang/lzy/3d/hic-pro/4_hicexplorer/5_hicFindTADs/50000/heat_50000_corrected_domains.bed
    log: /home/lengliang/lzy/3d/log/hicFindTADs_heat_50000.log
    jobid: 18
    reason: Missing output files: /home/lengliang/lzy/3d/hic-pro/4_hicexplorer/5_hicFindTADs/50000/heat_50000_corrected_domains.bed
    wildcards: resolution=50000, treatment=heat
    threads: 24
    resources: mem_mb=1000, disk_mb=4191800, tmpdir=/home/lengliang/lzy/tmp/3d/


~/lzy/mambaforge/bin/hicFindTADs --correctForMultipleTesting fdr -m  /home/lengliang/lzy/3d/hic-pro/4_hicexplorer/3_hicCorrectMatrix/50000/heat_50000_corrected.h5  --outPrefix /home/lengliang/lzy/3d/hic-pro/4_hicexplorer/5_hicFindTADs/50000/heat_50000_corrected --numberOfProcessors 24  2>>/home/lengliang/lzy/3d/log/hicFindTADs_heat_50000.log

Submitted job 18 with external jobid '7133.mu01'.

[Mon Nov 28 19:55:44 2022]
rule hicFindTADs:
    input: /home/lengliang/lzy/3d/hic-pro/4_hicexplorer/3_hicCorrectMatrix/25000/control_25000_corrected.h5
    output: /home/lengliang/lzy/3d/hic-pro/4_hicexplorer/5_hicFindTADs/25000/control_25000_corrected_domains.bed
    log: /home/lengliang/lzy/3d/log/hicFindTADs_control_25000.log
    jobid: 4
    reason: Missing output files: /home/lengliang/lzy/3d/hic-pro/4_hicexplorer/5_hicFindTADs/25000/control_25000_corrected_domains.bed
    wildcards: resolution=25000, treatment=control
    threads: 24
    resources: mem_mb=1000, disk_mb=4191800, tmpdir=/home/lengliang/lzy/tmp/3d/


~/lzy/mambaforge/bin/hicFindTADs --correctForMultipleTesting fdr -m  /home/lengliang/lzy/3d/hic-pro/4_hicexplorer/3_hicCorrectMatrix/25000/control_25000_corrected.h5  --outPrefix /home/lengliang/lzy/3d/hic-pro/4_hicexplorer/5_hicFindTADs/25000/control_25000_corrected --numberOfProcessors 24  2>>/home/lengliang/lzy/3d/log/hicFindTADs_control_25000.log

Submitted job 4 with external jobid '7134.mu01'.

[Mon Nov 28 19:55:44 2022]
rule hicFindTADs:
    input: /home/lengliang/lzy/3d/hic-pro/4_hicexplorer/3_hicCorrectMatrix/300000/heat_300000_corrected.h5
    output: /home/lengliang/lzy/3d/hic-pro/4_hicexplorer/5_hicFindTADs/300000/heat_300000_corrected_domains.bed
    log: /home/lengliang/lzy/3d/log/hicFindTADs_heat_300000.log
    jobid: 15
    reason: Missing output files: /home/lengliang/lzy/3d/hic-pro/4_hicexplorer/5_hicFindTADs/300000/heat_300000_corrected_domains.bed
    wildcards: resolution=300000, treatment=heat
    threads: 24
    resources: mem_mb=1000, disk_mb=4191800, tmpdir=/home/lengliang/lzy/tmp/3d/


~/lzy/mambaforge/bin/hicFindTADs --correctForMultipleTesting fdr -m  /home/lengliang/lzy/3d/hic-pro/4_hicexplorer/3_hicCorrectMatrix/300000/heat_300000_corrected.h5  --outPrefix /home/lengliang/lzy/3d/hic-pro/4_hicexplorer/5_hicFindTADs/300000/heat_300000_corrected --numberOfProcessors 24  2>>/home/lengliang/lzy/3d/log/hicFindTADs_heat_300000.log

Submitted job 15 with external jobid '7135.mu01'.

[Mon Nov 28 19:55:44 2022]
rule hicFindTADs:
    input: /home/lengliang/lzy/3d/hic-pro/4_hicexplorer/3_hicCorrectMatrix/5000/control_5000_corrected.h5
    output: /home/lengliang/lzy/3d/hic-pro/4_hicexplorer/5_hicFindTADs/5000/control_5000_corrected_domains.bed
    log: /home/lengliang/lzy/3d/log/hicFindTADs_control_5000.log
    jobid: 7
    reason: Missing output files: /home/lengliang/lzy/3d/hic-pro/4_hicexplorer/5_hicFindTADs/5000/control_5000_corrected_domains.bed
    wildcards: resolution=5000, treatment=control
    threads: 24
    resources: mem_mb=1000, disk_mb=4191800, tmpdir=/home/lengliang/lzy/tmp/3d/


~/lzy/mambaforge/bin/hicFindTADs --correctForMultipleTesting fdr -m  /home/lengliang/lzy/3d/hic-pro/4_hicexplorer/3_hicCorrectMatrix/5000/control_5000_corrected.h5  --outPrefix /home/lengliang/lzy/3d/hic-pro/4_hicexplorer/5_hicFindTADs/5000/control_5000_corrected --numberOfProcessors 24  2>>/home/lengliang/lzy/3d/log/hicFindTADs_control_5000.log

Submitted job 7 with external jobid '7136.mu01'.
[Mon Nov 28 19:56:02 2022]
Finished job 9.
1 of 19 steps (5%) done
Select jobs to execute...

[Mon Nov 28 19:56:02 2022]
rule hicFindTADs:
    input: /home/lengliang/lzy/3d/hic-pro/4_hicexplorer/3_hicCorrectMatrix/500000/control_500000_corrected.h5
    output: /home/lengliang/lzy/3d/hic-pro/4_hicexplorer/5_hicFindTADs/500000/control_500000_corrected_domains.bed
    log: /home/lengliang/lzy/3d/log/hicFindTADs_control_500000.log
    jobid: 5
    reason: Missing output files: /home/lengliang/lzy/3d/hic-pro/4_hicexplorer/5_hicFindTADs/500000/control_500000_corrected_domains.bed
    wildcards: resolution=500000, treatment=control
    threads: 24
    resources: mem_mb=1000, disk_mb=4191800, tmpdir=/home/lengliang/lzy/tmp/3d/


~/lzy/mambaforge/bin/hicFindTADs --correctForMultipleTesting fdr -m  /home/lengliang/lzy/3d/hic-pro/4_hicexplorer/3_hicCorrectMatrix/500000/control_500000_corrected.h5  --outPrefix /home/lengliang/lzy/3d/hic-pro/4_hicexplorer/5_hicFindTADs/500000/control_500000_corrected --numberOfProcessors 24  2>>/home/lengliang/lzy/3d/log/hicFindTADs_control_500000.log

Submitted job 5 with external jobid '7137.mu01'.
[Mon Nov 28 19:56:03 2022]
Finished job 10.
2 of 19 steps (11%) done
[Mon Nov 28 19:56:03 2022]
Finished job 14.
3 of 19 steps (16%) done
[Mon Nov 28 19:56:03 2022]
Finished job 1.
4 of 19 steps (21%) done
[Mon Nov 28 19:56:03 2022]
Finished job 18.
5 of 19 steps (26%) done
[Mon Nov 28 19:56:03 2022]
Finished job 4.
6 of 19 steps (32%) done
[Mon Nov 28 19:56:03 2022]
Finished job 15.
7 of 19 steps (37%) done
Select jobs to execute...

[Mon Nov 28 19:56:03 2022]
rule hicFindTADs:
    input: /home/lengliang/lzy/3d/hic-pro/4_hicexplorer/3_hicCorrectMatrix/300000/control_300000_corrected.h5
    output: /home/lengliang/lzy/3d/hic-pro/4_hicexplorer/5_hicFindTADs/300000/control_300000_corrected_domains.bed
    log: /home/lengliang/lzy/3d/log/hicFindTADs_control_300000.log
    jobid: 6
    reason: Missing output files: /home/lengliang/lzy/3d/hic-pro/4_hicexplorer/5_hicFindTADs/300000/control_300000_corrected_domains.bed
    wildcards: resolution=300000, treatment=control
    threads: 24
    resources: mem_mb=1000, disk_mb=4191800, tmpdir=/home/lengliang/lzy/tmp/3d/


~/lzy/mambaforge/bin/hicFindTADs --correctForMultipleTesting fdr -m  /home/lengliang/lzy/3d/hic-pro/4_hicexplorer/3_hicCorrectMatrix/300000/control_300000_corrected.h5  --outPrefix /home/lengliang/lzy/3d/hic-pro/4_hicexplorer/5_hicFindTADs/300000/control_300000_corrected --numberOfProcessors 24  2>>/home/lengliang/lzy/3d/log/hicFindTADs_control_300000.log

Submitted job 6 with external jobid '7138.mu01'.

[Mon Nov 28 19:56:03 2022]
rule hicFindTADs:
    input: /home/lengliang/lzy/3d/hic-pro/4_hicexplorer/3_hicCorrectMatrix/250000/control_250000_corrected.h5
    output: /home/lengliang/lzy/3d/hic-pro/4_hicexplorer/5_hicFindTADs/250000/control_250000_corrected_domains.bed
    log: /home/lengliang/lzy/3d/log/hicFindTADs_control_250000.log
    jobid: 8
    reason: Missing output files: /home/lengliang/lzy/3d/hic-pro/4_hicexplorer/5_hicFindTADs/250000/control_250000_corrected_domains.bed
    wildcards: resolution=250000, treatment=control
    threads: 24
    resources: mem_mb=1000, disk_mb=4191800, tmpdir=/home/lengliang/lzy/tmp/3d/


~/lzy/mambaforge/bin/hicFindTADs --correctForMultipleTesting fdr -m  /home/lengliang/lzy/3d/hic-pro/4_hicexplorer/3_hicCorrectMatrix/250000/control_250000_corrected.h5  --outPrefix /home/lengliang/lzy/3d/hic-pro/4_hicexplorer/5_hicFindTADs/250000/control_250000_corrected --numberOfProcessors 24  2>>/home/lengliang/lzy/3d/log/hicFindTADs_control_250000.log

Submitted job 8 with external jobid '7139.mu01'.

[Mon Nov 28 19:56:03 2022]
rule hicFindTADs:
    input: /home/lengliang/lzy/3d/hic-pro/4_hicexplorer/3_hicCorrectMatrix/40000/heat_40000_corrected.h5
    output: /home/lengliang/lzy/3d/hic-pro/4_hicexplorer/5_hicFindTADs/40000/heat_40000_corrected_domains.bed
    log: /home/lengliang/lzy/3d/log/hicFindTADs_heat_40000.log
    jobid: 11
    reason: Missing output files: /home/lengliang/lzy/3d/hic-pro/4_hicexplorer/5_hicFindTADs/40000/heat_40000_corrected_domains.bed
    wildcards: resolution=40000, treatment=heat
    threads: 24
    resources: mem_mb=1000, disk_mb=4191800, tmpdir=/home/lengliang/lzy/tmp/3d/


~/lzy/mambaforge/bin/hicFindTADs --correctForMultipleTesting fdr -m  /home/lengliang/lzy/3d/hic-pro/4_hicexplorer/3_hicCorrectMatrix/40000/heat_40000_corrected.h5  --outPrefix /home/lengliang/lzy/3d/hic-pro/4_hicexplorer/5_hicFindTADs/40000/heat_40000_corrected --numberOfProcessors 24  2>>/home/lengliang/lzy/3d/log/hicFindTADs_heat_40000.log

Submitted job 11 with external jobid '7140.mu01'.

[Mon Nov 28 19:56:03 2022]
rule hicFindTADs:
    input: /home/lengliang/lzy/3d/hic-pro/4_hicexplorer/3_hicCorrectMatrix/25000/heat_25000_corrected.h5
    output: /home/lengliang/lzy/3d/hic-pro/4_hicexplorer/5_hicFindTADs/25000/heat_25000_corrected_domains.bed
    log: /home/lengliang/lzy/3d/log/hicFindTADs_heat_25000.log
    jobid: 13
    reason: Missing output files: /home/lengliang/lzy/3d/hic-pro/4_hicexplorer/5_hicFindTADs/25000/heat_25000_corrected_domains.bed
    wildcards: resolution=25000, treatment=heat
    threads: 24
    resources: mem_mb=1000, disk_mb=4191800, tmpdir=/home/lengliang/lzy/tmp/3d/


~/lzy/mambaforge/bin/hicFindTADs --correctForMultipleTesting fdr -m  /home/lengliang/lzy/3d/hic-pro/4_hicexplorer/3_hicCorrectMatrix/25000/heat_25000_corrected.h5  --outPrefix /home/lengliang/lzy/3d/hic-pro/4_hicexplorer/5_hicFindTADs/25000/heat_25000_corrected --numberOfProcessors 24  2>>/home/lengliang/lzy/3d/log/hicFindTADs_heat_25000.log

Submitted job 13 with external jobid '7141.mu01'.

[Mon Nov 28 19:56:03 2022]
rule hicFindTADs:
    input: /home/lengliang/lzy/3d/hic-pro/4_hicexplorer/3_hicCorrectMatrix/40000/control_40000_corrected.h5
    output: /home/lengliang/lzy/3d/hic-pro/4_hicexplorer/5_hicFindTADs/40000/control_40000_corrected_domains.bed
    log: /home/lengliang/lzy/3d/log/hicFindTADs_control_40000.log
    jobid: 2
    reason: Missing output files: /home/lengliang/lzy/3d/hic-pro/4_hicexplorer/5_hicFindTADs/40000/control_40000_corrected_domains.bed
    wildcards: resolution=40000, treatment=control
    threads: 24
    resources: mem_mb=1000, disk_mb=4191800, tmpdir=/home/lengliang/lzy/tmp/3d/


~/lzy/mambaforge/bin/hicFindTADs --correctForMultipleTesting fdr -m  /home/lengliang/lzy/3d/hic-pro/4_hicexplorer/3_hicCorrectMatrix/40000/control_40000_corrected.h5  --outPrefix /home/lengliang/lzy/3d/hic-pro/4_hicexplorer/5_hicFindTADs/40000/control_40000_corrected --numberOfProcessors 24  2>>/home/lengliang/lzy/3d/log/hicFindTADs_control_40000.log

Submitted job 2 with external jobid '7142.mu01'.

[Mon Nov 28 19:56:03 2022]
rule hicFindTADs:
    input: /home/lengliang/lzy/3d/hic-pro/4_hicexplorer/3_hicCorrectMatrix/250000/heat_250000_corrected.h5
    output: /home/lengliang/lzy/3d/hic-pro/4_hicexplorer/5_hicFindTADs/250000/heat_250000_corrected_domains.bed
    log: /home/lengliang/lzy/3d/log/hicFindTADs_heat_250000.log
    jobid: 17
    reason: Missing output files: /home/lengliang/lzy/3d/hic-pro/4_hicexplorer/5_hicFindTADs/250000/heat_250000_corrected_domains.bed
    wildcards: resolution=250000, treatment=heat
    threads: 24
    resources: mem_mb=1000, disk_mb=4191800, tmpdir=/home/lengliang/lzy/tmp/3d/


~/lzy/mambaforge/bin/hicFindTADs --correctForMultipleTesting fdr -m  /home/lengliang/lzy/3d/hic-pro/4_hicexplorer/3_hicCorrectMatrix/250000/heat_250000_corrected.h5  --outPrefix /home/lengliang/lzy/3d/hic-pro/4_hicexplorer/5_hicFindTADs/250000/heat_250000_corrected --numberOfProcessors 24  2>>/home/lengliang/lzy/3d/log/hicFindTADs_heat_250000.log

Submitted job 17 with external jobid '7143.mu01'.
Select jobs to execute...
[Mon Nov 28 19:56:13 2022]
Finished job 12.
8 of 19 steps (42%) done

[Mon Nov 28 19:56:13 2022]
rule hicFindTADs:
    input: /home/lengliang/lzy/3d/hic-pro/4_hicexplorer/3_hicCorrectMatrix/10000/control_10000_corrected.h5
    output: /home/lengliang/lzy/3d/hic-pro/4_hicexplorer/5_hicFindTADs/10000/control_10000_corrected_domains.bed
    log: /home/lengliang/lzy/3d/log/hicFindTADs_control_10000.log
    jobid: 3
    reason: Missing output files: /home/lengliang/lzy/3d/hic-pro/4_hicexplorer/5_hicFindTADs/10000/control_10000_corrected_domains.bed
    wildcards: resolution=10000, treatment=control
    threads: 24
    resources: mem_mb=1000, disk_mb=4191800, tmpdir=/home/lengliang/lzy/tmp/3d/


~/lzy/mambaforge/bin/hicFindTADs --correctForMultipleTesting fdr -m  /home/lengliang/lzy/3d/hic-pro/4_hicexplorer/3_hicCorrectMatrix/10000/control_10000_corrected.h5  --outPrefix /home/lengliang/lzy/3d/hic-pro/4_hicexplorer/5_hicFindTADs/10000/control_10000_corrected --numberOfProcessors 24  2>>/home/lengliang/lzy/3d/log/hicFindTADs_control_10000.log

Submitted job 3 with external jobid '7144.mu01'.
[Mon Nov 28 19:56:24 2022]
Finished job 16.
9 of 19 steps (47%) done
[Mon Nov 28 19:56:24 2022]
Finished job 7.
10 of 19 steps (53%) done
[Mon Nov 28 19:56:24 2022]
Finished job 5.
11 of 19 steps (58%) done
[Mon Nov 28 19:56:24 2022]
Finished job 6.
12 of 19 steps (63%) done
[Mon Nov 28 19:56:24 2022]
Finished job 8.
13 of 19 steps (68%) done
[Mon Nov 28 19:56:24 2022]
Finished job 11.
14 of 19 steps (74%) done
[Mon Nov 28 19:56:24 2022]
Finished job 13.
15 of 19 steps (79%) done
[Mon Nov 28 19:56:24 2022]
Finished job 2.
16 of 19 steps (84%) done
[Mon Nov 28 19:56:24 2022]
Finished job 17.
17 of 19 steps (89%) done
[Mon Nov 28 19:56:45 2022]
Finished job 3.
18 of 19 steps (95%) done
Select jobs to execute...

[Mon Nov 28 19:56:46 2022]
localrule all:
    input: /home/lengliang/lzy/3d/hic-pro/4_hicexplorer/5_hicFindTADs/100000/control_100000_corrected_domains.bed, /home/lengliang/lzy/3d/hic-pro/4_hicexplorer/5_hicFindTADs/100000/control_100000_corrected_domains.bed, /home/lengliang/lzy/3d/hic-pro/4_hicexplorer/5_hicFindTADs/40000/control_40000_corrected_domains.bed, /home/lengliang/lzy/3d/hic-pro/4_hicexplorer/5_hicFindTADs/40000/control_40000_corrected_domains.bed, /home/lengliang/lzy/3d/hic-pro/4_hicexplorer/5_hicFindTADs/10000/control_10000_corrected_domains.bed, /home/lengliang/lzy/3d/hic-pro/4_hicexplorer/5_hicFindTADs/10000/control_10000_corrected_domains.bed, /home/lengliang/lzy/3d/hic-pro/4_hicexplorer/5_hicFindTADs/25000/control_25000_corrected_domains.bed, /home/lengliang/lzy/3d/hic-pro/4_hicexplorer/5_hicFindTADs/25000/control_25000_corrected_domains.bed, /home/lengliang/lzy/3d/hic-pro/4_hicexplorer/5_hicFindTADs/500000/control_500000_corrected_domains.bed, /home/lengliang/lzy/3d/hic-pro/4_hicexplorer/5_hicFindTADs/500000/control_500000_corrected_domains.bed, /home/lengliang/lzy/3d/hic-pro/4_hicexplorer/5_hicFindTADs/300000/control_300000_corrected_domains.bed, /home/lengliang/lzy/3d/hic-pro/4_hicexplorer/5_hicFindTADs/300000/control_300000_corrected_domains.bed, /home/lengliang/lzy/3d/hic-pro/4_hicexplorer/5_hicFindTADs/5000/control_5000_corrected_domains.bed, /home/lengliang/lzy/3d/hic-pro/4_hicexplorer/5_hicFindTADs/5000/control_5000_corrected_domains.bed, /home/lengliang/lzy/3d/hic-pro/4_hicexplorer/5_hicFindTADs/250000/control_250000_corrected_domains.bed, /home/lengliang/lzy/3d/hic-pro/4_hicexplorer/5_hicFindTADs/250000/control_250000_corrected_domains.bed, /home/lengliang/lzy/3d/hic-pro/4_hicexplorer/5_hicFindTADs/50000/control_50000_corrected_domains.bed, /home/lengliang/lzy/3d/hic-pro/4_hicexplorer/5_hicFindTADs/50000/control_50000_corrected_domains.bed, /home/lengliang/lzy/3d/hic-pro/4_hicexplorer/5_hicFindTADs/100000/heat_100000_corrected_domains.bed, /home/lengliang/lzy/3d/hic-pro/4_hicexplorer/5_hicFindTADs/100000/heat_100000_corrected_domains.bed, /home/lengliang/lzy/3d/hic-pro/4_hicexplorer/5_hicFindTADs/40000/heat_40000_corrected_domains.bed, /home/lengliang/lzy/3d/hic-pro/4_hicexplorer/5_hicFindTADs/40000/heat_40000_corrected_domains.bed, /home/lengliang/lzy/3d/hic-pro/4_hicexplorer/5_hicFindTADs/10000/heat_10000_corrected_domains.bed, /home/lengliang/lzy/3d/hic-pro/4_hicexplorer/5_hicFindTADs/10000/heat_10000_corrected_domains.bed, /home/lengliang/lzy/3d/hic-pro/4_hicexplorer/5_hicFindTADs/25000/heat_25000_corrected_domains.bed, /home/lengliang/lzy/3d/hic-pro/4_hicexplorer/5_hicFindTADs/25000/heat_25000_corrected_domains.bed, /home/lengliang/lzy/3d/hic-pro/4_hicexplorer/5_hicFindTADs/500000/heat_500000_corrected_domains.bed, /home/lengliang/lzy/3d/hic-pro/4_hicexplorer/5_hicFindTADs/500000/heat_500000_corrected_domains.bed, /home/lengliang/lzy/3d/hic-pro/4_hicexplorer/5_hicFindTADs/300000/heat_300000_corrected_domains.bed, /home/lengliang/lzy/3d/hic-pro/4_hicexplorer/5_hicFindTADs/300000/heat_300000_corrected_domains.bed, /home/lengliang/lzy/3d/hic-pro/4_hicexplorer/5_hicFindTADs/5000/heat_5000_corrected_domains.bed, /home/lengliang/lzy/3d/hic-pro/4_hicexplorer/5_hicFindTADs/5000/heat_5000_corrected_domains.bed, /home/lengliang/lzy/3d/hic-pro/4_hicexplorer/5_hicFindTADs/250000/heat_250000_corrected_domains.bed, /home/lengliang/lzy/3d/hic-pro/4_hicexplorer/5_hicFindTADs/250000/heat_250000_corrected_domains.bed, /home/lengliang/lzy/3d/hic-pro/4_hicexplorer/5_hicFindTADs/50000/heat_50000_corrected_domains.bed, /home/lengliang/lzy/3d/hic-pro/4_hicexplorer/5_hicFindTADs/50000/heat_50000_corrected_domains.bed, /home/lengliang/lzy/3d/hic-pro/4_hicexplorer/5_hicFindTADs/100000/heat_100000_corrected_domains.bed, /home/lengliang/lzy/3d/hic-pro/4_hicexplorer/5_hicFindTADs/100000/heat_100000_corrected_domains.bed, /home/lengliang/lzy/3d/hic-pro/4_hicexplorer/5_hicFindTADs/40000/heat_40000_corrected_domains.bed, /home/lengliang/lzy/3d/hic-pro/4_hicexplorer/5_hicFindTADs/40000/heat_40000_corrected_domains.bed, /home/lengliang/lzy/3d/hic-pro/4_hicexplorer/5_hicFindTADs/10000/heat_10000_corrected_domains.bed, /home/lengliang/lzy/3d/hic-pro/4_hicexplorer/5_hicFindTADs/10000/heat_10000_corrected_domains.bed, /home/lengliang/lzy/3d/hic-pro/4_hicexplorer/5_hicFindTADs/25000/heat_25000_corrected_domains.bed, /home/lengliang/lzy/3d/hic-pro/4_hicexplorer/5_hicFindTADs/25000/heat_25000_corrected_domains.bed, /home/lengliang/lzy/3d/hic-pro/4_hicexplorer/5_hicFindTADs/500000/heat_500000_corrected_domains.bed, /home/lengliang/lzy/3d/hic-pro/4_hicexplorer/5_hicFindTADs/500000/heat_500000_corrected_domains.bed, /home/lengliang/lzy/3d/hic-pro/4_hicexplorer/5_hicFindTADs/300000/heat_300000_corrected_domains.bed, /home/lengliang/lzy/3d/hic-pro/4_hicexplorer/5_hicFindTADs/300000/heat_300000_corrected_domains.bed, /home/lengliang/lzy/3d/hic-pro/4_hicexplorer/5_hicFindTADs/5000/heat_5000_corrected_domains.bed, /home/lengliang/lzy/3d/hic-pro/4_hicexplorer/5_hicFindTADs/5000/heat_5000_corrected_domains.bed, /home/lengliang/lzy/3d/hic-pro/4_hicexplorer/5_hicFindTADs/250000/heat_250000_corrected_domains.bed, /home/lengliang/lzy/3d/hic-pro/4_hicexplorer/5_hicFindTADs/250000/heat_250000_corrected_domains.bed, /home/lengliang/lzy/3d/hic-pro/4_hicexplorer/5_hicFindTADs/50000/heat_50000_corrected_domains.bed, /home/lengliang/lzy/3d/hic-pro/4_hicexplorer/5_hicFindTADs/50000/heat_50000_corrected_domains.bed, /home/lengliang/lzy/3d/hic-pro/4_hicexplorer/5_hicFindTADs/100000/control_100000_corrected_domains.bed, /home/lengliang/lzy/3d/hic-pro/4_hicexplorer/5_hicFindTADs/100000/control_100000_corrected_domains.bed, /home/lengliang/lzy/3d/hic-pro/4_hicexplorer/5_hicFindTADs/40000/control_40000_corrected_domains.bed, /home/lengliang/lzy/3d/hic-pro/4_hicexplorer/5_hicFindTADs/40000/control_40000_corrected_domains.bed, /home/lengliang/lzy/3d/hic-pro/4_hicexplorer/5_hicFindTADs/10000/control_10000_corrected_domains.bed, /home/lengliang/lzy/3d/hic-pro/4_hicexplorer/5_hicFindTADs/10000/control_10000_corrected_domains.bed, /home/lengliang/lzy/3d/hic-pro/4_hicexplorer/5_hicFindTADs/25000/control_25000_corrected_domains.bed, /home/lengliang/lzy/3d/hic-pro/4_hicexplorer/5_hicFindTADs/25000/control_25000_corrected_domains.bed, /home/lengliang/lzy/3d/hic-pro/4_hicexplorer/5_hicFindTADs/500000/control_500000_corrected_domains.bed, /home/lengliang/lzy/3d/hic-pro/4_hicexplorer/5_hicFindTADs/500000/control_500000_corrected_domains.bed, /home/lengliang/lzy/3d/hic-pro/4_hicexplorer/5_hicFindTADs/300000/control_300000_corrected_domains.bed, /home/lengliang/lzy/3d/hic-pro/4_hicexplorer/5_hicFindTADs/300000/control_300000_corrected_domains.bed, /home/lengliang/lzy/3d/hic-pro/4_hicexplorer/5_hicFindTADs/5000/control_5000_corrected_domains.bed, /home/lengliang/lzy/3d/hic-pro/4_hicexplorer/5_hicFindTADs/5000/control_5000_corrected_domains.bed, /home/lengliang/lzy/3d/hic-pro/4_hicexplorer/5_hicFindTADs/250000/control_250000_corrected_domains.bed, /home/lengliang/lzy/3d/hic-pro/4_hicexplorer/5_hicFindTADs/250000/control_250000_corrected_domains.bed, /home/lengliang/lzy/3d/hic-pro/4_hicexplorer/5_hicFindTADs/50000/control_50000_corrected_domains.bed, /home/lengliang/lzy/3d/hic-pro/4_hicexplorer/5_hicFindTADs/50000/control_50000_corrected_domains.bed, /home/lengliang/lzy/3d/hic-pro/4_hicexplorer/5_hicFindTADs/100000/heat_100000_corrected_domains.bed, /home/lengliang/lzy/3d/hic-pro/4_hicexplorer/5_hicFindTADs/100000/heat_100000_corrected_domains.bed, /home/lengliang/lzy/3d/hic-pro/4_hicexplorer/5_hicFindTADs/40000/heat_40000_corrected_domains.bed, /home/lengliang/lzy/3d/hic-pro/4_hicexplorer/5_hicFindTADs/40000/heat_40000_corrected_domains.bed, /home/lengliang/lzy/3d/hic-pro/4_hicexplorer/5_hicFindTADs/10000/heat_10000_corrected_domains.bed, /home/lengliang/lzy/3d/hic-pro/4_hicexplorer/5_hicFindTADs/10000/heat_10000_corrected_domains.bed, /home/lengliang/lzy/3d/hic-pro/4_hicexplorer/5_hicFindTADs/25000/heat_25000_corrected_domains.bed, /home/lengliang/lzy/3d/hic-pro/4_hicexplorer/5_hicFindTADs/25000/heat_25000_corrected_domains.bed, /home/lengliang/lzy/3d/hic-pro/4_hicexplorer/5_hicFindTADs/500000/heat_500000_corrected_domains.bed, /home/lengliang/lzy/3d/hic-pro/4_hicexplorer/5_hicFindTADs/500000/heat_500000_corrected_domains.bed, /home/lengliang/lzy/3d/hic-pro/4_hicexplorer/5_hicFindTADs/300000/heat_300000_corrected_domains.bed, /home/lengliang/lzy/3d/hic-pro/4_hicexplorer/5_hicFindTADs/300000/heat_300000_corrected_domains.bed, /home/lengliang/lzy/3d/hic-pro/4_hicexplorer/5_hicFindTADs/5000/heat_5000_corrected_domains.bed, /home/lengliang/lzy/3d/hic-pro/4_hicexplorer/5_hicFindTADs/5000/heat_5000_corrected_domains.bed, /home/lengliang/lzy/3d/hic-pro/4_hicexplorer/5_hicFindTADs/250000/heat_250000_corrected_domains.bed, /home/lengliang/lzy/3d/hic-pro/4_hicexplorer/5_hicFindTADs/250000/heat_250000_corrected_domains.bed, /home/lengliang/lzy/3d/hic-pro/4_hicexplorer/5_hicFindTADs/50000/heat_50000_corrected_domains.bed, /home/lengliang/lzy/3d/hic-pro/4_hicexplorer/5_hicFindTADs/50000/heat_50000_corrected_domains.bed, /home/lengliang/lzy/3d/hic-pro/4_hicexplorer/5_hicFindTADs/100000/control_100000_corrected_domains.bed, /home/lengliang/lzy/3d/hic-pro/4_hicexplorer/5_hicFindTADs/100000/control_100000_corrected_domains.bed, /home/lengliang/lzy/3d/hic-pro/4_hicexplorer/5_hicFindTADs/40000/control_40000_corrected_domains.bed, /home/lengliang/lzy/3d/hic-pro/4_hicexplorer/5_hicFindTADs/40000/control_40000_corrected_domains.bed, /home/lengliang/lzy/3d/hic-pro/4_hicexplorer/5_hicFindTADs/10000/control_10000_corrected_domains.bed, /home/lengliang/lzy/3d/hic-pro/4_hicexplorer/5_hicFindTADs/10000/control_10000_corrected_domains.bed, /home/lengliang/lzy/3d/hic-pro/4_hicexplorer/5_hicFindTADs/25000/control_25000_corrected_domains.bed, /home/lengliang/lzy/3d/hic-pro/4_hicexplorer/5_hicFindTADs/25000/control_25000_corrected_domains.bed, /home/lengliang/lzy/3d/hic-pro/4_hicexplorer/5_hicFindTADs/500000/control_500000_corrected_domains.bed, /home/lengliang/lzy/3d/hic-pro/4_hicexplorer/5_hicFindTADs/500000/control_500000_corrected_domains.bed, /home/lengliang/lzy/3d/hic-pro/4_hicexplorer/5_hicFindTADs/300000/control_300000_corrected_domains.bed, /home/lengliang/lzy/3d/hic-pro/4_hicexplorer/5_hicFindTADs/300000/control_300000_corrected_domains.bed, /home/lengliang/lzy/3d/hic-pro/4_hicexplorer/5_hicFindTADs/5000/control_5000_corrected_domains.bed, /home/lengliang/lzy/3d/hic-pro/4_hicexplorer/5_hicFindTADs/5000/control_5000_corrected_domains.bed, /home/lengliang/lzy/3d/hic-pro/4_hicexplorer/5_hicFindTADs/250000/control_250000_corrected_domains.bed, /home/lengliang/lzy/3d/hic-pro/4_hicexplorer/5_hicFindTADs/250000/control_250000_corrected_domains.bed, /home/lengliang/lzy/3d/hic-pro/4_hicexplorer/5_hicFindTADs/50000/control_50000_corrected_domains.bed, /home/lengliang/lzy/3d/hic-pro/4_hicexplorer/5_hicFindTADs/50000/control_50000_corrected_domains.bed, /home/lengliang/lzy/3d/hic-pro/4_hicexplorer/5_hicFindTADs/100000/control_100000_corrected_domains.bed, /home/lengliang/lzy/3d/hic-pro/4_hicexplorer/5_hicFindTADs/100000/control_100000_corrected_domains.bed, /home/lengliang/lzy/3d/hic-pro/4_hicexplorer/5_hicFindTADs/40000/control_40000_corrected_domains.bed, /home/lengliang/lzy/3d/hic-pro/4_hicexplorer/5_hicFindTADs/40000/control_40000_corrected_domains.bed, /home/lengliang/lzy/3d/hic-pro/4_hicexplorer/5_hicFindTADs/10000/control_10000_corrected_domains.bed, /home/lengliang/lzy/3d/hic-pro/4_hicexplorer/5_hicFindTADs/10000/control_10000_corrected_domains.bed, /home/lengliang/lzy/3d/hic-pro/4_hicexplorer/5_hicFindTADs/25000/control_25000_corrected_domains.bed, /home/lengliang/lzy/3d/hic-pro/4_hicexplorer/5_hicFindTADs/25000/control_25000_corrected_domains.bed, /home/lengliang/lzy/3d/hic-pro/4_hicexplorer/5_hicFindTADs/500000/control_500000_corrected_domains.bed, /home/lengliang/lzy/3d/hic-pro/4_hicexplorer/5_hicFindTADs/500000/control_500000_corrected_domains.bed, /home/lengliang/lzy/3d/hic-pro/4_hicexplorer/5_hicFindTADs/300000/control_300000_corrected_domains.bed, /home/lengliang/lzy/3d/hic-pro/4_hicexplorer/5_hicFindTADs/300000/control_300000_corrected_domains.bed, /home/lengliang/lzy/3d/hic-pro/4_hicexplorer/5_hicFindTADs/5000/control_5000_corrected_domains.bed, /home/lengliang/lzy/3d/hic-pro/4_hicexplorer/5_hicFindTADs/5000/control_5000_corrected_domains.bed, /home/lengliang/lzy/3d/hic-pro/4_hicexplorer/5_hicFindTADs/250000/control_250000_corrected_domains.bed, /home/lengliang/lzy/3d/hic-pro/4_hicexplorer/5_hicFindTADs/250000/control_250000_corrected_domains.bed, /home/lengliang/lzy/3d/hic-pro/4_hicexplorer/5_hicFindTADs/50000/control_50000_corrected_domains.bed, /home/lengliang/lzy/3d/hic-pro/4_hicexplorer/5_hicFindTADs/50000/control_50000_corrected_domains.bed, /home/lengliang/lzy/3d/hic-pro/4_hicexplorer/5_hicFindTADs/100000/heat_100000_corrected_domains.bed, /home/lengliang/lzy/3d/hic-pro/4_hicexplorer/5_hicFindTADs/100000/heat_100000_corrected_domains.bed, /home/lengliang/lzy/3d/hic-pro/4_hicexplorer/5_hicFindTADs/40000/heat_40000_corrected_domains.bed, /home/lengliang/lzy/3d/hic-pro/4_hicexplorer/5_hicFindTADs/40000/heat_40000_corrected_domains.bed, /home/lengliang/lzy/3d/hic-pro/4_hicexplorer/5_hicFindTADs/10000/heat_10000_corrected_domains.bed, /home/lengliang/lzy/3d/hic-pro/4_hicexplorer/5_hicFindTADs/10000/heat_10000_corrected_domains.bed, /home/lengliang/lzy/3d/hic-pro/4_hicexplorer/5_hicFindTADs/25000/heat_25000_corrected_domains.bed, /home/lengliang/lzy/3d/hic-pro/4_hicexplorer/5_hicFindTADs/25000/heat_25000_corrected_domains.bed, /home/lengliang/lzy/3d/hic-pro/4_hicexplorer/5_hicFindTADs/500000/heat_500000_corrected_domains.bed, /home/lengliang/lzy/3d/hic-pro/4_hicexplorer/5_hicFindTADs/500000/heat_500000_corrected_domains.bed, /home/lengliang/lzy/3d/hic-pro/4_hicexplorer/5_hicFindTADs/300000/heat_300000_corrected_domains.bed, /home/lengliang/lzy/3d/hic-pro/4_hicexplorer/5_hicFindTADs/300000/heat_300000_corrected_domains.bed, /home/lengliang/lzy/3d/hic-pro/4_hicexplorer/5_hicFindTADs/5000/heat_5000_corrected_domains.bed, /home/lengliang/lzy/3d/hic-pro/4_hicexplorer/5_hicFindTADs/5000/heat_5000_corrected_domains.bed, /home/lengliang/lzy/3d/hic-pro/4_hicexplorer/5_hicFindTADs/250000/heat_250000_corrected_domains.bed, /home/lengliang/lzy/3d/hic-pro/4_hicexplorer/5_hicFindTADs/250000/heat_250000_corrected_domains.bed, /home/lengliang/lzy/3d/hic-pro/4_hicexplorer/5_hicFindTADs/50000/heat_50000_corrected_domains.bed, /home/lengliang/lzy/3d/hic-pro/4_hicexplorer/5_hicFindTADs/50000/heat_50000_corrected_domains.bed, /home/lengliang/lzy/3d/hic-pro/4_hicexplorer/5_hicFindTADs/100000/heat_100000_corrected_domains.bed, /home/lengliang/lzy/3d/hic-pro/4_hicexplorer/5_hicFindTADs/100000/heat_100000_corrected_domains.bed, /home/lengliang/lzy/3d/hic-pro/4_hicexplorer/5_hicFindTADs/40000/heat_40000_corrected_domains.bed, /home/lengliang/lzy/3d/hic-pro/4_hicexplorer/5_hicFindTADs/40000/heat_40000_corrected_domains.bed, /home/lengliang/lzy/3d/hic-pro/4_hicexplorer/5_hicFindTADs/10000/heat_10000_corrected_domains.bed, /home/lengliang/lzy/3d/hic-pro/4_hicexplorer/5_hicFindTADs/10000/heat_10000_corrected_domains.bed, /home/lengliang/lzy/3d/hic-pro/4_hicexplorer/5_hicFindTADs/25000/heat_25000_corrected_domains.bed, /home/lengliang/lzy/3d/hic-pro/4_hicexplorer/5_hicFindTADs/25000/heat_25000_corrected_domains.bed, /home/lengliang/lzy/3d/hic-pro/4_hicexplorer/5_hicFindTADs/500000/heat_500000_corrected_domains.bed, /home/lengliang/lzy/3d/hic-pro/4_hicexplorer/5_hicFindTADs/500000/heat_500000_corrected_domains.bed, /home/lengliang/lzy/3d/hic-pro/4_hicexplorer/5_hicFindTADs/300000/heat_300000_corrected_domains.bed, /home/lengliang/lzy/3d/hic-pro/4_hicexplorer/5_hicFindTADs/300000/heat_300000_corrected_domains.bed, /home/lengliang/lzy/3d/hic-pro/4_hicexplorer/5_hicFindTADs/5000/heat_5000_corrected_domains.bed, /home/lengliang/lzy/3d/hic-pro/4_hicexplorer/5_hicFindTADs/5000/heat_5000_corrected_domains.bed, /home/lengliang/lzy/3d/hic-pro/4_hicexplorer/5_hicFindTADs/250000/heat_250000_corrected_domains.bed, /home/lengliang/lzy/3d/hic-pro/4_hicexplorer/5_hicFindTADs/250000/heat_250000_corrected_domains.bed, /home/lengliang/lzy/3d/hic-pro/4_hicexplorer/5_hicFindTADs/50000/heat_50000_corrected_domains.bed, /home/lengliang/lzy/3d/hic-pro/4_hicexplorer/5_hicFindTADs/50000/heat_50000_corrected_domains.bed, /home/lengliang/lzy/3d/hic-pro/4_hicexplorer/5_hicFindTADs/100000/control_100000_corrected_domains.bed, /home/lengliang/lzy/3d/hic-pro/4_hicexplorer/5_hicFindTADs/100000/control_100000_corrected_domains.bed, /home/lengliang/lzy/3d/hic-pro/4_hicexplorer/5_hicFindTADs/40000/control_40000_corrected_domains.bed, /home/lengliang/lzy/3d/hic-pro/4_hicexplorer/5_hicFindTADs/40000/control_40000_corrected_domains.bed, /home/lengliang/lzy/3d/hic-pro/4_hicexplorer/5_hicFindTADs/10000/control_10000_corrected_domains.bed, /home/lengliang/lzy/3d/hic-pro/4_hicexplorer/5_hicFindTADs/10000/control_10000_corrected_domains.bed, /home/lengliang/lzy/3d/hic-pro/4_hicexplorer/5_hicFindTADs/25000/control_25000_corrected_domains.bed, /home/lengliang/lzy/3d/hic-pro/4_hicexplorer/5_hicFindTADs/25000/control_25000_corrected_domains.bed, /home/lengliang/lzy/3d/hic-pro/4_hicexplorer/5_hicFindTADs/500000/control_500000_corrected_domains.bed, /home/lengliang/lzy/3d/hic-pro/4_hicexplorer/5_hicFindTADs/500000/control_500000_corrected_domains.bed, /home/lengliang/lzy/3d/hic-pro/4_hicexplorer/5_hicFindTADs/300000/control_300000_corrected_domains.bed, /home/lengliang/lzy/3d/hic-pro/4_hicexplorer/5_hicFindTADs/300000/control_300000_corrected_domains.bed, /home/lengliang/lzy/3d/hic-pro/4_hicexplorer/5_hicFindTADs/5000/control_5000_corrected_domains.bed, /home/lengliang/lzy/3d/hic-pro/4_hicexplorer/5_hicFindTADs/5000/control_5000_corrected_domains.bed, /home/lengliang/lzy/3d/hic-pro/4_hicexplorer/5_hicFindTADs/250000/control_250000_corrected_domains.bed, /home/lengliang/lzy/3d/hic-pro/4_hicexplorer/5_hicFindTADs/250000/control_250000_corrected_domains.bed, /home/lengliang/lzy/3d/hic-pro/4_hicexplorer/5_hicFindTADs/50000/control_50000_corrected_domains.bed, /home/lengliang/lzy/3d/hic-pro/4_hicexplorer/5_hicFindTADs/50000/control_50000_corrected_domains.bed, /home/lengliang/lzy/3d/hic-pro/4_hicexplorer/5_hicFindTADs/100000/heat_100000_corrected_domains.bed, /home/lengliang/lzy/3d/hic-pro/4_hicexplorer/5_hicFindTADs/100000/heat_100000_corrected_domains.bed, /home/lengliang/lzy/3d/hic-pro/4_hicexplorer/5_hicFindTADs/40000/heat_40000_corrected_domains.bed, /home/lengliang/lzy/3d/hic-pro/4_hicexplorer/5_hicFindTADs/40000/heat_40000_corrected_domains.bed, /home/lengliang/lzy/3d/hic-pro/4_hicexplorer/5_hicFindTADs/10000/heat_10000_corrected_domains.bed, /home/lengliang/lzy/3d/hic-pro/4_hicexplorer/5_hicFindTADs/10000/heat_10000_corrected_domains.bed, /home/lengliang/lzy/3d/hic-pro/4_hicexplorer/5_hicFindTADs/25000/heat_25000_corrected_domains.bed, /home/lengliang/lzy/3d/hic-pro/4_hicexplorer/5_hicFindTADs/25000/heat_25000_corrected_domains.bed, /home/lengliang/lzy/3d/hic-pro/4_hicexplorer/5_hicFindTADs/500000/heat_500000_corrected_domains.bed, /home/lengliang/lzy/3d/hic-pro/4_hicexplorer/5_hicFindTADs/500000/heat_500000_corrected_domains.bed, /home/lengliang/lzy/3d/hic-pro/4_hicexplorer/5_hicFindTADs/300000/heat_300000_corrected_domains.bed, /home/lengliang/lzy/3d/hic-pro/4_hicexplorer/5_hicFindTADs/300000/heat_300000_corrected_domains.bed, /home/lengliang/lzy/3d/hic-pro/4_hicexplorer/5_hicFindTADs/5000/heat_5000_corrected_domains.bed, /home/lengliang/lzy/3d/hic-pro/4_hicexplorer/5_hicFindTADs/5000/heat_5000_corrected_domains.bed, /home/lengliang/lzy/3d/hic-pro/4_hicexplorer/5_hicFindTADs/250000/heat_250000_corrected_domains.bed, /home/lengliang/lzy/3d/hic-pro/4_hicexplorer/5_hicFindTADs/250000/heat_250000_corrected_domains.bed, /home/lengliang/lzy/3d/hic-pro/4_hicexplorer/5_hicFindTADs/50000/heat_50000_corrected_domains.bed, /home/lengliang/lzy/3d/hic-pro/4_hicexplorer/5_hicFindTADs/50000/heat_50000_corrected_domains.bed, /home/lengliang/lzy/3d/hic-pro/4_hicexplorer/5_hicFindTADs/100000/control_100000_corrected_domains.bed, /home/lengliang/lzy/3d/hic-pro/4_hicexplorer/5_hicFindTADs/100000/control_100000_corrected_domains.bed, /home/lengliang/lzy/3d/hic-pro/4_hicexplorer/5_hicFindTADs/40000/control_40000_corrected_domains.bed, /home/lengliang/lzy/3d/hic-pro/4_hicexplorer/5_hicFindTADs/40000/control_40000_corrected_domains.bed, /home/lengliang/lzy/3d/hic-pro/4_hicexplorer/5_hicFindTADs/10000/control_10000_corrected_domains.bed, /home/lengliang/lzy/3d/hic-pro/4_hicexplorer/5_hicFindTADs/10000/control_10000_corrected_domains.bed, /home/lengliang/lzy/3d/hic-pro/4_hicexplorer/5_hicFindTADs/25000/control_25000_corrected_domains.bed, /home/lengliang/lzy/3d/hic-pro/4_hicexplorer/5_hicFindTADs/25000/control_25000_corrected_domains.bed, /home/lengliang/lzy/3d/hic-pro/4_hicexplorer/5_hicFindTADs/500000/control_500000_corrected_domains.bed, /home/lengliang/lzy/3d/hic-pro/4_hicexplorer/5_hicFindTADs/500000/control_500000_corrected_domains.bed, /home/lengliang/lzy/3d/hic-pro/4_hicexplorer/5_hicFindTADs/300000/control_300000_corrected_domains.bed, /home/lengliang/lzy/3d/hic-pro/4_hicexplorer/5_hicFindTADs/300000/control_300000_corrected_domains.bed, /home/lengliang/lzy/3d/hic-pro/4_hicexplorer/5_hicFindTADs/5000/control_5000_corrected_domains.bed, /home/lengliang/lzy/3d/hic-pro/4_hicexplorer/5_hicFindTADs/5000/control_5000_corrected_domains.bed, /home/lengliang/lzy/3d/hic-pro/4_hicexplorer/5_hicFindTADs/250000/control_250000_corrected_domains.bed, /home/lengliang/lzy/3d/hic-pro/4_hicexplorer/5_hicFindTADs/250000/control_250000_corrected_domains.bed, /home/lengliang/lzy/3d/hic-pro/4_hicexplorer/5_hicFindTADs/50000/control_50000_corrected_domains.bed, /home/lengliang/lzy/3d/hic-pro/4_hicexplorer/5_hicFindTADs/50000/control_50000_corrected_domains.bed, /home/lengliang/lzy/3d/hic-pro/4_hicexplorer/5_hicFindTADs/100000/control_100000_corrected_domains.bed, /home/lengliang/lzy/3d/hic-pro/4_hicexplorer/5_hicFindTADs/100000/control_100000_corrected_domains.bed, /home/lengliang/lzy/3d/hic-pro/4_hicexplorer/5_hicFindTADs/40000/control_40000_corrected_domains.bed, /home/lengliang/lzy/3d/hic-pro/4_hicexplorer/5_hicFindTADs/40000/control_40000_corrected_domains.bed, /home/lengliang/lzy/3d/hic-pro/4_hicexplorer/5_hicFindTADs/10000/control_10000_corrected_domains.bed, /home/lengliang/lzy/3d/hic-pro/4_hicexplorer/5_hicFindTADs/10000/control_10000_corrected_domains.bed, /home/lengliang/lzy/3d/hic-pro/4_hicexplorer/5_hicFindTADs/25000/control_25000_corrected_domains.bed, /home/lengliang/lzy/3d/hic-pro/4_hicexplorer/5_hicFindTADs/25000/control_25000_corrected_domains.bed, /home/lengliang/lzy/3d/hic-pro/4_hicexplorer/5_hicFindTADs/500000/control_500000_corrected_domains.bed, /home/lengliang/lzy/3d/hic-pro/4_hicexplorer/5_hicFindTADs/500000/control_500000_corrected_domains.bed, /home/lengliang/lzy/3d/hic-pro/4_hicexplorer/5_hicFindTADs/300000/control_300000_corrected_domains.bed, /home/lengliang/lzy/3d/hic-pro/4_hicexplorer/5_hicFindTADs/300000/control_300000_corrected_domains.bed, /home/lengliang/lzy/3d/hic-pro/4_hicexplorer/5_hicFindTADs/5000/control_5000_corrected_domains.bed, /home/lengliang/lzy/3d/hic-pro/4_hicexplorer/5_hicFindTADs/5000/control_5000_corrected_domains.bed, /home/lengliang/lzy/3d/hic-pro/4_hicexplorer/5_hicFindTADs/250000/control_250000_corrected_domains.bed, /home/lengliang/lzy/3d/hic-pro/4_hicexplorer/5_hicFindTADs/250000/control_250000_corrected_domains.bed, /home/lengliang/lzy/3d/hic-pro/4_hicexplorer/5_hicFindTADs/50000/control_50000_corrected_domains.bed, /home/lengliang/lzy/3d/hic-pro/4_hicexplorer/5_hicFindTADs/50000/control_50000_corrected_domains.bed, /home/lengliang/lzy/3d/hic-pro/4_hicexplorer/5_hicFindTADs/100000/heat_100000_corrected_domains.bed, /home/lengliang/lzy/3d/hic-pro/4_hicexplorer/5_hicFindTADs/100000/heat_100000_corrected_domains.bed, /home/lengliang/lzy/3d/hic-pro/4_hicexplorer/5_hicFindTADs/40000/heat_40000_corrected_domains.bed, /home/lengliang/lzy/3d/hic-pro/4_hicexplorer/5_hicFindTADs/40000/heat_40000_corrected_domains.bed, /home/lengliang/lzy/3d/hic-pro/4_hicexplorer/5_hicFindTADs/10000/heat_10000_corrected_domains.bed, /home/lengliang/lzy/3d/hic-pro/4_hicexplorer/5_hicFindTADs/10000/heat_10000_corrected_domains.bed, /home/lengliang/lzy/3d/hic-pro/4_hicexplorer/5_hicFindTADs/25000/heat_25000_corrected_domains.bed, /home/lengliang/lzy/3d/hic-pro/4_hicexplorer/5_hicFindTADs/25000/heat_25000_corrected_domains.bed, /home/lengliang/lzy/3d/hic-pro/4_hicexplorer/5_hicFindTADs/500000/heat_500000_corrected_domains.bed, /home/lengliang/lzy/3d/hic-pro/4_hicexplorer/5_hicFindTADs/500000/heat_500000_corrected_domains.bed, /home/lengliang/lzy/3d/hic-pro/4_hicexplorer/5_hicFindTADs/300000/heat_300000_corrected_domains.bed, /home/lengliang/lzy/3d/hic-pro/4_hicexplorer/5_hicFindTADs/300000/heat_300000_corrected_domains.bed, /home/lengliang/lzy/3d/hic-pro/4_hicexplorer/5_hicFindTADs/5000/heat_5000_corrected_domains.bed, /home/lengliang/lzy/3d/hic-pro/4_hicexplorer/5_hicFindTADs/5000/heat_5000_corrected_domains.bed, /home/lengliang/lzy/3d/hic-pro/4_hicexplorer/5_hicFindTADs/250000/heat_250000_corrected_domains.bed, /home/lengliang/lzy/3d/hic-pro/4_hicexplorer/5_hicFindTADs/250000/heat_250000_corrected_domains.bed, /home/lengliang/lzy/3d/hic-pro/4_hicexplorer/5_hicFindTADs/50000/heat_50000_corrected_domains.bed, /home/lengliang/lzy/3d/hic-pro/4_hicexplorer/5_hicFindTADs/50000/heat_50000_corrected_domains.bed, /home/lengliang/lzy/3d/hic-pro/4_hicexplorer/5_hicFindTADs/100000/control_100000_corrected_domains.bed, /home/lengliang/lzy/3d/hic-pro/4_hicexplorer/5_hicFindTADs/100000/control_100000_corrected_domains.bed, /home/lengliang/lzy/3d/hic-pro/4_hicexplorer/5_hicFindTADs/40000/control_40000_corrected_domains.bed, /home/lengliang/lzy/3d/hic-pro/4_hicexplorer/5_hicFindTADs/40000/control_40000_corrected_domains.bed, /home/lengliang/lzy/3d/hic-pro/4_hicexplorer/5_hicFindTADs/10000/control_10000_corrected_domains.bed, /home/lengliang/lzy/3d/hic-pro/4_hicexplorer/5_hicFindTADs/10000/control_10000_corrected_domains.bed, /home/lengliang/lzy/3d/hic-pro/4_hicexplorer/5_hicFindTADs/25000/control_25000_corrected_domains.bed, /home/lengliang/lzy/3d/hic-pro/4_hicexplorer/5_hicFindTADs/25000/control_25000_corrected_domains.bed, /home/lengliang/lzy/3d/hic-pro/4_hicexplorer/5_hicFindTADs/500000/control_500000_corrected_domains.bed, /home/lengliang/lzy/3d/hic-pro/4_hicexplorer/5_hicFindTADs/500000/control_500000_corrected_domains.bed, /home/lengliang/lzy/3d/hic-pro/4_hicexplorer/5_hicFindTADs/300000/control_300000_corrected_domains.bed, /home/lengliang/lzy/3d/hic-pro/4_hicexplorer/5_hicFindTADs/300000/control_300000_corrected_domains.bed, /home/lengliang/lzy/3d/hic-pro/4_hicexplorer/5_hicFindTADs/5000/control_5000_corrected_domains.bed, /home/lengliang/lzy/3d/hic-pro/4_hicexplorer/5_hicFindTADs/5000/control_5000_corrected_domains.bed, /home/lengliang/lzy/3d/hic-pro/4_hicexplorer/5_hicFindTADs/250000/control_250000_corrected_domains.bed, /home/lengliang/lzy/3d/hic-pro/4_hicexplorer/5_hicFindTADs/250000/control_250000_corrected_domains.bed, /home/lengliang/lzy/3d/hic-pro/4_hicexplorer/5_hicFindTADs/50000/control_50000_corrected_domains.bed, /home/lengliang/lzy/3d/hic-pro/4_hicexplorer/5_hicFindTADs/50000/control_50000_corrected_domains.bed, /home/lengliang/lzy/3d/hic-pro/4_hicexplorer/5_hicFindTADs/100000/heat_100000_corrected_domains.bed, /home/lengliang/lzy/3d/hic-pro/4_hicexplorer/5_hicFindTADs/100000/heat_100000_corrected_domains.bed, /home/lengliang/lzy/3d/hic-pro/4_hicexplorer/5_hicFindTADs/40000/heat_40000_corrected_domains.bed, /home/lengliang/lzy/3d/hic-pro/4_hicexplorer/5_hicFindTADs/40000/heat_40000_corrected_domains.bed, /home/lengliang/lzy/3d/hic-pro/4_hicexplorer/5_hicFindTADs/10000/heat_10000_corrected_domains.bed, /home/lengliang/lzy/3d/hic-pro/4_hicexplorer/5_hicFindTADs/10000/heat_10000_corrected_domains.bed, /home/lengliang/lzy/3d/hic-pro/4_hicexplorer/5_hicFindTADs/25000/heat_25000_corrected_domains.bed, /home/lengliang/lzy/3d/hic-pro/4_hicexplorer/5_hicFindTADs/25000/heat_25000_corrected_domains.bed, /home/lengliang/lzy/3d/hic-pro/4_hicexplorer/5_hicFindTADs/500000/heat_500000_corrected_domains.bed, /home/lengliang/lzy/3d/hic-pro/4_hicexplorer/5_hicFindTADs/500000/heat_500000_corrected_domains.bed, /home/lengliang/lzy/3d/hic-pro/4_hicexplorer/5_hicFindTADs/300000/heat_300000_corrected_domains.bed, /home/lengliang/lzy/3d/hic-pro/4_hicexplorer/5_hicFindTADs/300000/heat_300000_corrected_domains.bed, /home/lengliang/lzy/3d/hic-pro/4_hicexplorer/5_hicFindTADs/5000/heat_5000_corrected_domains.bed, /home/lengliang/lzy/3d/hic-pro/4_hicexplorer/5_hicFindTADs/5000/heat_5000_corrected_domains.bed, /home/lengliang/lzy/3d/hic-pro/4_hicexplorer/5_hicFindTADs/250000/heat_250000_corrected_domains.bed, /home/lengliang/lzy/3d/hic-pro/4_hicexplorer/5_hicFindTADs/250000/heat_250000_corrected_domains.bed, /home/lengliang/lzy/3d/hic-pro/4_hicexplorer/5_hicFindTADs/50000/heat_50000_corrected_domains.bed, /home/lengliang/lzy/3d/hic-pro/4_hicexplorer/5_hicFindTADs/50000/heat_50000_corrected_domains.bed, /home/lengliang/lzy/3d/hic-pro/4_hicexplorer/5_hicFindTADs/100000/control_100000_corrected_domains.bed, /home/lengliang/lzy/3d/hic-pro/4_hicexplorer/5_hicFindTADs/100000/control_100000_corrected_domains.bed, /home/lengliang/lzy/3d/hic-pro/4_hicexplorer/5_hicFindTADs/40000/control_40000_corrected_domains.bed, /home/lengliang/lzy/3d/hic-pro/4_hicexplorer/5_hicFindTADs/40000/control_40000_corrected_domains.bed, /home/lengliang/lzy/3d/hic-pro/4_hicexplorer/5_hicFindTADs/10000/control_10000_corrected_domains.bed, /home/lengliang/lzy/3d/hic-pro/4_hicexplorer/5_hicFindTADs/10000/control_10000_corrected_domains.bed, /home/lengliang/lzy/3d/hic-pro/4_hicexplorer/5_hicFindTADs/25000/control_25000_corrected_domains.bed, /home/lengliang/lzy/3d/hic-pro/4_hicexplorer/5_hicFindTADs/25000/control_25000_corrected_domains.bed, /home/lengliang/lzy/3d/hic-pro/4_hicexplorer/5_hicFindTADs/500000/control_500000_corrected_domains.bed, /home/lengliang/lzy/3d/hic-pro/4_hicexplorer/5_hicFindTADs/500000/control_500000_corrected_domains.bed, /home/lengliang/lzy/3d/hic-pro/4_hicexplorer/5_hicFindTADs/300000/control_300000_corrected_domains.bed, /home/lengliang/lzy/3d/hic-pro/4_hicexplorer/5_hicFindTADs/300000/control_300000_corrected_domains.bed, /home/lengliang/lzy/3d/hic-pro/4_hicexplorer/5_hicFindTADs/5000/control_5000_corrected_domains.bed, /home/lengliang/lzy/3d/hic-pro/4_hicexplorer/5_hicFindTADs/5000/control_5000_corrected_domains.bed, /home/lengliang/lzy/3d/hic-pro/4_hicexplorer/5_hicFindTADs/250000/control_250000_corrected_domains.bed, /home/lengliang/lzy/3d/hic-pro/4_hicexplorer/5_hicFindTADs/250000/control_250000_corrected_domains.bed, /home/lengliang/lzy/3d/hic-pro/4_hicexplorer/5_hicFindTADs/50000/control_50000_corrected_domains.bed, /home/lengliang/lzy/3d/hic-pro/4_hicexplorer/5_hicFindTADs/50000/control_50000_corrected_domains.bed, /home/lengliang/lzy/3d/hic-pro/4_hicexplorer/5_hicFindTADs/100000/heat_100000_corrected_domains.bed, /home/lengliang/lzy/3d/hic-pro/4_hicexplorer/5_hicFindTADs/100000/heat_100000_corrected_domains.bed, /home/lengliang/lzy/3d/hic-pro/4_hicexplorer/5_hicFindTADs/40000/heat_40000_corrected_domains.bed, /home/lengliang/lzy/3d/hic-pro/4_hicexplorer/5_hicFindTADs/40000/heat_40000_corrected_domains.bed, /home/lengliang/lzy/3d/hic-pro/4_hicexplorer/5_hicFindTADs/10000/heat_10000_corrected_domains.bed, /home/lengliang/lzy/3d/hic-pro/4_hicexplorer/5_hicFindTADs/10000/heat_10000_corrected_domains.bed, /home/lengliang/lzy/3d/hic-pro/4_hicexplorer/5_hicFindTADs/25000/heat_25000_corrected_domains.bed, /home/lengliang/lzy/3d/hic-pro/4_hicexplorer/5_hicFindTADs/25000/heat_25000_corrected_domains.bed, /home/lengliang/lzy/3d/hic-pro/4_hicexplorer/5_hicFindTADs/500000/heat_500000_corrected_domains.bed, /home/lengliang/lzy/3d/hic-pro/4_hicexplorer/5_hicFindTADs/500000/heat_500000_corrected_domains.bed, /home/lengliang/lzy/3d/hic-pro/4_hicexplorer/5_hicFindTADs/300000/heat_300000_corrected_domains.bed, /home/lengliang/lzy/3d/hic-pro/4_hicexplorer/5_hicFindTADs/300000/heat_300000_corrected_domains.bed, /home/lengliang/lzy/3d/hic-pro/4_hicexplorer/5_hicFindTADs/5000/heat_5000_corrected_domains.bed, /home/lengliang/lzy/3d/hic-pro/4_hicexplorer/5_hicFindTADs/5000/heat_5000_corrected_domains.bed, /home/lengliang/lzy/3d/hic-pro/4_hicexplorer/5_hicFindTADs/250000/heat_250000_corrected_domains.bed, /home/lengliang/lzy/3d/hic-pro/4_hicexplorer/5_hicFindTADs/250000/heat_250000_corrected_domains.bed, /home/lengliang/lzy/3d/hic-pro/4_hicexplorer/5_hicFindTADs/50000/heat_50000_corrected_domains.bed, /home/lengliang/lzy/3d/hic-pro/4_hicexplorer/5_hicFindTADs/50000/heat_50000_corrected_domains.bed
    jobid: 0
    reason: Input files updated by another job: /home/lengliang/lzy/3d/hic-pro/4_hicexplorer/5_hicFindTADs/100000/control_100000_corrected_domains.bed, /home/lengliang/lzy/3d/hic-pro/4_hicexplorer/5_hicFindTADs/5000/heat_5000_corrected_domains.bed, /home/lengliang/lzy/3d/hic-pro/4_hicexplorer/5_hicFindTADs/500000/control_500000_corrected_domains.bed, /home/lengliang/lzy/3d/hic-pro/4_hicexplorer/5_hicFindTADs/5000/control_5000_corrected_domains.bed, /home/lengliang/lzy/3d/hic-pro/4_hicexplorer/5_hicFindTADs/10000/heat_10000_corrected_domains.bed, /home/lengliang/lzy/3d/hic-pro/4_hicexplorer/5_hicFindTADs/250000/control_250000_corrected_domains.bed, /home/lengliang/lzy/3d/hic-pro/4_hicexplorer/5_hicFindTADs/300000/control_300000_corrected_domains.bed, /home/lengliang/lzy/3d/hic-pro/4_hicexplorer/5_hicFindTADs/25000/heat_25000_corrected_domains.bed, /home/lengliang/lzy/3d/hic-pro/4_hicexplorer/5_hicFindTADs/50000/control_50000_corrected_domains.bed, /home/lengliang/lzy/3d/hic-pro/4_hicexplorer/5_hicFindTADs/40000/heat_40000_corrected_domains.bed, /home/lengliang/lzy/3d/hic-pro/4_hicexplorer/5_hicFindTADs/300000/heat_300000_corrected_domains.bed, /home/lengliang/lzy/3d/hic-pro/4_hicexplorer/5_hicFindTADs/500000/heat_500000_corrected_domains.bed, /home/lengliang/lzy/3d/hic-pro/4_hicexplorer/5_hicFindTADs/10000/control_10000_corrected_domains.bed, /home/lengliang/lzy/3d/hic-pro/4_hicexplorer/5_hicFindTADs/25000/control_25000_corrected_domains.bed, /home/lengliang/lzy/3d/hic-pro/4_hicexplorer/5_hicFindTADs/100000/heat_100000_corrected_domains.bed, /home/lengliang/lzy/3d/hic-pro/4_hicexplorer/5_hicFindTADs/50000/heat_50000_corrected_domains.bed, /home/lengliang/lzy/3d/hic-pro/4_hicexplorer/5_hicFindTADs/250000/heat_250000_corrected_domains.bed, /home/lengliang/lzy/3d/hic-pro/4_hicexplorer/5_hicFindTADs/40000/control_40000_corrected_domains.bed
    resources: mem_mb=1000, disk_mb=1000, tmpdir=/tmp

[Mon Nov 28 19:56:46 2022]
Finished job 0.
19 of 19 steps (100%) done
Complete log: .snakemake/log/2022-11-28T195540.789045.snakemake.log
