Building DAG of jobs...
Using shell: /usr/bin/bash
Provided cluster nodes: 10
Job stats:
job               count    min threads    max threads
--------------  -------  -------------  -------------
all                   1              1              1
hicDetectLoops       10             24             24
total                11              1             24

Select jobs to execute...

[Tue Nov 29 16:14:04 2022]
rule hicDetectLoops:
    input: /home/lengliang/lzy/3d/hic-pro/4_hicexplorer/3_hicCorrectMatrix/10000/control_10000_corrected.h5
    output: /home/lengliang/lzy/3d/hic-pro/4_hicexplorer/7_hicDetectLoops/control/control_10000_loops.bedgraph
    log: /home/lengliang/lzy/3d/hic-pro/4_hicexplorer/7_hicDetectLoops/log/control_10000_loop.log
    jobid: 12
    reason: Missing output files: /home/lengliang/lzy/3d/hic-pro/4_hicexplorer/7_hicDetectLoops/control/control_10000_loops.bedgraph
    wildcards: treatment=control, resolution=10000
    threads: 24
    resources: mem_mb=1000, disk_mb=4191800, tmpdir=/home/lengliang/lzy/tmp/3d/


function f(){   
    local pvalue=(0.05 0.1 0.5 1)
    local dis=(8000000 20000000)
    local pp=(0.1 0.5 1 1)
    local num=${#pvalue[@]}
    for((i=0;i<num;i++)){
        for d in ${dis[*]}
        do
            # echo "${pvalue[i]}and${d}and ${pp[i]}"
            ~/lzy/mambaforge/bin/hicDetectLoops -m /home/lengliang/lzy/3d/hic-pro/4_hicexplorer/3_hicCorrectMatrix/10000/control_10000_corrected.h5 -o /home/lengliang/lzy/3d/hic-pro/4_hicexplorer/7_hicDetectLoops/control/control_10000_loops.bedgraph.p${pvalue[i]}.d${dis} --maxLoopDistance ${dis} --peakInteractionsThreshold 5 --threads 24 --peakWidth 2 --windowSize 5 --pValuePreselection  ${pp[i]} --pValue ${pvalue[i]} 2>>/home/lengliang/lzy/3d/hic-pro/4_hicexplorer/7_hicDetectLoops/log/control_10000_loop.log
                # -f 参数判断 $file 是否存在
            if [ -f "/home/lengliang/lzy/3d/hic-pro/4_hicexplorer/7_hicDetectLoops/control/control_10000_loops.bedgraph.p${pvalue[i]}.d${dis}" ]; then
                ~/lzy/mambaforge/bin/hicPlotMatrix -m /home/lengliang/lzy/3d/hic-pro/4_hicexplorer/3_hicCorrectMatrix/10000/control_10000_corrected.h5 -o /home/lengliang/lzy/3d/hic-pro/4_hicexplorer/7_hicDetectLoops/control/control_10000_loops.bedgraph.p${pvalue[i]}.d${dis}.pdf --vMax 4 --dpi 330  --loops /home/lengliang/lzy/3d/hic-pro/4_hicexplorer/7_hicDetectLoops/control/control_10000_loops.bedgraph.p${pvalue[i]}.d${dis}  2>>/home/lengliang/lzy/3d/hic-pro/4_hicexplorer/7_hicDetectLoops/log/control_10000_loop.log
            fi

        done
    }
} 
f
echo ''>/home/lengliang/lzy/3d/hic-pro/4_hicexplorer/7_hicDetectLoops/control/control_10000_loops.bedgraph

Submitted job 12 with external jobid '7227.mu01'.

[Tue Nov 29 16:14:05 2022]
rule hicDetectLoops:
    input: /home/lengliang/lzy/3d/hic-pro/4_hicexplorer/3_hicCorrectMatrix/40000/heat_40000_corrected.h5
    output: /home/lengliang/lzy/3d/hic-pro/4_hicexplorer/7_hicDetectLoops/heat/heat_40000_loops.bedgraph
    log: /home/lengliang/lzy/3d/hic-pro/4_hicexplorer/7_hicDetectLoops/log/heat_40000_loop.log
    jobid: 2
    reason: Missing output files: /home/lengliang/lzy/3d/hic-pro/4_hicexplorer/7_hicDetectLoops/heat/heat_40000_loops.bedgraph
    wildcards: treatment=heat, resolution=40000
    threads: 24
    resources: mem_mb=1000, disk_mb=4191800, tmpdir=/home/lengliang/lzy/tmp/3d/


function f(){   
    local pvalue=(0.05 0.1 0.5 1)
    local dis=(8000000 20000000)
    local pp=(0.1 0.5 1 1)
    local num=${#pvalue[@]}
    for((i=0;i<num;i++)){
        for d in ${dis[*]}
        do
            # echo "${pvalue[i]}and${d}and ${pp[i]}"
            ~/lzy/mambaforge/bin/hicDetectLoops -m /home/lengliang/lzy/3d/hic-pro/4_hicexplorer/3_hicCorrectMatrix/40000/heat_40000_corrected.h5 -o /home/lengliang/lzy/3d/hic-pro/4_hicexplorer/7_hicDetectLoops/heat/heat_40000_loops.bedgraph.p${pvalue[i]}.d${dis} --maxLoopDistance ${dis} --peakInteractionsThreshold 5 --threads 24 --peakWidth 2 --windowSize 5 --pValuePreselection  ${pp[i]} --pValue ${pvalue[i]} 2>>/home/lengliang/lzy/3d/hic-pro/4_hicexplorer/7_hicDetectLoops/log/heat_40000_loop.log
                # -f 参数判断 $file 是否存在
            if [ -f "/home/lengliang/lzy/3d/hic-pro/4_hicexplorer/7_hicDetectLoops/heat/heat_40000_loops.bedgraph.p${pvalue[i]}.d${dis}" ]; then
                ~/lzy/mambaforge/bin/hicPlotMatrix -m /home/lengliang/lzy/3d/hic-pro/4_hicexplorer/3_hicCorrectMatrix/40000/heat_40000_corrected.h5 -o /home/lengliang/lzy/3d/hic-pro/4_hicexplorer/7_hicDetectLoops/heat/heat_40000_loops.bedgraph.p${pvalue[i]}.d${dis}.pdf --vMax 4 --dpi 330  --loops /home/lengliang/lzy/3d/hic-pro/4_hicexplorer/7_hicDetectLoops/heat/heat_40000_loops.bedgraph.p${pvalue[i]}.d${dis}  2>>/home/lengliang/lzy/3d/hic-pro/4_hicexplorer/7_hicDetectLoops/log/heat_40000_loop.log
            fi

        done
    }
} 
f
echo ''>/home/lengliang/lzy/3d/hic-pro/4_hicexplorer/7_hicDetectLoops/heat/heat_40000_loops.bedgraph

Submitted job 2 with external jobid '7228.mu01'.

[Tue Nov 29 16:14:05 2022]
rule hicDetectLoops:
    input: /home/lengliang/lzy/3d/hic-pro/4_hicexplorer/3_hicCorrectMatrix/5000/control_5000_corrected.h5
    output: /home/lengliang/lzy/3d/hic-pro/4_hicexplorer/7_hicDetectLoops/control/control_5000_loops.bedgraph
    log: /home/lengliang/lzy/3d/hic-pro/4_hicexplorer/7_hicDetectLoops/log/control_5000_loop.log
    jobid: 16
    reason: Missing output files: /home/lengliang/lzy/3d/hic-pro/4_hicexplorer/7_hicDetectLoops/control/control_5000_loops.bedgraph
    wildcards: treatment=control, resolution=5000
    threads: 24
    resources: mem_mb=1000, disk_mb=4191800, tmpdir=/home/lengliang/lzy/tmp/3d/


function f(){   
    local pvalue=(0.05 0.1 0.5 1)
    local dis=(8000000 20000000)
    local pp=(0.1 0.5 1 1)
    local num=${#pvalue[@]}
    for((i=0;i<num;i++)){
        for d in ${dis[*]}
        do
            # echo "${pvalue[i]}and${d}and ${pp[i]}"
            ~/lzy/mambaforge/bin/hicDetectLoops -m /home/lengliang/lzy/3d/hic-pro/4_hicexplorer/3_hicCorrectMatrix/5000/control_5000_corrected.h5 -o /home/lengliang/lzy/3d/hic-pro/4_hicexplorer/7_hicDetectLoops/control/control_5000_loops.bedgraph.p${pvalue[i]}.d${dis} --maxLoopDistance ${dis} --peakInteractionsThreshold 5 --threads 24 --peakWidth 2 --windowSize 5 --pValuePreselection  ${pp[i]} --pValue ${pvalue[i]} 2>>/home/lengliang/lzy/3d/hic-pro/4_hicexplorer/7_hicDetectLoops/log/control_5000_loop.log
                # -f 参数判断 $file 是否存在
            if [ -f "/home/lengliang/lzy/3d/hic-pro/4_hicexplorer/7_hicDetectLoops/control/control_5000_loops.bedgraph.p${pvalue[i]}.d${dis}" ]; then
                ~/lzy/mambaforge/bin/hicPlotMatrix -m /home/lengliang/lzy/3d/hic-pro/4_hicexplorer/3_hicCorrectMatrix/5000/control_5000_corrected.h5 -o /home/lengliang/lzy/3d/hic-pro/4_hicexplorer/7_hicDetectLoops/control/control_5000_loops.bedgraph.p${pvalue[i]}.d${dis}.pdf --vMax 4 --dpi 330  --loops /home/lengliang/lzy/3d/hic-pro/4_hicexplorer/7_hicDetectLoops/control/control_5000_loops.bedgraph.p${pvalue[i]}.d${dis}  2>>/home/lengliang/lzy/3d/hic-pro/4_hicexplorer/7_hicDetectLoops/log/control_5000_loop.log
            fi

        done
    }
} 
f
echo ''>/home/lengliang/lzy/3d/hic-pro/4_hicexplorer/7_hicDetectLoops/control/control_5000_loops.bedgraph

Submitted job 16 with external jobid '7229.mu01'.

[Tue Nov 29 16:14:05 2022]
rule hicDetectLoops:
    input: /home/lengliang/lzy/3d/hic-pro/4_hicexplorer/3_hicCorrectMatrix/25000/heat_25000_corrected.h5
    output: /home/lengliang/lzy/3d/hic-pro/4_hicexplorer/7_hicDetectLoops/heat/heat_25000_loops.bedgraph
    log: /home/lengliang/lzy/3d/hic-pro/4_hicexplorer/7_hicDetectLoops/log/heat_25000_loop.log
    jobid: 4
    reason: Missing output files: /home/lengliang/lzy/3d/hic-pro/4_hicexplorer/7_hicDetectLoops/heat/heat_25000_loops.bedgraph
    wildcards: treatment=heat, resolution=25000
    threads: 24
    resources: mem_mb=1000, disk_mb=4191800, tmpdir=/home/lengliang/lzy/tmp/3d/


function f(){   
    local pvalue=(0.05 0.1 0.5 1)
    local dis=(8000000 20000000)
    local pp=(0.1 0.5 1 1)
    local num=${#pvalue[@]}
    for((i=0;i<num;i++)){
        for d in ${dis[*]}
        do
            # echo "${pvalue[i]}and${d}and ${pp[i]}"
            ~/lzy/mambaforge/bin/hicDetectLoops -m /home/lengliang/lzy/3d/hic-pro/4_hicexplorer/3_hicCorrectMatrix/25000/heat_25000_corrected.h5 -o /home/lengliang/lzy/3d/hic-pro/4_hicexplorer/7_hicDetectLoops/heat/heat_25000_loops.bedgraph.p${pvalue[i]}.d${dis} --maxLoopDistance ${dis} --peakInteractionsThreshold 5 --threads 24 --peakWidth 2 --windowSize 5 --pValuePreselection  ${pp[i]} --pValue ${pvalue[i]} 2>>/home/lengliang/lzy/3d/hic-pro/4_hicexplorer/7_hicDetectLoops/log/heat_25000_loop.log
                # -f 参数判断 $file 是否存在
            if [ -f "/home/lengliang/lzy/3d/hic-pro/4_hicexplorer/7_hicDetectLoops/heat/heat_25000_loops.bedgraph.p${pvalue[i]}.d${dis}" ]; then
                ~/lzy/mambaforge/bin/hicPlotMatrix -m /home/lengliang/lzy/3d/hic-pro/4_hicexplorer/3_hicCorrectMatrix/25000/heat_25000_corrected.h5 -o /home/lengliang/lzy/3d/hic-pro/4_hicexplorer/7_hicDetectLoops/heat/heat_25000_loops.bedgraph.p${pvalue[i]}.d${dis}.pdf --vMax 4 --dpi 330  --loops /home/lengliang/lzy/3d/hic-pro/4_hicexplorer/7_hicDetectLoops/heat/heat_25000_loops.bedgraph.p${pvalue[i]}.d${dis}  2>>/home/lengliang/lzy/3d/hic-pro/4_hicexplorer/7_hicDetectLoops/log/heat_25000_loop.log
            fi

        done
    }
} 
f
echo ''>/home/lengliang/lzy/3d/hic-pro/4_hicexplorer/7_hicDetectLoops/heat/heat_25000_loops.bedgraph

Submitted job 4 with external jobid '7230.mu01'.

[Tue Nov 29 16:14:05 2022]
rule hicDetectLoops:
    input: /home/lengliang/lzy/3d/hic-pro/4_hicexplorer/3_hicCorrectMatrix/300000/heat_300000_corrected.h5
    output: /home/lengliang/lzy/3d/hic-pro/4_hicexplorer/7_hicDetectLoops/heat/heat_300000_loops.bedgraph
    log: /home/lengliang/lzy/3d/hic-pro/4_hicexplorer/7_hicDetectLoops/log/heat_300000_loop.log
    jobid: 6
    reason: Missing output files: /home/lengliang/lzy/3d/hic-pro/4_hicexplorer/7_hicDetectLoops/heat/heat_300000_loops.bedgraph
    wildcards: treatment=heat, resolution=300000
    threads: 24
    resources: mem_mb=1000, disk_mb=4191800, tmpdir=/home/lengliang/lzy/tmp/3d/


function f(){   
    local pvalue=(0.05 0.1 0.5 1)
    local dis=(8000000 20000000)
    local pp=(0.1 0.5 1 1)
    local num=${#pvalue[@]}
    for((i=0;i<num;i++)){
        for d in ${dis[*]}
        do
            # echo "${pvalue[i]}and${d}and ${pp[i]}"
            ~/lzy/mambaforge/bin/hicDetectLoops -m /home/lengliang/lzy/3d/hic-pro/4_hicexplorer/3_hicCorrectMatrix/300000/heat_300000_corrected.h5 -o /home/lengliang/lzy/3d/hic-pro/4_hicexplorer/7_hicDetectLoops/heat/heat_300000_loops.bedgraph.p${pvalue[i]}.d${dis} --maxLoopDistance ${dis} --peakInteractionsThreshold 5 --threads 24 --peakWidth 2 --windowSize 5 --pValuePreselection  ${pp[i]} --pValue ${pvalue[i]} 2>>/home/lengliang/lzy/3d/hic-pro/4_hicexplorer/7_hicDetectLoops/log/heat_300000_loop.log
                # -f 参数判断 $file 是否存在
            if [ -f "/home/lengliang/lzy/3d/hic-pro/4_hicexplorer/7_hicDetectLoops/heat/heat_300000_loops.bedgraph.p${pvalue[i]}.d${dis}" ]; then
                ~/lzy/mambaforge/bin/hicPlotMatrix -m /home/lengliang/lzy/3d/hic-pro/4_hicexplorer/3_hicCorrectMatrix/300000/heat_300000_corrected.h5 -o /home/lengliang/lzy/3d/hic-pro/4_hicexplorer/7_hicDetectLoops/heat/heat_300000_loops.bedgraph.p${pvalue[i]}.d${dis}.pdf --vMax 4 --dpi 330  --loops /home/lengliang/lzy/3d/hic-pro/4_hicexplorer/7_hicDetectLoops/heat/heat_300000_loops.bedgraph.p${pvalue[i]}.d${dis}  2>>/home/lengliang/lzy/3d/hic-pro/4_hicexplorer/7_hicDetectLoops/log/heat_300000_loop.log
            fi

        done
    }
} 
f
echo ''>/home/lengliang/lzy/3d/hic-pro/4_hicexplorer/7_hicDetectLoops/heat/heat_300000_loops.bedgraph

Submitted job 6 with external jobid '7231.mu01'.

[Tue Nov 29 16:14:06 2022]
rule hicDetectLoops:
    input: /home/lengliang/lzy/3d/hic-pro/4_hicexplorer/3_hicCorrectMatrix/40000/control_40000_corrected.h5
    output: /home/lengliang/lzy/3d/hic-pro/4_hicexplorer/7_hicDetectLoops/control/control_40000_loops.bedgraph
    log: /home/lengliang/lzy/3d/hic-pro/4_hicexplorer/7_hicDetectLoops/log/control_40000_loop.log
    jobid: 11
    reason: Missing output files: /home/lengliang/lzy/3d/hic-pro/4_hicexplorer/7_hicDetectLoops/control/control_40000_loops.bedgraph
    wildcards: treatment=control, resolution=40000
    threads: 24
    resources: mem_mb=1000, disk_mb=4191800, tmpdir=/home/lengliang/lzy/tmp/3d/


function f(){   
    local pvalue=(0.05 0.1 0.5 1)
    local dis=(8000000 20000000)
    local pp=(0.1 0.5 1 1)
    local num=${#pvalue[@]}
    for((i=0;i<num;i++)){
        for d in ${dis[*]}
        do
            # echo "${pvalue[i]}and${d}and ${pp[i]}"
            ~/lzy/mambaforge/bin/hicDetectLoops -m /home/lengliang/lzy/3d/hic-pro/4_hicexplorer/3_hicCorrectMatrix/40000/control_40000_corrected.h5 -o /home/lengliang/lzy/3d/hic-pro/4_hicexplorer/7_hicDetectLoops/control/control_40000_loops.bedgraph.p${pvalue[i]}.d${dis} --maxLoopDistance ${dis} --peakInteractionsThreshold 5 --threads 24 --peakWidth 2 --windowSize 5 --pValuePreselection  ${pp[i]} --pValue ${pvalue[i]} 2>>/home/lengliang/lzy/3d/hic-pro/4_hicexplorer/7_hicDetectLoops/log/control_40000_loop.log
                # -f 参数判断 $file 是否存在
            if [ -f "/home/lengliang/lzy/3d/hic-pro/4_hicexplorer/7_hicDetectLoops/control/control_40000_loops.bedgraph.p${pvalue[i]}.d${dis}" ]; then
                ~/lzy/mambaforge/bin/hicPlotMatrix -m /home/lengliang/lzy/3d/hic-pro/4_hicexplorer/3_hicCorrectMatrix/40000/control_40000_corrected.h5 -o /home/lengliang/lzy/3d/hic-pro/4_hicexplorer/7_hicDetectLoops/control/control_40000_loops.bedgraph.p${pvalue[i]}.d${dis}.pdf --vMax 4 --dpi 330  --loops /home/lengliang/lzy/3d/hic-pro/4_hicexplorer/7_hicDetectLoops/control/control_40000_loops.bedgraph.p${pvalue[i]}.d${dis}  2>>/home/lengliang/lzy/3d/hic-pro/4_hicexplorer/7_hicDetectLoops/log/control_40000_loop.log
            fi

        done
    }
} 
f
echo ''>/home/lengliang/lzy/3d/hic-pro/4_hicexplorer/7_hicDetectLoops/control/control_40000_loops.bedgraph

Submitted job 11 with external jobid '7232.mu01'.

[Tue Nov 29 16:14:06 2022]
rule hicDetectLoops:
    input: /home/lengliang/lzy/3d/hic-pro/4_hicexplorer/3_hicCorrectMatrix/25000/control_25000_corrected.h5
    output: /home/lengliang/lzy/3d/hic-pro/4_hicexplorer/7_hicDetectLoops/control/control_25000_loops.bedgraph
    log: /home/lengliang/lzy/3d/hic-pro/4_hicexplorer/7_hicDetectLoops/log/control_25000_loop.log
    jobid: 13
    reason: Missing output files: /home/lengliang/lzy/3d/hic-pro/4_hicexplorer/7_hicDetectLoops/control/control_25000_loops.bedgraph
    wildcards: treatment=control, resolution=25000
    threads: 24
    resources: mem_mb=1000, disk_mb=4191800, tmpdir=/home/lengliang/lzy/tmp/3d/


function f(){   
    local pvalue=(0.05 0.1 0.5 1)
    local dis=(8000000 20000000)
    local pp=(0.1 0.5 1 1)
    local num=${#pvalue[@]}
    for((i=0;i<num;i++)){
        for d in ${dis[*]}
        do
            # echo "${pvalue[i]}and${d}and ${pp[i]}"
            ~/lzy/mambaforge/bin/hicDetectLoops -m /home/lengliang/lzy/3d/hic-pro/4_hicexplorer/3_hicCorrectMatrix/25000/control_25000_corrected.h5 -o /home/lengliang/lzy/3d/hic-pro/4_hicexplorer/7_hicDetectLoops/control/control_25000_loops.bedgraph.p${pvalue[i]}.d${dis} --maxLoopDistance ${dis} --peakInteractionsThreshold 5 --threads 24 --peakWidth 2 --windowSize 5 --pValuePreselection  ${pp[i]} --pValue ${pvalue[i]} 2>>/home/lengliang/lzy/3d/hic-pro/4_hicexplorer/7_hicDetectLoops/log/control_25000_loop.log
                # -f 参数判断 $file 是否存在
            if [ -f "/home/lengliang/lzy/3d/hic-pro/4_hicexplorer/7_hicDetectLoops/control/control_25000_loops.bedgraph.p${pvalue[i]}.d${dis}" ]; then
                ~/lzy/mambaforge/bin/hicPlotMatrix -m /home/lengliang/lzy/3d/hic-pro/4_hicexplorer/3_hicCorrectMatrix/25000/control_25000_corrected.h5 -o /home/lengliang/lzy/3d/hic-pro/4_hicexplorer/7_hicDetectLoops/control/control_25000_loops.bedgraph.p${pvalue[i]}.d${dis}.pdf --vMax 4 --dpi 330  --loops /home/lengliang/lzy/3d/hic-pro/4_hicexplorer/7_hicDetectLoops/control/control_25000_loops.bedgraph.p${pvalue[i]}.d${dis}  2>>/home/lengliang/lzy/3d/hic-pro/4_hicexplorer/7_hicDetectLoops/log/control_25000_loop.log
            fi

        done
    }
} 
f
echo ''>/home/lengliang/lzy/3d/hic-pro/4_hicexplorer/7_hicDetectLoops/control/control_25000_loops.bedgraph

Submitted job 13 with external jobid '7233.mu01'.

[Tue Nov 29 16:14:06 2022]
rule hicDetectLoops:
    input: /home/lengliang/lzy/3d/hic-pro/4_hicexplorer/3_hicCorrectMatrix/300000/control_300000_corrected.h5
    output: /home/lengliang/lzy/3d/hic-pro/4_hicexplorer/7_hicDetectLoops/control/control_300000_loops.bedgraph
    log: /home/lengliang/lzy/3d/hic-pro/4_hicexplorer/7_hicDetectLoops/log/control_300000_loop.log
    jobid: 15
    reason: Missing output files: /home/lengliang/lzy/3d/hic-pro/4_hicexplorer/7_hicDetectLoops/control/control_300000_loops.bedgraph
    wildcards: treatment=control, resolution=300000
    threads: 24
    resources: mem_mb=1000, disk_mb=4191800, tmpdir=/home/lengliang/lzy/tmp/3d/


function f(){   
    local pvalue=(0.05 0.1 0.5 1)
    local dis=(8000000 20000000)
    local pp=(0.1 0.5 1 1)
    local num=${#pvalue[@]}
    for((i=0;i<num;i++)){
        for d in ${dis[*]}
        do
            # echo "${pvalue[i]}and${d}and ${pp[i]}"
            ~/lzy/mambaforge/bin/hicDetectLoops -m /home/lengliang/lzy/3d/hic-pro/4_hicexplorer/3_hicCorrectMatrix/300000/control_300000_corrected.h5 -o /home/lengliang/lzy/3d/hic-pro/4_hicexplorer/7_hicDetectLoops/control/control_300000_loops.bedgraph.p${pvalue[i]}.d${dis} --maxLoopDistance ${dis} --peakInteractionsThreshold 5 --threads 24 --peakWidth 2 --windowSize 5 --pValuePreselection  ${pp[i]} --pValue ${pvalue[i]} 2>>/home/lengliang/lzy/3d/hic-pro/4_hicexplorer/7_hicDetectLoops/log/control_300000_loop.log
                # -f 参数判断 $file 是否存在
            if [ -f "/home/lengliang/lzy/3d/hic-pro/4_hicexplorer/7_hicDetectLoops/control/control_300000_loops.bedgraph.p${pvalue[i]}.d${dis}" ]; then
                ~/lzy/mambaforge/bin/hicPlotMatrix -m /home/lengliang/lzy/3d/hic-pro/4_hicexplorer/3_hicCorrectMatrix/300000/control_300000_corrected.h5 -o /home/lengliang/lzy/3d/hic-pro/4_hicexplorer/7_hicDetectLoops/control/control_300000_loops.bedgraph.p${pvalue[i]}.d${dis}.pdf --vMax 4 --dpi 330  --loops /home/lengliang/lzy/3d/hic-pro/4_hicexplorer/7_hicDetectLoops/control/control_300000_loops.bedgraph.p${pvalue[i]}.d${dis}  2>>/home/lengliang/lzy/3d/hic-pro/4_hicexplorer/7_hicDetectLoops/log/control_300000_loop.log
            fi

        done
    }
} 
f
echo ''>/home/lengliang/lzy/3d/hic-pro/4_hicexplorer/7_hicDetectLoops/control/control_300000_loops.bedgraph

Submitted job 15 with external jobid '7234.mu01'.

[Tue Nov 29 16:14:06 2022]
rule hicDetectLoops:
    input: /home/lengliang/lzy/3d/hic-pro/4_hicexplorer/3_hicCorrectMatrix/10000/heat_10000_corrected.h5
    output: /home/lengliang/lzy/3d/hic-pro/4_hicexplorer/7_hicDetectLoops/heat/heat_10000_loops.bedgraph
    log: /home/lengliang/lzy/3d/hic-pro/4_hicexplorer/7_hicDetectLoops/log/heat_10000_loop.log
    jobid: 3
    reason: Missing output files: /home/lengliang/lzy/3d/hic-pro/4_hicexplorer/7_hicDetectLoops/heat/heat_10000_loops.bedgraph
    wildcards: treatment=heat, resolution=10000
    threads: 24
    resources: mem_mb=1000, disk_mb=4191800, tmpdir=/home/lengliang/lzy/tmp/3d/


function f(){   
    local pvalue=(0.05 0.1 0.5 1)
    local dis=(8000000 20000000)
    local pp=(0.1 0.5 1 1)
    local num=${#pvalue[@]}
    for((i=0;i<num;i++)){
        for d in ${dis[*]}
        do
            # echo "${pvalue[i]}and${d}and ${pp[i]}"
            ~/lzy/mambaforge/bin/hicDetectLoops -m /home/lengliang/lzy/3d/hic-pro/4_hicexplorer/3_hicCorrectMatrix/10000/heat_10000_corrected.h5 -o /home/lengliang/lzy/3d/hic-pro/4_hicexplorer/7_hicDetectLoops/heat/heat_10000_loops.bedgraph.p${pvalue[i]}.d${dis} --maxLoopDistance ${dis} --peakInteractionsThreshold 5 --threads 24 --peakWidth 2 --windowSize 5 --pValuePreselection  ${pp[i]} --pValue ${pvalue[i]} 2>>/home/lengliang/lzy/3d/hic-pro/4_hicexplorer/7_hicDetectLoops/log/heat_10000_loop.log
                # -f 参数判断 $file 是否存在
            if [ -f "/home/lengliang/lzy/3d/hic-pro/4_hicexplorer/7_hicDetectLoops/heat/heat_10000_loops.bedgraph.p${pvalue[i]}.d${dis}" ]; then
                ~/lzy/mambaforge/bin/hicPlotMatrix -m /home/lengliang/lzy/3d/hic-pro/4_hicexplorer/3_hicCorrectMatrix/10000/heat_10000_corrected.h5 -o /home/lengliang/lzy/3d/hic-pro/4_hicexplorer/7_hicDetectLoops/heat/heat_10000_loops.bedgraph.p${pvalue[i]}.d${dis}.pdf --vMax 4 --dpi 330  --loops /home/lengliang/lzy/3d/hic-pro/4_hicexplorer/7_hicDetectLoops/heat/heat_10000_loops.bedgraph.p${pvalue[i]}.d${dis}  2>>/home/lengliang/lzy/3d/hic-pro/4_hicexplorer/7_hicDetectLoops/log/heat_10000_loop.log
            fi

        done
    }
} 
f
echo ''>/home/lengliang/lzy/3d/hic-pro/4_hicexplorer/7_hicDetectLoops/heat/heat_10000_loops.bedgraph

Submitted job 3 with external jobid '7235.mu01'.

[Tue Nov 29 16:14:06 2022]
rule hicDetectLoops:
    input: /home/lengliang/lzy/3d/hic-pro/4_hicexplorer/3_hicCorrectMatrix/5000/heat_5000_corrected.h5
    output: /home/lengliang/lzy/3d/hic-pro/4_hicexplorer/7_hicDetectLoops/heat/heat_5000_loops.bedgraph
    log: /home/lengliang/lzy/3d/hic-pro/4_hicexplorer/7_hicDetectLoops/log/heat_5000_loop.log
    jobid: 7
    reason: Missing output files: /home/lengliang/lzy/3d/hic-pro/4_hicexplorer/7_hicDetectLoops/heat/heat_5000_loops.bedgraph
    wildcards: treatment=heat, resolution=5000
    threads: 24
    resources: mem_mb=1000, disk_mb=4191800, tmpdir=/home/lengliang/lzy/tmp/3d/


function f(){   
    local pvalue=(0.05 0.1 0.5 1)
    local dis=(8000000 20000000)
    local pp=(0.1 0.5 1 1)
    local num=${#pvalue[@]}
    for((i=0;i<num;i++)){
        for d in ${dis[*]}
        do
            # echo "${pvalue[i]}and${d}and ${pp[i]}"
            ~/lzy/mambaforge/bin/hicDetectLoops -m /home/lengliang/lzy/3d/hic-pro/4_hicexplorer/3_hicCorrectMatrix/5000/heat_5000_corrected.h5 -o /home/lengliang/lzy/3d/hic-pro/4_hicexplorer/7_hicDetectLoops/heat/heat_5000_loops.bedgraph.p${pvalue[i]}.d${dis} --maxLoopDistance ${dis} --peakInteractionsThreshold 5 --threads 24 --peakWidth 2 --windowSize 5 --pValuePreselection  ${pp[i]} --pValue ${pvalue[i]} 2>>/home/lengliang/lzy/3d/hic-pro/4_hicexplorer/7_hicDetectLoops/log/heat_5000_loop.log
                # -f 参数判断 $file 是否存在
            if [ -f "/home/lengliang/lzy/3d/hic-pro/4_hicexplorer/7_hicDetectLoops/heat/heat_5000_loops.bedgraph.p${pvalue[i]}.d${dis}" ]; then
                ~/lzy/mambaforge/bin/hicPlotMatrix -m /home/lengliang/lzy/3d/hic-pro/4_hicexplorer/3_hicCorrectMatrix/5000/heat_5000_corrected.h5 -o /home/lengliang/lzy/3d/hic-pro/4_hicexplorer/7_hicDetectLoops/heat/heat_5000_loops.bedgraph.p${pvalue[i]}.d${dis}.pdf --vMax 4 --dpi 330  --loops /home/lengliang/lzy/3d/hic-pro/4_hicexplorer/7_hicDetectLoops/heat/heat_5000_loops.bedgraph.p${pvalue[i]}.d${dis}  2>>/home/lengliang/lzy/3d/hic-pro/4_hicexplorer/7_hicDetectLoops/log/heat_5000_loop.log
            fi

        done
    }
} 
f
echo ''>/home/lengliang/lzy/3d/hic-pro/4_hicexplorer/7_hicDetectLoops/heat/heat_5000_loops.bedgraph

Submitted job 7 with external jobid '7236.mu01'.
[Tue Nov 29 16:16:37 2022]
Finished job 6.
1 of 11 steps (9%) done
[Tue Nov 29 16:16:37 2022]
Finished job 15.
2 of 11 steps (18%) done
[Tue Nov 29 16:17:48 2022]
Finished job 2.
3 of 11 steps (27%) done
[Tue Nov 29 16:18:08 2022]
Finished job 11.
4 of 11 steps (36%) done
[Tue Nov 29 16:20:18 2022]
Finished job 4.
5 of 11 steps (45%) done
[Tue Nov 29 16:20:18 2022]
Finished job 13.
6 of 11 steps (55%) done
[Tue Nov 29 16:38:39 2022]
Finished job 3.
7 of 11 steps (64%) done
[Tue Nov 29 16:38:49 2022]
Finished job 12.
8 of 11 steps (73%) done
[Tue Nov 29 17:43:33 2022]
Finished job 16.
9 of 11 steps (82%) done
[Tue Nov 29 17:45:33 2022]
Finished job 7.
10 of 11 steps (91%) done
Select jobs to execute...

[Tue Nov 29 17:45:33 2022]
localrule all:
    input: /home/lengliang/lzy/3d/hic-pro/4_hicexplorer/7_hicDetectLoops/heat/heat_100000_loops.bedgraph, /home/lengliang/lzy/3d/hic-pro/4_hicexplorer/7_hicDetectLoops/heat/heat_100000_loops.bedgraph, /home/lengliang/lzy/3d/hic-pro/4_hicexplorer/7_hicDetectLoops/heat/heat_40000_loops.bedgraph, /home/lengliang/lzy/3d/hic-pro/4_hicexplorer/7_hicDetectLoops/heat/heat_40000_loops.bedgraph, /home/lengliang/lzy/3d/hic-pro/4_hicexplorer/7_hicDetectLoops/heat/heat_10000_loops.bedgraph, /home/lengliang/lzy/3d/hic-pro/4_hicexplorer/7_hicDetectLoops/heat/heat_10000_loops.bedgraph, /home/lengliang/lzy/3d/hic-pro/4_hicexplorer/7_hicDetectLoops/heat/heat_25000_loops.bedgraph, /home/lengliang/lzy/3d/hic-pro/4_hicexplorer/7_hicDetectLoops/heat/heat_25000_loops.bedgraph, /home/lengliang/lzy/3d/hic-pro/4_hicexplorer/7_hicDetectLoops/heat/heat_500000_loops.bedgraph, /home/lengliang/lzy/3d/hic-pro/4_hicexplorer/7_hicDetectLoops/heat/heat_500000_loops.bedgraph, /home/lengliang/lzy/3d/hic-pro/4_hicexplorer/7_hicDetectLoops/heat/heat_300000_loops.bedgraph, /home/lengliang/lzy/3d/hic-pro/4_hicexplorer/7_hicDetectLoops/heat/heat_300000_loops.bedgraph, /home/lengliang/lzy/3d/hic-pro/4_hicexplorer/7_hicDetectLoops/heat/heat_5000_loops.bedgraph, /home/lengliang/lzy/3d/hic-pro/4_hicexplorer/7_hicDetectLoops/heat/heat_5000_loops.bedgraph, /home/lengliang/lzy/3d/hic-pro/4_hicexplorer/7_hicDetectLoops/heat/heat_250000_loops.bedgraph, /home/lengliang/lzy/3d/hic-pro/4_hicexplorer/7_hicDetectLoops/heat/heat_250000_loops.bedgraph, /home/lengliang/lzy/3d/hic-pro/4_hicexplorer/7_hicDetectLoops/heat/heat_50000_loops.bedgraph, /home/lengliang/lzy/3d/hic-pro/4_hicexplorer/7_hicDetectLoops/heat/heat_50000_loops.bedgraph, /home/lengliang/lzy/3d/hic-pro/4_hicexplorer/7_hicDetectLoops/control/control_100000_loops.bedgraph, /home/lengliang/lzy/3d/hic-pro/4_hicexplorer/7_hicDetectLoops/control/control_100000_loops.bedgraph, /home/lengliang/lzy/3d/hic-pro/4_hicexplorer/7_hicDetectLoops/control/control_40000_loops.bedgraph, /home/lengliang/lzy/3d/hic-pro/4_hicexplorer/7_hicDetectLoops/control/control_40000_loops.bedgraph, /home/lengliang/lzy/3d/hic-pro/4_hicexplorer/7_hicDetectLoops/control/control_10000_loops.bedgraph, /home/lengliang/lzy/3d/hic-pro/4_hicexplorer/7_hicDetectLoops/control/control_10000_loops.bedgraph, /home/lengliang/lzy/3d/hic-pro/4_hicexplorer/7_hicDetectLoops/control/control_25000_loops.bedgraph, /home/lengliang/lzy/3d/hic-pro/4_hicexplorer/7_hicDetectLoops/control/control_25000_loops.bedgraph, /home/lengliang/lzy/3d/hic-pro/4_hicexplorer/7_hicDetectLoops/control/control_500000_loops.bedgraph, /home/lengliang/lzy/3d/hic-pro/4_hicexplorer/7_hicDetectLoops/control/control_500000_loops.bedgraph, /home/lengliang/lzy/3d/hic-pro/4_hicexplorer/7_hicDetectLoops/control/control_300000_loops.bedgraph, /home/lengliang/lzy/3d/hic-pro/4_hicexplorer/7_hicDetectLoops/control/control_300000_loops.bedgraph, /home/lengliang/lzy/3d/hic-pro/4_hicexplorer/7_hicDetectLoops/control/control_5000_loops.bedgraph, /home/lengliang/lzy/3d/hic-pro/4_hicexplorer/7_hicDetectLoops/control/control_5000_loops.bedgraph, /home/lengliang/lzy/3d/hic-pro/4_hicexplorer/7_hicDetectLoops/control/control_250000_loops.bedgraph, /home/lengliang/lzy/3d/hic-pro/4_hicexplorer/7_hicDetectLoops/control/control_250000_loops.bedgraph, /home/lengliang/lzy/3d/hic-pro/4_hicexplorer/7_hicDetectLoops/control/control_50000_loops.bedgraph, /home/lengliang/lzy/3d/hic-pro/4_hicexplorer/7_hicDetectLoops/control/control_50000_loops.bedgraph, /home/lengliang/lzy/3d/hic-pro/4_hicexplorer/7_hicDetectLoops/control/control_100000_loops.bedgraph, /home/lengliang/lzy/3d/hic-pro/4_hicexplorer/7_hicDetectLoops/control/control_100000_loops.bedgraph, /home/lengliang/lzy/3d/hic-pro/4_hicexplorer/7_hicDetectLoops/control/control_40000_loops.bedgraph, /home/lengliang/lzy/3d/hic-pro/4_hicexplorer/7_hicDetectLoops/control/control_40000_loops.bedgraph, /home/lengliang/lzy/3d/hic-pro/4_hicexplorer/7_hicDetectLoops/control/control_10000_loops.bedgraph, /home/lengliang/lzy/3d/hic-pro/4_hicexplorer/7_hicDetectLoops/control/control_10000_loops.bedgraph, /home/lengliang/lzy/3d/hic-pro/4_hicexplorer/7_hicDetectLoops/control/control_25000_loops.bedgraph, /home/lengliang/lzy/3d/hic-pro/4_hicexplorer/7_hicDetectLoops/control/control_25000_loops.bedgraph, /home/lengliang/lzy/3d/hic-pro/4_hicexplorer/7_hicDetectLoops/control/control_500000_loops.bedgraph, /home/lengliang/lzy/3d/hic-pro/4_hicexplorer/7_hicDetectLoops/control/control_500000_loops.bedgraph, /home/lengliang/lzy/3d/hic-pro/4_hicexplorer/7_hicDetectLoops/control/control_300000_loops.bedgraph, /home/lengliang/lzy/3d/hic-pro/4_hicexplorer/7_hicDetectLoops/control/control_300000_loops.bedgraph, /home/lengliang/lzy/3d/hic-pro/4_hicexplorer/7_hicDetectLoops/control/control_5000_loops.bedgraph, /home/lengliang/lzy/3d/hic-pro/4_hicexplorer/7_hicDetectLoops/control/control_5000_loops.bedgraph, /home/lengliang/lzy/3d/hic-pro/4_hicexplorer/7_hicDetectLoops/control/control_250000_loops.bedgraph, /home/lengliang/lzy/3d/hic-pro/4_hicexplorer/7_hicDetectLoops/control/control_250000_loops.bedgraph, /home/lengliang/lzy/3d/hic-pro/4_hicexplorer/7_hicDetectLoops/control/control_50000_loops.bedgraph, /home/lengliang/lzy/3d/hic-pro/4_hicexplorer/7_hicDetectLoops/control/control_50000_loops.bedgraph, /home/lengliang/lzy/3d/hic-pro/4_hicexplorer/7_hicDetectLoops/heat/heat_100000_loops.bedgraph, /home/lengliang/lzy/3d/hic-pro/4_hicexplorer/7_hicDetectLoops/heat/heat_100000_loops.bedgraph, /home/lengliang/lzy/3d/hic-pro/4_hicexplorer/7_hicDetectLoops/heat/heat_40000_loops.bedgraph, /home/lengliang/lzy/3d/hic-pro/4_hicexplorer/7_hicDetectLoops/heat/heat_40000_loops.bedgraph, /home/lengliang/lzy/3d/hic-pro/4_hicexplorer/7_hicDetectLoops/heat/heat_10000_loops.bedgraph, /home/lengliang/lzy/3d/hic-pro/4_hicexplorer/7_hicDetectLoops/heat/heat_10000_loops.bedgraph, /home/lengliang/lzy/3d/hic-pro/4_hicexplorer/7_hicDetectLoops/heat/heat_25000_loops.bedgraph, /home/lengliang/lzy/3d/hic-pro/4_hicexplorer/7_hicDetectLoops/heat/heat_25000_loops.bedgraph, /home/lengliang/lzy/3d/hic-pro/4_hicexplorer/7_hicDetectLoops/heat/heat_500000_loops.bedgraph, /home/lengliang/lzy/3d/hic-pro/4_hicexplorer/7_hicDetectLoops/heat/heat_500000_loops.bedgraph, /home/lengliang/lzy/3d/hic-pro/4_hicexplorer/7_hicDetectLoops/heat/heat_300000_loops.bedgraph, /home/lengliang/lzy/3d/hic-pro/4_hicexplorer/7_hicDetectLoops/heat/heat_300000_loops.bedgraph, /home/lengliang/lzy/3d/hic-pro/4_hicexplorer/7_hicDetectLoops/heat/heat_5000_loops.bedgraph, /home/lengliang/lzy/3d/hic-pro/4_hicexplorer/7_hicDetectLoops/heat/heat_5000_loops.bedgraph, /home/lengliang/lzy/3d/hic-pro/4_hicexplorer/7_hicDetectLoops/heat/heat_250000_loops.bedgraph, /home/lengliang/lzy/3d/hic-pro/4_hicexplorer/7_hicDetectLoops/heat/heat_250000_loops.bedgraph, /home/lengliang/lzy/3d/hic-pro/4_hicexplorer/7_hicDetectLoops/heat/heat_50000_loops.bedgraph, /home/lengliang/lzy/3d/hic-pro/4_hicexplorer/7_hicDetectLoops/heat/heat_50000_loops.bedgraph, /home/lengliang/lzy/3d/hic-pro/4_hicexplorer/7_hicDetectLoops/heat/heat_100000_loops.bedgraph, /home/lengliang/lzy/3d/hic-pro/4_hicexplorer/7_hicDetectLoops/heat/heat_100000_loops.bedgraph, /home/lengliang/lzy/3d/hic-pro/4_hicexplorer/7_hicDetectLoops/heat/heat_40000_loops.bedgraph, /home/lengliang/lzy/3d/hic-pro/4_hicexplorer/7_hicDetectLoops/heat/heat_40000_loops.bedgraph, /home/lengliang/lzy/3d/hic-pro/4_hicexplorer/7_hicDetectLoops/heat/heat_10000_loops.bedgraph, /home/lengliang/lzy/3d/hic-pro/4_hicexplorer/7_hicDetectLoops/heat/heat_10000_loops.bedgraph, /home/lengliang/lzy/3d/hic-pro/4_hicexplorer/7_hicDetectLoops/heat/heat_25000_loops.bedgraph, /home/lengliang/lzy/3d/hic-pro/4_hicexplorer/7_hicDetectLoops/heat/heat_25000_loops.bedgraph, /home/lengliang/lzy/3d/hic-pro/4_hicexplorer/7_hicDetectLoops/heat/heat_500000_loops.bedgraph, /home/lengliang/lzy/3d/hic-pro/4_hicexplorer/7_hicDetectLoops/heat/heat_500000_loops.bedgraph, /home/lengliang/lzy/3d/hic-pro/4_hicexplorer/7_hicDetectLoops/heat/heat_300000_loops.bedgraph, /home/lengliang/lzy/3d/hic-pro/4_hicexplorer/7_hicDetectLoops/heat/heat_300000_loops.bedgraph, /home/lengliang/lzy/3d/hic-pro/4_hicexplorer/7_hicDetectLoops/heat/heat_5000_loops.bedgraph, /home/lengliang/lzy/3d/hic-pro/4_hicexplorer/7_hicDetectLoops/heat/heat_5000_loops.bedgraph, /home/lengliang/lzy/3d/hic-pro/4_hicexplorer/7_hicDetectLoops/heat/heat_250000_loops.bedgraph, /home/lengliang/lzy/3d/hic-pro/4_hicexplorer/7_hicDetectLoops/heat/heat_250000_loops.bedgraph, /home/lengliang/lzy/3d/hic-pro/4_hicexplorer/7_hicDetectLoops/heat/heat_50000_loops.bedgraph, /home/lengliang/lzy/3d/hic-pro/4_hicexplorer/7_hicDetectLoops/heat/heat_50000_loops.bedgraph, /home/lengliang/lzy/3d/hic-pro/4_hicexplorer/7_hicDetectLoops/control/control_100000_loops.bedgraph, /home/lengliang/lzy/3d/hic-pro/4_hicexplorer/7_hicDetectLoops/control/control_100000_loops.bedgraph, /home/lengliang/lzy/3d/hic-pro/4_hicexplorer/7_hicDetectLoops/control/control_40000_loops.bedgraph, /home/lengliang/lzy/3d/hic-pro/4_hicexplorer/7_hicDetectLoops/control/control_40000_loops.bedgraph, /home/lengliang/lzy/3d/hic-pro/4_hicexplorer/7_hicDetectLoops/control/control_10000_loops.bedgraph, /home/lengliang/lzy/3d/hic-pro/4_hicexplorer/7_hicDetectLoops/control/control_10000_loops.bedgraph, /home/lengliang/lzy/3d/hic-pro/4_hicexplorer/7_hicDetectLoops/control/control_25000_loops.bedgraph, /home/lengliang/lzy/3d/hic-pro/4_hicexplorer/7_hicDetectLoops/control/control_25000_loops.bedgraph, /home/lengliang/lzy/3d/hic-pro/4_hicexplorer/7_hicDetectLoops/control/control_500000_loops.bedgraph, /home/lengliang/lzy/3d/hic-pro/4_hicexplorer/7_hicDetectLoops/control/control_500000_loops.bedgraph, /home/lengliang/lzy/3d/hic-pro/4_hicexplorer/7_hicDetectLoops/control/control_300000_loops.bedgraph, /home/lengliang/lzy/3d/hic-pro/4_hicexplorer/7_hicDetectLoops/control/control_300000_loops.bedgraph, /home/lengliang/lzy/3d/hic-pro/4_hicexplorer/7_hicDetectLoops/control/control_5000_loops.bedgraph, /home/lengliang/lzy/3d/hic-pro/4_hicexplorer/7_hicDetectLoops/control/control_5000_loops.bedgraph, /home/lengliang/lzy/3d/hic-pro/4_hicexplorer/7_hicDetectLoops/control/control_250000_loops.bedgraph, /home/lengliang/lzy/3d/hic-pro/4_hicexplorer/7_hicDetectLoops/control/control_250000_loops.bedgraph, /home/lengliang/lzy/3d/hic-pro/4_hicexplorer/7_hicDetectLoops/control/control_50000_loops.bedgraph, /home/lengliang/lzy/3d/hic-pro/4_hicexplorer/7_hicDetectLoops/control/control_50000_loops.bedgraph, /home/lengliang/lzy/3d/hic-pro/4_hicexplorer/7_hicDetectLoops/control/control_100000_loops.bedgraph, /home/lengliang/lzy/3d/hic-pro/4_hicexplorer/7_hicDetectLoops/control/control_100000_loops.bedgraph, /home/lengliang/lzy/3d/hic-pro/4_hicexplorer/7_hicDetectLoops/control/control_40000_loops.bedgraph, /home/lengliang/lzy/3d/hic-pro/4_hicexplorer/7_hicDetectLoops/control/control_40000_loops.bedgraph, /home/lengliang/lzy/3d/hic-pro/4_hicexplorer/7_hicDetectLoops/control/control_10000_loops.bedgraph, /home/lengliang/lzy/3d/hic-pro/4_hicexplorer/7_hicDetectLoops/control/control_10000_loops.bedgraph, /home/lengliang/lzy/3d/hic-pro/4_hicexplorer/7_hicDetectLoops/control/control_25000_loops.bedgraph, /home/lengliang/lzy/3d/hic-pro/4_hicexplorer/7_hicDetectLoops/control/control_25000_loops.bedgraph, /home/lengliang/lzy/3d/hic-pro/4_hicexplorer/7_hicDetectLoops/control/control_500000_loops.bedgraph, /home/lengliang/lzy/3d/hic-pro/4_hicexplorer/7_hicDetectLoops/control/control_500000_loops.bedgraph, /home/lengliang/lzy/3d/hic-pro/4_hicexplorer/7_hicDetectLoops/control/control_300000_loops.bedgraph, /home/lengliang/lzy/3d/hic-pro/4_hicexplorer/7_hicDetectLoops/control/control_300000_loops.bedgraph, /home/lengliang/lzy/3d/hic-pro/4_hicexplorer/7_hicDetectLoops/control/control_5000_loops.bedgraph, /home/lengliang/lzy/3d/hic-pro/4_hicexplorer/7_hicDetectLoops/control/control_5000_loops.bedgraph, /home/lengliang/lzy/3d/hic-pro/4_hicexplorer/7_hicDetectLoops/control/control_250000_loops.bedgraph, /home/lengliang/lzy/3d/hic-pro/4_hicexplorer/7_hicDetectLoops/control/control_250000_loops.bedgraph, /home/lengliang/lzy/3d/hic-pro/4_hicexplorer/7_hicDetectLoops/control/control_50000_loops.bedgraph, /home/lengliang/lzy/3d/hic-pro/4_hicexplorer/7_hicDetectLoops/control/control_50000_loops.bedgraph, /home/lengliang/lzy/3d/hic-pro/4_hicexplorer/7_hicDetectLoops/heat/heat_100000_loops.bedgraph, /home/lengliang/lzy/3d/hic-pro/4_hicexplorer/7_hicDetectLoops/heat/heat_100000_loops.bedgraph, /home/lengliang/lzy/3d/hic-pro/4_hicexplorer/7_hicDetectLoops/heat/heat_40000_loops.bedgraph, /home/lengliang/lzy/3d/hic-pro/4_hicexplorer/7_hicDetectLoops/heat/heat_40000_loops.bedgraph, /home/lengliang/lzy/3d/hic-pro/4_hicexplorer/7_hicDetectLoops/heat/heat_10000_loops.bedgraph, /home/lengliang/lzy/3d/hic-pro/4_hicexplorer/7_hicDetectLoops/heat/heat_10000_loops.bedgraph, /home/lengliang/lzy/3d/hic-pro/4_hicexplorer/7_hicDetectLoops/heat/heat_25000_loops.bedgraph, /home/lengliang/lzy/3d/hic-pro/4_hicexplorer/7_hicDetectLoops/heat/heat_25000_loops.bedgraph, /home/lengliang/lzy/3d/hic-pro/4_hicexplorer/7_hicDetectLoops/heat/heat_500000_loops.bedgraph, /home/lengliang/lzy/3d/hic-pro/4_hicexplorer/7_hicDetectLoops/heat/heat_500000_loops.bedgraph, /home/lengliang/lzy/3d/hic-pro/4_hicexplorer/7_hicDetectLoops/heat/heat_300000_loops.bedgraph, /home/lengliang/lzy/3d/hic-pro/4_hicexplorer/7_hicDetectLoops/heat/heat_300000_loops.bedgraph, /home/lengliang/lzy/3d/hic-pro/4_hicexplorer/7_hicDetectLoops/heat/heat_5000_loops.bedgraph, /home/lengliang/lzy/3d/hic-pro/4_hicexplorer/7_hicDetectLoops/heat/heat_5000_loops.bedgraph, /home/lengliang/lzy/3d/hic-pro/4_hicexplorer/7_hicDetectLoops/heat/heat_250000_loops.bedgraph, /home/lengliang/lzy/3d/hic-pro/4_hicexplorer/7_hicDetectLoops/heat/heat_250000_loops.bedgraph, /home/lengliang/lzy/3d/hic-pro/4_hicexplorer/7_hicDetectLoops/heat/heat_50000_loops.bedgraph, /home/lengliang/lzy/3d/hic-pro/4_hicexplorer/7_hicDetectLoops/heat/heat_50000_loops.bedgraph, /home/lengliang/lzy/3d/hic-pro/4_hicexplorer/7_hicDetectLoops/control/control_100000_loops.bedgraph, /home/lengliang/lzy/3d/hic-pro/4_hicexplorer/7_hicDetectLoops/control/control_100000_loops.bedgraph, /home/lengliang/lzy/3d/hic-pro/4_hicexplorer/7_hicDetectLoops/control/control_40000_loops.bedgraph, /home/lengliang/lzy/3d/hic-pro/4_hicexplorer/7_hicDetectLoops/control/control_40000_loops.bedgraph, /home/lengliang/lzy/3d/hic-pro/4_hicexplorer/7_hicDetectLoops/control/control_10000_loops.bedgraph, /home/lengliang/lzy/3d/hic-pro/4_hicexplorer/7_hicDetectLoops/control/control_10000_loops.bedgraph, /home/lengliang/lzy/3d/hic-pro/4_hicexplorer/7_hicDetectLoops/control/control_25000_loops.bedgraph, /home/lengliang/lzy/3d/hic-pro/4_hicexplorer/7_hicDetectLoops/control/control_25000_loops.bedgraph, /home/lengliang/lzy/3d/hic-pro/4_hicexplorer/7_hicDetectLoops/control/control_500000_loops.bedgraph, /home/lengliang/lzy/3d/hic-pro/4_hicexplorer/7_hicDetectLoops/control/control_500000_loops.bedgraph, /home/lengliang/lzy/3d/hic-pro/4_hicexplorer/7_hicDetectLoops/control/control_300000_loops.bedgraph, /home/lengliang/lzy/3d/hic-pro/4_hicexplorer/7_hicDetectLoops/control/control_300000_loops.bedgraph, /home/lengliang/lzy/3d/hic-pro/4_hicexplorer/7_hicDetectLoops/control/control_5000_loops.bedgraph, /home/lengliang/lzy/3d/hic-pro/4_hicexplorer/7_hicDetectLoops/control/control_5000_loops.bedgraph, /home/lengliang/lzy/3d/hic-pro/4_hicexplorer/7_hicDetectLoops/control/control_250000_loops.bedgraph, /home/lengliang/lzy/3d/hic-pro/4_hicexplorer/7_hicDetectLoops/control/control_250000_loops.bedgraph, /home/lengliang/lzy/3d/hic-pro/4_hicexplorer/7_hicDetectLoops/control/control_50000_loops.bedgraph, /home/lengliang/lzy/3d/hic-pro/4_hicexplorer/7_hicDetectLoops/control/control_50000_loops.bedgraph, /home/lengliang/lzy/3d/hic-pro/4_hicexplorer/7_hicDetectLoops/heat/heat_100000_loops.bedgraph, /home/lengliang/lzy/3d/hic-pro/4_hicexplorer/7_hicDetectLoops/heat/heat_100000_loops.bedgraph, /home/lengliang/lzy/3d/hic-pro/4_hicexplorer/7_hicDetectLoops/heat/heat_40000_loops.bedgraph, /home/lengliang/lzy/3d/hic-pro/4_hicexplorer/7_hicDetectLoops/heat/heat_40000_loops.bedgraph, /home/lengliang/lzy/3d/hic-pro/4_hicexplorer/7_hicDetectLoops/heat/heat_10000_loops.bedgraph, /home/lengliang/lzy/3d/hic-pro/4_hicexplorer/7_hicDetectLoops/heat/heat_10000_loops.bedgraph, /home/lengliang/lzy/3d/hic-pro/4_hicexplorer/7_hicDetectLoops/heat/heat_25000_loops.bedgraph, /home/lengliang/lzy/3d/hic-pro/4_hicexplorer/7_hicDetectLoops/heat/heat_25000_loops.bedgraph, /home/lengliang/lzy/3d/hic-pro/4_hicexplorer/7_hicDetectLoops/heat/heat_500000_loops.bedgraph, /home/lengliang/lzy/3d/hic-pro/4_hicexplorer/7_hicDetectLoops/heat/heat_500000_loops.bedgraph, /home/lengliang/lzy/3d/hic-pro/4_hicexplorer/7_hicDetectLoops/heat/heat_300000_loops.bedgraph, /home/lengliang/lzy/3d/hic-pro/4_hicexplorer/7_hicDetectLoops/heat/heat_300000_loops.bedgraph, /home/lengliang/lzy/3d/hic-pro/4_hicexplorer/7_hicDetectLoops/heat/heat_5000_loops.bedgraph, /home/lengliang/lzy/3d/hic-pro/4_hicexplorer/7_hicDetectLoops/heat/heat_5000_loops.bedgraph, /home/lengliang/lzy/3d/hic-pro/4_hicexplorer/7_hicDetectLoops/heat/heat_250000_loops.bedgraph, /home/lengliang/lzy/3d/hic-pro/4_hicexplorer/7_hicDetectLoops/heat/heat_250000_loops.bedgraph, /home/lengliang/lzy/3d/hic-pro/4_hicexplorer/7_hicDetectLoops/heat/heat_50000_loops.bedgraph, /home/lengliang/lzy/3d/hic-pro/4_hicexplorer/7_hicDetectLoops/heat/heat_50000_loops.bedgraph, /home/lengliang/lzy/3d/hic-pro/4_hicexplorer/7_hicDetectLoops/control/control_100000_loops.bedgraph, /home/lengliang/lzy/3d/hic-pro/4_hicexplorer/7_hicDetectLoops/control/control_100000_loops.bedgraph, /home/lengliang/lzy/3d/hic-pro/4_hicexplorer/7_hicDetectLoops/control/control_40000_loops.bedgraph, /home/lengliang/lzy/3d/hic-pro/4_hicexplorer/7_hicDetectLoops/control/control_40000_loops.bedgraph, /home/lengliang/lzy/3d/hic-pro/4_hicexplorer/7_hicDetectLoops/control/control_10000_loops.bedgraph, /home/lengliang/lzy/3d/hic-pro/4_hicexplorer/7_hicDetectLoops/control/control_10000_loops.bedgraph, /home/lengliang/lzy/3d/hic-pro/4_hicexplorer/7_hicDetectLoops/control/control_25000_loops.bedgraph, /home/lengliang/lzy/3d/hic-pro/4_hicexplorer/7_hicDetectLoops/control/control_25000_loops.bedgraph, /home/lengliang/lzy/3d/hic-pro/4_hicexplorer/7_hicDetectLoops/control/control_500000_loops.bedgraph, /home/lengliang/lzy/3d/hic-pro/4_hicexplorer/7_hicDetectLoops/control/control_500000_loops.bedgraph, /home/lengliang/lzy/3d/hic-pro/4_hicexplorer/7_hicDetectLoops/control/control_300000_loops.bedgraph, /home/lengliang/lzy/3d/hic-pro/4_hicexplorer/7_hicDetectLoops/control/control_300000_loops.bedgraph, /home/lengliang/lzy/3d/hic-pro/4_hicexplorer/7_hicDetectLoops/control/control_5000_loops.bedgraph, /home/lengliang/lzy/3d/hic-pro/4_hicexplorer/7_hicDetectLoops/control/control_5000_loops.bedgraph, /home/lengliang/lzy/3d/hic-pro/4_hicexplorer/7_hicDetectLoops/control/control_250000_loops.bedgraph, /home/lengliang/lzy/3d/hic-pro/4_hicexplorer/7_hicDetectLoops/control/control_250000_loops.bedgraph, /home/lengliang/lzy/3d/hic-pro/4_hicexplorer/7_hicDetectLoops/control/control_50000_loops.bedgraph, /home/lengliang/lzy/3d/hic-pro/4_hicexplorer/7_hicDetectLoops/control/control_50000_loops.bedgraph, /home/lengliang/lzy/3d/hic-pro/4_hicexplorer/7_hicDetectLoops/heat/heat_100000_loops.bedgraph, /home/lengliang/lzy/3d/hic-pro/4_hicexplorer/7_hicDetectLoops/heat/heat_100000_loops.bedgraph, /home/lengliang/lzy/3d/hic-pro/4_hicexplorer/7_hicDetectLoops/heat/heat_40000_loops.bedgraph, /home/lengliang/lzy/3d/hic-pro/4_hicexplorer/7_hicDetectLoops/heat/heat_40000_loops.bedgraph, /home/lengliang/lzy/3d/hic-pro/4_hicexplorer/7_hicDetectLoops/heat/heat_10000_loops.bedgraph, /home/lengliang/lzy/3d/hic-pro/4_hicexplorer/7_hicDetectLoops/heat/heat_10000_loops.bedgraph, /home/lengliang/lzy/3d/hic-pro/4_hicexplorer/7_hicDetectLoops/heat/heat_25000_loops.bedgraph, /home/lengliang/lzy/3d/hic-pro/4_hicexplorer/7_hicDetectLoops/heat/heat_25000_loops.bedgraph, /home/lengliang/lzy/3d/hic-pro/4_hicexplorer/7_hicDetectLoops/heat/heat_500000_loops.bedgraph, /home/lengliang/lzy/3d/hic-pro/4_hicexplorer/7_hicDetectLoops/heat/heat_500000_loops.bedgraph, /home/lengliang/lzy/3d/hic-pro/4_hicexplorer/7_hicDetectLoops/heat/heat_300000_loops.bedgraph, /home/lengliang/lzy/3d/hic-pro/4_hicexplorer/7_hicDetectLoops/heat/heat_300000_loops.bedgraph, /home/lengliang/lzy/3d/hic-pro/4_hicexplorer/7_hicDetectLoops/heat/heat_5000_loops.bedgraph, /home/lengliang/lzy/3d/hic-pro/4_hicexplorer/7_hicDetectLoops/heat/heat_5000_loops.bedgraph, /home/lengliang/lzy/3d/hic-pro/4_hicexplorer/7_hicDetectLoops/heat/heat_250000_loops.bedgraph, /home/lengliang/lzy/3d/hic-pro/4_hicexplorer/7_hicDetectLoops/heat/heat_250000_loops.bedgraph, /home/lengliang/lzy/3d/hic-pro/4_hicexplorer/7_hicDetectLoops/heat/heat_50000_loops.bedgraph, /home/lengliang/lzy/3d/hic-pro/4_hicexplorer/7_hicDetectLoops/heat/heat_50000_loops.bedgraph, /home/lengliang/lzy/3d/hic-pro/4_hicexplorer/7_hicDetectLoops/control/control_100000_loops.bedgraph, /home/lengliang/lzy/3d/hic-pro/4_hicexplorer/7_hicDetectLoops/control/control_100000_loops.bedgraph, /home/lengliang/lzy/3d/hic-pro/4_hicexplorer/7_hicDetectLoops/control/control_40000_loops.bedgraph, /home/lengliang/lzy/3d/hic-pro/4_hicexplorer/7_hicDetectLoops/control/control_40000_loops.bedgraph, /home/lengliang/lzy/3d/hic-pro/4_hicexplorer/7_hicDetectLoops/control/control_10000_loops.bedgraph, /home/lengliang/lzy/3d/hic-pro/4_hicexplorer/7_hicDetectLoops/control/control_10000_loops.bedgraph, /home/lengliang/lzy/3d/hic-pro/4_hicexplorer/7_hicDetectLoops/control/control_25000_loops.bedgraph, /home/lengliang/lzy/3d/hic-pro/4_hicexplorer/7_hicDetectLoops/control/control_25000_loops.bedgraph, /home/lengliang/lzy/3d/hic-pro/4_hicexplorer/7_hicDetectLoops/control/control_500000_loops.bedgraph, /home/lengliang/lzy/3d/hic-pro/4_hicexplorer/7_hicDetectLoops/control/control_500000_loops.bedgraph, /home/lengliang/lzy/3d/hic-pro/4_hicexplorer/7_hicDetectLoops/control/control_300000_loops.bedgraph, /home/lengliang/lzy/3d/hic-pro/4_hicexplorer/7_hicDetectLoops/control/control_300000_loops.bedgraph, /home/lengliang/lzy/3d/hic-pro/4_hicexplorer/7_hicDetectLoops/control/control_5000_loops.bedgraph, /home/lengliang/lzy/3d/hic-pro/4_hicexplorer/7_hicDetectLoops/control/control_5000_loops.bedgraph, /home/lengliang/lzy/3d/hic-pro/4_hicexplorer/7_hicDetectLoops/control/control_250000_loops.bedgraph, /home/lengliang/lzy/3d/hic-pro/4_hicexplorer/7_hicDetectLoops/control/control_250000_loops.bedgraph, /home/lengliang/lzy/3d/hic-pro/4_hicexplorer/7_hicDetectLoops/control/control_50000_loops.bedgraph, /home/lengliang/lzy/3d/hic-pro/4_hicexplorer/7_hicDetectLoops/control/control_50000_loops.bedgraph, /home/lengliang/lzy/3d/hic-pro/4_hicexplorer/7_hicDetectLoops/heat/heat_100000_loops.bedgraph, /home/lengliang/lzy/3d/hic-pro/4_hicexplorer/7_hicDetectLoops/heat/heat_100000_loops.bedgraph, /home/lengliang/lzy/3d/hic-pro/4_hicexplorer/7_hicDetectLoops/heat/heat_40000_loops.bedgraph, /home/lengliang/lzy/3d/hic-pro/4_hicexplorer/7_hicDetectLoops/heat/heat_40000_loops.bedgraph, /home/lengliang/lzy/3d/hic-pro/4_hicexplorer/7_hicDetectLoops/heat/heat_10000_loops.bedgraph, /home/lengliang/lzy/3d/hic-pro/4_hicexplorer/7_hicDetectLoops/heat/heat_10000_loops.bedgraph, /home/lengliang/lzy/3d/hic-pro/4_hicexplorer/7_hicDetectLoops/heat/heat_25000_loops.bedgraph, /home/lengliang/lzy/3d/hic-pro/4_hicexplorer/7_hicDetectLoops/heat/heat_25000_loops.bedgraph, /home/lengliang/lzy/3d/hic-pro/4_hicexplorer/7_hicDetectLoops/heat/heat_500000_loops.bedgraph, /home/lengliang/lzy/3d/hic-pro/4_hicexplorer/7_hicDetectLoops/heat/heat_500000_loops.bedgraph, /home/lengliang/lzy/3d/hic-pro/4_hicexplorer/7_hicDetectLoops/heat/heat_300000_loops.bedgraph, /home/lengliang/lzy/3d/hic-pro/4_hicexplorer/7_hicDetectLoops/heat/heat_300000_loops.bedgraph, /home/lengliang/lzy/3d/hic-pro/4_hicexplorer/7_hicDetectLoops/heat/heat_5000_loops.bedgraph, /home/lengliang/lzy/3d/hic-pro/4_hicexplorer/7_hicDetectLoops/heat/heat_5000_loops.bedgraph, /home/lengliang/lzy/3d/hic-pro/4_hicexplorer/7_hicDetectLoops/heat/heat_250000_loops.bedgraph, /home/lengliang/lzy/3d/hic-pro/4_hicexplorer/7_hicDetectLoops/heat/heat_250000_loops.bedgraph, /home/lengliang/lzy/3d/hic-pro/4_hicexplorer/7_hicDetectLoops/heat/heat_50000_loops.bedgraph, /home/lengliang/lzy/3d/hic-pro/4_hicexplorer/7_hicDetectLoops/heat/heat_50000_loops.bedgraph, /home/lengliang/lzy/3d/hic-pro/4_hicexplorer/7_hicDetectLoops/control/control_100000_loops.bedgraph, /home/lengliang/lzy/3d/hic-pro/4_hicexplorer/7_hicDetectLoops/control/control_100000_loops.bedgraph, /home/lengliang/lzy/3d/hic-pro/4_hicexplorer/7_hicDetectLoops/control/control_40000_loops.bedgraph, /home/lengliang/lzy/3d/hic-pro/4_hicexplorer/7_hicDetectLoops/control/control_40000_loops.bedgraph, /home/lengliang/lzy/3d/hic-pro/4_hicexplorer/7_hicDetectLoops/control/control_10000_loops.bedgraph, /home/lengliang/lzy/3d/hic-pro/4_hicexplorer/7_hicDetectLoops/control/control_10000_loops.bedgraph, /home/lengliang/lzy/3d/hic-pro/4_hicexplorer/7_hicDetectLoops/control/control_25000_loops.bedgraph, /home/lengliang/lzy/3d/hic-pro/4_hicexplorer/7_hicDetectLoops/control/control_25000_loops.bedgraph, /home/lengliang/lzy/3d/hic-pro/4_hicexplorer/7_hicDetectLoops/control/control_500000_loops.bedgraph, /home/lengliang/lzy/3d/hic-pro/4_hicexplorer/7_hicDetectLoops/control/control_500000_loops.bedgraph, /home/lengliang/lzy/3d/hic-pro/4_hicexplorer/7_hicDetectLoops/control/control_300000_loops.bedgraph, /home/lengliang/lzy/3d/hic-pro/4_hicexplorer/7_hicDetectLoops/control/control_300000_loops.bedgraph, /home/lengliang/lzy/3d/hic-pro/4_hicexplorer/7_hicDetectLoops/control/control_5000_loops.bedgraph, /home/lengliang/lzy/3d/hic-pro/4_hicexplorer/7_hicDetectLoops/control/control_5000_loops.bedgraph, /home/lengliang/lzy/3d/hic-pro/4_hicexplorer/7_hicDetectLoops/control/control_250000_loops.bedgraph, /home/lengliang/lzy/3d/hic-pro/4_hicexplorer/7_hicDetectLoops/control/control_250000_loops.bedgraph, /home/lengliang/lzy/3d/hic-pro/4_hicexplorer/7_hicDetectLoops/control/control_50000_loops.bedgraph, /home/lengliang/lzy/3d/hic-pro/4_hicexplorer/7_hicDetectLoops/control/control_50000_loops.bedgraph, /home/lengliang/lzy/3d/hic-pro/4_hicexplorer/7_hicDetectLoops/heat/heat_100000_loops.bedgraph, /home/lengliang/lzy/3d/hic-pro/4_hicexplorer/7_hicDetectLoops/heat/heat_100000_loops.bedgraph, /home/lengliang/lzy/3d/hic-pro/4_hicexplorer/7_hicDetectLoops/heat/heat_40000_loops.bedgraph, /home/lengliang/lzy/3d/hic-pro/4_hicexplorer/7_hicDetectLoops/heat/heat_40000_loops.bedgraph, /home/lengliang/lzy/3d/hic-pro/4_hicexplorer/7_hicDetectLoops/heat/heat_10000_loops.bedgraph, /home/lengliang/lzy/3d/hic-pro/4_hicexplorer/7_hicDetectLoops/heat/heat_10000_loops.bedgraph, /home/lengliang/lzy/3d/hic-pro/4_hicexplorer/7_hicDetectLoops/heat/heat_25000_loops.bedgraph, /home/lengliang/lzy/3d/hic-pro/4_hicexplorer/7_hicDetectLoops/heat/heat_25000_loops.bedgraph, /home/lengliang/lzy/3d/hic-pro/4_hicexplorer/7_hicDetectLoops/heat/heat_500000_loops.bedgraph, /home/lengliang/lzy/3d/hic-pro/4_hicexplorer/7_hicDetectLoops/heat/heat_500000_loops.bedgraph, /home/lengliang/lzy/3d/hic-pro/4_hicexplorer/7_hicDetectLoops/heat/heat_300000_loops.bedgraph, /home/lengliang/lzy/3d/hic-pro/4_hicexplorer/7_hicDetectLoops/heat/heat_300000_loops.bedgraph, /home/lengliang/lzy/3d/hic-pro/4_hicexplorer/7_hicDetectLoops/heat/heat_5000_loops.bedgraph, /home/lengliang/lzy/3d/hic-pro/4_hicexplorer/7_hicDetectLoops/heat/heat_5000_loops.bedgraph, /home/lengliang/lzy/3d/hic-pro/4_hicexplorer/7_hicDetectLoops/heat/heat_250000_loops.bedgraph, /home/lengliang/lzy/3d/hic-pro/4_hicexplorer/7_hicDetectLoops/heat/heat_250000_loops.bedgraph, /home/lengliang/lzy/3d/hic-pro/4_hicexplorer/7_hicDetectLoops/heat/heat_50000_loops.bedgraph, /home/lengliang/lzy/3d/hic-pro/4_hicexplorer/7_hicDetectLoops/heat/heat_50000_loops.bedgraph, /home/lengliang/lzy/3d/hic-pro/4_hicexplorer/7_hicDetectLoops/heat/heat_100000_loops.bedgraph, /home/lengliang/lzy/3d/hic-pro/4_hicexplorer/7_hicDetectLoops/heat/heat_100000_loops.bedgraph, /home/lengliang/lzy/3d/hic-pro/4_hicexplorer/7_hicDetectLoops/heat/heat_40000_loops.bedgraph, /home/lengliang/lzy/3d/hic-pro/4_hicexplorer/7_hicDetectLoops/heat/heat_40000_loops.bedgraph, /home/lengliang/lzy/3d/hic-pro/4_hicexplorer/7_hicDetectLoops/heat/heat_10000_loops.bedgraph, /home/lengliang/lzy/3d/hic-pro/4_hicexplorer/7_hicDetectLoops/heat/heat_10000_loops.bedgraph, /home/lengliang/lzy/3d/hic-pro/4_hicexplorer/7_hicDetectLoops/heat/heat_25000_loops.bedgraph, /home/lengliang/lzy/3d/hic-pro/4_hicexplorer/7_hicDetectLoops/heat/heat_25000_loops.bedgraph, /home/lengliang/lzy/3d/hic-pro/4_hicexplorer/7_hicDetectLoops/heat/heat_500000_loops.bedgraph, /home/lengliang/lzy/3d/hic-pro/4_hicexplorer/7_hicDetectLoops/heat/heat_500000_loops.bedgraph, /home/lengliang/lzy/3d/hic-pro/4_hicexplorer/7_hicDetectLoops/heat/heat_300000_loops.bedgraph, /home/lengliang/lzy/3d/hic-pro/4_hicexplorer/7_hicDetectLoops/heat/heat_300000_loops.bedgraph, /home/lengliang/lzy/3d/hic-pro/4_hicexplorer/7_hicDetectLoops/heat/heat_5000_loops.bedgraph, /home/lengliang/lzy/3d/hic-pro/4_hicexplorer/7_hicDetectLoops/heat/heat_5000_loops.bedgraph, /home/lengliang/lzy/3d/hic-pro/4_hicexplorer/7_hicDetectLoops/heat/heat_250000_loops.bedgraph, /home/lengliang/lzy/3d/hic-pro/4_hicexplorer/7_hicDetectLoops/heat/heat_250000_loops.bedgraph, /home/lengliang/lzy/3d/hic-pro/4_hicexplorer/7_hicDetectLoops/heat/heat_50000_loops.bedgraph, /home/lengliang/lzy/3d/hic-pro/4_hicexplorer/7_hicDetectLoops/heat/heat_50000_loops.bedgraph, /home/lengliang/lzy/3d/hic-pro/4_hicexplorer/7_hicDetectLoops/control/control_100000_loops.bedgraph, /home/lengliang/lzy/3d/hic-pro/4_hicexplorer/7_hicDetectLoops/control/control_100000_loops.bedgraph, /home/lengliang/lzy/3d/hic-pro/4_hicexplorer/7_hicDetectLoops/control/control_40000_loops.bedgraph, /home/lengliang/lzy/3d/hic-pro/4_hicexplorer/7_hicDetectLoops/control/control_40000_loops.bedgraph, /home/lengliang/lzy/3d/hic-pro/4_hicexplorer/7_hicDetectLoops/control/control_10000_loops.bedgraph, /home/lengliang/lzy/3d/hic-pro/4_hicexplorer/7_hicDetectLoops/control/control_10000_loops.bedgraph, /home/lengliang/lzy/3d/hic-pro/4_hicexplorer/7_hicDetectLoops/control/control_25000_loops.bedgraph, /home/lengliang/lzy/3d/hic-pro/4_hicexplorer/7_hicDetectLoops/control/control_25000_loops.bedgraph, /home/lengliang/lzy/3d/hic-pro/4_hicexplorer/7_hicDetectLoops/control/control_500000_loops.bedgraph, /home/lengliang/lzy/3d/hic-pro/4_hicexplorer/7_hicDetectLoops/control/control_500000_loops.bedgraph, /home/lengliang/lzy/3d/hic-pro/4_hicexplorer/7_hicDetectLoops/control/control_300000_loops.bedgraph, /home/lengliang/lzy/3d/hic-pro/4_hicexplorer/7_hicDetectLoops/control/control_300000_loops.bedgraph, /home/lengliang/lzy/3d/hic-pro/4_hicexplorer/7_hicDetectLoops/control/control_5000_loops.bedgraph, /home/lengliang/lzy/3d/hic-pro/4_hicexplorer/7_hicDetectLoops/control/control_5000_loops.bedgraph, /home/lengliang/lzy/3d/hic-pro/4_hicexplorer/7_hicDetectLoops/control/control_250000_loops.bedgraph, /home/lengliang/lzy/3d/hic-pro/4_hicexplorer/7_hicDetectLoops/control/control_250000_loops.bedgraph, /home/lengliang/lzy/3d/hic-pro/4_hicexplorer/7_hicDetectLoops/control/control_50000_loops.bedgraph, /home/lengliang/lzy/3d/hic-pro/4_hicexplorer/7_hicDetectLoops/control/control_50000_loops.bedgraph
    jobid: 0
    reason: Input files updated by another job: /home/lengliang/lzy/3d/hic-pro/4_hicexplorer/7_hicDetectLoops/heat/heat_10000_loops.bedgraph, /home/lengliang/lzy/3d/hic-pro/4_hicexplorer/7_hicDetectLoops/control/control_40000_loops.bedgraph, /home/lengliang/lzy/3d/hic-pro/4_hicexplorer/7_hicDetectLoops/control/control_10000_loops.bedgraph, /home/lengliang/lzy/3d/hic-pro/4_hicexplorer/7_hicDetectLoops/control/control_300000_loops.bedgraph, /home/lengliang/lzy/3d/hic-pro/4_hicexplorer/7_hicDetectLoops/control/control_5000_loops.bedgraph, /home/lengliang/lzy/3d/hic-pro/4_hicexplorer/7_hicDetectLoops/heat/heat_300000_loops.bedgraph, /home/lengliang/lzy/3d/hic-pro/4_hicexplorer/7_hicDetectLoops/control/control_25000_loops.bedgraph, /home/lengliang/lzy/3d/hic-pro/4_hicexplorer/7_hicDetectLoops/heat/heat_40000_loops.bedgraph, /home/lengliang/lzy/3d/hic-pro/4_hicexplorer/7_hicDetectLoops/heat/heat_5000_loops.bedgraph, /home/lengliang/lzy/3d/hic-pro/4_hicexplorer/7_hicDetectLoops/heat/heat_25000_loops.bedgraph
    resources: mem_mb=1000, disk_mb=1000, tmpdir=/tmp

[Tue Nov 29 17:45:33 2022]
Finished job 0.
11 of 11 steps (100%) done
Complete log: .snakemake/log/2022-11-29T161402.759599.snakemake.log
