Building DAG of jobs...
MissingInputException in rule all in line 4 of /home/lengliang/lzy/sj_3d/script/4_hicexplorer/5_TAD.smk:
Missing input files for rule all:
    affected files:
        /home/lengliang/lzy/sj_3d/results/4_hicexplorer/5_hicFindTADs/5000/scep_5000_corrected.bed
        /home/lengliang/lzy/sj_3d/results/4_hicexplorer/5_hicFindTADs/10000/scep_10000_corrected.bed
        /home/lengliang/lzy/sj_3d/results/4_hicexplorer/5_hicFindTADs/10000/sjap_10000_corrected.bed
        /home/lengliang/lzy/sj_3d/results/4_hicexplorer/5_hicFindTADs/500000/scep_500000_corrected.bed
        /home/lengliang/lzy/sj_3d/results/4_hicexplorer/5_hicFindTADs/50000/scep_50000_corrected.bed
        /home/lengliang/lzy/sj_3d/results/4_hicexplorer/5_hicFindTADs/25000/scep_25000_corrected.bed
        /home/lengliang/lzy/sj_3d/results/4_hicexplorer/5_hicFindTADs/100000/sjap_100000_corrected.bed
        /home/lengliang/lzy/sj_3d/results/4_hicexplorer/5_hicFindTADs/5000/syun_5000_corrected.bed
        /home/lengliang/lzy/sj_3d/results/4_hicexplorer/5_hicFindTADs/250000/scep_250000_corrected.bed
        /home/lengliang/lzy/sj_3d/results/4_hicexplorer/5_hicFindTADs/250000/syun_250000_corrected.bed
        /home/lengliang/lzy/sj_3d/results/4_hicexplorer/5_hicFindTADs/100000/scep_100000_corrected.bed
        /home/lengliang/lzy/sj_3d/results/4_hicexplorer/5_hicFindTADs/250000/sjap_250000_corrected.bed
        /home/lengliang/lzy/sj_3d/results/4_hicexplorer/5_hicFindTADs/40000/sjap_40000_corrected.bed
        /home/lengliang/lzy/sj_3d/results/4_hicexplorer/5_hicFindTADs/5000/sjap_5000_corrected.bed
        /home/lengliang/lzy/sj_3d/results/4_hicexplorer/5_hicFindTADs/500000/sjap_500000_corrected.bed
        /home/lengliang/lzy/sj_3d/results/4_hicexplorer/5_hicFindTADs/25000/sjap_25000_corrected.bed
        /home/lengliang/lzy/sj_3d/results/4_hicexplorer/5_hicFindTADs/50000/sjap_50000_corrected.bed
        /home/lengliang/lzy/sj_3d/results/4_hicexplorer/5_hicFindTADs/300000/syun_300000_corrected.bed
        /home/lengliang/lzy/sj_3d/results/4_hicexplorer/5_hicFindTADs/500000/syun_500000_corrected.bed
        /home/lengliang/lzy/sj_3d/results/4_hicexplorer/5_hicFindTADs/10000/syun_10000_corrected.bed
        /home/lengliang/lzy/sj_3d/results/4_hicexplorer/5_hicFindTADs/300000/sjap_300000_corrected.bed
        /home/lengliang/lzy/sj_3d/results/4_hicexplorer/5_hicFindTADs/300000/scep_300000_corrected.bed
        /home/lengliang/lzy/sj_3d/results/4_hicexplorer/5_hicFindTADs/40000/syun_40000_corrected.bed
        /home/lengliang/lzy/sj_3d/results/4_hicexplorer/5_hicFindTADs/40000/scep_40000_corrected.bed
        /home/lengliang/lzy/sj_3d/results/4_hicexplorer/5_hicFindTADs/25000/syun_25000_corrected.bed
        /home/lengliang/lzy/sj_3d/results/4_hicexplorer/5_hicFindTADs/100000/syun_100000_corrected.bed
        /home/lengliang/lzy/sj_3d/results/4_hicexplorer/5_hicFindTADs/50000/syun_50000_corrected.bed
