Building DAG of jobs...
Using shell: /usr/bin/bash
Provided cluster nodes: 10
Job stats:
job                             count    min threads    max threads
----------------------------  -------  -------------  -------------
all                                 1              1              1
hicFindTADs_default                10             24             24
hicFindTADs_try_default_step      195             24             24
hicFindTADs_try_with_step         600             24             24
total                             806              1             24

Select jobs to execute...

[Thu Jan 19 22:11:41 2023]
rule hicFindTADs_try_with_step:
    input: /home/lengliang/lzy/sj_3d/results/4_hicexplorer/3_hicCorrectMatrix/40000/scep_40000_corrected.h5
    output: /home/lengliang/lzy/sj_3d/results/4_hicexplorer/5_hicFindTADs/40000/scep_40000_P_0.1_MinD_5_MaxD_10_Delta_0.005_Step_1_boundaries.bed
    jobid: 605
    reason: Missing output files: /home/lengliang/lzy/sj_3d/results/4_hicexplorer/5_hicFindTADs/40000/scep_40000_P_0.1_MinD_5_MaxD_10_Delta_0.005_Step_1_boundaries.bed
    wildcards: resolution=40000, sample=scep, pval=0.1, mindepth=5, maxdepth=10, delta=0.005, step=1
    threads: 24
    resources: mem_mb=1000, disk_mb=4191800, tmpdir=/home/lengliang/lzy/tmp/3d/


~/lzy/mambaforge/bin/hicFindTADs --correctForMultipleTesting fdr  -m  /home/lengliang/lzy/sj_3d/results/4_hicexplorer/3_hicCorrectMatrix/40000/scep_40000_corrected.h5  --thresholdComparisons 0.1  --outPrefix /home/lengliang/lzy/sj_3d/results/4_hicexplorer/5_hicFindTADs/40000/scep_40000_P_0.1_MinD_5_MaxD_10_Delta_0.005_Step_1  --numberOfProcessors 24  --minDepth $((5*40000))  --maxDepth $((10*40000))  --step $((1*40000))  --delta 0.005 

Submitted job 605 with external jobid '10298.mu01'.

[Thu Jan 19 22:11:43 2023]
rule hicFindTADs_try_with_step:
    input: /home/lengliang/lzy/sj_3d/results/4_hicexplorer/3_hicCorrectMatrix/40000/sjap_40000_corrected.h5
    output: /home/lengliang/lzy/sj_3d/results/4_hicexplorer/5_hicFindTADs/40000/sjap_40000_P_0.005_MinD_5_MaxD_6_Delta_0.001_Step_2_boundaries.bed
    jobid: 229
    reason: Missing output files: /home/lengliang/lzy/sj_3d/results/4_hicexplorer/5_hicFindTADs/40000/sjap_40000_P_0.005_MinD_5_MaxD_6_Delta_0.001_Step_2_boundaries.bed
    wildcards: resolution=40000, sample=sjap, pval=0.005, mindepth=5, maxdepth=6, delta=0.001, step=2
    threads: 24
    resources: mem_mb=1000, disk_mb=4191800, tmpdir=/home/lengliang/lzy/tmp/3d/


~/lzy/mambaforge/bin/hicFindTADs --correctForMultipleTesting fdr  -m  /home/lengliang/lzy/sj_3d/results/4_hicexplorer/3_hicCorrectMatrix/40000/sjap_40000_corrected.h5  --thresholdComparisons 0.005  --outPrefix /home/lengliang/lzy/sj_3d/results/4_hicexplorer/5_hicFindTADs/40000/sjap_40000_P_0.005_MinD_5_MaxD_6_Delta_0.001_Step_2  --numberOfProcessors 24  --minDepth $((5*40000))  --maxDepth $((6*40000))  --step $((2*40000))  --delta 0.001 

Submitted job 229 with external jobid '10299.mu01'.

[Thu Jan 19 22:11:43 2023]
rule hicFindTADs_try_default_step:
    input: /home/lengliang/lzy/sj_3d/results/4_hicexplorer/3_hicCorrectMatrix/40000/scep_40000_corrected.h5
    output: /home/lengliang/lzy/sj_3d/results/4_hicexplorer/5_hicFindTADs/40000/d_scep_40000_P_0.1_MinD_5_MaxD_6_Delta_0.01_boundaries.bed
    jobid: 801
    reason: Missing output files: /home/lengliang/lzy/sj_3d/results/4_hicexplorer/5_hicFindTADs/40000/d_scep_40000_P_0.1_MinD_5_MaxD_6_Delta_0.01_boundaries.bed
    wildcards: resolution=40000, sample=scep, pval=0.1, mindepth=5, maxdepth=6, delta=0.01
    threads: 24
    resources: mem_mb=1000, disk_mb=4191800, tmpdir=/home/lengliang/lzy/tmp/3d/


~/lzy/mambaforge/bin/hicFindTADs --correctForMultipleTesting fdr  -m  /home/lengliang/lzy/sj_3d/results/4_hicexplorer/3_hicCorrectMatrix/40000/scep_40000_corrected.h5  --thresholdComparisons 0.1  --outPrefix /home/lengliang/lzy/sj_3d/results/4_hicexplorer/5_hicFindTADs/40000/d_scep_40000_P_0.1_MinD_5_MaxD_6_Delta_0.01  --numberOfProcessors 24  --minDepth $((5*40000))  --maxDepth $((6*40000))  --delta 0.01 

Submitted job 801 with external jobid '10300.mu01'.

[Thu Jan 19 22:11:43 2023]
rule hicFindTADs_try_with_step:
    input: /home/lengliang/lzy/sj_3d/results/4_hicexplorer/3_hicCorrectMatrix/40000/sjap_40000_corrected.h5
    output: /home/lengliang/lzy/sj_3d/results/4_hicexplorer/5_hicFindTADs/40000/sjap_40000_P_0.1_MinD_3_MaxD_6_Delta_0.001_Step_1_boundaries.bed
    jobid: 257
    reason: Missing output files: /home/lengliang/lzy/sj_3d/results/4_hicexplorer/5_hicFindTADs/40000/sjap_40000_P_0.1_MinD_3_MaxD_6_Delta_0.001_Step_1_boundaries.bed
    wildcards: resolution=40000, sample=sjap, pval=0.1, mindepth=3, maxdepth=6, delta=0.001, step=1
    threads: 24
    resources: mem_mb=1000, disk_mb=4191800, tmpdir=/home/lengliang/lzy/tmp/3d/


~/lzy/mambaforge/bin/hicFindTADs --correctForMultipleTesting fdr  -m  /home/lengliang/lzy/sj_3d/results/4_hicexplorer/3_hicCorrectMatrix/40000/sjap_40000_corrected.h5  --thresholdComparisons 0.1  --outPrefix /home/lengliang/lzy/sj_3d/results/4_hicexplorer/5_hicFindTADs/40000/sjap_40000_P_0.1_MinD_3_MaxD_6_Delta_0.001_Step_1  --numberOfProcessors 24  --minDepth $((3*40000))  --maxDepth $((6*40000))  --step $((1*40000))  --delta 0.001 

Submitted job 257 with external jobid '10301.mu01'.

[Thu Jan 19 22:11:43 2023]
rule hicFindTADs_try_with_step:
    input: /home/lengliang/lzy/sj_3d/results/4_hicexplorer/3_hicCorrectMatrix/40000/sjap_40000_corrected.h5
    output: /home/lengliang/lzy/sj_3d/results/4_hicexplorer/5_hicFindTADs/40000/sjap_40000_P_0.05_MinD_3_MaxD_10_Delta_0.05_Step_1_boundaries.bed
    jobid: 89
    reason: Missing output files: /home/lengliang/lzy/sj_3d/results/4_hicexplorer/5_hicFindTADs/40000/sjap_40000_P_0.05_MinD_3_MaxD_10_Delta_0.05_Step_1_boundaries.bed
    wildcards: resolution=40000, sample=sjap, pval=0.05, mindepth=3, maxdepth=10, delta=0.05, step=1
    threads: 24
    resources: mem_mb=1000, disk_mb=4191800, tmpdir=/home/lengliang/lzy/tmp/3d/


~/lzy/mambaforge/bin/hicFindTADs --correctForMultipleTesting fdr  -m  /home/lengliang/lzy/sj_3d/results/4_hicexplorer/3_hicCorrectMatrix/40000/sjap_40000_corrected.h5  --thresholdComparisons 0.05  --outPrefix /home/lengliang/lzy/sj_3d/results/4_hicexplorer/5_hicFindTADs/40000/sjap_40000_P_0.05_MinD_3_MaxD_10_Delta_0.05_Step_1  --numberOfProcessors 24  --minDepth $((3*40000))  --maxDepth $((10*40000))  --step $((1*40000))  --delta 0.05 

Submitted job 89 with external jobid '10302.mu01'.

[Thu Jan 19 22:11:43 2023]
rule hicFindTADs_try_with_step:
    input: /home/lengliang/lzy/sj_3d/results/4_hicexplorer/3_hicCorrectMatrix/40000/sjap_40000_corrected.h5
    output: /home/lengliang/lzy/sj_3d/results/4_hicexplorer/5_hicFindTADs/40000/sjap_40000_P_0.05_MinD_5_MaxD_10_Delta_0.01_Step_1.5_boundaries.bed
    jobid: 117
    reason: Missing output files: /home/lengliang/lzy/sj_3d/results/4_hicexplorer/5_hicFindTADs/40000/sjap_40000_P_0.05_MinD_5_MaxD_10_Delta_0.01_Step_1.5_boundaries.bed
    wildcards: resolution=40000, sample=sjap, pval=0.05, mindepth=5, maxdepth=10, delta=0.01, step=1.5
    threads: 24
    resources: mem_mb=1000, disk_mb=4191800, tmpdir=/home/lengliang/lzy/tmp/3d/


~/lzy/mambaforge/bin/hicFindTADs --correctForMultipleTesting fdr  -m  /home/lengliang/lzy/sj_3d/results/4_hicexplorer/3_hicCorrectMatrix/40000/sjap_40000_corrected.h5  --thresholdComparisons 0.05  --outPrefix /home/lengliang/lzy/sj_3d/results/4_hicexplorer/5_hicFindTADs/40000/sjap_40000_P_0.05_MinD_5_MaxD_10_Delta_0.01_Step_1.5  --numberOfProcessors 24  --minDepth $((5*40000))  --maxDepth $((10*40000))  --step $((1.5*40000))  --delta 0.01 

Submitted job 117 with external jobid '10303.mu01'.

[Thu Jan 19 22:11:44 2023]
rule hicFindTADs_try_with_step:
    input: /home/lengliang/lzy/sj_3d/results/4_hicexplorer/3_hicCorrectMatrix/40000/sjap_40000_corrected.h5
    output: /home/lengliang/lzy/sj_3d/results/4_hicexplorer/5_hicFindTADs/40000/sjap_40000_P_0.001_MinD_5_MaxD_6_Delta_0.1_Step_1_boundaries.bed
    jobid: 173
    reason: Missing output files: /home/lengliang/lzy/sj_3d/results/4_hicexplorer/5_hicFindTADs/40000/sjap_40000_P_0.001_MinD_5_MaxD_6_Delta_0.1_Step_1_boundaries.bed
    wildcards: resolution=40000, sample=sjap, pval=0.001, mindepth=5, maxdepth=6, delta=0.1, step=1
    threads: 24
    resources: mem_mb=1000, disk_mb=4191800, tmpdir=/home/lengliang/lzy/tmp/3d/


~/lzy/mambaforge/bin/hicFindTADs --correctForMultipleTesting fdr  -m  /home/lengliang/lzy/sj_3d/results/4_hicexplorer/3_hicCorrectMatrix/40000/sjap_40000_corrected.h5  --thresholdComparisons 0.001  --outPrefix /home/lengliang/lzy/sj_3d/results/4_hicexplorer/5_hicFindTADs/40000/sjap_40000_P_0.001_MinD_5_MaxD_6_Delta_0.1_Step_1  --numberOfProcessors 24  --minDepth $((5*40000))  --maxDepth $((6*40000))  --step $((1*40000))  --delta 0.1 

Submitted job 173 with external jobid '10304.mu01'.

[Thu Jan 19 22:11:44 2023]
rule hicFindTADs_try_with_step:
    input: /home/lengliang/lzy/sj_3d/results/4_hicexplorer/3_hicCorrectMatrix/40000/scep_40000_corrected.h5
    output: /home/lengliang/lzy/sj_3d/results/4_hicexplorer/5_hicFindTADs/40000/scep_40000_P_0.01_MinD_5_MaxD_6_Delta_0.1_Step_2_boundaries.bed
    jobid: 355
    reason: Missing output files: /home/lengliang/lzy/sj_3d/results/4_hicexplorer/5_hicFindTADs/40000/scep_40000_P_0.01_MinD_5_MaxD_6_Delta_0.1_Step_2_boundaries.bed
    wildcards: resolution=40000, sample=scep, pval=0.01, mindepth=5, maxdepth=6, delta=0.1, step=2
    threads: 24
    resources: mem_mb=1000, disk_mb=4191800, tmpdir=/home/lengliang/lzy/tmp/3d/


~/lzy/mambaforge/bin/hicFindTADs --correctForMultipleTesting fdr  -m  /home/lengliang/lzy/sj_3d/results/4_hicexplorer/3_hicCorrectMatrix/40000/scep_40000_corrected.h5  --thresholdComparisons 0.01  --outPrefix /home/lengliang/lzy/sj_3d/results/4_hicexplorer/5_hicFindTADs/40000/scep_40000_P_0.01_MinD_5_MaxD_6_Delta_0.1_Step_2  --numberOfProcessors 24  --minDepth $((5*40000))  --maxDepth $((6*40000))  --step $((2*40000))  --delta 0.1 

Submitted job 355 with external jobid '10305.mu01'.

[Thu Jan 19 22:11:44 2023]
rule hicFindTADs_try_default_step:
    input: /home/lengliang/lzy/sj_3d/results/4_hicexplorer/3_hicCorrectMatrix/40000/scep_40000_corrected.h5
    output: /home/lengliang/lzy/sj_3d/results/4_hicexplorer/5_hicFindTADs/40000/d_scep_40000_P_0.1_MinD_5_MaxD_6_Delta_0.05_boundaries.bed
    jobid: 802
    reason: Missing output files: /home/lengliang/lzy/sj_3d/results/4_hicexplorer/5_hicFindTADs/40000/d_scep_40000_P_0.1_MinD_5_MaxD_6_Delta_0.05_boundaries.bed
    wildcards: resolution=40000, sample=scep, pval=0.1, mindepth=5, maxdepth=6, delta=0.05
    threads: 24
    resources: mem_mb=1000, disk_mb=4191800, tmpdir=/home/lengliang/lzy/tmp/3d/


~/lzy/mambaforge/bin/hicFindTADs --correctForMultipleTesting fdr  -m  /home/lengliang/lzy/sj_3d/results/4_hicexplorer/3_hicCorrectMatrix/40000/scep_40000_corrected.h5  --thresholdComparisons 0.1  --outPrefix /home/lengliang/lzy/sj_3d/results/4_hicexplorer/5_hicFindTADs/40000/d_scep_40000_P_0.1_MinD_5_MaxD_6_Delta_0.05  --numberOfProcessors 24  --minDepth $((5*40000))  --maxDepth $((6*40000))  --delta 0.05 

Submitted job 802 with external jobid '10306.mu01'.

[Thu Jan 19 22:11:44 2023]
rule hicFindTADs_try_default_step:
    input: /home/lengliang/lzy/sj_3d/results/4_hicexplorer/3_hicCorrectMatrix/40000/scep_40000_corrected.h5
    output: /home/lengliang/lzy/sj_3d/results/4_hicexplorer/5_hicFindTADs/40000/d_scep_40000_P_0.001_MinD_3_MaxD_10_Delta_0.1_boundaries.bed
    jobid: 760
    reason: Missing output files: /home/lengliang/lzy/sj_3d/results/4_hicexplorer/5_hicFindTADs/40000/d_scep_40000_P_0.001_MinD_3_MaxD_10_Delta_0.1_boundaries.bed
    wildcards: resolution=40000, sample=scep, pval=0.001, mindepth=3, maxdepth=10, delta=0.1
    threads: 24
    resources: mem_mb=1000, disk_mb=4191800, tmpdir=/home/lengliang/lzy/tmp/3d/


~/lzy/mambaforge/bin/hicFindTADs --correctForMultipleTesting fdr  -m  /home/lengliang/lzy/sj_3d/results/4_hicexplorer/3_hicCorrectMatrix/40000/scep_40000_corrected.h5  --thresholdComparisons 0.001  --outPrefix /home/lengliang/lzy/sj_3d/results/4_hicexplorer/5_hicFindTADs/40000/d_scep_40000_P_0.001_MinD_3_MaxD_10_Delta_0.1  --numberOfProcessors 24  --minDepth $((3*40000))  --maxDepth $((10*40000))  --delta 0.1 

Submitted job 760 with external jobid '10307.mu01'.
[Thu Jan 19 22:12:01 2023]
Error in rule hicFindTADs_try_with_step:
    jobid: 117
    output: /home/lengliang/lzy/sj_3d/results/4_hicexplorer/5_hicFindTADs/40000/sjap_40000_P_0.05_MinD_5_MaxD_10_Delta_0.01_Step_1.5_boundaries.bed
    shell:
        
~/lzy/mambaforge/bin/hicFindTADs --correctForMultipleTesting fdr  -m  /home/lengliang/lzy/sj_3d/results/4_hicexplorer/3_hicCorrectMatrix/40000/sjap_40000_corrected.h5  --thresholdComparisons 0.05  --outPrefix /home/lengliang/lzy/sj_3d/results/4_hicexplorer/5_hicFindTADs/40000/sjap_40000_P_0.05_MinD_5_MaxD_10_Delta_0.01_Step_1.5  --numberOfProcessors 24  --minDepth $((5*40000))  --maxDepth $((10*40000))  --step $((1.5*40000))  --delta 0.01 

        (one of the commands exited with non-zero exit code; note that snakemake uses bash strict mode!)
    cluster_jobid: 10303.mu01

Error executing rule hicFindTADs_try_with_step on cluster (jobid: 117, external: 10303.mu01, jobscript: /home/lengliang/lzy/sj_3d/script/4_hicexplorer/.snakemake/tmp.qi9ognxf/snakejob.hicFindTADs_try_with_step.117.sh). For error details see the cluster log and the log files of the involved rule(s).
[Thu Jan 19 22:12:12 2023]
Finished job 605.
1 of 806 steps (0.1%) done
[Thu Jan 19 22:12:12 2023]
Finished job 229.
2 of 806 steps (0.2%) done
[Thu Jan 19 22:12:12 2023]
Finished job 801.
3 of 806 steps (0.4%) done
[Thu Jan 19 22:12:12 2023]
Finished job 257.
4 of 806 steps (0.5%) done
[Thu Jan 19 22:12:12 2023]
Finished job 89.
5 of 806 steps (1%) done
[Thu Jan 19 22:12:12 2023]
Finished job 173.
6 of 806 steps (1%) done
[Thu Jan 19 22:12:12 2023]
Finished job 355.
7 of 806 steps (1%) done
[Thu Jan 19 22:12:12 2023]
Finished job 802.
8 of 806 steps (1%) done
[Thu Jan 19 22:12:12 2023]
Finished job 760.
9 of 806 steps (1%) done
Shutting down, this might take some time.
Exiting because a job execution failed. Look above for error message
Complete log: .snakemake/log/2023-01-19T221139.557589.snakemake.log
