Building DAG of jobs...
Using shell: /usr/bin/bash
Provided cluster nodes: 20
Job stats:
job               count    min threads    max threads
--------------  -------  -------------  -------------
all                   1              1              1
hicDetectLoops       27             24             24
total                28              1             24

Select jobs to execute...

[Wed Jan 18 17:02:21 2023]
rule hicDetectLoops:
    input: /home/lengliang/lzy/sj_3d/results/4_hicexplorer/3_hicCorrectMatrix/100000/sjap_100000_corrected.h5
    output: /home/lengliang/lzy/sj_3d/results/4_hicexplorer/7_hicDetectLoops/sjap/sjap_100000_loops.bedgraph
    log: /home/lengliang/lzy/sj_3d/results/4_hicexplorer/7_hicDetectLoops/log/sjap_100000_loop.log
    jobid: 1
    reason: Code has changed since last execution
    wildcards: sample=sjap, resolution=100000
    threads: 24
    resources: mem_mb=1000, disk_mb=4191800, tmpdir=/home/lengliang/lzy/tmp/3d/


function f(){   
    local pvalue=(0.05 0.1 0.5 1)
    local dis=(8000000 20000000)
    local pp=(0.1 0.5 1 1)
    local num=${#pvalue[@]}
    for((i=0;i<num;i++)){
        for d in ${dis[*]}
        do
            # echo "${pvalue[i]}and${d}and ${pp[i]}"
            ~/lzy/mambaforge/bin/hicDetectLoops -m /home/lengliang/lzy/sj_3d/results/4_hicexplorer/3_hicCorrectMatrix/100000/sjap_100000_corrected.h5 -o /home/lengliang/lzy/sj_3d/results/4_hicexplorer/7_hicDetectLoops/sjap/sjap_100000_loops.bedgraph.p${pvalue[i]}.d${d} --maxLoopDistance ${d} --peakInteractionsThreshold 5 --threads 24 --peakWidth 2 --windowSize 5 --pValuePreselection  ${pp[i]} --pValue ${pvalue[i]} 2>>/home/lengliang/lzy/sj_3d/results/4_hicexplorer/7_hicDetectLoops/log/sjap_100000_loop.log
            echo "/lzy/mambaforge/bin/hicDetectLoops -m /home/lengliang/lzy/sj_3d/results/4_hicexplorer/3_hicCorrectMatrix/100000/sjap_100000_corrected.h5 -o /home/lengliang/lzy/sj_3d/results/4_hicexplorer/7_hicDetectLoops/sjap/sjap_100000_loops.bedgraph.p${pvalue[i]}.d${d} --maxLoopDistance ${d} --peakInteractionsThreshold 5 --threads 24 --peakWidth 2 --windowSize 5 --pValuePreselection  ${pp[i]} --pValue ${pvalue[i]}">>/home/lengliang/lzy/tmp/hic_pro_hicexplorer_loop.tmp
            echo "~/lzy/mambaforge/bin/hicPlotMatrix -m /home/lengliang/lzy/sj_3d/results/4_hicexplorer/3_hicCorrectMatrix/100000/sjap_100000_corrected.h5 -o /home/lengliang/lzy/sj_3d/results/4_hicexplorer/7_hicDetectLoops/sjap/sjap_100000_loops.bedgraph.p${pvalue[i]}.d${d}.pdf --vMax 4 --dpi 330  --loops /home/lengliang/lzy/sj_3d/results/4_hicexplorer/7_hicDetectLoops/sjap/sjap_100000_loops.bedgraph.p${pvalue[i]}.d${d}">>/home/lengliang/lzy/tmp/hic_pro_hicexplorer_loop.tmp

                # -f 参数判断 $file 是否存在
            if [ -f "/home/lengliang/lzy/sj_3d/results/4_hicexplorer/7_hicDetectLoops/sjap/sjap_100000_loops.bedgraph.p${pvalue[i]}.d${d}" ]; then
                ~/lzy/mambaforge/bin/hicPlotMatrix -m /home/lengliang/lzy/sj_3d/results/4_hicexplorer/3_hicCorrectMatrix/100000/sjap_100000_corrected.h5 -o /home/lengliang/lzy/sj_3d/results/4_hicexplorer/7_hicDetectLoops/sjap/sjap_100000_loops.bedgraph.p${pvalue[i]}.d${d}.pdf --vMax 4 --dpi 330  --loops /home/lengliang/lzy/sj_3d/results/4_hicexplorer/7_hicDetectLoops/sjap/sjap_100000_loops.bedgraph.p${pvalue[i]}.d${d}  2>>/home/lengliang/lzy/sj_3d/results/4_hicexplorer/7_hicDetectLoops/log/sjap_100000_loop.log
            fi

        done
    }
} 
f
echo ''>/home/lengliang/lzy/sj_3d/results/4_hicexplorer/7_hicDetectLoops/sjap/sjap_100000_loops.bedgraph

Submitted job 1 with external jobid '10155.mu01'.

[Wed Jan 18 17:02:24 2023]
rule hicDetectLoops:
    input: /home/lengliang/lzy/sj_3d/results/4_hicexplorer/3_hicCorrectMatrix/50000/sjap_50000_corrected.h5
    output: /home/lengliang/lzy/sj_3d/results/4_hicexplorer/7_hicDetectLoops/sjap/sjap_50000_loops.bedgraph
    log: /home/lengliang/lzy/sj_3d/results/4_hicexplorer/7_hicDetectLoops/log/sjap_50000_loop.log
    jobid: 9
    reason: Code has changed since last execution
    wildcards: sample=sjap, resolution=50000
    threads: 24
    resources: mem_mb=1000, disk_mb=4191800, tmpdir=/home/lengliang/lzy/tmp/3d/


function f(){   
    local pvalue=(0.05 0.1 0.5 1)
    local dis=(8000000 20000000)
    local pp=(0.1 0.5 1 1)
    local num=${#pvalue[@]}
    for((i=0;i<num;i++)){
        for d in ${dis[*]}
        do
            # echo "${pvalue[i]}and${d}and ${pp[i]}"
            ~/lzy/mambaforge/bin/hicDetectLoops -m /home/lengliang/lzy/sj_3d/results/4_hicexplorer/3_hicCorrectMatrix/50000/sjap_50000_corrected.h5 -o /home/lengliang/lzy/sj_3d/results/4_hicexplorer/7_hicDetectLoops/sjap/sjap_50000_loops.bedgraph.p${pvalue[i]}.d${d} --maxLoopDistance ${d} --peakInteractionsThreshold 5 --threads 24 --peakWidth 2 --windowSize 5 --pValuePreselection  ${pp[i]} --pValue ${pvalue[i]} 2>>/home/lengliang/lzy/sj_3d/results/4_hicexplorer/7_hicDetectLoops/log/sjap_50000_loop.log
            echo "/lzy/mambaforge/bin/hicDetectLoops -m /home/lengliang/lzy/sj_3d/results/4_hicexplorer/3_hicCorrectMatrix/50000/sjap_50000_corrected.h5 -o /home/lengliang/lzy/sj_3d/results/4_hicexplorer/7_hicDetectLoops/sjap/sjap_50000_loops.bedgraph.p${pvalue[i]}.d${d} --maxLoopDistance ${d} --peakInteractionsThreshold 5 --threads 24 --peakWidth 2 --windowSize 5 --pValuePreselection  ${pp[i]} --pValue ${pvalue[i]}">>/home/lengliang/lzy/tmp/hic_pro_hicexplorer_loop.tmp
            echo "~/lzy/mambaforge/bin/hicPlotMatrix -m /home/lengliang/lzy/sj_3d/results/4_hicexplorer/3_hicCorrectMatrix/50000/sjap_50000_corrected.h5 -o /home/lengliang/lzy/sj_3d/results/4_hicexplorer/7_hicDetectLoops/sjap/sjap_50000_loops.bedgraph.p${pvalue[i]}.d${d}.pdf --vMax 4 --dpi 330  --loops /home/lengliang/lzy/sj_3d/results/4_hicexplorer/7_hicDetectLoops/sjap/sjap_50000_loops.bedgraph.p${pvalue[i]}.d${d}">>/home/lengliang/lzy/tmp/hic_pro_hicexplorer_loop.tmp

                # -f 参数判断 $file 是否存在
            if [ -f "/home/lengliang/lzy/sj_3d/results/4_hicexplorer/7_hicDetectLoops/sjap/sjap_50000_loops.bedgraph.p${pvalue[i]}.d${d}" ]; then
                ~/lzy/mambaforge/bin/hicPlotMatrix -m /home/lengliang/lzy/sj_3d/results/4_hicexplorer/3_hicCorrectMatrix/50000/sjap_50000_corrected.h5 -o /home/lengliang/lzy/sj_3d/results/4_hicexplorer/7_hicDetectLoops/sjap/sjap_50000_loops.bedgraph.p${pvalue[i]}.d${d}.pdf --vMax 4 --dpi 330  --loops /home/lengliang/lzy/sj_3d/results/4_hicexplorer/7_hicDetectLoops/sjap/sjap_50000_loops.bedgraph.p${pvalue[i]}.d${d}  2>>/home/lengliang/lzy/sj_3d/results/4_hicexplorer/7_hicDetectLoops/log/sjap_50000_loop.log
            fi

        done
    }
} 
f
echo ''>/home/lengliang/lzy/sj_3d/results/4_hicexplorer/7_hicDetectLoops/sjap/sjap_50000_loops.bedgraph

Submitted job 9 with external jobid '10156.mu01'.

[Wed Jan 18 17:02:24 2023]
rule hicDetectLoops:
    input: /home/lengliang/lzy/sj_3d/results/4_hicexplorer/3_hicCorrectMatrix/500000/syun_500000_corrected.h5
    output: /home/lengliang/lzy/sj_3d/results/4_hicexplorer/7_hicDetectLoops/syun/syun_500000_loops.bedgraph
    log: /home/lengliang/lzy/sj_3d/results/4_hicexplorer/7_hicDetectLoops/log/syun_500000_loop.log
    jobid: 23
    reason: Code has changed since last execution
    wildcards: sample=syun, resolution=500000
    threads: 24
    resources: mem_mb=1000, disk_mb=4191800, tmpdir=/home/lengliang/lzy/tmp/3d/


function f(){   
    local pvalue=(0.05 0.1 0.5 1)
    local dis=(8000000 20000000)
    local pp=(0.1 0.5 1 1)
    local num=${#pvalue[@]}
    for((i=0;i<num;i++)){
        for d in ${dis[*]}
        do
            # echo "${pvalue[i]}and${d}and ${pp[i]}"
            ~/lzy/mambaforge/bin/hicDetectLoops -m /home/lengliang/lzy/sj_3d/results/4_hicexplorer/3_hicCorrectMatrix/500000/syun_500000_corrected.h5 -o /home/lengliang/lzy/sj_3d/results/4_hicexplorer/7_hicDetectLoops/syun/syun_500000_loops.bedgraph.p${pvalue[i]}.d${d} --maxLoopDistance ${d} --peakInteractionsThreshold 5 --threads 24 --peakWidth 2 --windowSize 5 --pValuePreselection  ${pp[i]} --pValue ${pvalue[i]} 2>>/home/lengliang/lzy/sj_3d/results/4_hicexplorer/7_hicDetectLoops/log/syun_500000_loop.log
            echo "/lzy/mambaforge/bin/hicDetectLoops -m /home/lengliang/lzy/sj_3d/results/4_hicexplorer/3_hicCorrectMatrix/500000/syun_500000_corrected.h5 -o /home/lengliang/lzy/sj_3d/results/4_hicexplorer/7_hicDetectLoops/syun/syun_500000_loops.bedgraph.p${pvalue[i]}.d${d} --maxLoopDistance ${d} --peakInteractionsThreshold 5 --threads 24 --peakWidth 2 --windowSize 5 --pValuePreselection  ${pp[i]} --pValue ${pvalue[i]}">>/home/lengliang/lzy/tmp/hic_pro_hicexplorer_loop.tmp
            echo "~/lzy/mambaforge/bin/hicPlotMatrix -m /home/lengliang/lzy/sj_3d/results/4_hicexplorer/3_hicCorrectMatrix/500000/syun_500000_corrected.h5 -o /home/lengliang/lzy/sj_3d/results/4_hicexplorer/7_hicDetectLoops/syun/syun_500000_loops.bedgraph.p${pvalue[i]}.d${d}.pdf --vMax 4 --dpi 330  --loops /home/lengliang/lzy/sj_3d/results/4_hicexplorer/7_hicDetectLoops/syun/syun_500000_loops.bedgraph.p${pvalue[i]}.d${d}">>/home/lengliang/lzy/tmp/hic_pro_hicexplorer_loop.tmp

                # -f 参数判断 $file 是否存在
            if [ -f "/home/lengliang/lzy/sj_3d/results/4_hicexplorer/7_hicDetectLoops/syun/syun_500000_loops.bedgraph.p${pvalue[i]}.d${d}" ]; then
                ~/lzy/mambaforge/bin/hicPlotMatrix -m /home/lengliang/lzy/sj_3d/results/4_hicexplorer/3_hicCorrectMatrix/500000/syun_500000_corrected.h5 -o /home/lengliang/lzy/sj_3d/results/4_hicexplorer/7_hicDetectLoops/syun/syun_500000_loops.bedgraph.p${pvalue[i]}.d${d}.pdf --vMax 4 --dpi 330  --loops /home/lengliang/lzy/sj_3d/results/4_hicexplorer/7_hicDetectLoops/syun/syun_500000_loops.bedgraph.p${pvalue[i]}.d${d}  2>>/home/lengliang/lzy/sj_3d/results/4_hicexplorer/7_hicDetectLoops/log/syun_500000_loop.log
            fi

        done
    }
} 
f
echo ''>/home/lengliang/lzy/sj_3d/results/4_hicexplorer/7_hicDetectLoops/syun/syun_500000_loops.bedgraph

Submitted job 23 with external jobid '10157.mu01'.

[Wed Jan 18 17:02:24 2023]
rule hicDetectLoops:
    input: /home/lengliang/lzy/sj_3d/results/4_hicexplorer/3_hicCorrectMatrix/40000/sjap_40000_corrected.h5
    output: /home/lengliang/lzy/sj_3d/results/4_hicexplorer/7_hicDetectLoops/sjap/sjap_40000_loops.bedgraph
    log: /home/lengliang/lzy/sj_3d/results/4_hicexplorer/7_hicDetectLoops/log/sjap_40000_loop.log
    jobid: 2
    reason: Code has changed since last execution
    wildcards: sample=sjap, resolution=40000
    threads: 24
    resources: mem_mb=1000, disk_mb=4191800, tmpdir=/home/lengliang/lzy/tmp/3d/


function f(){   
    local pvalue=(0.05 0.1 0.5 1)
    local dis=(8000000 20000000)
    local pp=(0.1 0.5 1 1)
    local num=${#pvalue[@]}
    for((i=0;i<num;i++)){
        for d in ${dis[*]}
        do
            # echo "${pvalue[i]}and${d}and ${pp[i]}"
            ~/lzy/mambaforge/bin/hicDetectLoops -m /home/lengliang/lzy/sj_3d/results/4_hicexplorer/3_hicCorrectMatrix/40000/sjap_40000_corrected.h5 -o /home/lengliang/lzy/sj_3d/results/4_hicexplorer/7_hicDetectLoops/sjap/sjap_40000_loops.bedgraph.p${pvalue[i]}.d${d} --maxLoopDistance ${d} --peakInteractionsThreshold 5 --threads 24 --peakWidth 2 --windowSize 5 --pValuePreselection  ${pp[i]} --pValue ${pvalue[i]} 2>>/home/lengliang/lzy/sj_3d/results/4_hicexplorer/7_hicDetectLoops/log/sjap_40000_loop.log
            echo "/lzy/mambaforge/bin/hicDetectLoops -m /home/lengliang/lzy/sj_3d/results/4_hicexplorer/3_hicCorrectMatrix/40000/sjap_40000_corrected.h5 -o /home/lengliang/lzy/sj_3d/results/4_hicexplorer/7_hicDetectLoops/sjap/sjap_40000_loops.bedgraph.p${pvalue[i]}.d${d} --maxLoopDistance ${d} --peakInteractionsThreshold 5 --threads 24 --peakWidth 2 --windowSize 5 --pValuePreselection  ${pp[i]} --pValue ${pvalue[i]}">>/home/lengliang/lzy/tmp/hic_pro_hicexplorer_loop.tmp
            echo "~/lzy/mambaforge/bin/hicPlotMatrix -m /home/lengliang/lzy/sj_3d/results/4_hicexplorer/3_hicCorrectMatrix/40000/sjap_40000_corrected.h5 -o /home/lengliang/lzy/sj_3d/results/4_hicexplorer/7_hicDetectLoops/sjap/sjap_40000_loops.bedgraph.p${pvalue[i]}.d${d}.pdf --vMax 4 --dpi 330  --loops /home/lengliang/lzy/sj_3d/results/4_hicexplorer/7_hicDetectLoops/sjap/sjap_40000_loops.bedgraph.p${pvalue[i]}.d${d}">>/home/lengliang/lzy/tmp/hic_pro_hicexplorer_loop.tmp

                # -f 参数判断 $file 是否存在
            if [ -f "/home/lengliang/lzy/sj_3d/results/4_hicexplorer/7_hicDetectLoops/sjap/sjap_40000_loops.bedgraph.p${pvalue[i]}.d${d}" ]; then
                ~/lzy/mambaforge/bin/hicPlotMatrix -m /home/lengliang/lzy/sj_3d/results/4_hicexplorer/3_hicCorrectMatrix/40000/sjap_40000_corrected.h5 -o /home/lengliang/lzy/sj_3d/results/4_hicexplorer/7_hicDetectLoops/sjap/sjap_40000_loops.bedgraph.p${pvalue[i]}.d${d}.pdf --vMax 4 --dpi 330  --loops /home/lengliang/lzy/sj_3d/results/4_hicexplorer/7_hicDetectLoops/sjap/sjap_40000_loops.bedgraph.p${pvalue[i]}.d${d}  2>>/home/lengliang/lzy/sj_3d/results/4_hicexplorer/7_hicDetectLoops/log/sjap_40000_loop.log
            fi

        done
    }
} 
f
echo ''>/home/lengliang/lzy/sj_3d/results/4_hicexplorer/7_hicDetectLoops/sjap/sjap_40000_loops.bedgraph

Submitted job 2 with external jobid '10158.mu01'.

[Wed Jan 18 17:02:24 2023]
rule hicDetectLoops:
    input: /home/lengliang/lzy/sj_3d/results/4_hicexplorer/3_hicCorrectMatrix/5000/scep_5000_corrected.h5
    output: /home/lengliang/lzy/sj_3d/results/4_hicexplorer/7_hicDetectLoops/scep/scep_5000_loops.bedgraph
    log: /home/lengliang/lzy/sj_3d/results/4_hicexplorer/7_hicDetectLoops/log/scep_5000_loop.log
    jobid: 16
    reason: Missing output files: /home/lengliang/lzy/sj_3d/results/4_hicexplorer/7_hicDetectLoops/scep/scep_5000_loops.bedgraph
    wildcards: sample=scep, resolution=5000
    threads: 24
    resources: mem_mb=1106, disk_mb=4191800, tmpdir=/home/lengliang/lzy/tmp/3d/


function f(){   
    local pvalue=(0.05 0.1 0.5 1)
    local dis=(8000000 20000000)
    local pp=(0.1 0.5 1 1)
    local num=${#pvalue[@]}
    for((i=0;i<num;i++)){
        for d in ${dis[*]}
        do
            # echo "${pvalue[i]}and${d}and ${pp[i]}"
            ~/lzy/mambaforge/bin/hicDetectLoops -m /home/lengliang/lzy/sj_3d/results/4_hicexplorer/3_hicCorrectMatrix/5000/scep_5000_corrected.h5 -o /home/lengliang/lzy/sj_3d/results/4_hicexplorer/7_hicDetectLoops/scep/scep_5000_loops.bedgraph.p${pvalue[i]}.d${d} --maxLoopDistance ${d} --peakInteractionsThreshold 5 --threads 24 --peakWidth 2 --windowSize 5 --pValuePreselection  ${pp[i]} --pValue ${pvalue[i]} 2>>/home/lengliang/lzy/sj_3d/results/4_hicexplorer/7_hicDetectLoops/log/scep_5000_loop.log
            echo "/lzy/mambaforge/bin/hicDetectLoops -m /home/lengliang/lzy/sj_3d/results/4_hicexplorer/3_hicCorrectMatrix/5000/scep_5000_corrected.h5 -o /home/lengliang/lzy/sj_3d/results/4_hicexplorer/7_hicDetectLoops/scep/scep_5000_loops.bedgraph.p${pvalue[i]}.d${d} --maxLoopDistance ${d} --peakInteractionsThreshold 5 --threads 24 --peakWidth 2 --windowSize 5 --pValuePreselection  ${pp[i]} --pValue ${pvalue[i]}">>/home/lengliang/lzy/tmp/hic_pro_hicexplorer_loop.tmp
            echo "~/lzy/mambaforge/bin/hicPlotMatrix -m /home/lengliang/lzy/sj_3d/results/4_hicexplorer/3_hicCorrectMatrix/5000/scep_5000_corrected.h5 -o /home/lengliang/lzy/sj_3d/results/4_hicexplorer/7_hicDetectLoops/scep/scep_5000_loops.bedgraph.p${pvalue[i]}.d${d}.pdf --vMax 4 --dpi 330  --loops /home/lengliang/lzy/sj_3d/results/4_hicexplorer/7_hicDetectLoops/scep/scep_5000_loops.bedgraph.p${pvalue[i]}.d${d}">>/home/lengliang/lzy/tmp/hic_pro_hicexplorer_loop.tmp

                # -f 参数判断 $file 是否存在
            if [ -f "/home/lengliang/lzy/sj_3d/results/4_hicexplorer/7_hicDetectLoops/scep/scep_5000_loops.bedgraph.p${pvalue[i]}.d${d}" ]; then
                ~/lzy/mambaforge/bin/hicPlotMatrix -m /home/lengliang/lzy/sj_3d/results/4_hicexplorer/3_hicCorrectMatrix/5000/scep_5000_corrected.h5 -o /home/lengliang/lzy/sj_3d/results/4_hicexplorer/7_hicDetectLoops/scep/scep_5000_loops.bedgraph.p${pvalue[i]}.d${d}.pdf --vMax 4 --dpi 330  --loops /home/lengliang/lzy/sj_3d/results/4_hicexplorer/7_hicDetectLoops/scep/scep_5000_loops.bedgraph.p${pvalue[i]}.d${d}  2>>/home/lengliang/lzy/sj_3d/results/4_hicexplorer/7_hicDetectLoops/log/scep_5000_loop.log
            fi

        done
    }
} 
f
echo ''>/home/lengliang/lzy/sj_3d/results/4_hicexplorer/7_hicDetectLoops/scep/scep_5000_loops.bedgraph

Submitted job 16 with external jobid '10159.mu01'.

[Wed Jan 18 17:02:25 2023]
rule hicDetectLoops:
    input: /home/lengliang/lzy/sj_3d/results/4_hicexplorer/3_hicCorrectMatrix/100000/scep_100000_corrected.h5
    output: /home/lengliang/lzy/sj_3d/results/4_hicexplorer/7_hicDetectLoops/scep/scep_100000_loops.bedgraph
    log: /home/lengliang/lzy/sj_3d/results/4_hicexplorer/7_hicDetectLoops/log/scep_100000_loop.log
    jobid: 10
    reason: Code has changed since last execution
    wildcards: sample=scep, resolution=100000
    threads: 24
    resources: mem_mb=1000, disk_mb=4191800, tmpdir=/home/lengliang/lzy/tmp/3d/


function f(){   
    local pvalue=(0.05 0.1 0.5 1)
    local dis=(8000000 20000000)
    local pp=(0.1 0.5 1 1)
    local num=${#pvalue[@]}
    for((i=0;i<num;i++)){
        for d in ${dis[*]}
        do
            # echo "${pvalue[i]}and${d}and ${pp[i]}"
            ~/lzy/mambaforge/bin/hicDetectLoops -m /home/lengliang/lzy/sj_3d/results/4_hicexplorer/3_hicCorrectMatrix/100000/scep_100000_corrected.h5 -o /home/lengliang/lzy/sj_3d/results/4_hicexplorer/7_hicDetectLoops/scep/scep_100000_loops.bedgraph.p${pvalue[i]}.d${d} --maxLoopDistance ${d} --peakInteractionsThreshold 5 --threads 24 --peakWidth 2 --windowSize 5 --pValuePreselection  ${pp[i]} --pValue ${pvalue[i]} 2>>/home/lengliang/lzy/sj_3d/results/4_hicexplorer/7_hicDetectLoops/log/scep_100000_loop.log
            echo "/lzy/mambaforge/bin/hicDetectLoops -m /home/lengliang/lzy/sj_3d/results/4_hicexplorer/3_hicCorrectMatrix/100000/scep_100000_corrected.h5 -o /home/lengliang/lzy/sj_3d/results/4_hicexplorer/7_hicDetectLoops/scep/scep_100000_loops.bedgraph.p${pvalue[i]}.d${d} --maxLoopDistance ${d} --peakInteractionsThreshold 5 --threads 24 --peakWidth 2 --windowSize 5 --pValuePreselection  ${pp[i]} --pValue ${pvalue[i]}">>/home/lengliang/lzy/tmp/hic_pro_hicexplorer_loop.tmp
            echo "~/lzy/mambaforge/bin/hicPlotMatrix -m /home/lengliang/lzy/sj_3d/results/4_hicexplorer/3_hicCorrectMatrix/100000/scep_100000_corrected.h5 -o /home/lengliang/lzy/sj_3d/results/4_hicexplorer/7_hicDetectLoops/scep/scep_100000_loops.bedgraph.p${pvalue[i]}.d${d}.pdf --vMax 4 --dpi 330  --loops /home/lengliang/lzy/sj_3d/results/4_hicexplorer/7_hicDetectLoops/scep/scep_100000_loops.bedgraph.p${pvalue[i]}.d${d}">>/home/lengliang/lzy/tmp/hic_pro_hicexplorer_loop.tmp

                # -f 参数判断 $file 是否存在
            if [ -f "/home/lengliang/lzy/sj_3d/results/4_hicexplorer/7_hicDetectLoops/scep/scep_100000_loops.bedgraph.p${pvalue[i]}.d${d}" ]; then
                ~/lzy/mambaforge/bin/hicPlotMatrix -m /home/lengliang/lzy/sj_3d/results/4_hicexplorer/3_hicCorrectMatrix/100000/scep_100000_corrected.h5 -o /home/lengliang/lzy/sj_3d/results/4_hicexplorer/7_hicDetectLoops/scep/scep_100000_loops.bedgraph.p${pvalue[i]}.d${d}.pdf --vMax 4 --dpi 330  --loops /home/lengliang/lzy/sj_3d/results/4_hicexplorer/7_hicDetectLoops/scep/scep_100000_loops.bedgraph.p${pvalue[i]}.d${d}  2>>/home/lengliang/lzy/sj_3d/results/4_hicexplorer/7_hicDetectLoops/log/scep_100000_loop.log
            fi

        done
    }
} 
f
echo ''>/home/lengliang/lzy/sj_3d/results/4_hicexplorer/7_hicDetectLoops/scep/scep_100000_loops.bedgraph

Submitted job 10 with external jobid '10160.mu01'.

[Wed Jan 18 17:02:25 2023]
rule hicDetectLoops:
    input: /home/lengliang/lzy/sj_3d/results/4_hicexplorer/3_hicCorrectMatrix/300000/syun_300000_corrected.h5
    output: /home/lengliang/lzy/sj_3d/results/4_hicexplorer/7_hicDetectLoops/syun/syun_300000_loops.bedgraph
    log: /home/lengliang/lzy/sj_3d/results/4_hicexplorer/7_hicDetectLoops/log/syun_300000_loop.log
    jobid: 24
    reason: Code has changed since last execution
    wildcards: sample=syun, resolution=300000
    threads: 24
    resources: mem_mb=1000, disk_mb=4191800, tmpdir=/home/lengliang/lzy/tmp/3d/


function f(){   
    local pvalue=(0.05 0.1 0.5 1)
    local dis=(8000000 20000000)
    local pp=(0.1 0.5 1 1)
    local num=${#pvalue[@]}
    for((i=0;i<num;i++)){
        for d in ${dis[*]}
        do
            # echo "${pvalue[i]}and${d}and ${pp[i]}"
            ~/lzy/mambaforge/bin/hicDetectLoops -m /home/lengliang/lzy/sj_3d/results/4_hicexplorer/3_hicCorrectMatrix/300000/syun_300000_corrected.h5 -o /home/lengliang/lzy/sj_3d/results/4_hicexplorer/7_hicDetectLoops/syun/syun_300000_loops.bedgraph.p${pvalue[i]}.d${d} --maxLoopDistance ${d} --peakInteractionsThreshold 5 --threads 24 --peakWidth 2 --windowSize 5 --pValuePreselection  ${pp[i]} --pValue ${pvalue[i]} 2>>/home/lengliang/lzy/sj_3d/results/4_hicexplorer/7_hicDetectLoops/log/syun_300000_loop.log
            echo "/lzy/mambaforge/bin/hicDetectLoops -m /home/lengliang/lzy/sj_3d/results/4_hicexplorer/3_hicCorrectMatrix/300000/syun_300000_corrected.h5 -o /home/lengliang/lzy/sj_3d/results/4_hicexplorer/7_hicDetectLoops/syun/syun_300000_loops.bedgraph.p${pvalue[i]}.d${d} --maxLoopDistance ${d} --peakInteractionsThreshold 5 --threads 24 --peakWidth 2 --windowSize 5 --pValuePreselection  ${pp[i]} --pValue ${pvalue[i]}">>/home/lengliang/lzy/tmp/hic_pro_hicexplorer_loop.tmp
            echo "~/lzy/mambaforge/bin/hicPlotMatrix -m /home/lengliang/lzy/sj_3d/results/4_hicexplorer/3_hicCorrectMatrix/300000/syun_300000_corrected.h5 -o /home/lengliang/lzy/sj_3d/results/4_hicexplorer/7_hicDetectLoops/syun/syun_300000_loops.bedgraph.p${pvalue[i]}.d${d}.pdf --vMax 4 --dpi 330  --loops /home/lengliang/lzy/sj_3d/results/4_hicexplorer/7_hicDetectLoops/syun/syun_300000_loops.bedgraph.p${pvalue[i]}.d${d}">>/home/lengliang/lzy/tmp/hic_pro_hicexplorer_loop.tmp

                # -f 参数判断 $file 是否存在
            if [ -f "/home/lengliang/lzy/sj_3d/results/4_hicexplorer/7_hicDetectLoops/syun/syun_300000_loops.bedgraph.p${pvalue[i]}.d${d}" ]; then
                ~/lzy/mambaforge/bin/hicPlotMatrix -m /home/lengliang/lzy/sj_3d/results/4_hicexplorer/3_hicCorrectMatrix/300000/syun_300000_corrected.h5 -o /home/lengliang/lzy/sj_3d/results/4_hicexplorer/7_hicDetectLoops/syun/syun_300000_loops.bedgraph.p${pvalue[i]}.d${d}.pdf --vMax 4 --dpi 330  --loops /home/lengliang/lzy/sj_3d/results/4_hicexplorer/7_hicDetectLoops/syun/syun_300000_loops.bedgraph.p${pvalue[i]}.d${d}  2>>/home/lengliang/lzy/sj_3d/results/4_hicexplorer/7_hicDetectLoops/log/syun_300000_loop.log
            fi

        done
    }
} 
f
echo ''>/home/lengliang/lzy/sj_3d/results/4_hicexplorer/7_hicDetectLoops/syun/syun_300000_loops.bedgraph

Submitted job 24 with external jobid '10161.mu01'.

[Wed Jan 18 17:02:25 2023]
rule hicDetectLoops:
    input: /home/lengliang/lzy/sj_3d/results/4_hicexplorer/3_hicCorrectMatrix/250000/scep_250000_corrected.h5
    output: /home/lengliang/lzy/sj_3d/results/4_hicexplorer/7_hicDetectLoops/scep/scep_250000_loops.bedgraph
    log: /home/lengliang/lzy/sj_3d/results/4_hicexplorer/7_hicDetectLoops/log/scep_250000_loop.log
    jobid: 17
    reason: Code has changed since last execution
    wildcards: sample=scep, resolution=250000
    threads: 24
    resources: mem_mb=1000, disk_mb=4191800, tmpdir=/home/lengliang/lzy/tmp/3d/


function f(){   
    local pvalue=(0.05 0.1 0.5 1)
    local dis=(8000000 20000000)
    local pp=(0.1 0.5 1 1)
    local num=${#pvalue[@]}
    for((i=0;i<num;i++)){
        for d in ${dis[*]}
        do
            # echo "${pvalue[i]}and${d}and ${pp[i]}"
            ~/lzy/mambaforge/bin/hicDetectLoops -m /home/lengliang/lzy/sj_3d/results/4_hicexplorer/3_hicCorrectMatrix/250000/scep_250000_corrected.h5 -o /home/lengliang/lzy/sj_3d/results/4_hicexplorer/7_hicDetectLoops/scep/scep_250000_loops.bedgraph.p${pvalue[i]}.d${d} --maxLoopDistance ${d} --peakInteractionsThreshold 5 --threads 24 --peakWidth 2 --windowSize 5 --pValuePreselection  ${pp[i]} --pValue ${pvalue[i]} 2>>/home/lengliang/lzy/sj_3d/results/4_hicexplorer/7_hicDetectLoops/log/scep_250000_loop.log
            echo "/lzy/mambaforge/bin/hicDetectLoops -m /home/lengliang/lzy/sj_3d/results/4_hicexplorer/3_hicCorrectMatrix/250000/scep_250000_corrected.h5 -o /home/lengliang/lzy/sj_3d/results/4_hicexplorer/7_hicDetectLoops/scep/scep_250000_loops.bedgraph.p${pvalue[i]}.d${d} --maxLoopDistance ${d} --peakInteractionsThreshold 5 --threads 24 --peakWidth 2 --windowSize 5 --pValuePreselection  ${pp[i]} --pValue ${pvalue[i]}">>/home/lengliang/lzy/tmp/hic_pro_hicexplorer_loop.tmp
            echo "~/lzy/mambaforge/bin/hicPlotMatrix -m /home/lengliang/lzy/sj_3d/results/4_hicexplorer/3_hicCorrectMatrix/250000/scep_250000_corrected.h5 -o /home/lengliang/lzy/sj_3d/results/4_hicexplorer/7_hicDetectLoops/scep/scep_250000_loops.bedgraph.p${pvalue[i]}.d${d}.pdf --vMax 4 --dpi 330  --loops /home/lengliang/lzy/sj_3d/results/4_hicexplorer/7_hicDetectLoops/scep/scep_250000_loops.bedgraph.p${pvalue[i]}.d${d}">>/home/lengliang/lzy/tmp/hic_pro_hicexplorer_loop.tmp

                # -f 参数判断 $file 是否存在
            if [ -f "/home/lengliang/lzy/sj_3d/results/4_hicexplorer/7_hicDetectLoops/scep/scep_250000_loops.bedgraph.p${pvalue[i]}.d${d}" ]; then
                ~/lzy/mambaforge/bin/hicPlotMatrix -m /home/lengliang/lzy/sj_3d/results/4_hicexplorer/3_hicCorrectMatrix/250000/scep_250000_corrected.h5 -o /home/lengliang/lzy/sj_3d/results/4_hicexplorer/7_hicDetectLoops/scep/scep_250000_loops.bedgraph.p${pvalue[i]}.d${d}.pdf --vMax 4 --dpi 330  --loops /home/lengliang/lzy/sj_3d/results/4_hicexplorer/7_hicDetectLoops/scep/scep_250000_loops.bedgraph.p${pvalue[i]}.d${d}  2>>/home/lengliang/lzy/sj_3d/results/4_hicexplorer/7_hicDetectLoops/log/scep_250000_loop.log
            fi

        done
    }
} 
f
echo ''>/home/lengliang/lzy/sj_3d/results/4_hicexplorer/7_hicDetectLoops/scep/scep_250000_loops.bedgraph

Submitted job 17 with external jobid '10162.mu01'.

[Wed Jan 18 17:02:25 2023]
rule hicDetectLoops:
    input: /home/lengliang/lzy/sj_3d/results/4_hicexplorer/3_hicCorrectMatrix/10000/scep_10000_corrected.h5
    output: /home/lengliang/lzy/sj_3d/results/4_hicexplorer/7_hicDetectLoops/scep/scep_10000_loops.bedgraph
    log: /home/lengliang/lzy/sj_3d/results/4_hicexplorer/7_hicDetectLoops/log/scep_10000_loop.log
    jobid: 12
    reason: Missing output files: /home/lengliang/lzy/sj_3d/results/4_hicexplorer/7_hicDetectLoops/scep/scep_10000_loops.bedgraph
    wildcards: sample=scep, resolution=10000
    threads: 24
    resources: mem_mb=1000, disk_mb=4191800, tmpdir=/home/lengliang/lzy/tmp/3d/


function f(){   
    local pvalue=(0.05 0.1 0.5 1)
    local dis=(8000000 20000000)
    local pp=(0.1 0.5 1 1)
    local num=${#pvalue[@]}
    for((i=0;i<num;i++)){
        for d in ${dis[*]}
        do
            # echo "${pvalue[i]}and${d}and ${pp[i]}"
            ~/lzy/mambaforge/bin/hicDetectLoops -m /home/lengliang/lzy/sj_3d/results/4_hicexplorer/3_hicCorrectMatrix/10000/scep_10000_corrected.h5 -o /home/lengliang/lzy/sj_3d/results/4_hicexplorer/7_hicDetectLoops/scep/scep_10000_loops.bedgraph.p${pvalue[i]}.d${d} --maxLoopDistance ${d} --peakInteractionsThreshold 5 --threads 24 --peakWidth 2 --windowSize 5 --pValuePreselection  ${pp[i]} --pValue ${pvalue[i]} 2>>/home/lengliang/lzy/sj_3d/results/4_hicexplorer/7_hicDetectLoops/log/scep_10000_loop.log
            echo "/lzy/mambaforge/bin/hicDetectLoops -m /home/lengliang/lzy/sj_3d/results/4_hicexplorer/3_hicCorrectMatrix/10000/scep_10000_corrected.h5 -o /home/lengliang/lzy/sj_3d/results/4_hicexplorer/7_hicDetectLoops/scep/scep_10000_loops.bedgraph.p${pvalue[i]}.d${d} --maxLoopDistance ${d} --peakInteractionsThreshold 5 --threads 24 --peakWidth 2 --windowSize 5 --pValuePreselection  ${pp[i]} --pValue ${pvalue[i]}">>/home/lengliang/lzy/tmp/hic_pro_hicexplorer_loop.tmp
            echo "~/lzy/mambaforge/bin/hicPlotMatrix -m /home/lengliang/lzy/sj_3d/results/4_hicexplorer/3_hicCorrectMatrix/10000/scep_10000_corrected.h5 -o /home/lengliang/lzy/sj_3d/results/4_hicexplorer/7_hicDetectLoops/scep/scep_10000_loops.bedgraph.p${pvalue[i]}.d${d}.pdf --vMax 4 --dpi 330  --loops /home/lengliang/lzy/sj_3d/results/4_hicexplorer/7_hicDetectLoops/scep/scep_10000_loops.bedgraph.p${pvalue[i]}.d${d}">>/home/lengliang/lzy/tmp/hic_pro_hicexplorer_loop.tmp

                # -f 参数判断 $file 是否存在
            if [ -f "/home/lengliang/lzy/sj_3d/results/4_hicexplorer/7_hicDetectLoops/scep/scep_10000_loops.bedgraph.p${pvalue[i]}.d${d}" ]; then
                ~/lzy/mambaforge/bin/hicPlotMatrix -m /home/lengliang/lzy/sj_3d/results/4_hicexplorer/3_hicCorrectMatrix/10000/scep_10000_corrected.h5 -o /home/lengliang/lzy/sj_3d/results/4_hicexplorer/7_hicDetectLoops/scep/scep_10000_loops.bedgraph.p${pvalue[i]}.d${d}.pdf --vMax 4 --dpi 330  --loops /home/lengliang/lzy/sj_3d/results/4_hicexplorer/7_hicDetectLoops/scep/scep_10000_loops.bedgraph.p${pvalue[i]}.d${d}  2>>/home/lengliang/lzy/sj_3d/results/4_hicexplorer/7_hicDetectLoops/log/scep_10000_loop.log
            fi

        done
    }
} 
f
echo ''>/home/lengliang/lzy/sj_3d/results/4_hicexplorer/7_hicDetectLoops/scep/scep_10000_loops.bedgraph

Submitted job 12 with external jobid '10163.mu01'.

[Wed Jan 18 17:02:25 2023]
rule hicDetectLoops:
    input: /home/lengliang/lzy/sj_3d/results/4_hicexplorer/3_hicCorrectMatrix/250000/sjap_250000_corrected.h5
    output: /home/lengliang/lzy/sj_3d/results/4_hicexplorer/7_hicDetectLoops/sjap/sjap_250000_loops.bedgraph
    log: /home/lengliang/lzy/sj_3d/results/4_hicexplorer/7_hicDetectLoops/log/sjap_250000_loop.log
    jobid: 8
    reason: Code has changed since last execution
    wildcards: sample=sjap, resolution=250000
    threads: 24
    resources: mem_mb=1000, disk_mb=4191800, tmpdir=/home/lengliang/lzy/tmp/3d/


function f(){   
    local pvalue=(0.05 0.1 0.5 1)
    local dis=(8000000 20000000)
    local pp=(0.1 0.5 1 1)
    local num=${#pvalue[@]}
    for((i=0;i<num;i++)){
        for d in ${dis[*]}
        do
            # echo "${pvalue[i]}and${d}and ${pp[i]}"
            ~/lzy/mambaforge/bin/hicDetectLoops -m /home/lengliang/lzy/sj_3d/results/4_hicexplorer/3_hicCorrectMatrix/250000/sjap_250000_corrected.h5 -o /home/lengliang/lzy/sj_3d/results/4_hicexplorer/7_hicDetectLoops/sjap/sjap_250000_loops.bedgraph.p${pvalue[i]}.d${d} --maxLoopDistance ${d} --peakInteractionsThreshold 5 --threads 24 --peakWidth 2 --windowSize 5 --pValuePreselection  ${pp[i]} --pValue ${pvalue[i]} 2>>/home/lengliang/lzy/sj_3d/results/4_hicexplorer/7_hicDetectLoops/log/sjap_250000_loop.log
            echo "/lzy/mambaforge/bin/hicDetectLoops -m /home/lengliang/lzy/sj_3d/results/4_hicexplorer/3_hicCorrectMatrix/250000/sjap_250000_corrected.h5 -o /home/lengliang/lzy/sj_3d/results/4_hicexplorer/7_hicDetectLoops/sjap/sjap_250000_loops.bedgraph.p${pvalue[i]}.d${d} --maxLoopDistance ${d} --peakInteractionsThreshold 5 --threads 24 --peakWidth 2 --windowSize 5 --pValuePreselection  ${pp[i]} --pValue ${pvalue[i]}">>/home/lengliang/lzy/tmp/hic_pro_hicexplorer_loop.tmp
            echo "~/lzy/mambaforge/bin/hicPlotMatrix -m /home/lengliang/lzy/sj_3d/results/4_hicexplorer/3_hicCorrectMatrix/250000/sjap_250000_corrected.h5 -o /home/lengliang/lzy/sj_3d/results/4_hicexplorer/7_hicDetectLoops/sjap/sjap_250000_loops.bedgraph.p${pvalue[i]}.d${d}.pdf --vMax 4 --dpi 330  --loops /home/lengliang/lzy/sj_3d/results/4_hicexplorer/7_hicDetectLoops/sjap/sjap_250000_loops.bedgraph.p${pvalue[i]}.d${d}">>/home/lengliang/lzy/tmp/hic_pro_hicexplorer_loop.tmp

                # -f 参数判断 $file 是否存在
            if [ -f "/home/lengliang/lzy/sj_3d/results/4_hicexplorer/7_hicDetectLoops/sjap/sjap_250000_loops.bedgraph.p${pvalue[i]}.d${d}" ]; then
                ~/lzy/mambaforge/bin/hicPlotMatrix -m /home/lengliang/lzy/sj_3d/results/4_hicexplorer/3_hicCorrectMatrix/250000/sjap_250000_corrected.h5 -o /home/lengliang/lzy/sj_3d/results/4_hicexplorer/7_hicDetectLoops/sjap/sjap_250000_loops.bedgraph.p${pvalue[i]}.d${d}.pdf --vMax 4 --dpi 330  --loops /home/lengliang/lzy/sj_3d/results/4_hicexplorer/7_hicDetectLoops/sjap/sjap_250000_loops.bedgraph.p${pvalue[i]}.d${d}  2>>/home/lengliang/lzy/sj_3d/results/4_hicexplorer/7_hicDetectLoops/log/sjap_250000_loop.log
            fi

        done
    }
} 
f
echo ''>/home/lengliang/lzy/sj_3d/results/4_hicexplorer/7_hicDetectLoops/sjap/sjap_250000_loops.bedgraph

Submitted job 8 with external jobid '10164.mu01'.

[Wed Jan 18 17:02:25 2023]
rule hicDetectLoops:
    input: /home/lengliang/lzy/sj_3d/results/4_hicexplorer/3_hicCorrectMatrix/500000/sjap_500000_corrected.h5
    output: /home/lengliang/lzy/sj_3d/results/4_hicexplorer/7_hicDetectLoops/sjap/sjap_500000_loops.bedgraph
    log: /home/lengliang/lzy/sj_3d/results/4_hicexplorer/7_hicDetectLoops/log/sjap_500000_loop.log
    jobid: 5
    reason: Code has changed since last execution
    wildcards: sample=sjap, resolution=500000
    threads: 24
    resources: mem_mb=1000, disk_mb=4191800, tmpdir=/home/lengliang/lzy/tmp/3d/


function f(){   
    local pvalue=(0.05 0.1 0.5 1)
    local dis=(8000000 20000000)
    local pp=(0.1 0.5 1 1)
    local num=${#pvalue[@]}
    for((i=0;i<num;i++)){
        for d in ${dis[*]}
        do
            # echo "${pvalue[i]}and${d}and ${pp[i]}"
            ~/lzy/mambaforge/bin/hicDetectLoops -m /home/lengliang/lzy/sj_3d/results/4_hicexplorer/3_hicCorrectMatrix/500000/sjap_500000_corrected.h5 -o /home/lengliang/lzy/sj_3d/results/4_hicexplorer/7_hicDetectLoops/sjap/sjap_500000_loops.bedgraph.p${pvalue[i]}.d${d} --maxLoopDistance ${d} --peakInteractionsThreshold 5 --threads 24 --peakWidth 2 --windowSize 5 --pValuePreselection  ${pp[i]} --pValue ${pvalue[i]} 2>>/home/lengliang/lzy/sj_3d/results/4_hicexplorer/7_hicDetectLoops/log/sjap_500000_loop.log
            echo "/lzy/mambaforge/bin/hicDetectLoops -m /home/lengliang/lzy/sj_3d/results/4_hicexplorer/3_hicCorrectMatrix/500000/sjap_500000_corrected.h5 -o /home/lengliang/lzy/sj_3d/results/4_hicexplorer/7_hicDetectLoops/sjap/sjap_500000_loops.bedgraph.p${pvalue[i]}.d${d} --maxLoopDistance ${d} --peakInteractionsThreshold 5 --threads 24 --peakWidth 2 --windowSize 5 --pValuePreselection  ${pp[i]} --pValue ${pvalue[i]}">>/home/lengliang/lzy/tmp/hic_pro_hicexplorer_loop.tmp
            echo "~/lzy/mambaforge/bin/hicPlotMatrix -m /home/lengliang/lzy/sj_3d/results/4_hicexplorer/3_hicCorrectMatrix/500000/sjap_500000_corrected.h5 -o /home/lengliang/lzy/sj_3d/results/4_hicexplorer/7_hicDetectLoops/sjap/sjap_500000_loops.bedgraph.p${pvalue[i]}.d${d}.pdf --vMax 4 --dpi 330  --loops /home/lengliang/lzy/sj_3d/results/4_hicexplorer/7_hicDetectLoops/sjap/sjap_500000_loops.bedgraph.p${pvalue[i]}.d${d}">>/home/lengliang/lzy/tmp/hic_pro_hicexplorer_loop.tmp

                # -f 参数判断 $file 是否存在
            if [ -f "/home/lengliang/lzy/sj_3d/results/4_hicexplorer/7_hicDetectLoops/sjap/sjap_500000_loops.bedgraph.p${pvalue[i]}.d${d}" ]; then
                ~/lzy/mambaforge/bin/hicPlotMatrix -m /home/lengliang/lzy/sj_3d/results/4_hicexplorer/3_hicCorrectMatrix/500000/sjap_500000_corrected.h5 -o /home/lengliang/lzy/sj_3d/results/4_hicexplorer/7_hicDetectLoops/sjap/sjap_500000_loops.bedgraph.p${pvalue[i]}.d${d}.pdf --vMax 4 --dpi 330  --loops /home/lengliang/lzy/sj_3d/results/4_hicexplorer/7_hicDetectLoops/sjap/sjap_500000_loops.bedgraph.p${pvalue[i]}.d${d}  2>>/home/lengliang/lzy/sj_3d/results/4_hicexplorer/7_hicDetectLoops/log/sjap_500000_loop.log
            fi

        done
    }
} 
f
echo ''>/home/lengliang/lzy/sj_3d/results/4_hicexplorer/7_hicDetectLoops/sjap/sjap_500000_loops.bedgraph

Submitted job 5 with external jobid '10165.mu01'.

[Wed Jan 18 17:02:26 2023]
rule hicDetectLoops:
    input: /home/lengliang/lzy/sj_3d/results/4_hicexplorer/3_hicCorrectMatrix/100000/syun_100000_corrected.h5
    output: /home/lengliang/lzy/sj_3d/results/4_hicexplorer/7_hicDetectLoops/syun/syun_100000_loops.bedgraph
    log: /home/lengliang/lzy/sj_3d/results/4_hicexplorer/7_hicDetectLoops/log/syun_100000_loop.log
    jobid: 19
    reason: Code has changed since last execution
    wildcards: sample=syun, resolution=100000
    threads: 24
    resources: mem_mb=1000, disk_mb=4191800, tmpdir=/home/lengliang/lzy/tmp/3d/


function f(){   
    local pvalue=(0.05 0.1 0.5 1)
    local dis=(8000000 20000000)
    local pp=(0.1 0.5 1 1)
    local num=${#pvalue[@]}
    for((i=0;i<num;i++)){
        for d in ${dis[*]}
        do
            # echo "${pvalue[i]}and${d}and ${pp[i]}"
            ~/lzy/mambaforge/bin/hicDetectLoops -m /home/lengliang/lzy/sj_3d/results/4_hicexplorer/3_hicCorrectMatrix/100000/syun_100000_corrected.h5 -o /home/lengliang/lzy/sj_3d/results/4_hicexplorer/7_hicDetectLoops/syun/syun_100000_loops.bedgraph.p${pvalue[i]}.d${d} --maxLoopDistance ${d} --peakInteractionsThreshold 5 --threads 24 --peakWidth 2 --windowSize 5 --pValuePreselection  ${pp[i]} --pValue ${pvalue[i]} 2>>/home/lengliang/lzy/sj_3d/results/4_hicexplorer/7_hicDetectLoops/log/syun_100000_loop.log
            echo "/lzy/mambaforge/bin/hicDetectLoops -m /home/lengliang/lzy/sj_3d/results/4_hicexplorer/3_hicCorrectMatrix/100000/syun_100000_corrected.h5 -o /home/lengliang/lzy/sj_3d/results/4_hicexplorer/7_hicDetectLoops/syun/syun_100000_loops.bedgraph.p${pvalue[i]}.d${d} --maxLoopDistance ${d} --peakInteractionsThreshold 5 --threads 24 --peakWidth 2 --windowSize 5 --pValuePreselection  ${pp[i]} --pValue ${pvalue[i]}">>/home/lengliang/lzy/tmp/hic_pro_hicexplorer_loop.tmp
            echo "~/lzy/mambaforge/bin/hicPlotMatrix -m /home/lengliang/lzy/sj_3d/results/4_hicexplorer/3_hicCorrectMatrix/100000/syun_100000_corrected.h5 -o /home/lengliang/lzy/sj_3d/results/4_hicexplorer/7_hicDetectLoops/syun/syun_100000_loops.bedgraph.p${pvalue[i]}.d${d}.pdf --vMax 4 --dpi 330  --loops /home/lengliang/lzy/sj_3d/results/4_hicexplorer/7_hicDetectLoops/syun/syun_100000_loops.bedgraph.p${pvalue[i]}.d${d}">>/home/lengliang/lzy/tmp/hic_pro_hicexplorer_loop.tmp

                # -f 参数判断 $file 是否存在
            if [ -f "/home/lengliang/lzy/sj_3d/results/4_hicexplorer/7_hicDetectLoops/syun/syun_100000_loops.bedgraph.p${pvalue[i]}.d${d}" ]; then
                ~/lzy/mambaforge/bin/hicPlotMatrix -m /home/lengliang/lzy/sj_3d/results/4_hicexplorer/3_hicCorrectMatrix/100000/syun_100000_corrected.h5 -o /home/lengliang/lzy/sj_3d/results/4_hicexplorer/7_hicDetectLoops/syun/syun_100000_loops.bedgraph.p${pvalue[i]}.d${d}.pdf --vMax 4 --dpi 330  --loops /home/lengliang/lzy/sj_3d/results/4_hicexplorer/7_hicDetectLoops/syun/syun_100000_loops.bedgraph.p${pvalue[i]}.d${d}  2>>/home/lengliang/lzy/sj_3d/results/4_hicexplorer/7_hicDetectLoops/log/syun_100000_loop.log
            fi

        done
    }
} 
f
echo ''>/home/lengliang/lzy/sj_3d/results/4_hicexplorer/7_hicDetectLoops/syun/syun_100000_loops.bedgraph

Submitted job 19 with external jobid '10166.mu01'.

[Wed Jan 18 17:02:26 2023]
rule hicDetectLoops:
    input: /home/lengliang/lzy/sj_3d/results/4_hicexplorer/3_hicCorrectMatrix/25000/scep_25000_corrected.h5
    output: /home/lengliang/lzy/sj_3d/results/4_hicexplorer/7_hicDetectLoops/scep/scep_25000_loops.bedgraph
    log: /home/lengliang/lzy/sj_3d/results/4_hicexplorer/7_hicDetectLoops/log/scep_25000_loop.log
    jobid: 13
    reason: Code has changed since last execution
    wildcards: sample=scep, resolution=25000
    threads: 24
    resources: mem_mb=1000, disk_mb=4191800, tmpdir=/home/lengliang/lzy/tmp/3d/


function f(){   
    local pvalue=(0.05 0.1 0.5 1)
    local dis=(8000000 20000000)
    local pp=(0.1 0.5 1 1)
    local num=${#pvalue[@]}
    for((i=0;i<num;i++)){
        for d in ${dis[*]}
        do
            # echo "${pvalue[i]}and${d}and ${pp[i]}"
            ~/lzy/mambaforge/bin/hicDetectLoops -m /home/lengliang/lzy/sj_3d/results/4_hicexplorer/3_hicCorrectMatrix/25000/scep_25000_corrected.h5 -o /home/lengliang/lzy/sj_3d/results/4_hicexplorer/7_hicDetectLoops/scep/scep_25000_loops.bedgraph.p${pvalue[i]}.d${d} --maxLoopDistance ${d} --peakInteractionsThreshold 5 --threads 24 --peakWidth 2 --windowSize 5 --pValuePreselection  ${pp[i]} --pValue ${pvalue[i]} 2>>/home/lengliang/lzy/sj_3d/results/4_hicexplorer/7_hicDetectLoops/log/scep_25000_loop.log
            echo "/lzy/mambaforge/bin/hicDetectLoops -m /home/lengliang/lzy/sj_3d/results/4_hicexplorer/3_hicCorrectMatrix/25000/scep_25000_corrected.h5 -o /home/lengliang/lzy/sj_3d/results/4_hicexplorer/7_hicDetectLoops/scep/scep_25000_loops.bedgraph.p${pvalue[i]}.d${d} --maxLoopDistance ${d} --peakInteractionsThreshold 5 --threads 24 --peakWidth 2 --windowSize 5 --pValuePreselection  ${pp[i]} --pValue ${pvalue[i]}">>/home/lengliang/lzy/tmp/hic_pro_hicexplorer_loop.tmp
            echo "~/lzy/mambaforge/bin/hicPlotMatrix -m /home/lengliang/lzy/sj_3d/results/4_hicexplorer/3_hicCorrectMatrix/25000/scep_25000_corrected.h5 -o /home/lengliang/lzy/sj_3d/results/4_hicexplorer/7_hicDetectLoops/scep/scep_25000_loops.bedgraph.p${pvalue[i]}.d${d}.pdf --vMax 4 --dpi 330  --loops /home/lengliang/lzy/sj_3d/results/4_hicexplorer/7_hicDetectLoops/scep/scep_25000_loops.bedgraph.p${pvalue[i]}.d${d}">>/home/lengliang/lzy/tmp/hic_pro_hicexplorer_loop.tmp

                # -f 参数判断 $file 是否存在
            if [ -f "/home/lengliang/lzy/sj_3d/results/4_hicexplorer/7_hicDetectLoops/scep/scep_25000_loops.bedgraph.p${pvalue[i]}.d${d}" ]; then
                ~/lzy/mambaforge/bin/hicPlotMatrix -m /home/lengliang/lzy/sj_3d/results/4_hicexplorer/3_hicCorrectMatrix/25000/scep_25000_corrected.h5 -o /home/lengliang/lzy/sj_3d/results/4_hicexplorer/7_hicDetectLoops/scep/scep_25000_loops.bedgraph.p${pvalue[i]}.d${d}.pdf --vMax 4 --dpi 330  --loops /home/lengliang/lzy/sj_3d/results/4_hicexplorer/7_hicDetectLoops/scep/scep_25000_loops.bedgraph.p${pvalue[i]}.d${d}  2>>/home/lengliang/lzy/sj_3d/results/4_hicexplorer/7_hicDetectLoops/log/scep_25000_loop.log
            fi

        done
    }
} 
f
echo ''>/home/lengliang/lzy/sj_3d/results/4_hicexplorer/7_hicDetectLoops/scep/scep_25000_loops.bedgraph

Submitted job 13 with external jobid '10167.mu01'.

[Wed Jan 18 17:02:26 2023]
rule hicDetectLoops:
    input: /home/lengliang/lzy/sj_3d/results/4_hicexplorer/3_hicCorrectMatrix/50000/syun_50000_corrected.h5
    output: /home/lengliang/lzy/sj_3d/results/4_hicexplorer/7_hicDetectLoops/syun/syun_50000_loops.bedgraph
    log: /home/lengliang/lzy/sj_3d/results/4_hicexplorer/7_hicDetectLoops/log/syun_50000_loop.log
    jobid: 27
    reason: Code has changed since last execution
    wildcards: sample=syun, resolution=50000
    threads: 24
    resources: mem_mb=1000, disk_mb=4191800, tmpdir=/home/lengliang/lzy/tmp/3d/


function f(){   
    local pvalue=(0.05 0.1 0.5 1)
    local dis=(8000000 20000000)
    local pp=(0.1 0.5 1 1)
    local num=${#pvalue[@]}
    for((i=0;i<num;i++)){
        for d in ${dis[*]}
        do
            # echo "${pvalue[i]}and${d}and ${pp[i]}"
            ~/lzy/mambaforge/bin/hicDetectLoops -m /home/lengliang/lzy/sj_3d/results/4_hicexplorer/3_hicCorrectMatrix/50000/syun_50000_corrected.h5 -o /home/lengliang/lzy/sj_3d/results/4_hicexplorer/7_hicDetectLoops/syun/syun_50000_loops.bedgraph.p${pvalue[i]}.d${d} --maxLoopDistance ${d} --peakInteractionsThreshold 5 --threads 24 --peakWidth 2 --windowSize 5 --pValuePreselection  ${pp[i]} --pValue ${pvalue[i]} 2>>/home/lengliang/lzy/sj_3d/results/4_hicexplorer/7_hicDetectLoops/log/syun_50000_loop.log
            echo "/lzy/mambaforge/bin/hicDetectLoops -m /home/lengliang/lzy/sj_3d/results/4_hicexplorer/3_hicCorrectMatrix/50000/syun_50000_corrected.h5 -o /home/lengliang/lzy/sj_3d/results/4_hicexplorer/7_hicDetectLoops/syun/syun_50000_loops.bedgraph.p${pvalue[i]}.d${d} --maxLoopDistance ${d} --peakInteractionsThreshold 5 --threads 24 --peakWidth 2 --windowSize 5 --pValuePreselection  ${pp[i]} --pValue ${pvalue[i]}">>/home/lengliang/lzy/tmp/hic_pro_hicexplorer_loop.tmp
            echo "~/lzy/mambaforge/bin/hicPlotMatrix -m /home/lengliang/lzy/sj_3d/results/4_hicexplorer/3_hicCorrectMatrix/50000/syun_50000_corrected.h5 -o /home/lengliang/lzy/sj_3d/results/4_hicexplorer/7_hicDetectLoops/syun/syun_50000_loops.bedgraph.p${pvalue[i]}.d${d}.pdf --vMax 4 --dpi 330  --loops /home/lengliang/lzy/sj_3d/results/4_hicexplorer/7_hicDetectLoops/syun/syun_50000_loops.bedgraph.p${pvalue[i]}.d${d}">>/home/lengliang/lzy/tmp/hic_pro_hicexplorer_loop.tmp

                # -f 参数判断 $file 是否存在
            if [ -f "/home/lengliang/lzy/sj_3d/results/4_hicexplorer/7_hicDetectLoops/syun/syun_50000_loops.bedgraph.p${pvalue[i]}.d${d}" ]; then
                ~/lzy/mambaforge/bin/hicPlotMatrix -m /home/lengliang/lzy/sj_3d/results/4_hicexplorer/3_hicCorrectMatrix/50000/syun_50000_corrected.h5 -o /home/lengliang/lzy/sj_3d/results/4_hicexplorer/7_hicDetectLoops/syun/syun_50000_loops.bedgraph.p${pvalue[i]}.d${d}.pdf --vMax 4 --dpi 330  --loops /home/lengliang/lzy/sj_3d/results/4_hicexplorer/7_hicDetectLoops/syun/syun_50000_loops.bedgraph.p${pvalue[i]}.d${d}  2>>/home/lengliang/lzy/sj_3d/results/4_hicexplorer/7_hicDetectLoops/log/syun_50000_loop.log
            fi

        done
    }
} 
f
echo ''>/home/lengliang/lzy/sj_3d/results/4_hicexplorer/7_hicDetectLoops/syun/syun_50000_loops.bedgraph

Submitted job 27 with external jobid '10168.mu01'.

[Wed Jan 18 17:02:26 2023]
rule hicDetectLoops:
    input: /home/lengliang/lzy/sj_3d/results/4_hicexplorer/3_hicCorrectMatrix/300000/sjap_300000_corrected.h5
    output: /home/lengliang/lzy/sj_3d/results/4_hicexplorer/7_hicDetectLoops/sjap/sjap_300000_loops.bedgraph
    log: /home/lengliang/lzy/sj_3d/results/4_hicexplorer/7_hicDetectLoops/log/sjap_300000_loop.log
    jobid: 6
    reason: Code has changed since last execution
    wildcards: sample=sjap, resolution=300000
    threads: 24
    resources: mem_mb=1000, disk_mb=4191800, tmpdir=/home/lengliang/lzy/tmp/3d/


function f(){   
    local pvalue=(0.05 0.1 0.5 1)
    local dis=(8000000 20000000)
    local pp=(0.1 0.5 1 1)
    local num=${#pvalue[@]}
    for((i=0;i<num;i++)){
        for d in ${dis[*]}
        do
            # echo "${pvalue[i]}and${d}and ${pp[i]}"
            ~/lzy/mambaforge/bin/hicDetectLoops -m /home/lengliang/lzy/sj_3d/results/4_hicexplorer/3_hicCorrectMatrix/300000/sjap_300000_corrected.h5 -o /home/lengliang/lzy/sj_3d/results/4_hicexplorer/7_hicDetectLoops/sjap/sjap_300000_loops.bedgraph.p${pvalue[i]}.d${d} --maxLoopDistance ${d} --peakInteractionsThreshold 5 --threads 24 --peakWidth 2 --windowSize 5 --pValuePreselection  ${pp[i]} --pValue ${pvalue[i]} 2>>/home/lengliang/lzy/sj_3d/results/4_hicexplorer/7_hicDetectLoops/log/sjap_300000_loop.log
            echo "/lzy/mambaforge/bin/hicDetectLoops -m /home/lengliang/lzy/sj_3d/results/4_hicexplorer/3_hicCorrectMatrix/300000/sjap_300000_corrected.h5 -o /home/lengliang/lzy/sj_3d/results/4_hicexplorer/7_hicDetectLoops/sjap/sjap_300000_loops.bedgraph.p${pvalue[i]}.d${d} --maxLoopDistance ${d} --peakInteractionsThreshold 5 --threads 24 --peakWidth 2 --windowSize 5 --pValuePreselection  ${pp[i]} --pValue ${pvalue[i]}">>/home/lengliang/lzy/tmp/hic_pro_hicexplorer_loop.tmp
            echo "~/lzy/mambaforge/bin/hicPlotMatrix -m /home/lengliang/lzy/sj_3d/results/4_hicexplorer/3_hicCorrectMatrix/300000/sjap_300000_corrected.h5 -o /home/lengliang/lzy/sj_3d/results/4_hicexplorer/7_hicDetectLoops/sjap/sjap_300000_loops.bedgraph.p${pvalue[i]}.d${d}.pdf --vMax 4 --dpi 330  --loops /home/lengliang/lzy/sj_3d/results/4_hicexplorer/7_hicDetectLoops/sjap/sjap_300000_loops.bedgraph.p${pvalue[i]}.d${d}">>/home/lengliang/lzy/tmp/hic_pro_hicexplorer_loop.tmp

                # -f 参数判断 $file 是否存在
            if [ -f "/home/lengliang/lzy/sj_3d/results/4_hicexplorer/7_hicDetectLoops/sjap/sjap_300000_loops.bedgraph.p${pvalue[i]}.d${d}" ]; then
                ~/lzy/mambaforge/bin/hicPlotMatrix -m /home/lengliang/lzy/sj_3d/results/4_hicexplorer/3_hicCorrectMatrix/300000/sjap_300000_corrected.h5 -o /home/lengliang/lzy/sj_3d/results/4_hicexplorer/7_hicDetectLoops/sjap/sjap_300000_loops.bedgraph.p${pvalue[i]}.d${d}.pdf --vMax 4 --dpi 330  --loops /home/lengliang/lzy/sj_3d/results/4_hicexplorer/7_hicDetectLoops/sjap/sjap_300000_loops.bedgraph.p${pvalue[i]}.d${d}  2>>/home/lengliang/lzy/sj_3d/results/4_hicexplorer/7_hicDetectLoops/log/sjap_300000_loop.log
            fi

        done
    }
} 
f
echo ''>/home/lengliang/lzy/sj_3d/results/4_hicexplorer/7_hicDetectLoops/sjap/sjap_300000_loops.bedgraph

Submitted job 6 with external jobid '10169.mu01'.

[Wed Jan 18 17:02:26 2023]
rule hicDetectLoops:
    input: /home/lengliang/lzy/sj_3d/results/4_hicexplorer/3_hicCorrectMatrix/40000/syun_40000_corrected.h5
    output: /home/lengliang/lzy/sj_3d/results/4_hicexplorer/7_hicDetectLoops/syun/syun_40000_loops.bedgraph
    log: /home/lengliang/lzy/sj_3d/results/4_hicexplorer/7_hicDetectLoops/log/syun_40000_loop.log
    jobid: 20
    reason: Code has changed since last execution
    wildcards: sample=syun, resolution=40000
    threads: 24
    resources: mem_mb=1000, disk_mb=4191800, tmpdir=/home/lengliang/lzy/tmp/3d/


function f(){   
    local pvalue=(0.05 0.1 0.5 1)
    local dis=(8000000 20000000)
    local pp=(0.1 0.5 1 1)
    local num=${#pvalue[@]}
    for((i=0;i<num;i++)){
        for d in ${dis[*]}
        do
            # echo "${pvalue[i]}and${d}and ${pp[i]}"
            ~/lzy/mambaforge/bin/hicDetectLoops -m /home/lengliang/lzy/sj_3d/results/4_hicexplorer/3_hicCorrectMatrix/40000/syun_40000_corrected.h5 -o /home/lengliang/lzy/sj_3d/results/4_hicexplorer/7_hicDetectLoops/syun/syun_40000_loops.bedgraph.p${pvalue[i]}.d${d} --maxLoopDistance ${d} --peakInteractionsThreshold 5 --threads 24 --peakWidth 2 --windowSize 5 --pValuePreselection  ${pp[i]} --pValue ${pvalue[i]} 2>>/home/lengliang/lzy/sj_3d/results/4_hicexplorer/7_hicDetectLoops/log/syun_40000_loop.log
            echo "/lzy/mambaforge/bin/hicDetectLoops -m /home/lengliang/lzy/sj_3d/results/4_hicexplorer/3_hicCorrectMatrix/40000/syun_40000_corrected.h5 -o /home/lengliang/lzy/sj_3d/results/4_hicexplorer/7_hicDetectLoops/syun/syun_40000_loops.bedgraph.p${pvalue[i]}.d${d} --maxLoopDistance ${d} --peakInteractionsThreshold 5 --threads 24 --peakWidth 2 --windowSize 5 --pValuePreselection  ${pp[i]} --pValue ${pvalue[i]}">>/home/lengliang/lzy/tmp/hic_pro_hicexplorer_loop.tmp
            echo "~/lzy/mambaforge/bin/hicPlotMatrix -m /home/lengliang/lzy/sj_3d/results/4_hicexplorer/3_hicCorrectMatrix/40000/syun_40000_corrected.h5 -o /home/lengliang/lzy/sj_3d/results/4_hicexplorer/7_hicDetectLoops/syun/syun_40000_loops.bedgraph.p${pvalue[i]}.d${d}.pdf --vMax 4 --dpi 330  --loops /home/lengliang/lzy/sj_3d/results/4_hicexplorer/7_hicDetectLoops/syun/syun_40000_loops.bedgraph.p${pvalue[i]}.d${d}">>/home/lengliang/lzy/tmp/hic_pro_hicexplorer_loop.tmp

                # -f 参数判断 $file 是否存在
            if [ -f "/home/lengliang/lzy/sj_3d/results/4_hicexplorer/7_hicDetectLoops/syun/syun_40000_loops.bedgraph.p${pvalue[i]}.d${d}" ]; then
                ~/lzy/mambaforge/bin/hicPlotMatrix -m /home/lengliang/lzy/sj_3d/results/4_hicexplorer/3_hicCorrectMatrix/40000/syun_40000_corrected.h5 -o /home/lengliang/lzy/sj_3d/results/4_hicexplorer/7_hicDetectLoops/syun/syun_40000_loops.bedgraph.p${pvalue[i]}.d${d}.pdf --vMax 4 --dpi 330  --loops /home/lengliang/lzy/sj_3d/results/4_hicexplorer/7_hicDetectLoops/syun/syun_40000_loops.bedgraph.p${pvalue[i]}.d${d}  2>>/home/lengliang/lzy/sj_3d/results/4_hicexplorer/7_hicDetectLoops/log/syun_40000_loop.log
            fi

        done
    }
} 
f
echo ''>/home/lengliang/lzy/sj_3d/results/4_hicexplorer/7_hicDetectLoops/syun/syun_40000_loops.bedgraph

Submitted job 20 with external jobid '10170.mu01'.

[Wed Jan 18 17:02:26 2023]
rule hicDetectLoops:
    input: /home/lengliang/lzy/sj_3d/results/4_hicexplorer/3_hicCorrectMatrix/500000/scep_500000_corrected.h5
    output: /home/lengliang/lzy/sj_3d/results/4_hicexplorer/7_hicDetectLoops/scep/scep_500000_loops.bedgraph
    log: /home/lengliang/lzy/sj_3d/results/4_hicexplorer/7_hicDetectLoops/log/scep_500000_loop.log
    jobid: 14
    reason: Code has changed since last execution
    wildcards: sample=scep, resolution=500000
    threads: 24
    resources: mem_mb=1000, disk_mb=4191800, tmpdir=/home/lengliang/lzy/tmp/3d/


function f(){   
    local pvalue=(0.05 0.1 0.5 1)
    local dis=(8000000 20000000)
    local pp=(0.1 0.5 1 1)
    local num=${#pvalue[@]}
    for((i=0;i<num;i++)){
        for d in ${dis[*]}
        do
            # echo "${pvalue[i]}and${d}and ${pp[i]}"
            ~/lzy/mambaforge/bin/hicDetectLoops -m /home/lengliang/lzy/sj_3d/results/4_hicexplorer/3_hicCorrectMatrix/500000/scep_500000_corrected.h5 -o /home/lengliang/lzy/sj_3d/results/4_hicexplorer/7_hicDetectLoops/scep/scep_500000_loops.bedgraph.p${pvalue[i]}.d${d} --maxLoopDistance ${d} --peakInteractionsThreshold 5 --threads 24 --peakWidth 2 --windowSize 5 --pValuePreselection  ${pp[i]} --pValue ${pvalue[i]} 2>>/home/lengliang/lzy/sj_3d/results/4_hicexplorer/7_hicDetectLoops/log/scep_500000_loop.log
            echo "/lzy/mambaforge/bin/hicDetectLoops -m /home/lengliang/lzy/sj_3d/results/4_hicexplorer/3_hicCorrectMatrix/500000/scep_500000_corrected.h5 -o /home/lengliang/lzy/sj_3d/results/4_hicexplorer/7_hicDetectLoops/scep/scep_500000_loops.bedgraph.p${pvalue[i]}.d${d} --maxLoopDistance ${d} --peakInteractionsThreshold 5 --threads 24 --peakWidth 2 --windowSize 5 --pValuePreselection  ${pp[i]} --pValue ${pvalue[i]}">>/home/lengliang/lzy/tmp/hic_pro_hicexplorer_loop.tmp
            echo "~/lzy/mambaforge/bin/hicPlotMatrix -m /home/lengliang/lzy/sj_3d/results/4_hicexplorer/3_hicCorrectMatrix/500000/scep_500000_corrected.h5 -o /home/lengliang/lzy/sj_3d/results/4_hicexplorer/7_hicDetectLoops/scep/scep_500000_loops.bedgraph.p${pvalue[i]}.d${d}.pdf --vMax 4 --dpi 330  --loops /home/lengliang/lzy/sj_3d/results/4_hicexplorer/7_hicDetectLoops/scep/scep_500000_loops.bedgraph.p${pvalue[i]}.d${d}">>/home/lengliang/lzy/tmp/hic_pro_hicexplorer_loop.tmp

                # -f 参数判断 $file 是否存在
            if [ -f "/home/lengliang/lzy/sj_3d/results/4_hicexplorer/7_hicDetectLoops/scep/scep_500000_loops.bedgraph.p${pvalue[i]}.d${d}" ]; then
                ~/lzy/mambaforge/bin/hicPlotMatrix -m /home/lengliang/lzy/sj_3d/results/4_hicexplorer/3_hicCorrectMatrix/500000/scep_500000_corrected.h5 -o /home/lengliang/lzy/sj_3d/results/4_hicexplorer/7_hicDetectLoops/scep/scep_500000_loops.bedgraph.p${pvalue[i]}.d${d}.pdf --vMax 4 --dpi 330  --loops /home/lengliang/lzy/sj_3d/results/4_hicexplorer/7_hicDetectLoops/scep/scep_500000_loops.bedgraph.p${pvalue[i]}.d${d}  2>>/home/lengliang/lzy/sj_3d/results/4_hicexplorer/7_hicDetectLoops/log/scep_500000_loop.log
            fi

        done
    }
} 
f
echo ''>/home/lengliang/lzy/sj_3d/results/4_hicexplorer/7_hicDetectLoops/scep/scep_500000_loops.bedgraph

Submitted job 14 with external jobid '10171.mu01'.

[Wed Jan 18 17:02:26 2023]
rule hicDetectLoops:
    input: /home/lengliang/lzy/sj_3d/results/4_hicexplorer/3_hicCorrectMatrix/5000/sjap_5000_corrected.h5
    output: /home/lengliang/lzy/sj_3d/results/4_hicexplorer/7_hicDetectLoops/sjap/sjap_5000_loops.bedgraph
    log: /home/lengliang/lzy/sj_3d/results/4_hicexplorer/7_hicDetectLoops/log/sjap_5000_loop.log
    jobid: 7
    reason: Missing output files: /home/lengliang/lzy/sj_3d/results/4_hicexplorer/7_hicDetectLoops/sjap/sjap_5000_loops.bedgraph
    wildcards: sample=sjap, resolution=5000
    threads: 24
    resources: mem_mb=1103, disk_mb=4191800, tmpdir=/home/lengliang/lzy/tmp/3d/


function f(){   
    local pvalue=(0.05 0.1 0.5 1)
    local dis=(8000000 20000000)
    local pp=(0.1 0.5 1 1)
    local num=${#pvalue[@]}
    for((i=0;i<num;i++)){
        for d in ${dis[*]}
        do
            # echo "${pvalue[i]}and${d}and ${pp[i]}"
            ~/lzy/mambaforge/bin/hicDetectLoops -m /home/lengliang/lzy/sj_3d/results/4_hicexplorer/3_hicCorrectMatrix/5000/sjap_5000_corrected.h5 -o /home/lengliang/lzy/sj_3d/results/4_hicexplorer/7_hicDetectLoops/sjap/sjap_5000_loops.bedgraph.p${pvalue[i]}.d${d} --maxLoopDistance ${d} --peakInteractionsThreshold 5 --threads 24 --peakWidth 2 --windowSize 5 --pValuePreselection  ${pp[i]} --pValue ${pvalue[i]} 2>>/home/lengliang/lzy/sj_3d/results/4_hicexplorer/7_hicDetectLoops/log/sjap_5000_loop.log
            echo "/lzy/mambaforge/bin/hicDetectLoops -m /home/lengliang/lzy/sj_3d/results/4_hicexplorer/3_hicCorrectMatrix/5000/sjap_5000_corrected.h5 -o /home/lengliang/lzy/sj_3d/results/4_hicexplorer/7_hicDetectLoops/sjap/sjap_5000_loops.bedgraph.p${pvalue[i]}.d${d} --maxLoopDistance ${d} --peakInteractionsThreshold 5 --threads 24 --peakWidth 2 --windowSize 5 --pValuePreselection  ${pp[i]} --pValue ${pvalue[i]}">>/home/lengliang/lzy/tmp/hic_pro_hicexplorer_loop.tmp
            echo "~/lzy/mambaforge/bin/hicPlotMatrix -m /home/lengliang/lzy/sj_3d/results/4_hicexplorer/3_hicCorrectMatrix/5000/sjap_5000_corrected.h5 -o /home/lengliang/lzy/sj_3d/results/4_hicexplorer/7_hicDetectLoops/sjap/sjap_5000_loops.bedgraph.p${pvalue[i]}.d${d}.pdf --vMax 4 --dpi 330  --loops /home/lengliang/lzy/sj_3d/results/4_hicexplorer/7_hicDetectLoops/sjap/sjap_5000_loops.bedgraph.p${pvalue[i]}.d${d}">>/home/lengliang/lzy/tmp/hic_pro_hicexplorer_loop.tmp

                # -f 参数判断 $file 是否存在
            if [ -f "/home/lengliang/lzy/sj_3d/results/4_hicexplorer/7_hicDetectLoops/sjap/sjap_5000_loops.bedgraph.p${pvalue[i]}.d${d}" ]; then
                ~/lzy/mambaforge/bin/hicPlotMatrix -m /home/lengliang/lzy/sj_3d/results/4_hicexplorer/3_hicCorrectMatrix/5000/sjap_5000_corrected.h5 -o /home/lengliang/lzy/sj_3d/results/4_hicexplorer/7_hicDetectLoops/sjap/sjap_5000_loops.bedgraph.p${pvalue[i]}.d${d}.pdf --vMax 4 --dpi 330  --loops /home/lengliang/lzy/sj_3d/results/4_hicexplorer/7_hicDetectLoops/sjap/sjap_5000_loops.bedgraph.p${pvalue[i]}.d${d}  2>>/home/lengliang/lzy/sj_3d/results/4_hicexplorer/7_hicDetectLoops/log/sjap_5000_loop.log
            fi

        done
    }
} 
f
echo ''>/home/lengliang/lzy/sj_3d/results/4_hicexplorer/7_hicDetectLoops/sjap/sjap_5000_loops.bedgraph

Submitted job 7 with external jobid '10172.mu01'.

[Wed Jan 18 17:02:27 2023]
rule hicDetectLoops:
    input: /home/lengliang/lzy/sj_3d/results/4_hicexplorer/3_hicCorrectMatrix/10000/syun_10000_corrected.h5
    output: /home/lengliang/lzy/sj_3d/results/4_hicexplorer/7_hicDetectLoops/syun/syun_10000_loops.bedgraph
    log: /home/lengliang/lzy/sj_3d/results/4_hicexplorer/7_hicDetectLoops/log/syun_10000_loop.log
    jobid: 21
    reason: Missing output files: /home/lengliang/lzy/sj_3d/results/4_hicexplorer/7_hicDetectLoops/syun/syun_10000_loops.bedgraph
    wildcards: sample=syun, resolution=10000
    threads: 24
    resources: mem_mb=1000, disk_mb=4191800, tmpdir=/home/lengliang/lzy/tmp/3d/


function f(){   
    local pvalue=(0.05 0.1 0.5 1)
    local dis=(8000000 20000000)
    local pp=(0.1 0.5 1 1)
    local num=${#pvalue[@]}
    for((i=0;i<num;i++)){
        for d in ${dis[*]}
        do
            # echo "${pvalue[i]}and${d}and ${pp[i]}"
            ~/lzy/mambaforge/bin/hicDetectLoops -m /home/lengliang/lzy/sj_3d/results/4_hicexplorer/3_hicCorrectMatrix/10000/syun_10000_corrected.h5 -o /home/lengliang/lzy/sj_3d/results/4_hicexplorer/7_hicDetectLoops/syun/syun_10000_loops.bedgraph.p${pvalue[i]}.d${d} --maxLoopDistance ${d} --peakInteractionsThreshold 5 --threads 24 --peakWidth 2 --windowSize 5 --pValuePreselection  ${pp[i]} --pValue ${pvalue[i]} 2>>/home/lengliang/lzy/sj_3d/results/4_hicexplorer/7_hicDetectLoops/log/syun_10000_loop.log
            echo "/lzy/mambaforge/bin/hicDetectLoops -m /home/lengliang/lzy/sj_3d/results/4_hicexplorer/3_hicCorrectMatrix/10000/syun_10000_corrected.h5 -o /home/lengliang/lzy/sj_3d/results/4_hicexplorer/7_hicDetectLoops/syun/syun_10000_loops.bedgraph.p${pvalue[i]}.d${d} --maxLoopDistance ${d} --peakInteractionsThreshold 5 --threads 24 --peakWidth 2 --windowSize 5 --pValuePreselection  ${pp[i]} --pValue ${pvalue[i]}">>/home/lengliang/lzy/tmp/hic_pro_hicexplorer_loop.tmp
            echo "~/lzy/mambaforge/bin/hicPlotMatrix -m /home/lengliang/lzy/sj_3d/results/4_hicexplorer/3_hicCorrectMatrix/10000/syun_10000_corrected.h5 -o /home/lengliang/lzy/sj_3d/results/4_hicexplorer/7_hicDetectLoops/syun/syun_10000_loops.bedgraph.p${pvalue[i]}.d${d}.pdf --vMax 4 --dpi 330  --loops /home/lengliang/lzy/sj_3d/results/4_hicexplorer/7_hicDetectLoops/syun/syun_10000_loops.bedgraph.p${pvalue[i]}.d${d}">>/home/lengliang/lzy/tmp/hic_pro_hicexplorer_loop.tmp

                # -f 参数判断 $file 是否存在
            if [ -f "/home/lengliang/lzy/sj_3d/results/4_hicexplorer/7_hicDetectLoops/syun/syun_10000_loops.bedgraph.p${pvalue[i]}.d${d}" ]; then
                ~/lzy/mambaforge/bin/hicPlotMatrix -m /home/lengliang/lzy/sj_3d/results/4_hicexplorer/3_hicCorrectMatrix/10000/syun_10000_corrected.h5 -o /home/lengliang/lzy/sj_3d/results/4_hicexplorer/7_hicDetectLoops/syun/syun_10000_loops.bedgraph.p${pvalue[i]}.d${d}.pdf --vMax 4 --dpi 330  --loops /home/lengliang/lzy/sj_3d/results/4_hicexplorer/7_hicDetectLoops/syun/syun_10000_loops.bedgraph.p${pvalue[i]}.d${d}  2>>/home/lengliang/lzy/sj_3d/results/4_hicexplorer/7_hicDetectLoops/log/syun_10000_loop.log
            fi

        done
    }
} 
f
echo ''>/home/lengliang/lzy/sj_3d/results/4_hicexplorer/7_hicDetectLoops/syun/syun_10000_loops.bedgraph

Submitted job 21 with external jobid '10173.mu01'.

[Wed Jan 18 17:02:27 2023]
rule hicDetectLoops:
    input: /home/lengliang/lzy/sj_3d/results/4_hicexplorer/3_hicCorrectMatrix/25000/syun_25000_corrected.h5
    output: /home/lengliang/lzy/sj_3d/results/4_hicexplorer/7_hicDetectLoops/syun/syun_25000_loops.bedgraph
    log: /home/lengliang/lzy/sj_3d/results/4_hicexplorer/7_hicDetectLoops/log/syun_25000_loop.log
    jobid: 22
    reason: Code has changed since last execution
    wildcards: sample=syun, resolution=25000
    threads: 24
    resources: mem_mb=1000, disk_mb=4191800, tmpdir=/home/lengliang/lzy/tmp/3d/


function f(){   
    local pvalue=(0.05 0.1 0.5 1)
    local dis=(8000000 20000000)
    local pp=(0.1 0.5 1 1)
    local num=${#pvalue[@]}
    for((i=0;i<num;i++)){
        for d in ${dis[*]}
        do
            # echo "${pvalue[i]}and${d}and ${pp[i]}"
            ~/lzy/mambaforge/bin/hicDetectLoops -m /home/lengliang/lzy/sj_3d/results/4_hicexplorer/3_hicCorrectMatrix/25000/syun_25000_corrected.h5 -o /home/lengliang/lzy/sj_3d/results/4_hicexplorer/7_hicDetectLoops/syun/syun_25000_loops.bedgraph.p${pvalue[i]}.d${d} --maxLoopDistance ${d} --peakInteractionsThreshold 5 --threads 24 --peakWidth 2 --windowSize 5 --pValuePreselection  ${pp[i]} --pValue ${pvalue[i]} 2>>/home/lengliang/lzy/sj_3d/results/4_hicexplorer/7_hicDetectLoops/log/syun_25000_loop.log
            echo "/lzy/mambaforge/bin/hicDetectLoops -m /home/lengliang/lzy/sj_3d/results/4_hicexplorer/3_hicCorrectMatrix/25000/syun_25000_corrected.h5 -o /home/lengliang/lzy/sj_3d/results/4_hicexplorer/7_hicDetectLoops/syun/syun_25000_loops.bedgraph.p${pvalue[i]}.d${d} --maxLoopDistance ${d} --peakInteractionsThreshold 5 --threads 24 --peakWidth 2 --windowSize 5 --pValuePreselection  ${pp[i]} --pValue ${pvalue[i]}">>/home/lengliang/lzy/tmp/hic_pro_hicexplorer_loop.tmp
            echo "~/lzy/mambaforge/bin/hicPlotMatrix -m /home/lengliang/lzy/sj_3d/results/4_hicexplorer/3_hicCorrectMatrix/25000/syun_25000_corrected.h5 -o /home/lengliang/lzy/sj_3d/results/4_hicexplorer/7_hicDetectLoops/syun/syun_25000_loops.bedgraph.p${pvalue[i]}.d${d}.pdf --vMax 4 --dpi 330  --loops /home/lengliang/lzy/sj_3d/results/4_hicexplorer/7_hicDetectLoops/syun/syun_25000_loops.bedgraph.p${pvalue[i]}.d${d}">>/home/lengliang/lzy/tmp/hic_pro_hicexplorer_loop.tmp

                # -f 参数判断 $file 是否存在
            if [ -f "/home/lengliang/lzy/sj_3d/results/4_hicexplorer/7_hicDetectLoops/syun/syun_25000_loops.bedgraph.p${pvalue[i]}.d${d}" ]; then
                ~/lzy/mambaforge/bin/hicPlotMatrix -m /home/lengliang/lzy/sj_3d/results/4_hicexplorer/3_hicCorrectMatrix/25000/syun_25000_corrected.h5 -o /home/lengliang/lzy/sj_3d/results/4_hicexplorer/7_hicDetectLoops/syun/syun_25000_loops.bedgraph.p${pvalue[i]}.d${d}.pdf --vMax 4 --dpi 330  --loops /home/lengliang/lzy/sj_3d/results/4_hicexplorer/7_hicDetectLoops/syun/syun_25000_loops.bedgraph.p${pvalue[i]}.d${d}  2>>/home/lengliang/lzy/sj_3d/results/4_hicexplorer/7_hicDetectLoops/log/syun_25000_loop.log
            fi

        done
    }
} 
f
echo ''>/home/lengliang/lzy/sj_3d/results/4_hicexplorer/7_hicDetectLoops/syun/syun_25000_loops.bedgraph

Submitted job 22 with external jobid '10174.mu01'.
Terminating processes on user request, this might take some time.
Complete log: .snakemake/log/2023-01-18T170219.550236.snakemake.log
