Building DAG of jobs...
Using shell: /usr/bin/bash
Provided cluster nodes: 10
Job stats:
job            count    min threads    max threads
-----------  -------  -------------  -------------
all                1              1              1
hicFindTADs       27             24             24
total             28              1             24

Select jobs to execute...

[Tue Jan 17 11:22:18 2023]
rule hicFindTADs:
    input: /home/lengliang/lzy/sj_3d/results/4_hicexplorer/3_hicCorrectMatrix/10000/sjap_10000_corrected.h5
    output: /home/lengliang/lzy/sj_3d/results/4_hicexplorer/5_hicFindTADs/10000/sjap_10000_corrected.bed
    jobid: 3
    reason: Missing output files: /home/lengliang/lzy/sj_3d/results/4_hicexplorer/5_hicFindTADs/10000/sjap_10000_corrected.bed
    wildcards: resolution=10000, sample=sjap
    threads: 24
    resources: mem_mb=1000, disk_mb=4191800, tmpdir=/home/lengliang/lzy/tmp/3d/


~/lzy/mambaforge/bin/hicFindTADs --correctForMultipleTesting fdr -m  /home/lengliang/lzy/sj_3d/results/4_hicexplorer/3_hicCorrectMatrix/10000/sjap_10000_corrected.h5  --outPrefix /home/lengliang/lzy/sj_3d/results/4_hicexplorer/5_hicFindTADs/10000/sjap_10000_corrected --numberOfProcessors 24 

Submitted job 3 with external jobid '10024.mu01'.

[Tue Jan 17 11:22:20 2023]
rule hicFindTADs:
    input: /home/lengliang/lzy/sj_3d/results/4_hicexplorer/3_hicCorrectMatrix/250000/scep_250000_corrected.h5
    output: /home/lengliang/lzy/sj_3d/results/4_hicexplorer/5_hicFindTADs/250000/scep_250000_corrected.bed
    jobid: 17
    reason: Missing output files: /home/lengliang/lzy/sj_3d/results/4_hicexplorer/5_hicFindTADs/250000/scep_250000_corrected.bed
    wildcards: resolution=250000, sample=scep
    threads: 24
    resources: mem_mb=1000, disk_mb=4191800, tmpdir=/home/lengliang/lzy/tmp/3d/


~/lzy/mambaforge/bin/hicFindTADs --correctForMultipleTesting fdr -m  /home/lengliang/lzy/sj_3d/results/4_hicexplorer/3_hicCorrectMatrix/250000/scep_250000_corrected.h5  --outPrefix /home/lengliang/lzy/sj_3d/results/4_hicexplorer/5_hicFindTADs/250000/scep_250000_corrected --numberOfProcessors 24 

Submitted job 17 with external jobid '10025.mu01'.

[Tue Jan 17 11:22:20 2023]
rule hicFindTADs:
    input: /home/lengliang/lzy/sj_3d/results/4_hicexplorer/3_hicCorrectMatrix/10000/syun_10000_corrected.h5
    output: /home/lengliang/lzy/sj_3d/results/4_hicexplorer/5_hicFindTADs/10000/syun_10000_corrected.bed
    jobid: 21
    reason: Missing output files: /home/lengliang/lzy/sj_3d/results/4_hicexplorer/5_hicFindTADs/10000/syun_10000_corrected.bed
    wildcards: resolution=10000, sample=syun
    threads: 24
    resources: mem_mb=1000, disk_mb=4191800, tmpdir=/home/lengliang/lzy/tmp/3d/


~/lzy/mambaforge/bin/hicFindTADs --correctForMultipleTesting fdr -m  /home/lengliang/lzy/sj_3d/results/4_hicexplorer/3_hicCorrectMatrix/10000/syun_10000_corrected.h5  --outPrefix /home/lengliang/lzy/sj_3d/results/4_hicexplorer/5_hicFindTADs/10000/syun_10000_corrected --numberOfProcessors 24 

Submitted job 21 with external jobid '10026.mu01'.

[Tue Jan 17 11:22:20 2023]
rule hicFindTADs:
    input: /home/lengliang/lzy/sj_3d/results/4_hicexplorer/3_hicCorrectMatrix/500000/syun_500000_corrected.h5
    output: /home/lengliang/lzy/sj_3d/results/4_hicexplorer/5_hicFindTADs/500000/syun_500000_corrected.bed
    jobid: 23
    reason: Missing output files: /home/lengliang/lzy/sj_3d/results/4_hicexplorer/5_hicFindTADs/500000/syun_500000_corrected.bed
    wildcards: resolution=500000, sample=syun
    threads: 24
    resources: mem_mb=1000, disk_mb=4191800, tmpdir=/home/lengliang/lzy/tmp/3d/


~/lzy/mambaforge/bin/hicFindTADs --correctForMultipleTesting fdr -m  /home/lengliang/lzy/sj_3d/results/4_hicexplorer/3_hicCorrectMatrix/500000/syun_500000_corrected.h5  --outPrefix /home/lengliang/lzy/sj_3d/results/4_hicexplorer/5_hicFindTADs/500000/syun_500000_corrected --numberOfProcessors 24 

Submitted job 23 with external jobid '10027.mu01'.

[Tue Jan 17 11:22:21 2023]
rule hicFindTADs:
    input: /home/lengliang/lzy/sj_3d/results/4_hicexplorer/3_hicCorrectMatrix/100000/scep_100000_corrected.h5
    output: /home/lengliang/lzy/sj_3d/results/4_hicexplorer/5_hicFindTADs/100000/scep_100000_corrected.bed
    jobid: 10
    reason: Missing output files: /home/lengliang/lzy/sj_3d/results/4_hicexplorer/5_hicFindTADs/100000/scep_100000_corrected.bed
    wildcards: resolution=100000, sample=scep
    threads: 24
    resources: mem_mb=1000, disk_mb=4191800, tmpdir=/home/lengliang/lzy/tmp/3d/


~/lzy/mambaforge/bin/hicFindTADs --correctForMultipleTesting fdr -m  /home/lengliang/lzy/sj_3d/results/4_hicexplorer/3_hicCorrectMatrix/100000/scep_100000_corrected.h5  --outPrefix /home/lengliang/lzy/sj_3d/results/4_hicexplorer/5_hicFindTADs/100000/scep_100000_corrected --numberOfProcessors 24 

Submitted job 10 with external jobid '10028.mu01'.

[Tue Jan 17 11:22:21 2023]
rule hicFindTADs:
    input: /home/lengliang/lzy/sj_3d/results/4_hicexplorer/3_hicCorrectMatrix/50000/syun_50000_corrected.h5
    output: /home/lengliang/lzy/sj_3d/results/4_hicexplorer/5_hicFindTADs/50000/syun_50000_corrected.bed
    jobid: 27
    reason: Missing output files: /home/lengliang/lzy/sj_3d/results/4_hicexplorer/5_hicFindTADs/50000/syun_50000_corrected.bed
    wildcards: resolution=50000, sample=syun
    threads: 24
    resources: mem_mb=1000, disk_mb=4191800, tmpdir=/home/lengliang/lzy/tmp/3d/


~/lzy/mambaforge/bin/hicFindTADs --correctForMultipleTesting fdr -m  /home/lengliang/lzy/sj_3d/results/4_hicexplorer/3_hicCorrectMatrix/50000/syun_50000_corrected.h5  --outPrefix /home/lengliang/lzy/sj_3d/results/4_hicexplorer/5_hicFindTADs/50000/syun_50000_corrected --numberOfProcessors 24 

Submitted job 27 with external jobid '10029.mu01'.

[Tue Jan 17 11:22:21 2023]
rule hicFindTADs:
    input: /home/lengliang/lzy/sj_3d/results/4_hicexplorer/3_hicCorrectMatrix/5000/scep_5000_corrected.h5
    output: /home/lengliang/lzy/sj_3d/results/4_hicexplorer/5_hicFindTADs/5000/scep_5000_corrected.bed
    jobid: 16
    reason: Missing output files: /home/lengliang/lzy/sj_3d/results/4_hicexplorer/5_hicFindTADs/5000/scep_5000_corrected.bed
    wildcards: resolution=5000, sample=scep
    threads: 24
    resources: mem_mb=1106, disk_mb=4191800, tmpdir=/home/lengliang/lzy/tmp/3d/


~/lzy/mambaforge/bin/hicFindTADs --correctForMultipleTesting fdr -m  /home/lengliang/lzy/sj_3d/results/4_hicexplorer/3_hicCorrectMatrix/5000/scep_5000_corrected.h5  --outPrefix /home/lengliang/lzy/sj_3d/results/4_hicexplorer/5_hicFindTADs/5000/scep_5000_corrected --numberOfProcessors 24 

Submitted job 16 with external jobid '10030.mu01'.

[Tue Jan 17 11:22:21 2023]
rule hicFindTADs:
    input: /home/lengliang/lzy/sj_3d/results/4_hicexplorer/3_hicCorrectMatrix/40000/sjap_40000_corrected.h5
    output: /home/lengliang/lzy/sj_3d/results/4_hicexplorer/5_hicFindTADs/40000/sjap_40000_corrected.bed
    jobid: 2
    reason: Missing output files: /home/lengliang/lzy/sj_3d/results/4_hicexplorer/5_hicFindTADs/40000/sjap_40000_corrected.bed
    wildcards: resolution=40000, sample=sjap
    threads: 24
    resources: mem_mb=1000, disk_mb=4191800, tmpdir=/home/lengliang/lzy/tmp/3d/


~/lzy/mambaforge/bin/hicFindTADs --correctForMultipleTesting fdr -m  /home/lengliang/lzy/sj_3d/results/4_hicexplorer/3_hicCorrectMatrix/40000/sjap_40000_corrected.h5  --outPrefix /home/lengliang/lzy/sj_3d/results/4_hicexplorer/5_hicFindTADs/40000/sjap_40000_corrected --numberOfProcessors 24 

Submitted job 2 with external jobid '10031.mu01'.

[Tue Jan 17 11:22:21 2023]
rule hicFindTADs:
    input: /home/lengliang/lzy/sj_3d/results/4_hicexplorer/3_hicCorrectMatrix/250000/sjap_250000_corrected.h5
    output: /home/lengliang/lzy/sj_3d/results/4_hicexplorer/5_hicFindTADs/250000/sjap_250000_corrected.bed
    jobid: 8
    reason: Missing output files: /home/lengliang/lzy/sj_3d/results/4_hicexplorer/5_hicFindTADs/250000/sjap_250000_corrected.bed
    wildcards: resolution=250000, sample=sjap
    threads: 24
    resources: mem_mb=1000, disk_mb=4191800, tmpdir=/home/lengliang/lzy/tmp/3d/


~/lzy/mambaforge/bin/hicFindTADs --correctForMultipleTesting fdr -m  /home/lengliang/lzy/sj_3d/results/4_hicexplorer/3_hicCorrectMatrix/250000/sjap_250000_corrected.h5  --outPrefix /home/lengliang/lzy/sj_3d/results/4_hicexplorer/5_hicFindTADs/250000/sjap_250000_corrected --numberOfProcessors 24 

Submitted job 8 with external jobid '10032.mu01'.

[Tue Jan 17 11:22:21 2023]
rule hicFindTADs:
    input: /home/lengliang/lzy/sj_3d/results/4_hicexplorer/3_hicCorrectMatrix/300000/syun_300000_corrected.h5
    output: /home/lengliang/lzy/sj_3d/results/4_hicexplorer/5_hicFindTADs/300000/syun_300000_corrected.bed
    jobid: 24
    reason: Missing output files: /home/lengliang/lzy/sj_3d/results/4_hicexplorer/5_hicFindTADs/300000/syun_300000_corrected.bed
    wildcards: resolution=300000, sample=syun
    threads: 24
    resources: mem_mb=1000, disk_mb=4191800, tmpdir=/home/lengliang/lzy/tmp/3d/


~/lzy/mambaforge/bin/hicFindTADs --correctForMultipleTesting fdr -m  /home/lengliang/lzy/sj_3d/results/4_hicexplorer/3_hicCorrectMatrix/300000/syun_300000_corrected.h5  --outPrefix /home/lengliang/lzy/sj_3d/results/4_hicexplorer/5_hicFindTADs/300000/syun_300000_corrected --numberOfProcessors 24 

Submitted job 24 with external jobid '10033.mu01'.
[Tue Jan 17 11:22:50 2023]
Error in rule hicFindTADs:
    jobid: 17
    output: /home/lengliang/lzy/sj_3d/results/4_hicexplorer/5_hicFindTADs/250000/scep_250000_corrected.bed
    shell:
        
~/lzy/mambaforge/bin/hicFindTADs --correctForMultipleTesting fdr -m  /home/lengliang/lzy/sj_3d/results/4_hicexplorer/3_hicCorrectMatrix/250000/scep_250000_corrected.h5  --outPrefix /home/lengliang/lzy/sj_3d/results/4_hicexplorer/5_hicFindTADs/250000/scep_250000_corrected --numberOfProcessors 24 

        (one of the commands exited with non-zero exit code; note that snakemake uses bash strict mode!)
    cluster_jobid: 10025.mu01

Error executing rule hicFindTADs on cluster (jobid: 17, external: 10025.mu01, jobscript: /home/lengliang/lzy/sj_3d/script/4_hicexplorer/.snakemake/tmp.3hnuh1wl/snakejob.hicFindTADs.17.sh). For error details see the cluster log and the log files of the involved rule(s).
[Tue Jan 17 11:22:50 2023]
Error in rule hicFindTADs:
    jobid: 23
    output: /home/lengliang/lzy/sj_3d/results/4_hicexplorer/5_hicFindTADs/500000/syun_500000_corrected.bed
    shell:
        
~/lzy/mambaforge/bin/hicFindTADs --correctForMultipleTesting fdr -m  /home/lengliang/lzy/sj_3d/results/4_hicexplorer/3_hicCorrectMatrix/500000/syun_500000_corrected.h5  --outPrefix /home/lengliang/lzy/sj_3d/results/4_hicexplorer/5_hicFindTADs/500000/syun_500000_corrected --numberOfProcessors 24 

        (one of the commands exited with non-zero exit code; note that snakemake uses bash strict mode!)
    cluster_jobid: 10027.mu01

Error executing rule hicFindTADs on cluster (jobid: 23, external: 10027.mu01, jobscript: /home/lengliang/lzy/sj_3d/script/4_hicexplorer/.snakemake/tmp.3hnuh1wl/snakejob.hicFindTADs.23.sh). For error details see the cluster log and the log files of the involved rule(s).
[Tue Jan 17 11:22:50 2023]
Error in rule hicFindTADs:
    jobid: 10
    output: /home/lengliang/lzy/sj_3d/results/4_hicexplorer/5_hicFindTADs/100000/scep_100000_corrected.bed
    shell:
        
~/lzy/mambaforge/bin/hicFindTADs --correctForMultipleTesting fdr -m  /home/lengliang/lzy/sj_3d/results/4_hicexplorer/3_hicCorrectMatrix/100000/scep_100000_corrected.h5  --outPrefix /home/lengliang/lzy/sj_3d/results/4_hicexplorer/5_hicFindTADs/100000/scep_100000_corrected --numberOfProcessors 24 

        (one of the commands exited with non-zero exit code; note that snakemake uses bash strict mode!)
    cluster_jobid: 10028.mu01

Error executing rule hicFindTADs on cluster (jobid: 10, external: 10028.mu01, jobscript: /home/lengliang/lzy/sj_3d/script/4_hicexplorer/.snakemake/tmp.3hnuh1wl/snakejob.hicFindTADs.10.sh). For error details see the cluster log and the log files of the involved rule(s).
[Tue Jan 17 11:22:50 2023]
Error in rule hicFindTADs:
    jobid: 27
    output: /home/lengliang/lzy/sj_3d/results/4_hicexplorer/5_hicFindTADs/50000/syun_50000_corrected.bed
    shell:
        
~/lzy/mambaforge/bin/hicFindTADs --correctForMultipleTesting fdr -m  /home/lengliang/lzy/sj_3d/results/4_hicexplorer/3_hicCorrectMatrix/50000/syun_50000_corrected.h5  --outPrefix /home/lengliang/lzy/sj_3d/results/4_hicexplorer/5_hicFindTADs/50000/syun_50000_corrected --numberOfProcessors 24 

        (one of the commands exited with non-zero exit code; note that snakemake uses bash strict mode!)
    cluster_jobid: 10029.mu01

Error executing rule hicFindTADs on cluster (jobid: 27, external: 10029.mu01, jobscript: /home/lengliang/lzy/sj_3d/script/4_hicexplorer/.snakemake/tmp.3hnuh1wl/snakejob.hicFindTADs.27.sh). For error details see the cluster log and the log files of the involved rule(s).
[Tue Jan 17 11:22:50 2023]
Error in rule hicFindTADs:
    jobid: 8
    output: /home/lengliang/lzy/sj_3d/results/4_hicexplorer/5_hicFindTADs/250000/sjap_250000_corrected.bed
    shell:
        
~/lzy/mambaforge/bin/hicFindTADs --correctForMultipleTesting fdr -m  /home/lengliang/lzy/sj_3d/results/4_hicexplorer/3_hicCorrectMatrix/250000/sjap_250000_corrected.h5  --outPrefix /home/lengliang/lzy/sj_3d/results/4_hicexplorer/5_hicFindTADs/250000/sjap_250000_corrected --numberOfProcessors 24 

        (one of the commands exited with non-zero exit code; note that snakemake uses bash strict mode!)
    cluster_jobid: 10032.mu01

Error executing rule hicFindTADs on cluster (jobid: 8, external: 10032.mu01, jobscript: /home/lengliang/lzy/sj_3d/script/4_hicexplorer/.snakemake/tmp.3hnuh1wl/snakejob.hicFindTADs.8.sh). For error details see the cluster log and the log files of the involved rule(s).
[Tue Jan 17 11:22:50 2023]
Error in rule hicFindTADs:
    jobid: 24
    output: /home/lengliang/lzy/sj_3d/results/4_hicexplorer/5_hicFindTADs/300000/syun_300000_corrected.bed
    shell:
        
~/lzy/mambaforge/bin/hicFindTADs --correctForMultipleTesting fdr -m  /home/lengliang/lzy/sj_3d/results/4_hicexplorer/3_hicCorrectMatrix/300000/syun_300000_corrected.h5  --outPrefix /home/lengliang/lzy/sj_3d/results/4_hicexplorer/5_hicFindTADs/300000/syun_300000_corrected --numberOfProcessors 24 

        (one of the commands exited with non-zero exit code; note that snakemake uses bash strict mode!)
    cluster_jobid: 10033.mu01

Error executing rule hicFindTADs on cluster (jobid: 24, external: 10033.mu01, jobscript: /home/lengliang/lzy/sj_3d/script/4_hicexplorer/.snakemake/tmp.3hnuh1wl/snakejob.hicFindTADs.24.sh). For error details see the cluster log and the log files of the involved rule(s).
[Tue Jan 17 11:23:01 2023]
Error in rule hicFindTADs:
    jobid: 2
    output: /home/lengliang/lzy/sj_3d/results/4_hicexplorer/5_hicFindTADs/40000/sjap_40000_corrected.bed
    shell:
        
~/lzy/mambaforge/bin/hicFindTADs --correctForMultipleTesting fdr -m  /home/lengliang/lzy/sj_3d/results/4_hicexplorer/3_hicCorrectMatrix/40000/sjap_40000_corrected.h5  --outPrefix /home/lengliang/lzy/sj_3d/results/4_hicexplorer/5_hicFindTADs/40000/sjap_40000_corrected --numberOfProcessors 24 

        (one of the commands exited with non-zero exit code; note that snakemake uses bash strict mode!)
    cluster_jobid: 10031.mu01

Error executing rule hicFindTADs on cluster (jobid: 2, external: 10031.mu01, jobscript: /home/lengliang/lzy/sj_3d/script/4_hicexplorer/.snakemake/tmp.3hnuh1wl/snakejob.hicFindTADs.2.sh). For error details see the cluster log and the log files of the involved rule(s).
[Tue Jan 17 11:23:31 2023]
Error in rule hicFindTADs:
    jobid: 3
    output: /home/lengliang/lzy/sj_3d/results/4_hicexplorer/5_hicFindTADs/10000/sjap_10000_corrected.bed
    shell:
        
~/lzy/mambaforge/bin/hicFindTADs --correctForMultipleTesting fdr -m  /home/lengliang/lzy/sj_3d/results/4_hicexplorer/3_hicCorrectMatrix/10000/sjap_10000_corrected.h5  --outPrefix /home/lengliang/lzy/sj_3d/results/4_hicexplorer/5_hicFindTADs/10000/sjap_10000_corrected --numberOfProcessors 24 

        (one of the commands exited with non-zero exit code; note that snakemake uses bash strict mode!)
    cluster_jobid: 10024.mu01

Error executing rule hicFindTADs on cluster (jobid: 3, external: 10024.mu01, jobscript: /home/lengliang/lzy/sj_3d/script/4_hicexplorer/.snakemake/tmp.3hnuh1wl/snakejob.hicFindTADs.3.sh). For error details see the cluster log and the log files of the involved rule(s).
[Tue Jan 17 11:23:41 2023]
Error in rule hicFindTADs:
    jobid: 21
    output: /home/lengliang/lzy/sj_3d/results/4_hicexplorer/5_hicFindTADs/10000/syun_10000_corrected.bed
    shell:
        
~/lzy/mambaforge/bin/hicFindTADs --correctForMultipleTesting fdr -m  /home/lengliang/lzy/sj_3d/results/4_hicexplorer/3_hicCorrectMatrix/10000/syun_10000_corrected.h5  --outPrefix /home/lengliang/lzy/sj_3d/results/4_hicexplorer/5_hicFindTADs/10000/syun_10000_corrected --numberOfProcessors 24 

        (one of the commands exited with non-zero exit code; note that snakemake uses bash strict mode!)
    cluster_jobid: 10026.mu01

Error executing rule hicFindTADs on cluster (jobid: 21, external: 10026.mu01, jobscript: /home/lengliang/lzy/sj_3d/script/4_hicexplorer/.snakemake/tmp.3hnuh1wl/snakejob.hicFindTADs.21.sh). For error details see the cluster log and the log files of the involved rule(s).
Terminating processes on user request, this might take some time.
1 out of 1 calls to --cluster-cancel failed.  This is safe to ignore in most cases.
Complete log: .snakemake/log/2023-01-17T112217.679968.snakemake.log
