Building DAG of jobs...
Using shell: /usr/bin/bash
Provided cluster nodes: 20
Job stats:
job          count    min threads    max threads
---------  -------  -------------  -------------
all              1              1              1
hicFindAB       16             24             24
total           17              1             24

Select jobs to execute...

[Tue Jan 17 12:33:23 2023]
rule hicFindAB:
    input: /home/lengliang/lzy/sj_3d/results/4_hicexplorer/3_hicCorrectMatrix/300000/scep_300000_corrected.h5
    output: /home/lengliang/lzy/sj_3d/results/4_hicexplorer/6_hicFindAB/300000/scep_300000_pca1.bw, /home/lengliang/lzy/sj_3d/results/4_hicexplorer/6_hicFindAB/300000/scep_300000_pca1.bedgraph, /home/lengliang/lzy/sj_3d/results/4_hicexplorer/6_hicFindAB/300000/scep_300000_pca2.bw, /home/lengliang/lzy/sj_3d/results/4_hicexplorer/6_hicFindAB/300000/scep_300000_pca2.bedgraph, /home/lengliang/lzy/sj_3d/results/4_hicexplorer/6_hicFindAB/300000/scep_300000_pearson.h5, /home/lengliang/lzy/sj_3d/results/4_hicexplorer/6_hicFindAB/300000/scep_300000_obsexp.h5, /home/lengliang/lzy/sj_3d/results/4_hicexplorer/6_hicFindAB/300000/scep_300000_hicCompartmentalization.pdf
    jobid: 15
    reason: Missing output files: /home/lengliang/lzy/sj_3d/results/4_hicexplorer/6_hicFindAB/300000/scep_300000_pca1.bw, /home/lengliang/lzy/sj_3d/results/4_hicexplorer/6_hicFindAB/300000/scep_300000_pearson.h5
    wildcards: resolution=300000, sample=scep
    threads: 24
    resources: mem_mb=1000, disk_mb=4191800, tmpdir=/home/lengliang/lzy/tmp/3d/


~/lzy/mambaforge/bin/hicPCA -m /home/lengliang/lzy/sj_3d/results/4_hicexplorer/3_hicCorrectMatrix/300000/scep_300000_corrected.h5 -we 1 2 --outputFileName /home/lengliang/lzy/sj_3d/results/4_hicexplorer/6_hicFindAB/300000/scep_300000_pca1.bw /home/lengliang/lzy/sj_3d/results/4_hicexplorer/6_hicFindAB/300000/scep_300000_pca2.bw --format bigwig  --obsexpMatrix /home/lengliang/lzy/sj_3d/results/4_hicexplorer/6_hicFindAB/300000/scep_300000_obsexp.h5 --pearsonMatrix /home/lengliang/lzy/sj_3d/results/4_hicexplorer/6_hicFindAB/300000/scep_300000_pearson.h5  
/home/lengliang/lzy/soft/bigWigToBedGraph /home/lengliang/lzy/sj_3d/results/4_hicexplorer/6_hicFindAB/300000/scep_300000_pca1.bw /home/lengliang/lzy/sj_3d/results/4_hicexplorer/6_hicFindAB/300000/scep_300000_pca1.bedgraph 
/home/lengliang/lzy/soft/bigWigToBedGraph /home/lengliang/lzy/sj_3d/results/4_hicexplorer/6_hicFindAB/300000/scep_300000_pca2.bw /home/lengliang/lzy/sj_3d/results/4_hicexplorer/6_hicFindAB/300000/scep_300000_pca2.bedgraph 
~/lzy/mambaforge/bin/hicCompartmentalization --obsexp_matrices /home/lengliang/lzy/sj_3d/results/4_hicexplorer/6_hicFindAB/300000/scep_300000_obsexp.h5 --pca  /home/lengliang/lzy/sj_3d/results/4_hicexplorer/6_hicFindAB/300000/scep_300000_pca1.bedgraph  -o  /home/lengliang/lzy/sj_3d/results/4_hicexplorer/6_hicFindAB/300000/scep_300000_hicCompartmentalization.pdf  

Submitted job 15 with external jobid '10096.mu01'.

[Tue Jan 17 12:33:25 2023]
rule hicFindAB:
    input: /home/lengliang/lzy/sj_3d/results/4_hicexplorer/3_hicCorrectMatrix/10000/sjap_10000_corrected.h5
    output: /home/lengliang/lzy/sj_3d/results/4_hicexplorer/6_hicFindAB/10000/sjap_10000_pca1.bw, /home/lengliang/lzy/sj_3d/results/4_hicexplorer/6_hicFindAB/10000/sjap_10000_pca1.bedgraph, /home/lengliang/lzy/sj_3d/results/4_hicexplorer/6_hicFindAB/10000/sjap_10000_pca2.bw, /home/lengliang/lzy/sj_3d/results/4_hicexplorer/6_hicFindAB/10000/sjap_10000_pca2.bedgraph, /home/lengliang/lzy/sj_3d/results/4_hicexplorer/6_hicFindAB/10000/sjap_10000_pearson.h5, /home/lengliang/lzy/sj_3d/results/4_hicexplorer/6_hicFindAB/10000/sjap_10000_obsexp.h5, /home/lengliang/lzy/sj_3d/results/4_hicexplorer/6_hicFindAB/10000/sjap_10000_hicCompartmentalization.pdf
    jobid: 3
    reason: Missing output files: /home/lengliang/lzy/sj_3d/results/4_hicexplorer/6_hicFindAB/10000/sjap_10000_pca1.bw, /home/lengliang/lzy/sj_3d/results/4_hicexplorer/6_hicFindAB/10000/sjap_10000_pearson.h5
    wildcards: resolution=10000, sample=sjap
    threads: 24
    resources: mem_mb=1000, disk_mb=4191800, tmpdir=/home/lengliang/lzy/tmp/3d/


~/lzy/mambaforge/bin/hicPCA -m /home/lengliang/lzy/sj_3d/results/4_hicexplorer/3_hicCorrectMatrix/10000/sjap_10000_corrected.h5 -we 1 2 --outputFileName /home/lengliang/lzy/sj_3d/results/4_hicexplorer/6_hicFindAB/10000/sjap_10000_pca1.bw /home/lengliang/lzy/sj_3d/results/4_hicexplorer/6_hicFindAB/10000/sjap_10000_pca2.bw --format bigwig  --obsexpMatrix /home/lengliang/lzy/sj_3d/results/4_hicexplorer/6_hicFindAB/10000/sjap_10000_obsexp.h5 --pearsonMatrix /home/lengliang/lzy/sj_3d/results/4_hicexplorer/6_hicFindAB/10000/sjap_10000_pearson.h5  
/home/lengliang/lzy/soft/bigWigToBedGraph /home/lengliang/lzy/sj_3d/results/4_hicexplorer/6_hicFindAB/10000/sjap_10000_pca1.bw /home/lengliang/lzy/sj_3d/results/4_hicexplorer/6_hicFindAB/10000/sjap_10000_pca1.bedgraph 
/home/lengliang/lzy/soft/bigWigToBedGraph /home/lengliang/lzy/sj_3d/results/4_hicexplorer/6_hicFindAB/10000/sjap_10000_pca2.bw /home/lengliang/lzy/sj_3d/results/4_hicexplorer/6_hicFindAB/10000/sjap_10000_pca2.bedgraph 
~/lzy/mambaforge/bin/hicCompartmentalization --obsexp_matrices /home/lengliang/lzy/sj_3d/results/4_hicexplorer/6_hicFindAB/10000/sjap_10000_obsexp.h5 --pca  /home/lengliang/lzy/sj_3d/results/4_hicexplorer/6_hicFindAB/10000/sjap_10000_pca1.bedgraph  -o  /home/lengliang/lzy/sj_3d/results/4_hicexplorer/6_hicFindAB/10000/sjap_10000_hicCompartmentalization.pdf  

Submitted job 3 with external jobid '10097.mu01'.

[Tue Jan 17 12:33:26 2023]
rule hicFindAB:
    input: /home/lengliang/lzy/sj_3d/results/4_hicexplorer/3_hicCorrectMatrix/10000/syun_10000_corrected.h5
    output: /home/lengliang/lzy/sj_3d/results/4_hicexplorer/6_hicFindAB/10000/syun_10000_pca1.bw, /home/lengliang/lzy/sj_3d/results/4_hicexplorer/6_hicFindAB/10000/syun_10000_pca1.bedgraph, /home/lengliang/lzy/sj_3d/results/4_hicexplorer/6_hicFindAB/10000/syun_10000_pca2.bw, /home/lengliang/lzy/sj_3d/results/4_hicexplorer/6_hicFindAB/10000/syun_10000_pca2.bedgraph, /home/lengliang/lzy/sj_3d/results/4_hicexplorer/6_hicFindAB/10000/syun_10000_pearson.h5, /home/lengliang/lzy/sj_3d/results/4_hicexplorer/6_hicFindAB/10000/syun_10000_obsexp.h5, /home/lengliang/lzy/sj_3d/results/4_hicexplorer/6_hicFindAB/10000/syun_10000_hicCompartmentalization.pdf
    jobid: 21
    reason: Missing output files: /home/lengliang/lzy/sj_3d/results/4_hicexplorer/6_hicFindAB/10000/syun_10000_pca1.bw, /home/lengliang/lzy/sj_3d/results/4_hicexplorer/6_hicFindAB/10000/syun_10000_pearson.h5
    wildcards: resolution=10000, sample=syun
    threads: 24
    resources: mem_mb=1000, disk_mb=4191800, tmpdir=/home/lengliang/lzy/tmp/3d/


~/lzy/mambaforge/bin/hicPCA -m /home/lengliang/lzy/sj_3d/results/4_hicexplorer/3_hicCorrectMatrix/10000/syun_10000_corrected.h5 -we 1 2 --outputFileName /home/lengliang/lzy/sj_3d/results/4_hicexplorer/6_hicFindAB/10000/syun_10000_pca1.bw /home/lengliang/lzy/sj_3d/results/4_hicexplorer/6_hicFindAB/10000/syun_10000_pca2.bw --format bigwig  --obsexpMatrix /home/lengliang/lzy/sj_3d/results/4_hicexplorer/6_hicFindAB/10000/syun_10000_obsexp.h5 --pearsonMatrix /home/lengliang/lzy/sj_3d/results/4_hicexplorer/6_hicFindAB/10000/syun_10000_pearson.h5  
/home/lengliang/lzy/soft/bigWigToBedGraph /home/lengliang/lzy/sj_3d/results/4_hicexplorer/6_hicFindAB/10000/syun_10000_pca1.bw /home/lengliang/lzy/sj_3d/results/4_hicexplorer/6_hicFindAB/10000/syun_10000_pca1.bedgraph 
/home/lengliang/lzy/soft/bigWigToBedGraph /home/lengliang/lzy/sj_3d/results/4_hicexplorer/6_hicFindAB/10000/syun_10000_pca2.bw /home/lengliang/lzy/sj_3d/results/4_hicexplorer/6_hicFindAB/10000/syun_10000_pca2.bedgraph 
~/lzy/mambaforge/bin/hicCompartmentalization --obsexp_matrices /home/lengliang/lzy/sj_3d/results/4_hicexplorer/6_hicFindAB/10000/syun_10000_obsexp.h5 --pca  /home/lengliang/lzy/sj_3d/results/4_hicexplorer/6_hicFindAB/10000/syun_10000_pca1.bedgraph  -o  /home/lengliang/lzy/sj_3d/results/4_hicexplorer/6_hicFindAB/10000/syun_10000_hicCompartmentalization.pdf  

Submitted job 21 with external jobid '10098.mu01'.

[Tue Jan 17 12:33:26 2023]
rule hicFindAB:
    input: /home/lengliang/lzy/sj_3d/results/4_hicexplorer/3_hicCorrectMatrix/5000/sjap_5000_corrected.h5
    output: /home/lengliang/lzy/sj_3d/results/4_hicexplorer/6_hicFindAB/5000/sjap_5000_pca1.bw, /home/lengliang/lzy/sj_3d/results/4_hicexplorer/6_hicFindAB/5000/sjap_5000_pca1.bedgraph, /home/lengliang/lzy/sj_3d/results/4_hicexplorer/6_hicFindAB/5000/sjap_5000_pca2.bw, /home/lengliang/lzy/sj_3d/results/4_hicexplorer/6_hicFindAB/5000/sjap_5000_pca2.bedgraph, /home/lengliang/lzy/sj_3d/results/4_hicexplorer/6_hicFindAB/5000/sjap_5000_pearson.h5, /home/lengliang/lzy/sj_3d/results/4_hicexplorer/6_hicFindAB/5000/sjap_5000_obsexp.h5, /home/lengliang/lzy/sj_3d/results/4_hicexplorer/6_hicFindAB/5000/sjap_5000_hicCompartmentalization.pdf
    jobid: 7
    reason: Missing output files: /home/lengliang/lzy/sj_3d/results/4_hicexplorer/6_hicFindAB/5000/sjap_5000_pca1.bw, /home/lengliang/lzy/sj_3d/results/4_hicexplorer/6_hicFindAB/5000/sjap_5000_pearson.h5
    wildcards: resolution=5000, sample=sjap
    threads: 24
    resources: mem_mb=1103, disk_mb=4191800, tmpdir=/home/lengliang/lzy/tmp/3d/


~/lzy/mambaforge/bin/hicPCA -m /home/lengliang/lzy/sj_3d/results/4_hicexplorer/3_hicCorrectMatrix/5000/sjap_5000_corrected.h5 -we 1 2 --outputFileName /home/lengliang/lzy/sj_3d/results/4_hicexplorer/6_hicFindAB/5000/sjap_5000_pca1.bw /home/lengliang/lzy/sj_3d/results/4_hicexplorer/6_hicFindAB/5000/sjap_5000_pca2.bw --format bigwig  --obsexpMatrix /home/lengliang/lzy/sj_3d/results/4_hicexplorer/6_hicFindAB/5000/sjap_5000_obsexp.h5 --pearsonMatrix /home/lengliang/lzy/sj_3d/results/4_hicexplorer/6_hicFindAB/5000/sjap_5000_pearson.h5  
/home/lengliang/lzy/soft/bigWigToBedGraph /home/lengliang/lzy/sj_3d/results/4_hicexplorer/6_hicFindAB/5000/sjap_5000_pca1.bw /home/lengliang/lzy/sj_3d/results/4_hicexplorer/6_hicFindAB/5000/sjap_5000_pca1.bedgraph 
/home/lengliang/lzy/soft/bigWigToBedGraph /home/lengliang/lzy/sj_3d/results/4_hicexplorer/6_hicFindAB/5000/sjap_5000_pca2.bw /home/lengliang/lzy/sj_3d/results/4_hicexplorer/6_hicFindAB/5000/sjap_5000_pca2.bedgraph 
~/lzy/mambaforge/bin/hicCompartmentalization --obsexp_matrices /home/lengliang/lzy/sj_3d/results/4_hicexplorer/6_hicFindAB/5000/sjap_5000_obsexp.h5 --pca  /home/lengliang/lzy/sj_3d/results/4_hicexplorer/6_hicFindAB/5000/sjap_5000_pca1.bedgraph  -o  /home/lengliang/lzy/sj_3d/results/4_hicexplorer/6_hicFindAB/5000/sjap_5000_hicCompartmentalization.pdf  

Submitted job 7 with external jobid '10099.mu01'.

[Tue Jan 17 12:33:26 2023]
rule hicFindAB:
    input: /home/lengliang/lzy/sj_3d/results/4_hicexplorer/3_hicCorrectMatrix/50000/sjap_50000_corrected.h5
    output: /home/lengliang/lzy/sj_3d/results/4_hicexplorer/6_hicFindAB/50000/sjap_50000_pca1.bw, /home/lengliang/lzy/sj_3d/results/4_hicexplorer/6_hicFindAB/50000/sjap_50000_pca1.bedgraph, /home/lengliang/lzy/sj_3d/results/4_hicexplorer/6_hicFindAB/50000/sjap_50000_pca2.bw, /home/lengliang/lzy/sj_3d/results/4_hicexplorer/6_hicFindAB/50000/sjap_50000_pca2.bedgraph, /home/lengliang/lzy/sj_3d/results/4_hicexplorer/6_hicFindAB/50000/sjap_50000_pearson.h5, /home/lengliang/lzy/sj_3d/results/4_hicexplorer/6_hicFindAB/50000/sjap_50000_obsexp.h5, /home/lengliang/lzy/sj_3d/results/4_hicexplorer/6_hicFindAB/50000/sjap_50000_hicCompartmentalization.pdf
    jobid: 9
    reason: Missing output files: /home/lengliang/lzy/sj_3d/results/4_hicexplorer/6_hicFindAB/50000/sjap_50000_pca1.bw, /home/lengliang/lzy/sj_3d/results/4_hicexplorer/6_hicFindAB/50000/sjap_50000_pearson.h5
    wildcards: resolution=50000, sample=sjap
    threads: 24
    resources: mem_mb=1000, disk_mb=4191800, tmpdir=/home/lengliang/lzy/tmp/3d/


~/lzy/mambaforge/bin/hicPCA -m /home/lengliang/lzy/sj_3d/results/4_hicexplorer/3_hicCorrectMatrix/50000/sjap_50000_corrected.h5 -we 1 2 --outputFileName /home/lengliang/lzy/sj_3d/results/4_hicexplorer/6_hicFindAB/50000/sjap_50000_pca1.bw /home/lengliang/lzy/sj_3d/results/4_hicexplorer/6_hicFindAB/50000/sjap_50000_pca2.bw --format bigwig  --obsexpMatrix /home/lengliang/lzy/sj_3d/results/4_hicexplorer/6_hicFindAB/50000/sjap_50000_obsexp.h5 --pearsonMatrix /home/lengliang/lzy/sj_3d/results/4_hicexplorer/6_hicFindAB/50000/sjap_50000_pearson.h5  
/home/lengliang/lzy/soft/bigWigToBedGraph /home/lengliang/lzy/sj_3d/results/4_hicexplorer/6_hicFindAB/50000/sjap_50000_pca1.bw /home/lengliang/lzy/sj_3d/results/4_hicexplorer/6_hicFindAB/50000/sjap_50000_pca1.bedgraph 
/home/lengliang/lzy/soft/bigWigToBedGraph /home/lengliang/lzy/sj_3d/results/4_hicexplorer/6_hicFindAB/50000/sjap_50000_pca2.bw /home/lengliang/lzy/sj_3d/results/4_hicexplorer/6_hicFindAB/50000/sjap_50000_pca2.bedgraph 
~/lzy/mambaforge/bin/hicCompartmentalization --obsexp_matrices /home/lengliang/lzy/sj_3d/results/4_hicexplorer/6_hicFindAB/50000/sjap_50000_obsexp.h5 --pca  /home/lengliang/lzy/sj_3d/results/4_hicexplorer/6_hicFindAB/50000/sjap_50000_pca1.bedgraph  -o  /home/lengliang/lzy/sj_3d/results/4_hicexplorer/6_hicFindAB/50000/sjap_50000_hicCompartmentalization.pdf  

Submitted job 9 with external jobid '10100.mu01'.

[Tue Jan 17 12:33:26 2023]
rule hicFindAB:
    input: /home/lengliang/lzy/sj_3d/results/4_hicexplorer/3_hicCorrectMatrix/40000/scep_40000_corrected.h5
    output: /home/lengliang/lzy/sj_3d/results/4_hicexplorer/6_hicFindAB/40000/scep_40000_pca1.bw, /home/lengliang/lzy/sj_3d/results/4_hicexplorer/6_hicFindAB/40000/scep_40000_pca1.bedgraph, /home/lengliang/lzy/sj_3d/results/4_hicexplorer/6_hicFindAB/40000/scep_40000_pca2.bw, /home/lengliang/lzy/sj_3d/results/4_hicexplorer/6_hicFindAB/40000/scep_40000_pca2.bedgraph, /home/lengliang/lzy/sj_3d/results/4_hicexplorer/6_hicFindAB/40000/scep_40000_pearson.h5, /home/lengliang/lzy/sj_3d/results/4_hicexplorer/6_hicFindAB/40000/scep_40000_obsexp.h5, /home/lengliang/lzy/sj_3d/results/4_hicexplorer/6_hicFindAB/40000/scep_40000_hicCompartmentalization.pdf
    jobid: 11
    reason: Missing output files: /home/lengliang/lzy/sj_3d/results/4_hicexplorer/6_hicFindAB/40000/scep_40000_pca1.bw, /home/lengliang/lzy/sj_3d/results/4_hicexplorer/6_hicFindAB/40000/scep_40000_pearson.h5
    wildcards: resolution=40000, sample=scep
    threads: 24
    resources: mem_mb=1000, disk_mb=4191800, tmpdir=/home/lengliang/lzy/tmp/3d/


~/lzy/mambaforge/bin/hicPCA -m /home/lengliang/lzy/sj_3d/results/4_hicexplorer/3_hicCorrectMatrix/40000/scep_40000_corrected.h5 -we 1 2 --outputFileName /home/lengliang/lzy/sj_3d/results/4_hicexplorer/6_hicFindAB/40000/scep_40000_pca1.bw /home/lengliang/lzy/sj_3d/results/4_hicexplorer/6_hicFindAB/40000/scep_40000_pca2.bw --format bigwig  --obsexpMatrix /home/lengliang/lzy/sj_3d/results/4_hicexplorer/6_hicFindAB/40000/scep_40000_obsexp.h5 --pearsonMatrix /home/lengliang/lzy/sj_3d/results/4_hicexplorer/6_hicFindAB/40000/scep_40000_pearson.h5  
/home/lengliang/lzy/soft/bigWigToBedGraph /home/lengliang/lzy/sj_3d/results/4_hicexplorer/6_hicFindAB/40000/scep_40000_pca1.bw /home/lengliang/lzy/sj_3d/results/4_hicexplorer/6_hicFindAB/40000/scep_40000_pca1.bedgraph 
/home/lengliang/lzy/soft/bigWigToBedGraph /home/lengliang/lzy/sj_3d/results/4_hicexplorer/6_hicFindAB/40000/scep_40000_pca2.bw /home/lengliang/lzy/sj_3d/results/4_hicexplorer/6_hicFindAB/40000/scep_40000_pca2.bedgraph 
~/lzy/mambaforge/bin/hicCompartmentalization --obsexp_matrices /home/lengliang/lzy/sj_3d/results/4_hicexplorer/6_hicFindAB/40000/scep_40000_obsexp.h5 --pca  /home/lengliang/lzy/sj_3d/results/4_hicexplorer/6_hicFindAB/40000/scep_40000_pca1.bedgraph  -o  /home/lengliang/lzy/sj_3d/results/4_hicexplorer/6_hicFindAB/40000/scep_40000_hicCompartmentalization.pdf  

Submitted job 11 with external jobid '10101.mu01'.

[Tue Jan 17 12:33:26 2023]
rule hicFindAB:
    input: /home/lengliang/lzy/sj_3d/results/4_hicexplorer/3_hicCorrectMatrix/5000/syun_5000_corrected.h5
    output: /home/lengliang/lzy/sj_3d/results/4_hicexplorer/6_hicFindAB/5000/syun_5000_pca1.bw, /home/lengliang/lzy/sj_3d/results/4_hicexplorer/6_hicFindAB/5000/syun_5000_pca1.bedgraph, /home/lengliang/lzy/sj_3d/results/4_hicexplorer/6_hicFindAB/5000/syun_5000_pca2.bw, /home/lengliang/lzy/sj_3d/results/4_hicexplorer/6_hicFindAB/5000/syun_5000_pca2.bedgraph, /home/lengliang/lzy/sj_3d/results/4_hicexplorer/6_hicFindAB/5000/syun_5000_pearson.h5, /home/lengliang/lzy/sj_3d/results/4_hicexplorer/6_hicFindAB/5000/syun_5000_obsexp.h5, /home/lengliang/lzy/sj_3d/results/4_hicexplorer/6_hicFindAB/5000/syun_5000_hicCompartmentalization.pdf
    jobid: 25
    reason: Missing output files: /home/lengliang/lzy/sj_3d/results/4_hicexplorer/6_hicFindAB/5000/syun_5000_pearson.h5, /home/lengliang/lzy/sj_3d/results/4_hicexplorer/6_hicFindAB/5000/syun_5000_pca1.bw
    wildcards: resolution=5000, sample=syun
    threads: 24
    resources: mem_mb=1000, disk_mb=4191800, tmpdir=/home/lengliang/lzy/tmp/3d/


~/lzy/mambaforge/bin/hicPCA -m /home/lengliang/lzy/sj_3d/results/4_hicexplorer/3_hicCorrectMatrix/5000/syun_5000_corrected.h5 -we 1 2 --outputFileName /home/lengliang/lzy/sj_3d/results/4_hicexplorer/6_hicFindAB/5000/syun_5000_pca1.bw /home/lengliang/lzy/sj_3d/results/4_hicexplorer/6_hicFindAB/5000/syun_5000_pca2.bw --format bigwig  --obsexpMatrix /home/lengliang/lzy/sj_3d/results/4_hicexplorer/6_hicFindAB/5000/syun_5000_obsexp.h5 --pearsonMatrix /home/lengliang/lzy/sj_3d/results/4_hicexplorer/6_hicFindAB/5000/syun_5000_pearson.h5  
/home/lengliang/lzy/soft/bigWigToBedGraph /home/lengliang/lzy/sj_3d/results/4_hicexplorer/6_hicFindAB/5000/syun_5000_pca1.bw /home/lengliang/lzy/sj_3d/results/4_hicexplorer/6_hicFindAB/5000/syun_5000_pca1.bedgraph 
/home/lengliang/lzy/soft/bigWigToBedGraph /home/lengliang/lzy/sj_3d/results/4_hicexplorer/6_hicFindAB/5000/syun_5000_pca2.bw /home/lengliang/lzy/sj_3d/results/4_hicexplorer/6_hicFindAB/5000/syun_5000_pca2.bedgraph 
~/lzy/mambaforge/bin/hicCompartmentalization --obsexp_matrices /home/lengliang/lzy/sj_3d/results/4_hicexplorer/6_hicFindAB/5000/syun_5000_obsexp.h5 --pca  /home/lengliang/lzy/sj_3d/results/4_hicexplorer/6_hicFindAB/5000/syun_5000_pca1.bedgraph  -o  /home/lengliang/lzy/sj_3d/results/4_hicexplorer/6_hicFindAB/5000/syun_5000_hicCompartmentalization.pdf  

Submitted job 25 with external jobid '10102.mu01'.

[Tue Jan 17 12:33:26 2023]
rule hicFindAB:
    input: /home/lengliang/lzy/sj_3d/results/4_hicexplorer/3_hicCorrectMatrix/25000/scep_25000_corrected.h5
    output: /home/lengliang/lzy/sj_3d/results/4_hicexplorer/6_hicFindAB/25000/scep_25000_pca1.bw, /home/lengliang/lzy/sj_3d/results/4_hicexplorer/6_hicFindAB/25000/scep_25000_pca1.bedgraph, /home/lengliang/lzy/sj_3d/results/4_hicexplorer/6_hicFindAB/25000/scep_25000_pca2.bw, /home/lengliang/lzy/sj_3d/results/4_hicexplorer/6_hicFindAB/25000/scep_25000_pca2.bedgraph, /home/lengliang/lzy/sj_3d/results/4_hicexplorer/6_hicFindAB/25000/scep_25000_pearson.h5, /home/lengliang/lzy/sj_3d/results/4_hicexplorer/6_hicFindAB/25000/scep_25000_obsexp.h5, /home/lengliang/lzy/sj_3d/results/4_hicexplorer/6_hicFindAB/25000/scep_25000_hicCompartmentalization.pdf
    jobid: 13
    reason: Missing output files: /home/lengliang/lzy/sj_3d/results/4_hicexplorer/6_hicFindAB/25000/scep_25000_pca1.bw, /home/lengliang/lzy/sj_3d/results/4_hicexplorer/6_hicFindAB/25000/scep_25000_pearson.h5
    wildcards: resolution=25000, sample=scep
    threads: 24
    resources: mem_mb=1000, disk_mb=4191800, tmpdir=/home/lengliang/lzy/tmp/3d/


~/lzy/mambaforge/bin/hicPCA -m /home/lengliang/lzy/sj_3d/results/4_hicexplorer/3_hicCorrectMatrix/25000/scep_25000_corrected.h5 -we 1 2 --outputFileName /home/lengliang/lzy/sj_3d/results/4_hicexplorer/6_hicFindAB/25000/scep_25000_pca1.bw /home/lengliang/lzy/sj_3d/results/4_hicexplorer/6_hicFindAB/25000/scep_25000_pca2.bw --format bigwig  --obsexpMatrix /home/lengliang/lzy/sj_3d/results/4_hicexplorer/6_hicFindAB/25000/scep_25000_obsexp.h5 --pearsonMatrix /home/lengliang/lzy/sj_3d/results/4_hicexplorer/6_hicFindAB/25000/scep_25000_pearson.h5  
/home/lengliang/lzy/soft/bigWigToBedGraph /home/lengliang/lzy/sj_3d/results/4_hicexplorer/6_hicFindAB/25000/scep_25000_pca1.bw /home/lengliang/lzy/sj_3d/results/4_hicexplorer/6_hicFindAB/25000/scep_25000_pca1.bedgraph 
/home/lengliang/lzy/soft/bigWigToBedGraph /home/lengliang/lzy/sj_3d/results/4_hicexplorer/6_hicFindAB/25000/scep_25000_pca2.bw /home/lengliang/lzy/sj_3d/results/4_hicexplorer/6_hicFindAB/25000/scep_25000_pca2.bedgraph 
~/lzy/mambaforge/bin/hicCompartmentalization --obsexp_matrices /home/lengliang/lzy/sj_3d/results/4_hicexplorer/6_hicFindAB/25000/scep_25000_obsexp.h5 --pca  /home/lengliang/lzy/sj_3d/results/4_hicexplorer/6_hicFindAB/25000/scep_25000_pca1.bedgraph  -o  /home/lengliang/lzy/sj_3d/results/4_hicexplorer/6_hicFindAB/25000/scep_25000_hicCompartmentalization.pdf  

Submitted job 13 with external jobid '10103.mu01'.

[Tue Jan 17 12:33:26 2023]
rule hicFindAB:
    input: /home/lengliang/lzy/sj_3d/results/4_hicexplorer/3_hicCorrectMatrix/50000/syun_50000_corrected.h5
    output: /home/lengliang/lzy/sj_3d/results/4_hicexplorer/6_hicFindAB/50000/syun_50000_pca1.bw, /home/lengliang/lzy/sj_3d/results/4_hicexplorer/6_hicFindAB/50000/syun_50000_pca1.bedgraph, /home/lengliang/lzy/sj_3d/results/4_hicexplorer/6_hicFindAB/50000/syun_50000_pca2.bw, /home/lengliang/lzy/sj_3d/results/4_hicexplorer/6_hicFindAB/50000/syun_50000_pca2.bedgraph, /home/lengliang/lzy/sj_3d/results/4_hicexplorer/6_hicFindAB/50000/syun_50000_pearson.h5, /home/lengliang/lzy/sj_3d/results/4_hicexplorer/6_hicFindAB/50000/syun_50000_obsexp.h5, /home/lengliang/lzy/sj_3d/results/4_hicexplorer/6_hicFindAB/50000/syun_50000_hicCompartmentalization.pdf
    jobid: 27
    reason: Missing output files: /home/lengliang/lzy/sj_3d/results/4_hicexplorer/6_hicFindAB/50000/syun_50000_pca1.bw, /home/lengliang/lzy/sj_3d/results/4_hicexplorer/6_hicFindAB/50000/syun_50000_pearson.h5
    wildcards: resolution=50000, sample=syun
    threads: 24
    resources: mem_mb=1000, disk_mb=4191800, tmpdir=/home/lengliang/lzy/tmp/3d/


~/lzy/mambaforge/bin/hicPCA -m /home/lengliang/lzy/sj_3d/results/4_hicexplorer/3_hicCorrectMatrix/50000/syun_50000_corrected.h5 -we 1 2 --outputFileName /home/lengliang/lzy/sj_3d/results/4_hicexplorer/6_hicFindAB/50000/syun_50000_pca1.bw /home/lengliang/lzy/sj_3d/results/4_hicexplorer/6_hicFindAB/50000/syun_50000_pca2.bw --format bigwig  --obsexpMatrix /home/lengliang/lzy/sj_3d/results/4_hicexplorer/6_hicFindAB/50000/syun_50000_obsexp.h5 --pearsonMatrix /home/lengliang/lzy/sj_3d/results/4_hicexplorer/6_hicFindAB/50000/syun_50000_pearson.h5  
/home/lengliang/lzy/soft/bigWigToBedGraph /home/lengliang/lzy/sj_3d/results/4_hicexplorer/6_hicFindAB/50000/syun_50000_pca1.bw /home/lengliang/lzy/sj_3d/results/4_hicexplorer/6_hicFindAB/50000/syun_50000_pca1.bedgraph 
/home/lengliang/lzy/soft/bigWigToBedGraph /home/lengliang/lzy/sj_3d/results/4_hicexplorer/6_hicFindAB/50000/syun_50000_pca2.bw /home/lengliang/lzy/sj_3d/results/4_hicexplorer/6_hicFindAB/50000/syun_50000_pca2.bedgraph 
~/lzy/mambaforge/bin/hicCompartmentalization --obsexp_matrices /home/lengliang/lzy/sj_3d/results/4_hicexplorer/6_hicFindAB/50000/syun_50000_obsexp.h5 --pca  /home/lengliang/lzy/sj_3d/results/4_hicexplorer/6_hicFindAB/50000/syun_50000_pca1.bedgraph  -o  /home/lengliang/lzy/sj_3d/results/4_hicexplorer/6_hicFindAB/50000/syun_50000_hicCompartmentalization.pdf  

Submitted job 27 with external jobid '10104.mu01'.

[Tue Jan 17 12:33:27 2023]
rule hicFindAB:
    input: /home/lengliang/lzy/sj_3d/results/4_hicexplorer/3_hicCorrectMatrix/40000/sjap_40000_corrected.h5
    output: /home/lengliang/lzy/sj_3d/results/4_hicexplorer/6_hicFindAB/40000/sjap_40000_pca1.bw, /home/lengliang/lzy/sj_3d/results/4_hicexplorer/6_hicFindAB/40000/sjap_40000_pca1.bedgraph, /home/lengliang/lzy/sj_3d/results/4_hicexplorer/6_hicFindAB/40000/sjap_40000_pca2.bw, /home/lengliang/lzy/sj_3d/results/4_hicexplorer/6_hicFindAB/40000/sjap_40000_pca2.bedgraph, /home/lengliang/lzy/sj_3d/results/4_hicexplorer/6_hicFindAB/40000/sjap_40000_pearson.h5, /home/lengliang/lzy/sj_3d/results/4_hicexplorer/6_hicFindAB/40000/sjap_40000_obsexp.h5, /home/lengliang/lzy/sj_3d/results/4_hicexplorer/6_hicFindAB/40000/sjap_40000_hicCompartmentalization.pdf
    jobid: 2
    reason: Forced execution
    wildcards: resolution=40000, sample=sjap
    threads: 24
    resources: mem_mb=1000, disk_mb=4191800, tmpdir=/home/lengliang/lzy/tmp/3d/


~/lzy/mambaforge/bin/hicPCA -m /home/lengliang/lzy/sj_3d/results/4_hicexplorer/3_hicCorrectMatrix/40000/sjap_40000_corrected.h5 -we 1 2 --outputFileName /home/lengliang/lzy/sj_3d/results/4_hicexplorer/6_hicFindAB/40000/sjap_40000_pca1.bw /home/lengliang/lzy/sj_3d/results/4_hicexplorer/6_hicFindAB/40000/sjap_40000_pca2.bw --format bigwig  --obsexpMatrix /home/lengliang/lzy/sj_3d/results/4_hicexplorer/6_hicFindAB/40000/sjap_40000_obsexp.h5 --pearsonMatrix /home/lengliang/lzy/sj_3d/results/4_hicexplorer/6_hicFindAB/40000/sjap_40000_pearson.h5  
/home/lengliang/lzy/soft/bigWigToBedGraph /home/lengliang/lzy/sj_3d/results/4_hicexplorer/6_hicFindAB/40000/sjap_40000_pca1.bw /home/lengliang/lzy/sj_3d/results/4_hicexplorer/6_hicFindAB/40000/sjap_40000_pca1.bedgraph 
/home/lengliang/lzy/soft/bigWigToBedGraph /home/lengliang/lzy/sj_3d/results/4_hicexplorer/6_hicFindAB/40000/sjap_40000_pca2.bw /home/lengliang/lzy/sj_3d/results/4_hicexplorer/6_hicFindAB/40000/sjap_40000_pca2.bedgraph 
~/lzy/mambaforge/bin/hicCompartmentalization --obsexp_matrices /home/lengliang/lzy/sj_3d/results/4_hicexplorer/6_hicFindAB/40000/sjap_40000_obsexp.h5 --pca  /home/lengliang/lzy/sj_3d/results/4_hicexplorer/6_hicFindAB/40000/sjap_40000_pca1.bedgraph  -o  /home/lengliang/lzy/sj_3d/results/4_hicexplorer/6_hicFindAB/40000/sjap_40000_hicCompartmentalization.pdf  

Submitted job 2 with external jobid '10105.mu01'.

[Tue Jan 17 12:33:27 2023]
rule hicFindAB:
    input: /home/lengliang/lzy/sj_3d/results/4_hicexplorer/3_hicCorrectMatrix/5000/scep_5000_corrected.h5
    output: /home/lengliang/lzy/sj_3d/results/4_hicexplorer/6_hicFindAB/5000/scep_5000_pca1.bw, /home/lengliang/lzy/sj_3d/results/4_hicexplorer/6_hicFindAB/5000/scep_5000_pca1.bedgraph, /home/lengliang/lzy/sj_3d/results/4_hicexplorer/6_hicFindAB/5000/scep_5000_pca2.bw, /home/lengliang/lzy/sj_3d/results/4_hicexplorer/6_hicFindAB/5000/scep_5000_pca2.bedgraph, /home/lengliang/lzy/sj_3d/results/4_hicexplorer/6_hicFindAB/5000/scep_5000_pearson.h5, /home/lengliang/lzy/sj_3d/results/4_hicexplorer/6_hicFindAB/5000/scep_5000_obsexp.h5, /home/lengliang/lzy/sj_3d/results/4_hicexplorer/6_hicFindAB/5000/scep_5000_hicCompartmentalization.pdf
    jobid: 16
    reason: Missing output files: /home/lengliang/lzy/sj_3d/results/4_hicexplorer/6_hicFindAB/5000/scep_5000_pca1.bw, /home/lengliang/lzy/sj_3d/results/4_hicexplorer/6_hicFindAB/5000/scep_5000_pearson.h5
    wildcards: resolution=5000, sample=scep
    threads: 24
    resources: mem_mb=1106, disk_mb=4191800, tmpdir=/home/lengliang/lzy/tmp/3d/


~/lzy/mambaforge/bin/hicPCA -m /home/lengliang/lzy/sj_3d/results/4_hicexplorer/3_hicCorrectMatrix/5000/scep_5000_corrected.h5 -we 1 2 --outputFileName /home/lengliang/lzy/sj_3d/results/4_hicexplorer/6_hicFindAB/5000/scep_5000_pca1.bw /home/lengliang/lzy/sj_3d/results/4_hicexplorer/6_hicFindAB/5000/scep_5000_pca2.bw --format bigwig  --obsexpMatrix /home/lengliang/lzy/sj_3d/results/4_hicexplorer/6_hicFindAB/5000/scep_5000_obsexp.h5 --pearsonMatrix /home/lengliang/lzy/sj_3d/results/4_hicexplorer/6_hicFindAB/5000/scep_5000_pearson.h5  
/home/lengliang/lzy/soft/bigWigToBedGraph /home/lengliang/lzy/sj_3d/results/4_hicexplorer/6_hicFindAB/5000/scep_5000_pca1.bw /home/lengliang/lzy/sj_3d/results/4_hicexplorer/6_hicFindAB/5000/scep_5000_pca1.bedgraph 
/home/lengliang/lzy/soft/bigWigToBedGraph /home/lengliang/lzy/sj_3d/results/4_hicexplorer/6_hicFindAB/5000/scep_5000_pca2.bw /home/lengliang/lzy/sj_3d/results/4_hicexplorer/6_hicFindAB/5000/scep_5000_pca2.bedgraph 
~/lzy/mambaforge/bin/hicCompartmentalization --obsexp_matrices /home/lengliang/lzy/sj_3d/results/4_hicexplorer/6_hicFindAB/5000/scep_5000_obsexp.h5 --pca  /home/lengliang/lzy/sj_3d/results/4_hicexplorer/6_hicFindAB/5000/scep_5000_pca1.bedgraph  -o  /home/lengliang/lzy/sj_3d/results/4_hicexplorer/6_hicFindAB/5000/scep_5000_hicCompartmentalization.pdf  

Submitted job 16 with external jobid '10106.mu01'.

[Tue Jan 17 12:33:27 2023]
rule hicFindAB:
    input: /home/lengliang/lzy/sj_3d/results/4_hicexplorer/3_hicCorrectMatrix/25000/sjap_25000_corrected.h5
    output: /home/lengliang/lzy/sj_3d/results/4_hicexplorer/6_hicFindAB/25000/sjap_25000_pca1.bw, /home/lengliang/lzy/sj_3d/results/4_hicexplorer/6_hicFindAB/25000/sjap_25000_pca1.bedgraph, /home/lengliang/lzy/sj_3d/results/4_hicexplorer/6_hicFindAB/25000/sjap_25000_pca2.bw, /home/lengliang/lzy/sj_3d/results/4_hicexplorer/6_hicFindAB/25000/sjap_25000_pca2.bedgraph, /home/lengliang/lzy/sj_3d/results/4_hicexplorer/6_hicFindAB/25000/sjap_25000_pearson.h5, /home/lengliang/lzy/sj_3d/results/4_hicexplorer/6_hicFindAB/25000/sjap_25000_obsexp.h5, /home/lengliang/lzy/sj_3d/results/4_hicexplorer/6_hicFindAB/25000/sjap_25000_hicCompartmentalization.pdf
    jobid: 4
    reason: Missing output files: /home/lengliang/lzy/sj_3d/results/4_hicexplorer/6_hicFindAB/25000/sjap_25000_pearson.h5, /home/lengliang/lzy/sj_3d/results/4_hicexplorer/6_hicFindAB/25000/sjap_25000_pca1.bw
    wildcards: resolution=25000, sample=sjap
    threads: 24
    resources: mem_mb=1000, disk_mb=4191800, tmpdir=/home/lengliang/lzy/tmp/3d/


~/lzy/mambaforge/bin/hicPCA -m /home/lengliang/lzy/sj_3d/results/4_hicexplorer/3_hicCorrectMatrix/25000/sjap_25000_corrected.h5 -we 1 2 --outputFileName /home/lengliang/lzy/sj_3d/results/4_hicexplorer/6_hicFindAB/25000/sjap_25000_pca1.bw /home/lengliang/lzy/sj_3d/results/4_hicexplorer/6_hicFindAB/25000/sjap_25000_pca2.bw --format bigwig  --obsexpMatrix /home/lengliang/lzy/sj_3d/results/4_hicexplorer/6_hicFindAB/25000/sjap_25000_obsexp.h5 --pearsonMatrix /home/lengliang/lzy/sj_3d/results/4_hicexplorer/6_hicFindAB/25000/sjap_25000_pearson.h5  
/home/lengliang/lzy/soft/bigWigToBedGraph /home/lengliang/lzy/sj_3d/results/4_hicexplorer/6_hicFindAB/25000/sjap_25000_pca1.bw /home/lengliang/lzy/sj_3d/results/4_hicexplorer/6_hicFindAB/25000/sjap_25000_pca1.bedgraph 
/home/lengliang/lzy/soft/bigWigToBedGraph /home/lengliang/lzy/sj_3d/results/4_hicexplorer/6_hicFindAB/25000/sjap_25000_pca2.bw /home/lengliang/lzy/sj_3d/results/4_hicexplorer/6_hicFindAB/25000/sjap_25000_pca2.bedgraph 
~/lzy/mambaforge/bin/hicCompartmentalization --obsexp_matrices /home/lengliang/lzy/sj_3d/results/4_hicexplorer/6_hicFindAB/25000/sjap_25000_obsexp.h5 --pca  /home/lengliang/lzy/sj_3d/results/4_hicexplorer/6_hicFindAB/25000/sjap_25000_pca1.bedgraph  -o  /home/lengliang/lzy/sj_3d/results/4_hicexplorer/6_hicFindAB/25000/sjap_25000_hicCompartmentalization.pdf  

Submitted job 4 with external jobid '10107.mu01'.

[Tue Jan 17 12:33:27 2023]
rule hicFindAB:
    input: /home/lengliang/lzy/sj_3d/results/4_hicexplorer/3_hicCorrectMatrix/40000/syun_40000_corrected.h5
    output: /home/lengliang/lzy/sj_3d/results/4_hicexplorer/6_hicFindAB/40000/syun_40000_pca1.bw, /home/lengliang/lzy/sj_3d/results/4_hicexplorer/6_hicFindAB/40000/syun_40000_pca1.bedgraph, /home/lengliang/lzy/sj_3d/results/4_hicexplorer/6_hicFindAB/40000/syun_40000_pca2.bw, /home/lengliang/lzy/sj_3d/results/4_hicexplorer/6_hicFindAB/40000/syun_40000_pca2.bedgraph, /home/lengliang/lzy/sj_3d/results/4_hicexplorer/6_hicFindAB/40000/syun_40000_pearson.h5, /home/lengliang/lzy/sj_3d/results/4_hicexplorer/6_hicFindAB/40000/syun_40000_obsexp.h5, /home/lengliang/lzy/sj_3d/results/4_hicexplorer/6_hicFindAB/40000/syun_40000_hicCompartmentalization.pdf
    jobid: 20
    reason: Forced execution
    wildcards: resolution=40000, sample=syun
    threads: 24
    resources: mem_mb=1000, disk_mb=4191800, tmpdir=/home/lengliang/lzy/tmp/3d/


~/lzy/mambaforge/bin/hicPCA -m /home/lengliang/lzy/sj_3d/results/4_hicexplorer/3_hicCorrectMatrix/40000/syun_40000_corrected.h5 -we 1 2 --outputFileName /home/lengliang/lzy/sj_3d/results/4_hicexplorer/6_hicFindAB/40000/syun_40000_pca1.bw /home/lengliang/lzy/sj_3d/results/4_hicexplorer/6_hicFindAB/40000/syun_40000_pca2.bw --format bigwig  --obsexpMatrix /home/lengliang/lzy/sj_3d/results/4_hicexplorer/6_hicFindAB/40000/syun_40000_obsexp.h5 --pearsonMatrix /home/lengliang/lzy/sj_3d/results/4_hicexplorer/6_hicFindAB/40000/syun_40000_pearson.h5  
/home/lengliang/lzy/soft/bigWigToBedGraph /home/lengliang/lzy/sj_3d/results/4_hicexplorer/6_hicFindAB/40000/syun_40000_pca1.bw /home/lengliang/lzy/sj_3d/results/4_hicexplorer/6_hicFindAB/40000/syun_40000_pca1.bedgraph 
/home/lengliang/lzy/soft/bigWigToBedGraph /home/lengliang/lzy/sj_3d/results/4_hicexplorer/6_hicFindAB/40000/syun_40000_pca2.bw /home/lengliang/lzy/sj_3d/results/4_hicexplorer/6_hicFindAB/40000/syun_40000_pca2.bedgraph 
~/lzy/mambaforge/bin/hicCompartmentalization --obsexp_matrices /home/lengliang/lzy/sj_3d/results/4_hicexplorer/6_hicFindAB/40000/syun_40000_obsexp.h5 --pca  /home/lengliang/lzy/sj_3d/results/4_hicexplorer/6_hicFindAB/40000/syun_40000_pca1.bedgraph  -o  /home/lengliang/lzy/sj_3d/results/4_hicexplorer/6_hicFindAB/40000/syun_40000_hicCompartmentalization.pdf  

Submitted job 20 with external jobid '10108.mu01'.

[Tue Jan 17 12:33:27 2023]
rule hicFindAB:
    input: /home/lengliang/lzy/sj_3d/results/4_hicexplorer/3_hicCorrectMatrix/25000/syun_25000_corrected.h5
    output: /home/lengliang/lzy/sj_3d/results/4_hicexplorer/6_hicFindAB/25000/syun_25000_pca1.bw, /home/lengliang/lzy/sj_3d/results/4_hicexplorer/6_hicFindAB/25000/syun_25000_pca1.bedgraph, /home/lengliang/lzy/sj_3d/results/4_hicexplorer/6_hicFindAB/25000/syun_25000_pca2.bw, /home/lengliang/lzy/sj_3d/results/4_hicexplorer/6_hicFindAB/25000/syun_25000_pca2.bedgraph, /home/lengliang/lzy/sj_3d/results/4_hicexplorer/6_hicFindAB/25000/syun_25000_pearson.h5, /home/lengliang/lzy/sj_3d/results/4_hicexplorer/6_hicFindAB/25000/syun_25000_obsexp.h5, /home/lengliang/lzy/sj_3d/results/4_hicexplorer/6_hicFindAB/25000/syun_25000_hicCompartmentalization.pdf
    jobid: 22
    reason: Missing output files: /home/lengliang/lzy/sj_3d/results/4_hicexplorer/6_hicFindAB/25000/syun_25000_pearson.h5, /home/lengliang/lzy/sj_3d/results/4_hicexplorer/6_hicFindAB/25000/syun_25000_pca1.bw
    wildcards: resolution=25000, sample=syun
    threads: 24
    resources: mem_mb=1000, disk_mb=4191800, tmpdir=/home/lengliang/lzy/tmp/3d/


~/lzy/mambaforge/bin/hicPCA -m /home/lengliang/lzy/sj_3d/results/4_hicexplorer/3_hicCorrectMatrix/25000/syun_25000_corrected.h5 -we 1 2 --outputFileName /home/lengliang/lzy/sj_3d/results/4_hicexplorer/6_hicFindAB/25000/syun_25000_pca1.bw /home/lengliang/lzy/sj_3d/results/4_hicexplorer/6_hicFindAB/25000/syun_25000_pca2.bw --format bigwig  --obsexpMatrix /home/lengliang/lzy/sj_3d/results/4_hicexplorer/6_hicFindAB/25000/syun_25000_obsexp.h5 --pearsonMatrix /home/lengliang/lzy/sj_3d/results/4_hicexplorer/6_hicFindAB/25000/syun_25000_pearson.h5  
/home/lengliang/lzy/soft/bigWigToBedGraph /home/lengliang/lzy/sj_3d/results/4_hicexplorer/6_hicFindAB/25000/syun_25000_pca1.bw /home/lengliang/lzy/sj_3d/results/4_hicexplorer/6_hicFindAB/25000/syun_25000_pca1.bedgraph 
/home/lengliang/lzy/soft/bigWigToBedGraph /home/lengliang/lzy/sj_3d/results/4_hicexplorer/6_hicFindAB/25000/syun_25000_pca2.bw /home/lengliang/lzy/sj_3d/results/4_hicexplorer/6_hicFindAB/25000/syun_25000_pca2.bedgraph 
~/lzy/mambaforge/bin/hicCompartmentalization --obsexp_matrices /home/lengliang/lzy/sj_3d/results/4_hicexplorer/6_hicFindAB/25000/syun_25000_obsexp.h5 --pca  /home/lengliang/lzy/sj_3d/results/4_hicexplorer/6_hicFindAB/25000/syun_25000_pca1.bedgraph  -o  /home/lengliang/lzy/sj_3d/results/4_hicexplorer/6_hicFindAB/25000/syun_25000_hicCompartmentalization.pdf  

Submitted job 22 with external jobid '10109.mu01'.

[Tue Jan 17 12:33:27 2023]
rule hicFindAB:
    input: /home/lengliang/lzy/sj_3d/results/4_hicexplorer/3_hicCorrectMatrix/50000/scep_50000_corrected.h5
    output: /home/lengliang/lzy/sj_3d/results/4_hicexplorer/6_hicFindAB/50000/scep_50000_pca1.bw, /home/lengliang/lzy/sj_3d/results/4_hicexplorer/6_hicFindAB/50000/scep_50000_pca1.bedgraph, /home/lengliang/lzy/sj_3d/results/4_hicexplorer/6_hicFindAB/50000/scep_50000_pca2.bw, /home/lengliang/lzy/sj_3d/results/4_hicexplorer/6_hicFindAB/50000/scep_50000_pca2.bedgraph, /home/lengliang/lzy/sj_3d/results/4_hicexplorer/6_hicFindAB/50000/scep_50000_pearson.h5, /home/lengliang/lzy/sj_3d/results/4_hicexplorer/6_hicFindAB/50000/scep_50000_obsexp.h5, /home/lengliang/lzy/sj_3d/results/4_hicexplorer/6_hicFindAB/50000/scep_50000_hicCompartmentalization.pdf
    jobid: 18
    reason: Missing output files: /home/lengliang/lzy/sj_3d/results/4_hicexplorer/6_hicFindAB/50000/scep_50000_pearson.h5, /home/lengliang/lzy/sj_3d/results/4_hicexplorer/6_hicFindAB/50000/scep_50000_pca1.bw
    wildcards: resolution=50000, sample=scep
    threads: 24
    resources: mem_mb=1000, disk_mb=4191800, tmpdir=/home/lengliang/lzy/tmp/3d/


~/lzy/mambaforge/bin/hicPCA -m /home/lengliang/lzy/sj_3d/results/4_hicexplorer/3_hicCorrectMatrix/50000/scep_50000_corrected.h5 -we 1 2 --outputFileName /home/lengliang/lzy/sj_3d/results/4_hicexplorer/6_hicFindAB/50000/scep_50000_pca1.bw /home/lengliang/lzy/sj_3d/results/4_hicexplorer/6_hicFindAB/50000/scep_50000_pca2.bw --format bigwig  --obsexpMatrix /home/lengliang/lzy/sj_3d/results/4_hicexplorer/6_hicFindAB/50000/scep_50000_obsexp.h5 --pearsonMatrix /home/lengliang/lzy/sj_3d/results/4_hicexplorer/6_hicFindAB/50000/scep_50000_pearson.h5  
/home/lengliang/lzy/soft/bigWigToBedGraph /home/lengliang/lzy/sj_3d/results/4_hicexplorer/6_hicFindAB/50000/scep_50000_pca1.bw /home/lengliang/lzy/sj_3d/results/4_hicexplorer/6_hicFindAB/50000/scep_50000_pca1.bedgraph 
/home/lengliang/lzy/soft/bigWigToBedGraph /home/lengliang/lzy/sj_3d/results/4_hicexplorer/6_hicFindAB/50000/scep_50000_pca2.bw /home/lengliang/lzy/sj_3d/results/4_hicexplorer/6_hicFindAB/50000/scep_50000_pca2.bedgraph 
~/lzy/mambaforge/bin/hicCompartmentalization --obsexp_matrices /home/lengliang/lzy/sj_3d/results/4_hicexplorer/6_hicFindAB/50000/scep_50000_obsexp.h5 --pca  /home/lengliang/lzy/sj_3d/results/4_hicexplorer/6_hicFindAB/50000/scep_50000_pca1.bedgraph  -o  /home/lengliang/lzy/sj_3d/results/4_hicexplorer/6_hicFindAB/50000/scep_50000_hicCompartmentalization.pdf  

Submitted job 18 with external jobid '10110.mu01'.

[Tue Jan 17 12:33:27 2023]
rule hicFindAB:
    input: /home/lengliang/lzy/sj_3d/results/4_hicexplorer/3_hicCorrectMatrix/10000/scep_10000_corrected.h5
    output: /home/lengliang/lzy/sj_3d/results/4_hicexplorer/6_hicFindAB/10000/scep_10000_pca1.bw, /home/lengliang/lzy/sj_3d/results/4_hicexplorer/6_hicFindAB/10000/scep_10000_pca1.bedgraph, /home/lengliang/lzy/sj_3d/results/4_hicexplorer/6_hicFindAB/10000/scep_10000_pca2.bw, /home/lengliang/lzy/sj_3d/results/4_hicexplorer/6_hicFindAB/10000/scep_10000_pca2.bedgraph, /home/lengliang/lzy/sj_3d/results/4_hicexplorer/6_hicFindAB/10000/scep_10000_pearson.h5, /home/lengliang/lzy/sj_3d/results/4_hicexplorer/6_hicFindAB/10000/scep_10000_obsexp.h5, /home/lengliang/lzy/sj_3d/results/4_hicexplorer/6_hicFindAB/10000/scep_10000_hicCompartmentalization.pdf
    jobid: 12
    reason: Missing output files: /home/lengliang/lzy/sj_3d/results/4_hicexplorer/6_hicFindAB/10000/scep_10000_pca1.bw, /home/lengliang/lzy/sj_3d/results/4_hicexplorer/6_hicFindAB/10000/scep_10000_pearson.h5
    wildcards: resolution=10000, sample=scep
    threads: 24
    resources: mem_mb=1000, disk_mb=4191800, tmpdir=/home/lengliang/lzy/tmp/3d/


~/lzy/mambaforge/bin/hicPCA -m /home/lengliang/lzy/sj_3d/results/4_hicexplorer/3_hicCorrectMatrix/10000/scep_10000_corrected.h5 -we 1 2 --outputFileName /home/lengliang/lzy/sj_3d/results/4_hicexplorer/6_hicFindAB/10000/scep_10000_pca1.bw /home/lengliang/lzy/sj_3d/results/4_hicexplorer/6_hicFindAB/10000/scep_10000_pca2.bw --format bigwig  --obsexpMatrix /home/lengliang/lzy/sj_3d/results/4_hicexplorer/6_hicFindAB/10000/scep_10000_obsexp.h5 --pearsonMatrix /home/lengliang/lzy/sj_3d/results/4_hicexplorer/6_hicFindAB/10000/scep_10000_pearson.h5  
/home/lengliang/lzy/soft/bigWigToBedGraph /home/lengliang/lzy/sj_3d/results/4_hicexplorer/6_hicFindAB/10000/scep_10000_pca1.bw /home/lengliang/lzy/sj_3d/results/4_hicexplorer/6_hicFindAB/10000/scep_10000_pca1.bedgraph 
/home/lengliang/lzy/soft/bigWigToBedGraph /home/lengliang/lzy/sj_3d/results/4_hicexplorer/6_hicFindAB/10000/scep_10000_pca2.bw /home/lengliang/lzy/sj_3d/results/4_hicexplorer/6_hicFindAB/10000/scep_10000_pca2.bedgraph 
~/lzy/mambaforge/bin/hicCompartmentalization --obsexp_matrices /home/lengliang/lzy/sj_3d/results/4_hicexplorer/6_hicFindAB/10000/scep_10000_obsexp.h5 --pca  /home/lengliang/lzy/sj_3d/results/4_hicexplorer/6_hicFindAB/10000/scep_10000_pca1.bedgraph  -o  /home/lengliang/lzy/sj_3d/results/4_hicexplorer/6_hicFindAB/10000/scep_10000_hicCompartmentalization.pdf  

Submitted job 12 with external jobid '10111.mu01'.
[Tue Jan 17 12:34:06 2023]
Finished job 15.
1 of 17 steps (6%) done
[Tue Jan 17 12:35:57 2023]
Finished job 18.
2 of 17 steps (12%) done
[Tue Jan 17 12:36:29 2023]
Finished job 11.
3 of 17 steps (18%) done
[Tue Jan 17 12:37:02 2023]
Finished job 27.
4 of 17 steps (24%) done
[Tue Jan 17 12:37:13 2023]
Finished job 9.
5 of 17 steps (29%) done
[Tue Jan 17 12:38:20 2023]
Finished job 20.
6 of 17 steps (35%) done
[Tue Jan 17 12:38:42 2023]
Finished job 2.
7 of 17 steps (41%) done
[Tue Jan 17 12:40:43 2023]
Finished job 13.
8 of 17 steps (47%) done
[Tue Jan 17 12:43:33 2023]
Finished job 22.
9 of 17 steps (53%) done
[Tue Jan 17 12:44:03 2023]
Finished job 4.
10 of 17 steps (59%) done
[Tue Jan 17 13:14:15 2023]
Finished job 12.
11 of 17 steps (65%) done
[Tue Jan 17 13:46:37 2023]
Finished job 3.
12 of 17 steps (71%) done
[Tue Jan 17 14:08:48 2023]
Finished job 21.
13 of 17 steps (76%) done
[Tue Jan 17 14:45:40 2023]
Error in rule hicFindAB:
    jobid: 25
    output: /home/lengliang/lzy/sj_3d/results/4_hicexplorer/6_hicFindAB/5000/syun_5000_pca1.bw, /home/lengliang/lzy/sj_3d/results/4_hicexplorer/6_hicFindAB/5000/syun_5000_pca1.bedgraph, /home/lengliang/lzy/sj_3d/results/4_hicexplorer/6_hicFindAB/5000/syun_5000_pca2.bw, /home/lengliang/lzy/sj_3d/results/4_hicexplorer/6_hicFindAB/5000/syun_5000_pca2.bedgraph, /home/lengliang/lzy/sj_3d/results/4_hicexplorer/6_hicFindAB/5000/syun_5000_pearson.h5, /home/lengliang/lzy/sj_3d/results/4_hicexplorer/6_hicFindAB/5000/syun_5000_obsexp.h5, /home/lengliang/lzy/sj_3d/results/4_hicexplorer/6_hicFindAB/5000/syun_5000_hicCompartmentalization.pdf
    shell:
        
~/lzy/mambaforge/bin/hicPCA -m /home/lengliang/lzy/sj_3d/results/4_hicexplorer/3_hicCorrectMatrix/5000/syun_5000_corrected.h5 -we 1 2 --outputFileName /home/lengliang/lzy/sj_3d/results/4_hicexplorer/6_hicFindAB/5000/syun_5000_pca1.bw /home/lengliang/lzy/sj_3d/results/4_hicexplorer/6_hicFindAB/5000/syun_5000_pca2.bw --format bigwig  --obsexpMatrix /home/lengliang/lzy/sj_3d/results/4_hicexplorer/6_hicFindAB/5000/syun_5000_obsexp.h5 --pearsonMatrix /home/lengliang/lzy/sj_3d/results/4_hicexplorer/6_hicFindAB/5000/syun_5000_pearson.h5  
/home/lengliang/lzy/soft/bigWigToBedGraph /home/lengliang/lzy/sj_3d/results/4_hicexplorer/6_hicFindAB/5000/syun_5000_pca1.bw /home/lengliang/lzy/sj_3d/results/4_hicexplorer/6_hicFindAB/5000/syun_5000_pca1.bedgraph 
/home/lengliang/lzy/soft/bigWigToBedGraph /home/lengliang/lzy/sj_3d/results/4_hicexplorer/6_hicFindAB/5000/syun_5000_pca2.bw /home/lengliang/lzy/sj_3d/results/4_hicexplorer/6_hicFindAB/5000/syun_5000_pca2.bedgraph 
~/lzy/mambaforge/bin/hicCompartmentalization --obsexp_matrices /home/lengliang/lzy/sj_3d/results/4_hicexplorer/6_hicFindAB/5000/syun_5000_obsexp.h5 --pca  /home/lengliang/lzy/sj_3d/results/4_hicexplorer/6_hicFindAB/5000/syun_5000_pca1.bedgraph  -o  /home/lengliang/lzy/sj_3d/results/4_hicexplorer/6_hicFindAB/5000/syun_5000_hicCompartmentalization.pdf  

        (one of the commands exited with non-zero exit code; note that snakemake uses bash strict mode!)
    cluster_jobid: 10102.mu01

Error executing rule hicFindAB on cluster (jobid: 25, external: 10102.mu01, jobscript: /home/lengliang/lzy/sj_3d/script/4_hicexplorer/.snakemake/tmp.5q6jphq2/snakejob.hicFindAB.25.sh). For error details see the cluster log and the log files of the involved rule(s).
[Tue Jan 17 15:46:04 2023]
Finished job 16.
14 of 17 steps (82%) done
[Tue Jan 17 17:02:38 2023]
Finished job 7.
15 of 17 steps (88%) done
Shutting down, this might take some time.
Exiting because a job execution failed. Look above for error message
Complete log: .snakemake/log/2023-01-17T123322.914366.snakemake.log
