Building DAG of jobs...
Using shell: /usr/bin/bash
Provided cluster nodes: 20
Job stats:
job                      count    min threads    max threads
---------------------  -------  -------------  -------------
all                          1              1              1
hicCorrectMatrix            17             24             24
hicCorrectMatrix_plot       15             24             24
hicPlotMatrix               18             24             24
total                       51              1             24

Select jobs to execute...

[Sat Feb  4 14:57:23 2023]
rule hicCorrectMatrix_plot:
    input: /home/lengliang/lzy/sj_3d/results/4_hicexplorer/2_hicNormmalize/100000/scep_100000_matrix.h5
    output: /home/lengliang/lzy/sj_3d/results/4_hicexplorer/2_hicNormmalize/100000/scep_100000_correct.pdf
    jobid: 1
    reason: Missing output files: /home/lengliang/lzy/sj_3d/results/4_hicexplorer/2_hicNormmalize/100000/scep_100000_correct.pdf
    wildcards: resolution=100000, sample=scep
    threads: 24
    resources: mem_mb=24576, disk_mb=1000, tmpdir=/home/lengliang/lzy/tmp/3d/


~/lzy/mambaforge/bin/hicCorrectMatrix diagnostic_plot --matrix /home/lengliang/lzy/sj_3d/results/4_hicexplorer/2_hicNormmalize/100000/scep_100000_matrix.h5 -o /home/lengliang/lzy/sj_3d/results/4_hicexplorer/2_hicNormmalize/100000/scep_100000_correct.pdf

Submitted job 1 with external jobid '11089.mu01'.

[Sat Feb  4 14:57:25 2023]
rule hicCorrectMatrix_plot:
    input: /home/lengliang/lzy/sj_3d/results/4_hicexplorer/2_hicNormmalize/50000/scep_50000_matrix.h5
    output: /home/lengliang/lzy/sj_3d/results/4_hicexplorer/2_hicNormmalize/50000/scep_50000_correct.pdf
    jobid: 9
    reason: Missing output files: /home/lengliang/lzy/sj_3d/results/4_hicexplorer/2_hicNormmalize/50000/scep_50000_correct.pdf
    wildcards: resolution=50000, sample=scep
    threads: 24
    resources: mem_mb=24576, disk_mb=1000, tmpdir=/home/lengliang/lzy/tmp/3d/


~/lzy/mambaforge/bin/hicCorrectMatrix diagnostic_plot --matrix /home/lengliang/lzy/sj_3d/results/4_hicexplorer/2_hicNormmalize/50000/scep_50000_matrix.h5 -o /home/lengliang/lzy/sj_3d/results/4_hicexplorer/2_hicNormmalize/50000/scep_50000_correct.pdf

Submitted job 9 with external jobid '11090.mu01'.

[Sat Feb  4 14:57:25 2023]
rule hicCorrectMatrix:
    input: /home/lengliang/lzy/sj_3d/results/4_hicexplorer/2_hicNormmalize/500000/scep_500000_matrix.h5
    output: /home/lengliang/lzy/sj_3d/results/4_hicexplorer/3_hicCorrectMatrix/500000/scep_500000.pdf, /home/lengliang/lzy/sj_3d/results/4_hicexplorer/3_hicCorrectMatrix/500000/scep_500000_corrected.h5
    jobid: 23
    reason: Missing output files: /home/lengliang/lzy/sj_3d/results/4_hicexplorer/3_hicCorrectMatrix/500000/scep_500000_corrected.h5
    wildcards: resolution=500000, sample=scep
    threads: 24
    resources: mem_mb=1000, disk_mb=4191800, tmpdir=/home/lengliang/lzy/tmp/3d/


~/lzy/mambaforge/bin/hicCorrectMatrix diagnostic_plot -m /home/lengliang/lzy/sj_3d/results/4_hicexplorer/2_hicNormmalize/500000/scep_500000_matrix.h5 -o /home/lengliang/lzy/sj_3d/results/4_hicexplorer/3_hicCorrectMatrix/500000/scep_500000.pdf 
~/lzy/mambaforge/bin/hicCorrectMatrix correct -m /home/lengliang/lzy/sj_3d/results/4_hicexplorer/2_hicNormmalize/500000/scep_500000_matrix.h5 --filterThreshold -1.5 5 -o /home/lengliang/lzy/sj_3d/results/4_hicexplorer/3_hicCorrectMatrix/500000/scep_500000_corrected.h5 

Submitted job 23 with external jobid '11091.mu01'.

[Sat Feb  4 14:57:25 2023]
rule hicCorrectMatrix_plot:
    input: /home/lengliang/lzy/sj_3d/results/4_hicexplorer/2_hicNormmalize/40000/scep_40000_matrix.h5
    output: /home/lengliang/lzy/sj_3d/results/4_hicexplorer/2_hicNormmalize/40000/scep_40000_correct.pdf
    jobid: 2
    reason: Updated input files: /home/lengliang/lzy/sj_3d/results/4_hicexplorer/2_hicNormmalize/40000/scep_40000_matrix.h5
    wildcards: resolution=40000, sample=scep
    threads: 24
    resources: mem_mb=24576, disk_mb=1000, tmpdir=/home/lengliang/lzy/tmp/3d/


~/lzy/mambaforge/bin/hicCorrectMatrix diagnostic_plot --matrix /home/lengliang/lzy/sj_3d/results/4_hicexplorer/2_hicNormmalize/40000/scep_40000_matrix.h5 -o /home/lengliang/lzy/sj_3d/results/4_hicexplorer/2_hicNormmalize/40000/scep_40000_correct.pdf

Submitted job 2 with external jobid '11092.mu01'.

[Sat Feb  4 14:57:25 2023]
rule hicCorrectMatrix:
    input: /home/lengliang/lzy/sj_3d/results/4_hicexplorer/2_hicNormmalize/10000/sjap_10000_matrix.h5
    output: /home/lengliang/lzy/sj_3d/results/4_hicexplorer/3_hicCorrectMatrix/10000/sjap_10000.pdf, /home/lengliang/lzy/sj_3d/results/4_hicexplorer/3_hicCorrectMatrix/10000/sjap_10000_corrected.h5
    jobid: 30
    reason: Forced execution
    wildcards: resolution=10000, sample=sjap
    threads: 24
    resources: mem_mb=1000, disk_mb=4191800, tmpdir=/home/lengliang/lzy/tmp/3d/


~/lzy/mambaforge/bin/hicCorrectMatrix diagnostic_plot -m /home/lengliang/lzy/sj_3d/results/4_hicexplorer/2_hicNormmalize/10000/sjap_10000_matrix.h5 -o /home/lengliang/lzy/sj_3d/results/4_hicexplorer/3_hicCorrectMatrix/10000/sjap_10000.pdf 
~/lzy/mambaforge/bin/hicCorrectMatrix correct -m /home/lengliang/lzy/sj_3d/results/4_hicexplorer/2_hicNormmalize/10000/sjap_10000_matrix.h5 --filterThreshold -1.5 5 -o /home/lengliang/lzy/sj_3d/results/4_hicexplorer/3_hicCorrectMatrix/10000/sjap_10000_corrected.h5 

Submitted job 30 with external jobid '11093.mu01'.

[Sat Feb  4 14:57:26 2023]
rule hicCorrectMatrix_plot:
    input: /home/lengliang/lzy/sj_3d/results/4_hicexplorer/2_hicNormmalize/5000/sjap_5000_matrix.h5
    output: /home/lengliang/lzy/sj_3d/results/4_hicexplorer/2_hicNormmalize/5000/sjap_5000_correct.pdf
    jobid: 16
    reason: Missing output files: /home/lengliang/lzy/sj_3d/results/4_hicexplorer/2_hicNormmalize/5000/sjap_5000_correct.pdf
    wildcards: resolution=5000, sample=sjap
    threads: 24
    resources: mem_mb=24576, disk_mb=1000, tmpdir=/home/lengliang/lzy/tmp/3d/


~/lzy/mambaforge/bin/hicCorrectMatrix diagnostic_plot --matrix /home/lengliang/lzy/sj_3d/results/4_hicexplorer/2_hicNormmalize/5000/sjap_5000_matrix.h5 -o /home/lengliang/lzy/sj_3d/results/4_hicexplorer/2_hicNormmalize/5000/sjap_5000_correct.pdf

Submitted job 16 with external jobid '11094.mu01'.

[Sat Feb  4 14:57:26 2023]
rule hicCorrectMatrix_plot:
    input: /home/lengliang/lzy/sj_3d/results/4_hicexplorer/2_hicNormmalize/100000/sjap_100000_matrix.h5
    output: /home/lengliang/lzy/sj_3d/results/4_hicexplorer/2_hicNormmalize/100000/sjap_100000_correct.pdf
    jobid: 10
    reason: Missing output files: /home/lengliang/lzy/sj_3d/results/4_hicexplorer/2_hicNormmalize/100000/sjap_100000_correct.pdf
    wildcards: resolution=100000, sample=sjap
    threads: 24
    resources: mem_mb=24576, disk_mb=1000, tmpdir=/home/lengliang/lzy/tmp/3d/


~/lzy/mambaforge/bin/hicCorrectMatrix diagnostic_plot --matrix /home/lengliang/lzy/sj_3d/results/4_hicexplorer/2_hicNormmalize/100000/sjap_100000_matrix.h5 -o /home/lengliang/lzy/sj_3d/results/4_hicexplorer/2_hicNormmalize/100000/sjap_100000_correct.pdf

Submitted job 10 with external jobid '11095.mu01'.

[Sat Feb  4 14:57:26 2023]
rule hicCorrectMatrix_plot:
    input: /home/lengliang/lzy/sj_3d/results/4_hicexplorer/2_hicNormmalize/250000/scep_250000_matrix.h5
    output: /home/lengliang/lzy/sj_3d/results/4_hicexplorer/2_hicNormmalize/250000/scep_250000_correct.pdf
    jobid: 8
    reason: Missing output files: /home/lengliang/lzy/sj_3d/results/4_hicexplorer/2_hicNormmalize/250000/scep_250000_correct.pdf
    wildcards: resolution=250000, sample=scep
    threads: 24
    resources: mem_mb=24576, disk_mb=1000, tmpdir=/home/lengliang/lzy/tmp/3d/


~/lzy/mambaforge/bin/hicCorrectMatrix diagnostic_plot --matrix /home/lengliang/lzy/sj_3d/results/4_hicexplorer/2_hicNormmalize/250000/scep_250000_matrix.h5 -o /home/lengliang/lzy/sj_3d/results/4_hicexplorer/2_hicNormmalize/250000/scep_250000_correct.pdf

Submitted job 8 with external jobid '11096.mu01'.

[Sat Feb  4 14:57:26 2023]
rule hicCorrectMatrix:
    input: /home/lengliang/lzy/sj_3d/results/4_hicexplorer/2_hicNormmalize/300000/sjap_300000_matrix.h5
    output: /home/lengliang/lzy/sj_3d/results/4_hicexplorer/3_hicCorrectMatrix/300000/sjap_300000.pdf, /home/lengliang/lzy/sj_3d/results/4_hicexplorer/3_hicCorrectMatrix/300000/sjap_300000_corrected.h5
    jobid: 33
    reason: Missing output files: /home/lengliang/lzy/sj_3d/results/4_hicexplorer/3_hicCorrectMatrix/300000/sjap_300000_corrected.h5
    wildcards: resolution=300000, sample=sjap
    threads: 24
    resources: mem_mb=1000, disk_mb=4191800, tmpdir=/home/lengliang/lzy/tmp/3d/


~/lzy/mambaforge/bin/hicCorrectMatrix diagnostic_plot -m /home/lengliang/lzy/sj_3d/results/4_hicexplorer/2_hicNormmalize/300000/sjap_300000_matrix.h5 -o /home/lengliang/lzy/sj_3d/results/4_hicexplorer/3_hicCorrectMatrix/300000/sjap_300000.pdf 
~/lzy/mambaforge/bin/hicCorrectMatrix correct -m /home/lengliang/lzy/sj_3d/results/4_hicexplorer/2_hicNormmalize/300000/sjap_300000_matrix.h5 --filterThreshold -1.5 5 -o /home/lengliang/lzy/sj_3d/results/4_hicexplorer/3_hicCorrectMatrix/300000/sjap_300000_corrected.h5 

Submitted job 33 with external jobid '11097.mu01'.

[Sat Feb  4 14:57:26 2023]
rule hicCorrectMatrix:
    input: /home/lengliang/lzy/sj_3d/results/4_hicexplorer/2_hicNormmalize/50000/scep_50000_matrix.h5
    output: /home/lengliang/lzy/sj_3d/results/4_hicexplorer/3_hicCorrectMatrix/50000/scep_50000.pdf, /home/lengliang/lzy/sj_3d/results/4_hicexplorer/3_hicCorrectMatrix/50000/scep_50000_corrected.h5
    jobid: 27
    reason: Missing output files: /home/lengliang/lzy/sj_3d/results/4_hicexplorer/3_hicCorrectMatrix/50000/scep_50000_corrected.h5
    wildcards: resolution=50000, sample=scep
    threads: 24
    resources: mem_mb=1000, disk_mb=4191800, tmpdir=/home/lengliang/lzy/tmp/3d/


~/lzy/mambaforge/bin/hicCorrectMatrix diagnostic_plot -m /home/lengliang/lzy/sj_3d/results/4_hicexplorer/2_hicNormmalize/50000/scep_50000_matrix.h5 -o /home/lengliang/lzy/sj_3d/results/4_hicexplorer/3_hicCorrectMatrix/50000/scep_50000.pdf 
~/lzy/mambaforge/bin/hicCorrectMatrix correct -m /home/lengliang/lzy/sj_3d/results/4_hicexplorer/2_hicNormmalize/50000/scep_50000_matrix.h5 --filterThreshold -1.5 5 -o /home/lengliang/lzy/sj_3d/results/4_hicexplorer/3_hicCorrectMatrix/50000/scep_50000_corrected.h5 

Submitted job 27 with external jobid '11098.mu01'.

[Sat Feb  4 14:57:26 2023]
rule hicCorrectMatrix:
    input: /home/lengliang/lzy/sj_3d/results/4_hicexplorer/2_hicNormmalize/5000/sjap_5000_matrix.h5
    output: /home/lengliang/lzy/sj_3d/results/4_hicexplorer/3_hicCorrectMatrix/5000/sjap_5000.pdf, /home/lengliang/lzy/sj_3d/results/4_hicexplorer/3_hicCorrectMatrix/5000/sjap_5000_corrected.h5
    jobid: 34
    reason: Missing output files: /home/lengliang/lzy/sj_3d/results/4_hicexplorer/3_hicCorrectMatrix/5000/sjap_5000_corrected.h5
    wildcards: resolution=5000, sample=sjap
    threads: 24
    resources: mem_mb=1000, disk_mb=4191800, tmpdir=/home/lengliang/lzy/tmp/3d/


~/lzy/mambaforge/bin/hicCorrectMatrix diagnostic_plot -m /home/lengliang/lzy/sj_3d/results/4_hicexplorer/2_hicNormmalize/5000/sjap_5000_matrix.h5 -o /home/lengliang/lzy/sj_3d/results/4_hicexplorer/3_hicCorrectMatrix/5000/sjap_5000.pdf 
~/lzy/mambaforge/bin/hicCorrectMatrix correct -m /home/lengliang/lzy/sj_3d/results/4_hicexplorer/2_hicNormmalize/5000/sjap_5000_matrix.h5 --filterThreshold -1.5 5 -o /home/lengliang/lzy/sj_3d/results/4_hicexplorer/3_hicCorrectMatrix/5000/sjap_5000_corrected.h5 

Submitted job 34 with external jobid '11099.mu01'.

[Sat Feb  4 14:57:26 2023]
rule hicCorrectMatrix:
    input: /home/lengliang/lzy/sj_3d/results/4_hicexplorer/2_hicNormmalize/40000/scep_40000_matrix.h5
    output: /home/lengliang/lzy/sj_3d/results/4_hicexplorer/3_hicCorrectMatrix/40000/scep_40000.pdf, /home/lengliang/lzy/sj_3d/results/4_hicexplorer/3_hicCorrectMatrix/40000/scep_40000_corrected.h5
    jobid: 20
    reason: Updated input files: /home/lengliang/lzy/sj_3d/results/4_hicexplorer/2_hicNormmalize/40000/scep_40000_matrix.h5
    wildcards: resolution=40000, sample=scep
    threads: 24
    resources: mem_mb=1000, disk_mb=4191800, tmpdir=/home/lengliang/lzy/tmp/3d/


~/lzy/mambaforge/bin/hicCorrectMatrix diagnostic_plot -m /home/lengliang/lzy/sj_3d/results/4_hicexplorer/2_hicNormmalize/40000/scep_40000_matrix.h5 -o /home/lengliang/lzy/sj_3d/results/4_hicexplorer/3_hicCorrectMatrix/40000/scep_40000.pdf 
~/lzy/mambaforge/bin/hicCorrectMatrix correct -m /home/lengliang/lzy/sj_3d/results/4_hicexplorer/2_hicNormmalize/40000/scep_40000_matrix.h5 --filterThreshold -1.5 5 -o /home/lengliang/lzy/sj_3d/results/4_hicexplorer/3_hicCorrectMatrix/40000/scep_40000_corrected.h5 

Submitted job 20 with external jobid '11100.mu01'.

[Sat Feb  4 14:57:27 2023]
rule hicCorrectMatrix_plot:
    input: /home/lengliang/lzy/sj_3d/results/4_hicexplorer/2_hicNormmalize/300000/scep_300000_matrix.h5
    output: /home/lengliang/lzy/sj_3d/results/4_hicexplorer/2_hicNormmalize/300000/scep_300000_correct.pdf
    jobid: 6
    reason: Missing output files: /home/lengliang/lzy/sj_3d/results/4_hicexplorer/2_hicNormmalize/300000/scep_300000_correct.pdf
    wildcards: resolution=300000, sample=scep
    threads: 24
    resources: mem_mb=24576, disk_mb=1000, tmpdir=/home/lengliang/lzy/tmp/3d/


~/lzy/mambaforge/bin/hicCorrectMatrix diagnostic_plot --matrix /home/lengliang/lzy/sj_3d/results/4_hicexplorer/2_hicNormmalize/300000/scep_300000_matrix.h5 -o /home/lengliang/lzy/sj_3d/results/4_hicexplorer/2_hicNormmalize/300000/scep_300000_correct.pdf

Submitted job 6 with external jobid '11101.mu01'.

[Sat Feb  4 14:57:27 2023]
rule hicCorrectMatrix_plot:
    input: /home/lengliang/lzy/sj_3d/results/4_hicexplorer/2_hicNormmalize/500000/sjap_500000_matrix.h5
    output: /home/lengliang/lzy/sj_3d/results/4_hicexplorer/2_hicNormmalize/500000/sjap_500000_correct.pdf
    jobid: 14
    reason: Missing output files: /home/lengliang/lzy/sj_3d/results/4_hicexplorer/2_hicNormmalize/500000/sjap_500000_correct.pdf
    wildcards: resolution=500000, sample=sjap
    threads: 24
    resources: mem_mb=24576, disk_mb=1000, tmpdir=/home/lengliang/lzy/tmp/3d/


~/lzy/mambaforge/bin/hicCorrectMatrix diagnostic_plot --matrix /home/lengliang/lzy/sj_3d/results/4_hicexplorer/2_hicNormmalize/500000/sjap_500000_matrix.h5 -o /home/lengliang/lzy/sj_3d/results/4_hicexplorer/2_hicNormmalize/500000/sjap_500000_correct.pdf

Submitted job 14 with external jobid '11102.mu01'.

[Sat Feb  4 14:57:27 2023]
rule hicCorrectMatrix:
    input: /home/lengliang/lzy/sj_3d/results/4_hicexplorer/2_hicNormmalize/100000/sjap_100000_matrix.h5
    output: /home/lengliang/lzy/sj_3d/results/4_hicexplorer/3_hicCorrectMatrix/100000/sjap_100000.pdf, /home/lengliang/lzy/sj_3d/results/4_hicexplorer/3_hicCorrectMatrix/100000/sjap_100000_corrected.h5
    jobid: 28
    reason: Missing output files: /home/lengliang/lzy/sj_3d/results/4_hicexplorer/3_hicCorrectMatrix/100000/sjap_100000_corrected.h5
    wildcards: resolution=100000, sample=sjap
    threads: 24
    resources: mem_mb=1000, disk_mb=4191800, tmpdir=/home/lengliang/lzy/tmp/3d/


~/lzy/mambaforge/bin/hicCorrectMatrix diagnostic_plot -m /home/lengliang/lzy/sj_3d/results/4_hicexplorer/2_hicNormmalize/100000/sjap_100000_matrix.h5 -o /home/lengliang/lzy/sj_3d/results/4_hicexplorer/3_hicCorrectMatrix/100000/sjap_100000.pdf 
~/lzy/mambaforge/bin/hicCorrectMatrix correct -m /home/lengliang/lzy/sj_3d/results/4_hicexplorer/2_hicNormmalize/100000/sjap_100000_matrix.h5 --filterThreshold -1.5 5 -o /home/lengliang/lzy/sj_3d/results/4_hicexplorer/3_hicCorrectMatrix/100000/sjap_100000_corrected.h5 

Submitted job 28 with external jobid '11103.mu01'.

[Sat Feb  4 14:57:27 2023]
rule hicPlotMatrix:
    input: /home/lengliang/lzy/sj_3d/results/4_hicexplorer/3_hicCorrectMatrix/300000/scep_300000_corrected.h5
    output: /home/lengliang/lzy/sj_3d/results/4_hicexplorer/4_hicPlotMatrix/300000/scep_300000_perchr.pdf, /home/lengliang/lzy/sj_3d/results/4_hicexplorer/4_hicPlotMatrix/300000/scep_300000_conbine.pdf, /home/lengliang/lzy/sj_3d/results/4_hicexplorer/4_hicPlotMatrix/300000/scep_300000_perchr_log.pdf, /home/lengliang/lzy/sj_3d/results/4_hicexplorer/4_hicPlotMatrix/300000/scep_300000_conbine_log.pdf
    jobid: 42
    reason: Missing output files: /home/lengliang/lzy/sj_3d/results/4_hicexplorer/4_hicPlotMatrix/300000/scep_300000_perchr.pdf, /home/lengliang/lzy/sj_3d/results/4_hicexplorer/4_hicPlotMatrix/300000/scep_300000_conbine.pdf
    wildcards: resolution=300000, sample=scep
    threads: 24
    resources: mem_mb=1000, disk_mb=4191800, tmpdir=/home/lengliang/lzy/tmp/3d/


~/lzy/mambaforge/bin/hicPlotMatrix -m  /home/lengliang/lzy/sj_3d/results/4_hicexplorer/3_hicCorrectMatrix/300000/scep_300000_corrected.h5 -o /home/lengliang/lzy/sj_3d/results/4_hicexplorer/4_hicPlotMatrix/300000/scep_300000_perchr_log.pdf --dpi 330 --perChr --log1p 
~/lzy/mambaforge/bin/hicPlotMatrix -m  /home/lengliang/lzy/sj_3d/results/4_hicexplorer/3_hicCorrectMatrix/300000/scep_300000_corrected.h5 -o /home/lengliang/lzy/sj_3d/results/4_hicexplorer/4_hicPlotMatrix/300000/scep_300000_conbine_log.pdf  --dpi 330 --log1p  
~/lzy/mambaforge/bin/hicPlotMatrix -m  /home/lengliang/lzy/sj_3d/results/4_hicexplorer/3_hicCorrectMatrix/300000/scep_300000_corrected.h5 -o /home/lengliang/lzy/sj_3d/results/4_hicexplorer/4_hicPlotMatrix/300000/scep_300000_conbine.pdf  --dpi 330 --vMax 4  
~/lzy/mambaforge/bin/hicPlotMatrix -m  /home/lengliang/lzy/sj_3d/results/4_hicexplorer/3_hicCorrectMatrix/300000/scep_300000_corrected.h5 -o /home/lengliang/lzy/sj_3d/results/4_hicexplorer/4_hicPlotMatrix/300000/scep_300000_perchr.pdf --dpi 330 --perChr --vMax 4  


Submitted job 42 with external jobid '11104.mu01'.

[Sat Feb  4 14:57:27 2023]
rule hicCorrectMatrix_plot:
    input: /home/lengliang/lzy/sj_3d/results/4_hicexplorer/2_hicNormmalize/5000/scep_5000_matrix.h5
    output: /home/lengliang/lzy/sj_3d/results/4_hicexplorer/2_hicNormmalize/5000/scep_5000_correct.pdf
    jobid: 7
    reason: Missing output files: /home/lengliang/lzy/sj_3d/results/4_hicexplorer/2_hicNormmalize/5000/scep_5000_correct.pdf
    wildcards: resolution=5000, sample=scep
    threads: 24
    resources: mem_mb=24576, disk_mb=1000, tmpdir=/home/lengliang/lzy/tmp/3d/


~/lzy/mambaforge/bin/hicCorrectMatrix diagnostic_plot --matrix /home/lengliang/lzy/sj_3d/results/4_hicexplorer/2_hicNormmalize/5000/scep_5000_matrix.h5 -o /home/lengliang/lzy/sj_3d/results/4_hicexplorer/2_hicNormmalize/5000/scep_5000_correct.pdf

Submitted job 7 with external jobid '11105.mu01'.

[Sat Feb  4 14:57:27 2023]
rule hicCorrectMatrix:
    input: /home/lengliang/lzy/sj_3d/results/4_hicexplorer/2_hicNormmalize/10000/scep_10000_matrix.h5
    output: /home/lengliang/lzy/sj_3d/results/4_hicexplorer/3_hicCorrectMatrix/10000/scep_10000.pdf, /home/lengliang/lzy/sj_3d/results/4_hicexplorer/3_hicCorrectMatrix/10000/scep_10000_corrected.h5
    jobid: 21
    reason: Missing output files: /home/lengliang/lzy/sj_3d/results/4_hicexplorer/3_hicCorrectMatrix/10000/scep_10000_corrected.h5
    wildcards: resolution=10000, sample=scep
    threads: 24
    resources: mem_mb=1000, disk_mb=4191800, tmpdir=/home/lengliang/lzy/tmp/3d/


~/lzy/mambaforge/bin/hicCorrectMatrix diagnostic_plot -m /home/lengliang/lzy/sj_3d/results/4_hicexplorer/2_hicNormmalize/10000/scep_10000_matrix.h5 -o /home/lengliang/lzy/sj_3d/results/4_hicexplorer/3_hicCorrectMatrix/10000/scep_10000.pdf 
~/lzy/mambaforge/bin/hicCorrectMatrix correct -m /home/lengliang/lzy/sj_3d/results/4_hicexplorer/2_hicNormmalize/10000/scep_10000_matrix.h5 --filterThreshold -1.5 5 -o /home/lengliang/lzy/sj_3d/results/4_hicexplorer/3_hicCorrectMatrix/10000/scep_10000_corrected.h5 

Submitted job 21 with external jobid '11106.mu01'.

[Sat Feb  4 14:57:27 2023]
rule hicCorrectMatrix:
    input: /home/lengliang/lzy/sj_3d/results/4_hicexplorer/2_hicNormmalize/250000/sjap_250000_matrix.h5
    output: /home/lengliang/lzy/sj_3d/results/4_hicexplorer/3_hicCorrectMatrix/250000/sjap_250000.pdf, /home/lengliang/lzy/sj_3d/results/4_hicexplorer/3_hicCorrectMatrix/250000/sjap_250000_corrected.h5
    jobid: 35
    reason: Missing output files: /home/lengliang/lzy/sj_3d/results/4_hicexplorer/3_hicCorrectMatrix/250000/sjap_250000_corrected.h5
    wildcards: resolution=250000, sample=sjap
    threads: 24
    resources: mem_mb=1000, disk_mb=4191800, tmpdir=/home/lengliang/lzy/tmp/3d/


~/lzy/mambaforge/bin/hicCorrectMatrix diagnostic_plot -m /home/lengliang/lzy/sj_3d/results/4_hicexplorer/2_hicNormmalize/250000/sjap_250000_matrix.h5 -o /home/lengliang/lzy/sj_3d/results/4_hicexplorer/3_hicCorrectMatrix/250000/sjap_250000.pdf 
~/lzy/mambaforge/bin/hicCorrectMatrix correct -m /home/lengliang/lzy/sj_3d/results/4_hicexplorer/2_hicNormmalize/250000/sjap_250000_matrix.h5 --filterThreshold -1.5 5 -o /home/lengliang/lzy/sj_3d/results/4_hicexplorer/3_hicCorrectMatrix/250000/sjap_250000_corrected.h5 

Submitted job 35 with external jobid '11107.mu01'.

[Sat Feb  4 14:57:27 2023]
rule hicCorrectMatrix:
    input: /home/lengliang/lzy/sj_3d/results/4_hicexplorer/2_hicNormmalize/25000/scep_25000_matrix.h5
    output: /home/lengliang/lzy/sj_3d/results/4_hicexplorer/3_hicCorrectMatrix/25000/scep_25000.pdf, /home/lengliang/lzy/sj_3d/results/4_hicexplorer/3_hicCorrectMatrix/25000/scep_25000_corrected.h5
    jobid: 22
    reason: Missing output files: /home/lengliang/lzy/sj_3d/results/4_hicexplorer/3_hicCorrectMatrix/25000/scep_25000_corrected.h5
    wildcards: resolution=25000, sample=scep
    threads: 24
    resources: mem_mb=1000, disk_mb=4191800, tmpdir=/home/lengliang/lzy/tmp/3d/


~/lzy/mambaforge/bin/hicCorrectMatrix diagnostic_plot -m /home/lengliang/lzy/sj_3d/results/4_hicexplorer/2_hicNormmalize/25000/scep_25000_matrix.h5 -o /home/lengliang/lzy/sj_3d/results/4_hicexplorer/3_hicCorrectMatrix/25000/scep_25000.pdf 
~/lzy/mambaforge/bin/hicCorrectMatrix correct -m /home/lengliang/lzy/sj_3d/results/4_hicexplorer/2_hicNormmalize/25000/scep_25000_matrix.h5 --filterThreshold -1.5 5 -o /home/lengliang/lzy/sj_3d/results/4_hicexplorer/3_hicCorrectMatrix/25000/scep_25000_corrected.h5 

Submitted job 22 with external jobid '11108.mu01'.
[Sat Feb  4 14:57:45 2023]
Finished job 1.
1 of 51 steps (2%) done
Select jobs to execute...

[Sat Feb  4 14:57:45 2023]
rule hicCorrectMatrix:
    input: /home/lengliang/lzy/sj_3d/results/4_hicexplorer/2_hicNormmalize/500000/sjap_500000_matrix.h5
    output: /home/lengliang/lzy/sj_3d/results/4_hicexplorer/3_hicCorrectMatrix/500000/sjap_500000.pdf, /home/lengliang/lzy/sj_3d/results/4_hicexplorer/3_hicCorrectMatrix/500000/sjap_500000_corrected.h5
    jobid: 32
    reason: Missing output files: /home/lengliang/lzy/sj_3d/results/4_hicexplorer/3_hicCorrectMatrix/500000/sjap_500000_corrected.h5
    wildcards: resolution=500000, sample=sjap
    threads: 24
    resources: mem_mb=1000, disk_mb=4191800, tmpdir=/home/lengliang/lzy/tmp/3d/


~/lzy/mambaforge/bin/hicCorrectMatrix diagnostic_plot -m /home/lengliang/lzy/sj_3d/results/4_hicexplorer/2_hicNormmalize/500000/sjap_500000_matrix.h5 -o /home/lengliang/lzy/sj_3d/results/4_hicexplorer/3_hicCorrectMatrix/500000/sjap_500000.pdf 
~/lzy/mambaforge/bin/hicCorrectMatrix correct -m /home/lengliang/lzy/sj_3d/results/4_hicexplorer/2_hicNormmalize/500000/sjap_500000_matrix.h5 --filterThreshold -1.5 5 -o /home/lengliang/lzy/sj_3d/results/4_hicexplorer/3_hicCorrectMatrix/500000/sjap_500000_corrected.h5 

Submitted job 32 with external jobid '11109.mu01'.
[Sat Feb  4 14:57:45 2023]
Finished job 10.
2 of 51 steps (4%) done
[Sat Feb  4 14:57:45 2023]
Finished job 8.
3 of 51 steps (6%) done
Select jobs to execute...

[Sat Feb  4 14:57:45 2023]
rule hicCorrectMatrix_plot:
    input: /home/lengliang/lzy/sj_3d/results/4_hicexplorer/2_hicNormmalize/300000/sjap_300000_matrix.h5
    output: /home/lengliang/lzy/sj_3d/results/4_hicexplorer/2_hicNormmalize/300000/sjap_300000_correct.pdf
    jobid: 15
    reason: Missing output files: /home/lengliang/lzy/sj_3d/results/4_hicexplorer/2_hicNormmalize/300000/sjap_300000_correct.pdf
    wildcards: resolution=300000, sample=sjap
    threads: 24
    resources: mem_mb=24576, disk_mb=1000, tmpdir=/home/lengliang/lzy/tmp/3d/


~/lzy/mambaforge/bin/hicCorrectMatrix diagnostic_plot --matrix /home/lengliang/lzy/sj_3d/results/4_hicexplorer/2_hicNormmalize/300000/sjap_300000_matrix.h5 -o /home/lengliang/lzy/sj_3d/results/4_hicexplorer/2_hicNormmalize/300000/sjap_300000_correct.pdf

Submitted job 15 with external jobid '11110.mu01'.

[Sat Feb  4 14:57:45 2023]
rule hicCorrectMatrix:
    input: /home/lengliang/lzy/sj_3d/results/4_hicexplorer/2_hicNormmalize/40000/sjap_40000_matrix.h5
    output: /home/lengliang/lzy/sj_3d/results/4_hicexplorer/3_hicCorrectMatrix/40000/sjap_40000.pdf, /home/lengliang/lzy/sj_3d/results/4_hicexplorer/3_hicCorrectMatrix/40000/sjap_40000_corrected.h5
    jobid: 29
    reason: Missing output files: /home/lengliang/lzy/sj_3d/results/4_hicexplorer/3_hicCorrectMatrix/40000/sjap_40000_corrected.h5; Updated input files: /home/lengliang/lzy/sj_3d/results/4_hicexplorer/2_hicNormmalize/40000/sjap_40000_matrix.h5
    wildcards: resolution=40000, sample=sjap
    threads: 24
    resources: mem_mb=1000, disk_mb=4191800, tmpdir=/home/lengliang/lzy/tmp/3d/


~/lzy/mambaforge/bin/hicCorrectMatrix diagnostic_plot -m /home/lengliang/lzy/sj_3d/results/4_hicexplorer/2_hicNormmalize/40000/sjap_40000_matrix.h5 -o /home/lengliang/lzy/sj_3d/results/4_hicexplorer/3_hicCorrectMatrix/40000/sjap_40000.pdf 
~/lzy/mambaforge/bin/hicCorrectMatrix correct -m /home/lengliang/lzy/sj_3d/results/4_hicexplorer/2_hicNormmalize/40000/sjap_40000_matrix.h5 --filterThreshold -1.5 5 -o /home/lengliang/lzy/sj_3d/results/4_hicexplorer/3_hicCorrectMatrix/40000/sjap_40000_corrected.h5 

Submitted job 29 with external jobid '11111.mu01'.
Select jobs to execute...
[Sat Feb  4 14:57:46 2023]
Finished job 6.
4 of 51 steps (8%) done

[Sat Feb  4 14:57:46 2023]
rule hicCorrectMatrix:
    input: /home/lengliang/lzy/sj_3d/results/4_hicexplorer/2_hicNormmalize/250000/scep_250000_matrix.h5
    output: /home/lengliang/lzy/sj_3d/results/4_hicexplorer/3_hicCorrectMatrix/250000/scep_250000.pdf, /home/lengliang/lzy/sj_3d/results/4_hicexplorer/3_hicCorrectMatrix/250000/scep_250000_corrected.h5
    jobid: 26
    reason: Missing output files: /home/lengliang/lzy/sj_3d/results/4_hicexplorer/3_hicCorrectMatrix/250000/scep_250000_corrected.h5
    wildcards: resolution=250000, sample=scep
    threads: 24
    resources: mem_mb=1000, disk_mb=4191800, tmpdir=/home/lengliang/lzy/tmp/3d/


~/lzy/mambaforge/bin/hicCorrectMatrix diagnostic_plot -m /home/lengliang/lzy/sj_3d/results/4_hicexplorer/2_hicNormmalize/250000/scep_250000_matrix.h5 -o /home/lengliang/lzy/sj_3d/results/4_hicexplorer/3_hicCorrectMatrix/250000/scep_250000.pdf 
~/lzy/mambaforge/bin/hicCorrectMatrix correct -m /home/lengliang/lzy/sj_3d/results/4_hicexplorer/2_hicNormmalize/250000/scep_250000_matrix.h5 --filterThreshold -1.5 5 -o /home/lengliang/lzy/sj_3d/results/4_hicexplorer/3_hicCorrectMatrix/250000/scep_250000_corrected.h5 

Submitted job 26 with external jobid '11112.mu01'.
[Sat Feb  4 14:57:46 2023]
Finished job 14.
5 of 51 steps (10%) done
[Sat Feb  4 14:57:46 2023]
Finished job 35.
6 of 51 steps (12%) done
Select jobs to execute...

[Sat Feb  4 14:57:46 2023]
rule hicCorrectMatrix:
    input: /home/lengliang/lzy/sj_3d/results/4_hicexplorer/2_hicNormmalize/25000/sjap_25000_matrix.h5
    output: /home/lengliang/lzy/sj_3d/results/4_hicexplorer/3_hicCorrectMatrix/25000/sjap_25000.pdf, /home/lengliang/lzy/sj_3d/results/4_hicexplorer/3_hicCorrectMatrix/25000/sjap_25000_corrected.h5
    jobid: 31
    reason: Missing output files: /home/lengliang/lzy/sj_3d/results/4_hicexplorer/3_hicCorrectMatrix/25000/sjap_25000_corrected.h5
    wildcards: resolution=25000, sample=sjap
    threads: 24
    resources: mem_mb=1000, disk_mb=4191800, tmpdir=/home/lengliang/lzy/tmp/3d/


~/lzy/mambaforge/bin/hicCorrectMatrix diagnostic_plot -m /home/lengliang/lzy/sj_3d/results/4_hicexplorer/2_hicNormmalize/25000/sjap_25000_matrix.h5 -o /home/lengliang/lzy/sj_3d/results/4_hicexplorer/3_hicCorrectMatrix/25000/sjap_25000.pdf 
~/lzy/mambaforge/bin/hicCorrectMatrix correct -m /home/lengliang/lzy/sj_3d/results/4_hicexplorer/2_hicNormmalize/25000/sjap_25000_matrix.h5 --filterThreshold -1.5 5 -o /home/lengliang/lzy/sj_3d/results/4_hicexplorer/3_hicCorrectMatrix/25000/sjap_25000_corrected.h5 

Submitted job 31 with external jobid '11113.mu01'.

[Sat Feb  4 14:57:46 2023]
rule hicCorrectMatrix_plot:
    input: /home/lengliang/lzy/sj_3d/results/4_hicexplorer/2_hicNormmalize/250000/sjap_250000_matrix.h5
    output: /home/lengliang/lzy/sj_3d/results/4_hicexplorer/2_hicNormmalize/250000/sjap_250000_correct.pdf
    jobid: 17
    reason: Missing output files: /home/lengliang/lzy/sj_3d/results/4_hicexplorer/2_hicNormmalize/250000/sjap_250000_correct.pdf
    wildcards: resolution=250000, sample=sjap
    threads: 24
    resources: mem_mb=24576, disk_mb=1000, tmpdir=/home/lengliang/lzy/tmp/3d/


~/lzy/mambaforge/bin/hicCorrectMatrix diagnostic_plot --matrix /home/lengliang/lzy/sj_3d/results/4_hicexplorer/2_hicNormmalize/250000/sjap_250000_matrix.h5 -o /home/lengliang/lzy/sj_3d/results/4_hicexplorer/2_hicNormmalize/250000/sjap_250000_correct.pdf

Submitted job 17 with external jobid '11114.mu01'.
Select jobs to execute...
[Sat Feb  4 14:57:57 2023]
Finished job 9.
7 of 51 steps (14%) done

[Sat Feb  4 14:57:57 2023]
rule hicCorrectMatrix:
    input: /home/lengliang/lzy/sj_3d/results/4_hicexplorer/2_hicNormmalize/50000/sjap_50000_matrix.h5
    output: /home/lengliang/lzy/sj_3d/results/4_hicexplorer/3_hicCorrectMatrix/50000/sjap_50000.pdf, /home/lengliang/lzy/sj_3d/results/4_hicexplorer/3_hicCorrectMatrix/50000/sjap_50000_corrected.h5
    jobid: 36
    reason: Missing output files: /home/lengliang/lzy/sj_3d/results/4_hicexplorer/3_hicCorrectMatrix/50000/sjap_50000_corrected.h5
    wildcards: resolution=50000, sample=sjap
    threads: 24
    resources: mem_mb=1000, disk_mb=4191800, tmpdir=/home/lengliang/lzy/tmp/3d/


~/lzy/mambaforge/bin/hicCorrectMatrix diagnostic_plot -m /home/lengliang/lzy/sj_3d/results/4_hicexplorer/2_hicNormmalize/50000/sjap_50000_matrix.h5 -o /home/lengliang/lzy/sj_3d/results/4_hicexplorer/3_hicCorrectMatrix/50000/sjap_50000.pdf 
~/lzy/mambaforge/bin/hicCorrectMatrix correct -m /home/lengliang/lzy/sj_3d/results/4_hicexplorer/2_hicNormmalize/50000/sjap_50000_matrix.h5 --filterThreshold -1.5 5 -o /home/lengliang/lzy/sj_3d/results/4_hicexplorer/3_hicCorrectMatrix/50000/sjap_50000_corrected.h5 

Submitted job 36 with external jobid '11115.mu01'.
[Sat Feb  4 14:57:57 2023]
Finished job 23.
8 of 51 steps (16%) done
[Sat Feb  4 14:57:57 2023]
Finished job 2.
9 of 51 steps (18%) done
[Sat Feb  4 14:57:57 2023]
Finished job 33.
10 of 51 steps (20%) done
Select jobs to execute...

[Sat Feb  4 14:57:57 2023]
rule hicCorrectMatrix:
    input: /home/lengliang/lzy/sj_3d/results/4_hicexplorer/2_hicNormmalize/100000/scep_100000_matrix.h5
    output: /home/lengliang/lzy/sj_3d/results/4_hicexplorer/3_hicCorrectMatrix/100000/scep_100000.pdf, /home/lengliang/lzy/sj_3d/results/4_hicexplorer/3_hicCorrectMatrix/100000/scep_100000_corrected.h5
    jobid: 19
    reason: Missing output files: /home/lengliang/lzy/sj_3d/results/4_hicexplorer/3_hicCorrectMatrix/100000/scep_100000_corrected.h5
    wildcards: resolution=100000, sample=scep
    threads: 24
    resources: mem_mb=1000, disk_mb=4191800, tmpdir=/home/lengliang/lzy/tmp/3d/


~/lzy/mambaforge/bin/hicCorrectMatrix diagnostic_plot -m /home/lengliang/lzy/sj_3d/results/4_hicexplorer/2_hicNormmalize/100000/scep_100000_matrix.h5 -o /home/lengliang/lzy/sj_3d/results/4_hicexplorer/3_hicCorrectMatrix/100000/scep_100000.pdf 
~/lzy/mambaforge/bin/hicCorrectMatrix correct -m /home/lengliang/lzy/sj_3d/results/4_hicexplorer/2_hicNormmalize/100000/scep_100000_matrix.h5 --filterThreshold -1.5 5 -o /home/lengliang/lzy/sj_3d/results/4_hicexplorer/3_hicCorrectMatrix/100000/scep_100000_corrected.h5 

Submitted job 19 with external jobid '11116.mu01'.

[Sat Feb  4 14:57:57 2023]
rule hicPlotMatrix:
    input: /home/lengliang/lzy/sj_3d/results/4_hicexplorer/3_hicCorrectMatrix/300000/sjap_300000_corrected.h5
    output: /home/lengliang/lzy/sj_3d/results/4_hicexplorer/4_hicPlotMatrix/300000/sjap_300000_perchr.pdf, /home/lengliang/lzy/sj_3d/results/4_hicexplorer/4_hicPlotMatrix/300000/sjap_300000_conbine.pdf, /home/lengliang/lzy/sj_3d/results/4_hicexplorer/4_hicPlotMatrix/300000/sjap_300000_perchr_log.pdf, /home/lengliang/lzy/sj_3d/results/4_hicexplorer/4_hicPlotMatrix/300000/sjap_300000_conbine_log.pdf
    jobid: 51
    reason: Missing output files: /home/lengliang/lzy/sj_3d/results/4_hicexplorer/4_hicPlotMatrix/300000/sjap_300000_conbine.pdf, /home/lengliang/lzy/sj_3d/results/4_hicexplorer/4_hicPlotMatrix/300000/sjap_300000_perchr.pdf; Input files updated by another job: /home/lengliang/lzy/sj_3d/results/4_hicexplorer/3_hicCorrectMatrix/300000/sjap_300000_corrected.h5
    wildcards: resolution=300000, sample=sjap
    threads: 24
    resources: mem_mb=1000, disk_mb=4191800, tmpdir=/home/lengliang/lzy/tmp/3d/


~/lzy/mambaforge/bin/hicPlotMatrix -m  /home/lengliang/lzy/sj_3d/results/4_hicexplorer/3_hicCorrectMatrix/300000/sjap_300000_corrected.h5 -o /home/lengliang/lzy/sj_3d/results/4_hicexplorer/4_hicPlotMatrix/300000/sjap_300000_perchr_log.pdf --dpi 330 --perChr --log1p 
~/lzy/mambaforge/bin/hicPlotMatrix -m  /home/lengliang/lzy/sj_3d/results/4_hicexplorer/3_hicCorrectMatrix/300000/sjap_300000_corrected.h5 -o /home/lengliang/lzy/sj_3d/results/4_hicexplorer/4_hicPlotMatrix/300000/sjap_300000_conbine_log.pdf  --dpi 330 --log1p  
~/lzy/mambaforge/bin/hicPlotMatrix -m  /home/lengliang/lzy/sj_3d/results/4_hicexplorer/3_hicCorrectMatrix/300000/sjap_300000_corrected.h5 -o /home/lengliang/lzy/sj_3d/results/4_hicexplorer/4_hicPlotMatrix/300000/sjap_300000_conbine.pdf  --dpi 330 --vMax 4  
~/lzy/mambaforge/bin/hicPlotMatrix -m  /home/lengliang/lzy/sj_3d/results/4_hicexplorer/3_hicCorrectMatrix/300000/sjap_300000_corrected.h5 -o /home/lengliang/lzy/sj_3d/results/4_hicexplorer/4_hicPlotMatrix/300000/sjap_300000_perchr.pdf --dpi 330 --perChr --vMax 4  


Submitted job 51 with external jobid '11117.mu01'.

[Sat Feb  4 14:57:57 2023]
rule hicCorrectMatrix_plot:
    input: /home/lengliang/lzy/sj_3d/results/4_hicexplorer/2_hicNormmalize/10000/scep_10000_matrix.h5
    output: /home/lengliang/lzy/sj_3d/results/4_hicexplorer/2_hicNormmalize/10000/scep_10000_correct.pdf
    jobid: 3
    reason: Missing output files: /home/lengliang/lzy/sj_3d/results/4_hicexplorer/2_hicNormmalize/10000/scep_10000_correct.pdf
    wildcards: resolution=10000, sample=scep
    threads: 24
    resources: mem_mb=24576, disk_mb=1000, tmpdir=/home/lengliang/lzy/tmp/3d/


~/lzy/mambaforge/bin/hicCorrectMatrix diagnostic_plot --matrix /home/lengliang/lzy/sj_3d/results/4_hicexplorer/2_hicNormmalize/10000/scep_10000_matrix.h5 -o /home/lengliang/lzy/sj_3d/results/4_hicexplorer/2_hicNormmalize/10000/scep_10000_correct.pdf

Submitted job 3 with external jobid '11118.mu01'.
Select jobs to execute...
[Sat Feb  4 14:57:58 2023]
Finished job 28.
11 of 51 steps (22%) done

[Sat Feb  4 14:57:58 2023]
rule hicCorrectMatrix_plot:
    input: /home/lengliang/lzy/sj_3d/results/4_hicexplorer/2_hicNormmalize/25000/scep_25000_matrix.h5
    output: /home/lengliang/lzy/sj_3d/results/4_hicexplorer/2_hicNormmalize/25000/scep_25000_correct.pdf
    jobid: 4
    reason: Missing output files: /home/lengliang/lzy/sj_3d/results/4_hicexplorer/2_hicNormmalize/25000/scep_25000_correct.pdf
    wildcards: resolution=25000, sample=scep
    threads: 24
    resources: mem_mb=24576, disk_mb=1000, tmpdir=/home/lengliang/lzy/tmp/3d/


~/lzy/mambaforge/bin/hicCorrectMatrix diagnostic_plot --matrix /home/lengliang/lzy/sj_3d/results/4_hicexplorer/2_hicNormmalize/25000/scep_25000_matrix.h5 -o /home/lengliang/lzy/sj_3d/results/4_hicexplorer/2_hicNormmalize/25000/scep_25000_correct.pdf

Submitted job 4 with external jobid '11119.mu01'.
[Sat Feb  4 14:58:09 2023]
Finished job 32.
12 of 51 steps (24%) done
Select jobs to execute...

[Sat Feb  4 14:58:09 2023]
rule hicPlotMatrix:
    input: /home/lengliang/lzy/sj_3d/results/4_hicexplorer/3_hicCorrectMatrix/500000/sjap_500000_corrected.h5
    output: /home/lengliang/lzy/sj_3d/results/4_hicexplorer/4_hicPlotMatrix/500000/sjap_500000_perchr.pdf, /home/lengliang/lzy/sj_3d/results/4_hicexplorer/4_hicPlotMatrix/500000/sjap_500000_conbine.pdf, /home/lengliang/lzy/sj_3d/results/4_hicexplorer/4_hicPlotMatrix/500000/sjap_500000_perchr_log.pdf, /home/lengliang/lzy/sj_3d/results/4_hicexplorer/4_hicPlotMatrix/500000/sjap_500000_conbine_log.pdf
    jobid: 50
    reason: Missing output files: /home/lengliang/lzy/sj_3d/results/4_hicexplorer/4_hicPlotMatrix/500000/sjap_500000_perchr.pdf, /home/lengliang/lzy/sj_3d/results/4_hicexplorer/4_hicPlotMatrix/500000/sjap_500000_conbine.pdf; Input files updated by another job: /home/lengliang/lzy/sj_3d/results/4_hicexplorer/3_hicCorrectMatrix/500000/sjap_500000_corrected.h5
    wildcards: resolution=500000, sample=sjap
    threads: 24
    resources: mem_mb=1000, disk_mb=4191800, tmpdir=/home/lengliang/lzy/tmp/3d/


~/lzy/mambaforge/bin/hicPlotMatrix -m  /home/lengliang/lzy/sj_3d/results/4_hicexplorer/3_hicCorrectMatrix/500000/sjap_500000_corrected.h5 -o /home/lengliang/lzy/sj_3d/results/4_hicexplorer/4_hicPlotMatrix/500000/sjap_500000_perchr_log.pdf --dpi 330 --perChr --log1p 
~/lzy/mambaforge/bin/hicPlotMatrix -m  /home/lengliang/lzy/sj_3d/results/4_hicexplorer/3_hicCorrectMatrix/500000/sjap_500000_corrected.h5 -o /home/lengliang/lzy/sj_3d/results/4_hicexplorer/4_hicPlotMatrix/500000/sjap_500000_conbine_log.pdf  --dpi 330 --log1p  
~/lzy/mambaforge/bin/hicPlotMatrix -m  /home/lengliang/lzy/sj_3d/results/4_hicexplorer/3_hicCorrectMatrix/500000/sjap_500000_corrected.h5 -o /home/lengliang/lzy/sj_3d/results/4_hicexplorer/4_hicPlotMatrix/500000/sjap_500000_conbine.pdf  --dpi 330 --vMax 4  
~/lzy/mambaforge/bin/hicPlotMatrix -m  /home/lengliang/lzy/sj_3d/results/4_hicexplorer/3_hicCorrectMatrix/500000/sjap_500000_corrected.h5 -o /home/lengliang/lzy/sj_3d/results/4_hicexplorer/4_hicPlotMatrix/500000/sjap_500000_perchr.pdf --dpi 330 --perChr --vMax 4  


Submitted job 50 with external jobid '11120.mu01'.
[Sat Feb  4 14:58:09 2023]
Finished job 15.
13 of 51 steps (25%) done
[Sat Feb  4 14:58:09 2023]
Finished job 16.
14 of 51 steps (27%) done
[Sat Feb  4 14:58:09 2023]
Finished job 27.
15 of 51 steps (29%) done
Select jobs to execute...

[Sat Feb  4 14:58:09 2023]
rule hicCorrectMatrix:
    input: /home/lengliang/lzy/sj_3d/results/4_hicexplorer/2_hicNormmalize/5000/scep_5000_matrix.h5
    output: /home/lengliang/lzy/sj_3d/results/4_hicexplorer/3_hicCorrectMatrix/5000/scep_5000.pdf, /home/lengliang/lzy/sj_3d/results/4_hicexplorer/3_hicCorrectMatrix/5000/scep_5000_corrected.h5
    jobid: 25
    reason: Missing output files: /home/lengliang/lzy/sj_3d/results/4_hicexplorer/3_hicCorrectMatrix/5000/scep_5000_corrected.h5
    wildcards: resolution=5000, sample=scep
    threads: 24
    resources: mem_mb=1000, disk_mb=4191800, tmpdir=/home/lengliang/lzy/tmp/3d/


~/lzy/mambaforge/bin/hicCorrectMatrix diagnostic_plot -m /home/lengliang/lzy/sj_3d/results/4_hicexplorer/2_hicNormmalize/5000/scep_5000_matrix.h5 -o /home/lengliang/lzy/sj_3d/results/4_hicexplorer/3_hicCorrectMatrix/5000/scep_5000.pdf 
~/lzy/mambaforge/bin/hicCorrectMatrix correct -m /home/lengliang/lzy/sj_3d/results/4_hicexplorer/2_hicNormmalize/5000/scep_5000_matrix.h5 --filterThreshold -1.5 5 -o /home/lengliang/lzy/sj_3d/results/4_hicexplorer/3_hicCorrectMatrix/5000/scep_5000_corrected.h5 

Submitted job 25 with external jobid '11121.mu01'.

[Sat Feb  4 14:58:09 2023]
rule hicPlotMatrix:
    input: /home/lengliang/lzy/sj_3d/results/4_hicexplorer/3_hicCorrectMatrix/50000/scep_50000_corrected.h5
    output: /home/lengliang/lzy/sj_3d/results/4_hicexplorer/4_hicPlotMatrix/50000/scep_50000_perchr.pdf, /home/lengliang/lzy/sj_3d/results/4_hicexplorer/4_hicPlotMatrix/50000/scep_50000_conbine.pdf, /home/lengliang/lzy/sj_3d/results/4_hicexplorer/4_hicPlotMatrix/50000/scep_50000_perchr_log.pdf, /home/lengliang/lzy/sj_3d/results/4_hicexplorer/4_hicPlotMatrix/50000/scep_50000_conbine_log.pdf
    jobid: 45
    reason: Missing output files: /home/lengliang/lzy/sj_3d/results/4_hicexplorer/4_hicPlotMatrix/50000/scep_50000_conbine.pdf, /home/lengliang/lzy/sj_3d/results/4_hicexplorer/4_hicPlotMatrix/50000/scep_50000_perchr.pdf; Input files updated by another job: /home/lengliang/lzy/sj_3d/results/4_hicexplorer/3_hicCorrectMatrix/50000/scep_50000_corrected.h5
    wildcards: resolution=50000, sample=scep
    threads: 24
    resources: mem_mb=1000, disk_mb=4191800, tmpdir=/home/lengliang/lzy/tmp/3d/


~/lzy/mambaforge/bin/hicPlotMatrix -m  /home/lengliang/lzy/sj_3d/results/4_hicexplorer/3_hicCorrectMatrix/50000/scep_50000_corrected.h5 -o /home/lengliang/lzy/sj_3d/results/4_hicexplorer/4_hicPlotMatrix/50000/scep_50000_perchr_log.pdf --dpi 330 --perChr --log1p 
~/lzy/mambaforge/bin/hicPlotMatrix -m  /home/lengliang/lzy/sj_3d/results/4_hicexplorer/3_hicCorrectMatrix/50000/scep_50000_corrected.h5 -o /home/lengliang/lzy/sj_3d/results/4_hicexplorer/4_hicPlotMatrix/50000/scep_50000_conbine_log.pdf  --dpi 330 --log1p  
~/lzy/mambaforge/bin/hicPlotMatrix -m  /home/lengliang/lzy/sj_3d/results/4_hicexplorer/3_hicCorrectMatrix/50000/scep_50000_corrected.h5 -o /home/lengliang/lzy/sj_3d/results/4_hicexplorer/4_hicPlotMatrix/50000/scep_50000_conbine.pdf  --dpi 330 --vMax 4  
~/lzy/mambaforge/bin/hicPlotMatrix -m  /home/lengliang/lzy/sj_3d/results/4_hicexplorer/3_hicCorrectMatrix/50000/scep_50000_corrected.h5 -o /home/lengliang/lzy/sj_3d/results/4_hicexplorer/4_hicPlotMatrix/50000/scep_50000_perchr.pdf --dpi 330 --perChr --vMax 4  


Submitted job 45 with external jobid '11122.mu01'.

[Sat Feb  4 14:58:09 2023]
rule hicCorrectMatrix_plot:
    input: /home/lengliang/lzy/sj_3d/results/4_hicexplorer/2_hicNormmalize/50000/sjap_50000_matrix.h5
    output: /home/lengliang/lzy/sj_3d/results/4_hicexplorer/2_hicNormmalize/50000/sjap_50000_correct.pdf
    jobid: 18
    reason: Missing output files: /home/lengliang/lzy/sj_3d/results/4_hicexplorer/2_hicNormmalize/50000/sjap_50000_correct.pdf
    wildcards: resolution=50000, sample=sjap
    threads: 24
    resources: mem_mb=24576, disk_mb=1000, tmpdir=/home/lengliang/lzy/tmp/3d/


~/lzy/mambaforge/bin/hicCorrectMatrix diagnostic_plot --matrix /home/lengliang/lzy/sj_3d/results/4_hicexplorer/2_hicNormmalize/50000/sjap_50000_matrix.h5 -o /home/lengliang/lzy/sj_3d/results/4_hicexplorer/2_hicNormmalize/50000/sjap_50000_correct.pdf

Submitted job 18 with external jobid '11123.mu01'.
Select jobs to execute...
[Sat Feb  4 14:58:10 2023]
Finished job 20.
16 of 51 steps (31%) done

[Sat Feb  4 14:58:10 2023]
rule hicPlotMatrix:
    input: /home/lengliang/lzy/sj_3d/results/4_hicexplorer/3_hicCorrectMatrix/40000/scep_40000_corrected.h5
    output: /home/lengliang/lzy/sj_3d/results/4_hicexplorer/4_hicPlotMatrix/40000/scep_40000_perchr.pdf, /home/lengliang/lzy/sj_3d/results/4_hicexplorer/4_hicPlotMatrix/40000/scep_40000_conbine.pdf, /home/lengliang/lzy/sj_3d/results/4_hicexplorer/4_hicPlotMatrix/40000/scep_40000_perchr_log.pdf, /home/lengliang/lzy/sj_3d/results/4_hicexplorer/4_hicPlotMatrix/40000/scep_40000_conbine_log.pdf
    jobid: 38
    reason: Input files updated by another job: /home/lengliang/lzy/sj_3d/results/4_hicexplorer/3_hicCorrectMatrix/40000/scep_40000_corrected.h5
    wildcards: resolution=40000, sample=scep
    threads: 24
    resources: mem_mb=1000, disk_mb=4191800, tmpdir=/home/lengliang/lzy/tmp/3d/


~/lzy/mambaforge/bin/hicPlotMatrix -m  /home/lengliang/lzy/sj_3d/results/4_hicexplorer/3_hicCorrectMatrix/40000/scep_40000_corrected.h5 -o /home/lengliang/lzy/sj_3d/results/4_hicexplorer/4_hicPlotMatrix/40000/scep_40000_perchr_log.pdf --dpi 330 --perChr --log1p 
~/lzy/mambaforge/bin/hicPlotMatrix -m  /home/lengliang/lzy/sj_3d/results/4_hicexplorer/3_hicCorrectMatrix/40000/scep_40000_corrected.h5 -o /home/lengliang/lzy/sj_3d/results/4_hicexplorer/4_hicPlotMatrix/40000/scep_40000_conbine_log.pdf  --dpi 330 --log1p  
~/lzy/mambaforge/bin/hicPlotMatrix -m  /home/lengliang/lzy/sj_3d/results/4_hicexplorer/3_hicCorrectMatrix/40000/scep_40000_corrected.h5 -o /home/lengliang/lzy/sj_3d/results/4_hicexplorer/4_hicPlotMatrix/40000/scep_40000_conbine.pdf  --dpi 330 --vMax 4  
~/lzy/mambaforge/bin/hicPlotMatrix -m  /home/lengliang/lzy/sj_3d/results/4_hicexplorer/3_hicCorrectMatrix/40000/scep_40000_corrected.h5 -o /home/lengliang/lzy/sj_3d/results/4_hicexplorer/4_hicPlotMatrix/40000/scep_40000_perchr.pdf --dpi 330 --perChr --vMax 4  


Submitted job 38 with external jobid '11124.mu01'.
[Sat Feb  4 14:58:10 2023]
Finished job 7.
17 of 51 steps (33%) done
[Sat Feb  4 14:58:10 2023]
Finished job 26.
18 of 51 steps (35%) done
[Sat Feb  4 14:58:10 2023]
Finished job 17.
19 of 51 steps (37%) done
Select jobs to execute...

[Sat Feb  4 14:58:10 2023]
rule hicPlotMatrix:
    input: /home/lengliang/lzy/sj_3d/results/4_hicexplorer/3_hicCorrectMatrix/500000/scep_500000_corrected.h5
    output: /home/lengliang/lzy/sj_3d/results/4_hicexplorer/4_hicPlotMatrix/500000/scep_500000_perchr.pdf, /home/lengliang/lzy/sj_3d/results/4_hicexplorer/4_hicPlotMatrix/500000/scep_500000_conbine.pdf, /home/lengliang/lzy/sj_3d/results/4_hicexplorer/4_hicPlotMatrix/500000/scep_500000_perchr_log.pdf, /home/lengliang/lzy/sj_3d/results/4_hicexplorer/4_hicPlotMatrix/500000/scep_500000_conbine_log.pdf
    jobid: 41
    reason: Missing output files: /home/lengliang/lzy/sj_3d/results/4_hicexplorer/4_hicPlotMatrix/500000/scep_500000_perchr.pdf, /home/lengliang/lzy/sj_3d/results/4_hicexplorer/4_hicPlotMatrix/500000/scep_500000_conbine.pdf; Input files updated by another job: /home/lengliang/lzy/sj_3d/results/4_hicexplorer/3_hicCorrectMatrix/500000/scep_500000_corrected.h5
    wildcards: resolution=500000, sample=scep
    threads: 24
    resources: mem_mb=1000, disk_mb=4191800, tmpdir=/home/lengliang/lzy/tmp/3d/


~/lzy/mambaforge/bin/hicPlotMatrix -m  /home/lengliang/lzy/sj_3d/results/4_hicexplorer/3_hicCorrectMatrix/500000/scep_500000_corrected.h5 -o /home/lengliang/lzy/sj_3d/results/4_hicexplorer/4_hicPlotMatrix/500000/scep_500000_perchr_log.pdf --dpi 330 --perChr --log1p 
~/lzy/mambaforge/bin/hicPlotMatrix -m  /home/lengliang/lzy/sj_3d/results/4_hicexplorer/3_hicCorrectMatrix/500000/scep_500000_corrected.h5 -o /home/lengliang/lzy/sj_3d/results/4_hicexplorer/4_hicPlotMatrix/500000/scep_500000_conbine_log.pdf  --dpi 330 --log1p  
~/lzy/mambaforge/bin/hicPlotMatrix -m  /home/lengliang/lzy/sj_3d/results/4_hicexplorer/3_hicCorrectMatrix/500000/scep_500000_corrected.h5 -o /home/lengliang/lzy/sj_3d/results/4_hicexplorer/4_hicPlotMatrix/500000/scep_500000_conbine.pdf  --dpi 330 --vMax 4  
~/lzy/mambaforge/bin/hicPlotMatrix -m  /home/lengliang/lzy/sj_3d/results/4_hicexplorer/3_hicCorrectMatrix/500000/scep_500000_corrected.h5 -o /home/lengliang/lzy/sj_3d/results/4_hicexplorer/4_hicPlotMatrix/500000/scep_500000_perchr.pdf --dpi 330 --perChr --vMax 4  


Submitted job 41 with external jobid '11125.mu01'.

[Sat Feb  4 14:58:10 2023]
rule hicCorrectMatrix_plot:
    input: /home/lengliang/lzy/sj_3d/results/4_hicexplorer/2_hicNormmalize/40000/sjap_40000_matrix.h5
    output: /home/lengliang/lzy/sj_3d/results/4_hicexplorer/2_hicNormmalize/40000/sjap_40000_correct.pdf
    jobid: 11
    reason: Missing output files: /home/lengliang/lzy/sj_3d/results/4_hicexplorer/2_hicNormmalize/40000/sjap_40000_correct.pdf
    wildcards: resolution=40000, sample=sjap
    threads: 24
    resources: mem_mb=24576, disk_mb=1000, tmpdir=/home/lengliang/lzy/tmp/3d/


~/lzy/mambaforge/bin/hicCorrectMatrix diagnostic_plot --matrix /home/lengliang/lzy/sj_3d/results/4_hicexplorer/2_hicNormmalize/40000/sjap_40000_matrix.h5 -o /home/lengliang/lzy/sj_3d/results/4_hicexplorer/2_hicNormmalize/40000/sjap_40000_correct.pdf

Submitted job 11 with external jobid '11126.mu01'.

[Sat Feb  4 14:58:10 2023]
rule hicPlotMatrix:
    input: /home/lengliang/lzy/sj_3d/results/4_hicexplorer/3_hicCorrectMatrix/250000/sjap_250000_corrected.h5
    output: /home/lengliang/lzy/sj_3d/results/4_hicexplorer/4_hicPlotMatrix/250000/sjap_250000_perchr.pdf, /home/lengliang/lzy/sj_3d/results/4_hicexplorer/4_hicPlotMatrix/250000/sjap_250000_conbine.pdf, /home/lengliang/lzy/sj_3d/results/4_hicexplorer/4_hicPlotMatrix/250000/sjap_250000_perchr_log.pdf, /home/lengliang/lzy/sj_3d/results/4_hicexplorer/4_hicPlotMatrix/250000/sjap_250000_conbine_log.pdf
    jobid: 53
    reason: Missing output files: /home/lengliang/lzy/sj_3d/results/4_hicexplorer/4_hicPlotMatrix/250000/sjap_250000_perchr.pdf, /home/lengliang/lzy/sj_3d/results/4_hicexplorer/4_hicPlotMatrix/250000/sjap_250000_conbine.pdf; Input files updated by another job: /home/lengliang/lzy/sj_3d/results/4_hicexplorer/3_hicCorrectMatrix/250000/sjap_250000_corrected.h5
    wildcards: resolution=250000, sample=sjap
    threads: 24
    resources: mem_mb=1000, disk_mb=4191800, tmpdir=/home/lengliang/lzy/tmp/3d/


~/lzy/mambaforge/bin/hicPlotMatrix -m  /home/lengliang/lzy/sj_3d/results/4_hicexplorer/3_hicCorrectMatrix/250000/sjap_250000_corrected.h5 -o /home/lengliang/lzy/sj_3d/results/4_hicexplorer/4_hicPlotMatrix/250000/sjap_250000_perchr_log.pdf --dpi 330 --perChr --log1p 
~/lzy/mambaforge/bin/hicPlotMatrix -m  /home/lengliang/lzy/sj_3d/results/4_hicexplorer/3_hicCorrectMatrix/250000/sjap_250000_corrected.h5 -o /home/lengliang/lzy/sj_3d/results/4_hicexplorer/4_hicPlotMatrix/250000/sjap_250000_conbine_log.pdf  --dpi 330 --log1p  
~/lzy/mambaforge/bin/hicPlotMatrix -m  /home/lengliang/lzy/sj_3d/results/4_hicexplorer/3_hicCorrectMatrix/250000/sjap_250000_corrected.h5 -o /home/lengliang/lzy/sj_3d/results/4_hicexplorer/4_hicPlotMatrix/250000/sjap_250000_conbine.pdf  --dpi 330 --vMax 4  
~/lzy/mambaforge/bin/hicPlotMatrix -m  /home/lengliang/lzy/sj_3d/results/4_hicexplorer/3_hicCorrectMatrix/250000/sjap_250000_corrected.h5 -o /home/lengliang/lzy/sj_3d/results/4_hicexplorer/4_hicPlotMatrix/250000/sjap_250000_perchr.pdf --dpi 330 --perChr --vMax 4  


Submitted job 53 with external jobid '11127.mu01'.
Select jobs to execute...
[Sat Feb  4 14:58:22 2023]
Finished job 22.
20 of 51 steps (39%) done

[Sat Feb  4 14:58:22 2023]
rule hicPlotMatrix:
    input: /home/lengliang/lzy/sj_3d/results/4_hicexplorer/3_hicCorrectMatrix/100000/sjap_100000_corrected.h5
    output: /home/lengliang/lzy/sj_3d/results/4_hicexplorer/4_hicPlotMatrix/100000/sjap_100000_perchr.pdf, /home/lengliang/lzy/sj_3d/results/4_hicexplorer/4_hicPlotMatrix/100000/sjap_100000_conbine.pdf, /home/lengliang/lzy/sj_3d/results/4_hicexplorer/4_hicPlotMatrix/100000/sjap_100000_perchr_log.pdf, /home/lengliang/lzy/sj_3d/results/4_hicexplorer/4_hicPlotMatrix/100000/sjap_100000_conbine_log.pdf
    jobid: 46
    reason: Missing output files: /home/lengliang/lzy/sj_3d/results/4_hicexplorer/4_hicPlotMatrix/100000/sjap_100000_perchr.pdf, /home/lengliang/lzy/sj_3d/results/4_hicexplorer/4_hicPlotMatrix/100000/sjap_100000_conbine.pdf; Input files updated by another job: /home/lengliang/lzy/sj_3d/results/4_hicexplorer/3_hicCorrectMatrix/100000/sjap_100000_corrected.h5
    wildcards: resolution=100000, sample=sjap
    threads: 24
    resources: mem_mb=1000, disk_mb=4191800, tmpdir=/home/lengliang/lzy/tmp/3d/


~/lzy/mambaforge/bin/hicPlotMatrix -m  /home/lengliang/lzy/sj_3d/results/4_hicexplorer/3_hicCorrectMatrix/100000/sjap_100000_corrected.h5 -o /home/lengliang/lzy/sj_3d/results/4_hicexplorer/4_hicPlotMatrix/100000/sjap_100000_perchr_log.pdf --dpi 330 --perChr --log1p 
~/lzy/mambaforge/bin/hicPlotMatrix -m  /home/lengliang/lzy/sj_3d/results/4_hicexplorer/3_hicCorrectMatrix/100000/sjap_100000_corrected.h5 -o /home/lengliang/lzy/sj_3d/results/4_hicexplorer/4_hicPlotMatrix/100000/sjap_100000_conbine_log.pdf  --dpi 330 --log1p  
~/lzy/mambaforge/bin/hicPlotMatrix -m  /home/lengliang/lzy/sj_3d/results/4_hicexplorer/3_hicCorrectMatrix/100000/sjap_100000_corrected.h5 -o /home/lengliang/lzy/sj_3d/results/4_hicexplorer/4_hicPlotMatrix/100000/sjap_100000_conbine.pdf  --dpi 330 --vMax 4  
~/lzy/mambaforge/bin/hicPlotMatrix -m  /home/lengliang/lzy/sj_3d/results/4_hicexplorer/3_hicCorrectMatrix/100000/sjap_100000_corrected.h5 -o /home/lengliang/lzy/sj_3d/results/4_hicexplorer/4_hicPlotMatrix/100000/sjap_100000_perchr.pdf --dpi 330 --perChr --vMax 4  


Submitted job 46 with external jobid '11128.mu01'.
[Sat Feb  4 14:58:22 2023]
Finished job 4.
21 of 51 steps (41%) done
Select jobs to execute...

[Sat Feb  4 14:58:22 2023]
rule hicPlotMatrix:
    input: /home/lengliang/lzy/sj_3d/results/4_hicexplorer/3_hicCorrectMatrix/250000/scep_250000_corrected.h5
    output: /home/lengliang/lzy/sj_3d/results/4_hicexplorer/4_hicPlotMatrix/250000/scep_250000_perchr.pdf, /home/lengliang/lzy/sj_3d/results/4_hicexplorer/4_hicPlotMatrix/250000/scep_250000_conbine.pdf, /home/lengliang/lzy/sj_3d/results/4_hicexplorer/4_hicPlotMatrix/250000/scep_250000_perchr_log.pdf, /home/lengliang/lzy/sj_3d/results/4_hicexplorer/4_hicPlotMatrix/250000/scep_250000_conbine_log.pdf
    jobid: 44
    reason: Missing output files: /home/lengliang/lzy/sj_3d/results/4_hicexplorer/4_hicPlotMatrix/250000/scep_250000_perchr.pdf, /home/lengliang/lzy/sj_3d/results/4_hicexplorer/4_hicPlotMatrix/250000/scep_250000_conbine.pdf; Input files updated by another job: /home/lengliang/lzy/sj_3d/results/4_hicexplorer/3_hicCorrectMatrix/250000/scep_250000_corrected.h5
    wildcards: resolution=250000, sample=scep
    threads: 24
    resources: mem_mb=1000, disk_mb=4191800, tmpdir=/home/lengliang/lzy/tmp/3d/


~/lzy/mambaforge/bin/hicPlotMatrix -m  /home/lengliang/lzy/sj_3d/results/4_hicexplorer/3_hicCorrectMatrix/250000/scep_250000_corrected.h5 -o /home/lengliang/lzy/sj_3d/results/4_hicexplorer/4_hicPlotMatrix/250000/scep_250000_perchr_log.pdf --dpi 330 --perChr --log1p 
~/lzy/mambaforge/bin/hicPlotMatrix -m  /home/lengliang/lzy/sj_3d/results/4_hicexplorer/3_hicCorrectMatrix/250000/scep_250000_corrected.h5 -o /home/lengliang/lzy/sj_3d/results/4_hicexplorer/4_hicPlotMatrix/250000/scep_250000_conbine_log.pdf  --dpi 330 --log1p  
~/lzy/mambaforge/bin/hicPlotMatrix -m  /home/lengliang/lzy/sj_3d/results/4_hicexplorer/3_hicCorrectMatrix/250000/scep_250000_corrected.h5 -o /home/lengliang/lzy/sj_3d/results/4_hicexplorer/4_hicPlotMatrix/250000/scep_250000_conbine.pdf  --dpi 330 --vMax 4  
~/lzy/mambaforge/bin/hicPlotMatrix -m  /home/lengliang/lzy/sj_3d/results/4_hicexplorer/3_hicCorrectMatrix/250000/scep_250000_corrected.h5 -o /home/lengliang/lzy/sj_3d/results/4_hicexplorer/4_hicPlotMatrix/250000/scep_250000_perchr.pdf --dpi 330 --perChr --vMax 4  


Submitted job 44 with external jobid '11129.mu01'.
[Sat Feb  4 14:58:33 2023]
Finished job 18.
22 of 51 steps (43%) done
Select jobs to execute...

[Sat Feb  4 14:58:33 2023]
rule hicPlotMatrix:
    input: /home/lengliang/lzy/sj_3d/results/4_hicexplorer/3_hicCorrectMatrix/25000/scep_25000_corrected.h5
    output: /home/lengliang/lzy/sj_3d/results/4_hicexplorer/4_hicPlotMatrix/25000/scep_25000_perchr.pdf, /home/lengliang/lzy/sj_3d/results/4_hicexplorer/4_hicPlotMatrix/25000/scep_25000_conbine.pdf, /home/lengliang/lzy/sj_3d/results/4_hicexplorer/4_hicPlotMatrix/25000/scep_25000_perchr_log.pdf, /home/lengliang/lzy/sj_3d/results/4_hicexplorer/4_hicPlotMatrix/25000/scep_25000_conbine_log.pdf
    jobid: 40
    reason: Missing output files: /home/lengliang/lzy/sj_3d/results/4_hicexplorer/4_hicPlotMatrix/25000/scep_25000_conbine.pdf, /home/lengliang/lzy/sj_3d/results/4_hicexplorer/4_hicPlotMatrix/25000/scep_25000_perchr.pdf; Input files updated by another job: /home/lengliang/lzy/sj_3d/results/4_hicexplorer/3_hicCorrectMatrix/25000/scep_25000_corrected.h5
    wildcards: resolution=25000, sample=scep
    threads: 24
    resources: mem_mb=1000, disk_mb=4191800, tmpdir=/home/lengliang/lzy/tmp/3d/


~/lzy/mambaforge/bin/hicPlotMatrix -m  /home/lengliang/lzy/sj_3d/results/4_hicexplorer/3_hicCorrectMatrix/25000/scep_25000_corrected.h5 -o /home/lengliang/lzy/sj_3d/results/4_hicexplorer/4_hicPlotMatrix/25000/scep_25000_perchr_log.pdf --dpi 330 --perChr --log1p 
~/lzy/mambaforge/bin/hicPlotMatrix -m  /home/lengliang/lzy/sj_3d/results/4_hicexplorer/3_hicCorrectMatrix/25000/scep_25000_corrected.h5 -o /home/lengliang/lzy/sj_3d/results/4_hicexplorer/4_hicPlotMatrix/25000/scep_25000_conbine_log.pdf  --dpi 330 --log1p  
~/lzy/mambaforge/bin/hicPlotMatrix -m  /home/lengliang/lzy/sj_3d/results/4_hicexplorer/3_hicCorrectMatrix/25000/scep_25000_corrected.h5 -o /home/lengliang/lzy/sj_3d/results/4_hicexplorer/4_hicPlotMatrix/25000/scep_25000_conbine.pdf  --dpi 330 --vMax 4  
~/lzy/mambaforge/bin/hicPlotMatrix -m  /home/lengliang/lzy/sj_3d/results/4_hicexplorer/3_hicCorrectMatrix/25000/scep_25000_corrected.h5 -o /home/lengliang/lzy/sj_3d/results/4_hicexplorer/4_hicPlotMatrix/25000/scep_25000_perchr.pdf --dpi 330 --perChr --vMax 4  


Submitted job 40 with external jobid '11130.mu01'.
[Sat Feb  4 14:58:33 2023]
Finished job 19.
23 of 51 steps (45%) done
[Sat Feb  4 14:58:33 2023]
Finished job 3.
24 of 51 steps (47%) done
[Sat Feb  4 14:58:33 2023]
Finished job 29.
25 of 51 steps (49%) done
Select jobs to execute...

[Sat Feb  4 14:58:33 2023]
rule hicPlotMatrix:
    input: /home/lengliang/lzy/sj_3d/results/4_hicexplorer/3_hicCorrectMatrix/40000/sjap_40000_corrected.h5
    output: /home/lengliang/lzy/sj_3d/results/4_hicexplorer/4_hicPlotMatrix/40000/sjap_40000_perchr.pdf, /home/lengliang/lzy/sj_3d/results/4_hicexplorer/4_hicPlotMatrix/40000/sjap_40000_conbine.pdf, /home/lengliang/lzy/sj_3d/results/4_hicexplorer/4_hicPlotMatrix/40000/sjap_40000_perchr_log.pdf, /home/lengliang/lzy/sj_3d/results/4_hicexplorer/4_hicPlotMatrix/40000/sjap_40000_conbine_log.pdf
    jobid: 47
    reason: Input files updated by another job: /home/lengliang/lzy/sj_3d/results/4_hicexplorer/3_hicCorrectMatrix/40000/sjap_40000_corrected.h5
    wildcards: resolution=40000, sample=sjap
    threads: 24
    resources: mem_mb=1000, disk_mb=4191800, tmpdir=/home/lengliang/lzy/tmp/3d/


~/lzy/mambaforge/bin/hicPlotMatrix -m  /home/lengliang/lzy/sj_3d/results/4_hicexplorer/3_hicCorrectMatrix/40000/sjap_40000_corrected.h5 -o /home/lengliang/lzy/sj_3d/results/4_hicexplorer/4_hicPlotMatrix/40000/sjap_40000_perchr_log.pdf --dpi 330 --perChr --log1p 
~/lzy/mambaforge/bin/hicPlotMatrix -m  /home/lengliang/lzy/sj_3d/results/4_hicexplorer/3_hicCorrectMatrix/40000/sjap_40000_corrected.h5 -o /home/lengliang/lzy/sj_3d/results/4_hicexplorer/4_hicPlotMatrix/40000/sjap_40000_conbine_log.pdf  --dpi 330 --log1p  
~/lzy/mambaforge/bin/hicPlotMatrix -m  /home/lengliang/lzy/sj_3d/results/4_hicexplorer/3_hicCorrectMatrix/40000/sjap_40000_corrected.h5 -o /home/lengliang/lzy/sj_3d/results/4_hicexplorer/4_hicPlotMatrix/40000/sjap_40000_conbine.pdf  --dpi 330 --vMax 4  
~/lzy/mambaforge/bin/hicPlotMatrix -m  /home/lengliang/lzy/sj_3d/results/4_hicexplorer/3_hicCorrectMatrix/40000/sjap_40000_corrected.h5 -o /home/lengliang/lzy/sj_3d/results/4_hicexplorer/4_hicPlotMatrix/40000/sjap_40000_perchr.pdf --dpi 330 --perChr --vMax 4  


Submitted job 47 with external jobid '11131.mu01'.

[Sat Feb  4 14:58:33 2023]
rule hicPlotMatrix:
    input: /home/lengliang/lzy/sj_3d/results/4_hicexplorer/3_hicCorrectMatrix/100000/scep_100000_corrected.h5
    output: /home/lengliang/lzy/sj_3d/results/4_hicexplorer/4_hicPlotMatrix/100000/scep_100000_perchr.pdf, /home/lengliang/lzy/sj_3d/results/4_hicexplorer/4_hicPlotMatrix/100000/scep_100000_conbine.pdf, /home/lengliang/lzy/sj_3d/results/4_hicexplorer/4_hicPlotMatrix/100000/scep_100000_perchr_log.pdf, /home/lengliang/lzy/sj_3d/results/4_hicexplorer/4_hicPlotMatrix/100000/scep_100000_conbine_log.pdf
    jobid: 37
    reason: Missing output files: /home/lengliang/lzy/sj_3d/results/4_hicexplorer/4_hicPlotMatrix/100000/scep_100000_perchr.pdf, /home/lengliang/lzy/sj_3d/results/4_hicexplorer/4_hicPlotMatrix/100000/scep_100000_conbine.pdf; Input files updated by another job: /home/lengliang/lzy/sj_3d/results/4_hicexplorer/3_hicCorrectMatrix/100000/scep_100000_corrected.h5
    wildcards: resolution=100000, sample=scep
    threads: 24
    resources: mem_mb=1000, disk_mb=4191800, tmpdir=/home/lengliang/lzy/tmp/3d/


~/lzy/mambaforge/bin/hicPlotMatrix -m  /home/lengliang/lzy/sj_3d/results/4_hicexplorer/3_hicCorrectMatrix/100000/scep_100000_corrected.h5 -o /home/lengliang/lzy/sj_3d/results/4_hicexplorer/4_hicPlotMatrix/100000/scep_100000_perchr_log.pdf --dpi 330 --perChr --log1p 
~/lzy/mambaforge/bin/hicPlotMatrix -m  /home/lengliang/lzy/sj_3d/results/4_hicexplorer/3_hicCorrectMatrix/100000/scep_100000_corrected.h5 -o /home/lengliang/lzy/sj_3d/results/4_hicexplorer/4_hicPlotMatrix/100000/scep_100000_conbine_log.pdf  --dpi 330 --log1p  
~/lzy/mambaforge/bin/hicPlotMatrix -m  /home/lengliang/lzy/sj_3d/results/4_hicexplorer/3_hicCorrectMatrix/100000/scep_100000_corrected.h5 -o /home/lengliang/lzy/sj_3d/results/4_hicexplorer/4_hicPlotMatrix/100000/scep_100000_conbine.pdf  --dpi 330 --vMax 4  
~/lzy/mambaforge/bin/hicPlotMatrix -m  /home/lengliang/lzy/sj_3d/results/4_hicexplorer/3_hicCorrectMatrix/100000/scep_100000_corrected.h5 -o /home/lengliang/lzy/sj_3d/results/4_hicexplorer/4_hicPlotMatrix/100000/scep_100000_perchr.pdf --dpi 330 --perChr --vMax 4  


Submitted job 37 with external jobid '11132.mu01'.
[Sat Feb  4 14:58:34 2023]
Finished job 11.
26 of 51 steps (51%) done
[Sat Feb  4 14:58:45 2023]
Finished job 36.
27 of 51 steps (53%) done
Select jobs to execute...

[Sat Feb  4 14:58:45 2023]
rule hicPlotMatrix:
    input: /home/lengliang/lzy/sj_3d/results/4_hicexplorer/3_hicCorrectMatrix/50000/sjap_50000_corrected.h5
    output: /home/lengliang/lzy/sj_3d/results/4_hicexplorer/4_hicPlotMatrix/50000/sjap_50000_perchr.pdf, /home/lengliang/lzy/sj_3d/results/4_hicexplorer/4_hicPlotMatrix/50000/sjap_50000_conbine.pdf, /home/lengliang/lzy/sj_3d/results/4_hicexplorer/4_hicPlotMatrix/50000/sjap_50000_perchr_log.pdf, /home/lengliang/lzy/sj_3d/results/4_hicexplorer/4_hicPlotMatrix/50000/sjap_50000_conbine_log.pdf
    jobid: 54
    reason: Missing output files: /home/lengliang/lzy/sj_3d/results/4_hicexplorer/4_hicPlotMatrix/50000/sjap_50000_conbine.pdf, /home/lengliang/lzy/sj_3d/results/4_hicexplorer/4_hicPlotMatrix/50000/sjap_50000_perchr.pdf; Input files updated by another job: /home/lengliang/lzy/sj_3d/results/4_hicexplorer/3_hicCorrectMatrix/50000/sjap_50000_corrected.h5
    wildcards: resolution=50000, sample=sjap
    threads: 24
    resources: mem_mb=1000, disk_mb=4191800, tmpdir=/home/lengliang/lzy/tmp/3d/


~/lzy/mambaforge/bin/hicPlotMatrix -m  /home/lengliang/lzy/sj_3d/results/4_hicexplorer/3_hicCorrectMatrix/50000/sjap_50000_corrected.h5 -o /home/lengliang/lzy/sj_3d/results/4_hicexplorer/4_hicPlotMatrix/50000/sjap_50000_perchr_log.pdf --dpi 330 --perChr --log1p 
~/lzy/mambaforge/bin/hicPlotMatrix -m  /home/lengliang/lzy/sj_3d/results/4_hicexplorer/3_hicCorrectMatrix/50000/sjap_50000_corrected.h5 -o /home/lengliang/lzy/sj_3d/results/4_hicexplorer/4_hicPlotMatrix/50000/sjap_50000_conbine_log.pdf  --dpi 330 --log1p  
~/lzy/mambaforge/bin/hicPlotMatrix -m  /home/lengliang/lzy/sj_3d/results/4_hicexplorer/3_hicCorrectMatrix/50000/sjap_50000_corrected.h5 -o /home/lengliang/lzy/sj_3d/results/4_hicexplorer/4_hicPlotMatrix/50000/sjap_50000_conbine.pdf  --dpi 330 --vMax 4  
~/lzy/mambaforge/bin/hicPlotMatrix -m  /home/lengliang/lzy/sj_3d/results/4_hicexplorer/3_hicCorrectMatrix/50000/sjap_50000_corrected.h5 -o /home/lengliang/lzy/sj_3d/results/4_hicexplorer/4_hicPlotMatrix/50000/sjap_50000_perchr.pdf --dpi 330 --perChr --vMax 4  


Submitted job 54 with external jobid '11133.mu01'.
[Sat Feb  4 14:58:45 2023]
Finished job 30.
28 of 51 steps (55%) done
Select jobs to execute...

[Sat Feb  4 14:58:45 2023]
rule hicPlotMatrix:
    input: /home/lengliang/lzy/sj_3d/results/4_hicexplorer/3_hicCorrectMatrix/10000/sjap_10000_corrected.h5
    output: /home/lengliang/lzy/sj_3d/results/4_hicexplorer/4_hicPlotMatrix/10000/sjap_10000_perchr.pdf, /home/lengliang/lzy/sj_3d/results/4_hicexplorer/4_hicPlotMatrix/10000/sjap_10000_conbine.pdf, /home/lengliang/lzy/sj_3d/results/4_hicexplorer/4_hicPlotMatrix/10000/sjap_10000_perchr_log.pdf, /home/lengliang/lzy/sj_3d/results/4_hicexplorer/4_hicPlotMatrix/10000/sjap_10000_conbine_log.pdf
    jobid: 48
    reason: Missing output files: /home/lengliang/lzy/sj_3d/results/4_hicexplorer/4_hicPlotMatrix/10000/sjap_10000_perchr.pdf, /home/lengliang/lzy/sj_3d/results/4_hicexplorer/4_hicPlotMatrix/10000/sjap_10000_conbine.pdf; Input files updated by another job: /home/lengliang/lzy/sj_3d/results/4_hicexplorer/3_hicCorrectMatrix/10000/sjap_10000_corrected.h5
    wildcards: resolution=10000, sample=sjap
    threads: 24
    resources: mem_mb=1000, disk_mb=4191800, tmpdir=/home/lengliang/lzy/tmp/3d/


~/lzy/mambaforge/bin/hicPlotMatrix -m  /home/lengliang/lzy/sj_3d/results/4_hicexplorer/3_hicCorrectMatrix/10000/sjap_10000_corrected.h5 -o /home/lengliang/lzy/sj_3d/results/4_hicexplorer/4_hicPlotMatrix/10000/sjap_10000_perchr_log.pdf --dpi 330 --perChr --log1p 
~/lzy/mambaforge/bin/hicPlotMatrix -m  /home/lengliang/lzy/sj_3d/results/4_hicexplorer/3_hicCorrectMatrix/10000/sjap_10000_corrected.h5 -o /home/lengliang/lzy/sj_3d/results/4_hicexplorer/4_hicPlotMatrix/10000/sjap_10000_conbine_log.pdf  --dpi 330 --log1p  
~/lzy/mambaforge/bin/hicPlotMatrix -m  /home/lengliang/lzy/sj_3d/results/4_hicexplorer/3_hicCorrectMatrix/10000/sjap_10000_corrected.h5 -o /home/lengliang/lzy/sj_3d/results/4_hicexplorer/4_hicPlotMatrix/10000/sjap_10000_conbine.pdf  --dpi 330 --vMax 4  
~/lzy/mambaforge/bin/hicPlotMatrix -m  /home/lengliang/lzy/sj_3d/results/4_hicexplorer/3_hicCorrectMatrix/10000/sjap_10000_corrected.h5 -o /home/lengliang/lzy/sj_3d/results/4_hicexplorer/4_hicPlotMatrix/10000/sjap_10000_perchr.pdf --dpi 330 --perChr --vMax 4  


Submitted job 48 with external jobid '11134.mu01'.
[Sat Feb  4 14:58:46 2023]
Finished job 42.
29 of 51 steps (57%) done
[Sat Feb  4 14:58:46 2023]
Finished job 21.
30 of 51 steps (59%) done
Select jobs to execute...

[Sat Feb  4 14:58:46 2023]
rule hicPlotMatrix:
    input: /home/lengliang/lzy/sj_3d/results/4_hicexplorer/3_hicCorrectMatrix/10000/scep_10000_corrected.h5
    output: /home/lengliang/lzy/sj_3d/results/4_hicexplorer/4_hicPlotMatrix/10000/scep_10000_perchr.pdf, /home/lengliang/lzy/sj_3d/results/4_hicexplorer/4_hicPlotMatrix/10000/scep_10000_conbine.pdf, /home/lengliang/lzy/sj_3d/results/4_hicexplorer/4_hicPlotMatrix/10000/scep_10000_perchr_log.pdf, /home/lengliang/lzy/sj_3d/results/4_hicexplorer/4_hicPlotMatrix/10000/scep_10000_conbine_log.pdf
    jobid: 39
    reason: Missing output files: /home/lengliang/lzy/sj_3d/results/4_hicexplorer/4_hicPlotMatrix/10000/scep_10000_perchr.pdf, /home/lengliang/lzy/sj_3d/results/4_hicexplorer/4_hicPlotMatrix/10000/scep_10000_conbine.pdf; Input files updated by another job: /home/lengliang/lzy/sj_3d/results/4_hicexplorer/3_hicCorrectMatrix/10000/scep_10000_corrected.h5
    wildcards: resolution=10000, sample=scep
    threads: 24
    resources: mem_mb=1000, disk_mb=4191800, tmpdir=/home/lengliang/lzy/tmp/3d/


~/lzy/mambaforge/bin/hicPlotMatrix -m  /home/lengliang/lzy/sj_3d/results/4_hicexplorer/3_hicCorrectMatrix/10000/scep_10000_corrected.h5 -o /home/lengliang/lzy/sj_3d/results/4_hicexplorer/4_hicPlotMatrix/10000/scep_10000_perchr_log.pdf --dpi 330 --perChr --log1p 
~/lzy/mambaforge/bin/hicPlotMatrix -m  /home/lengliang/lzy/sj_3d/results/4_hicexplorer/3_hicCorrectMatrix/10000/scep_10000_corrected.h5 -o /home/lengliang/lzy/sj_3d/results/4_hicexplorer/4_hicPlotMatrix/10000/scep_10000_conbine_log.pdf  --dpi 330 --log1p  
~/lzy/mambaforge/bin/hicPlotMatrix -m  /home/lengliang/lzy/sj_3d/results/4_hicexplorer/3_hicCorrectMatrix/10000/scep_10000_corrected.h5 -o /home/lengliang/lzy/sj_3d/results/4_hicexplorer/4_hicPlotMatrix/10000/scep_10000_conbine.pdf  --dpi 330 --vMax 4  
~/lzy/mambaforge/bin/hicPlotMatrix -m  /home/lengliang/lzy/sj_3d/results/4_hicexplorer/3_hicCorrectMatrix/10000/scep_10000_corrected.h5 -o /home/lengliang/lzy/sj_3d/results/4_hicexplorer/4_hicPlotMatrix/10000/scep_10000_perchr.pdf --dpi 330 --perChr --vMax 4  


Submitted job 39 with external jobid '11135.mu01'.
[Sat Feb  4 14:58:46 2023]
Finished job 31.
31 of 51 steps (61%) done
Select jobs to execute...

[Sat Feb  4 14:58:46 2023]
rule hicPlotMatrix:
    input: /home/lengliang/lzy/sj_3d/results/4_hicexplorer/3_hicCorrectMatrix/25000/sjap_25000_corrected.h5
    output: /home/lengliang/lzy/sj_3d/results/4_hicexplorer/4_hicPlotMatrix/25000/sjap_25000_perchr.pdf, /home/lengliang/lzy/sj_3d/results/4_hicexplorer/4_hicPlotMatrix/25000/sjap_25000_conbine.pdf, /home/lengliang/lzy/sj_3d/results/4_hicexplorer/4_hicPlotMatrix/25000/sjap_25000_perchr_log.pdf, /home/lengliang/lzy/sj_3d/results/4_hicexplorer/4_hicPlotMatrix/25000/sjap_25000_conbine_log.pdf
    jobid: 49
    reason: Missing output files: /home/lengliang/lzy/sj_3d/results/4_hicexplorer/4_hicPlotMatrix/25000/sjap_25000_perchr.pdf, /home/lengliang/lzy/sj_3d/results/4_hicexplorer/4_hicPlotMatrix/25000/sjap_25000_conbine.pdf; Input files updated by another job: /home/lengliang/lzy/sj_3d/results/4_hicexplorer/3_hicCorrectMatrix/25000/sjap_25000_corrected.h5
    wildcards: resolution=25000, sample=sjap
    threads: 24
    resources: mem_mb=1000, disk_mb=4191800, tmpdir=/home/lengliang/lzy/tmp/3d/


~/lzy/mambaforge/bin/hicPlotMatrix -m  /home/lengliang/lzy/sj_3d/results/4_hicexplorer/3_hicCorrectMatrix/25000/sjap_25000_corrected.h5 -o /home/lengliang/lzy/sj_3d/results/4_hicexplorer/4_hicPlotMatrix/25000/sjap_25000_perchr_log.pdf --dpi 330 --perChr --log1p 
~/lzy/mambaforge/bin/hicPlotMatrix -m  /home/lengliang/lzy/sj_3d/results/4_hicexplorer/3_hicCorrectMatrix/25000/sjap_25000_corrected.h5 -o /home/lengliang/lzy/sj_3d/results/4_hicexplorer/4_hicPlotMatrix/25000/sjap_25000_conbine_log.pdf  --dpi 330 --log1p  
~/lzy/mambaforge/bin/hicPlotMatrix -m  /home/lengliang/lzy/sj_3d/results/4_hicexplorer/3_hicCorrectMatrix/25000/sjap_25000_corrected.h5 -o /home/lengliang/lzy/sj_3d/results/4_hicexplorer/4_hicPlotMatrix/25000/sjap_25000_conbine.pdf  --dpi 330 --vMax 4  
~/lzy/mambaforge/bin/hicPlotMatrix -m  /home/lengliang/lzy/sj_3d/results/4_hicexplorer/3_hicCorrectMatrix/25000/sjap_25000_corrected.h5 -o /home/lengliang/lzy/sj_3d/results/4_hicexplorer/4_hicPlotMatrix/25000/sjap_25000_perchr.pdf --dpi 330 --perChr --vMax 4  


Submitted job 49 with external jobid '11136.mu01'.
[Sat Feb  4 14:59:07 2023]
Finished job 34.
32 of 51 steps (63%) done
Select jobs to execute...

[Sat Feb  4 14:59:07 2023]
rule hicPlotMatrix:
    input: /home/lengliang/lzy/sj_3d/results/4_hicexplorer/3_hicCorrectMatrix/5000/sjap_5000_corrected.h5
    output: /home/lengliang/lzy/sj_3d/results/4_hicexplorer/4_hicPlotMatrix/5000/sjap_5000_perchr.pdf, /home/lengliang/lzy/sj_3d/results/4_hicexplorer/4_hicPlotMatrix/5000/sjap_5000_conbine.pdf, /home/lengliang/lzy/sj_3d/results/4_hicexplorer/4_hicPlotMatrix/5000/sjap_5000_perchr_log.pdf, /home/lengliang/lzy/sj_3d/results/4_hicexplorer/4_hicPlotMatrix/5000/sjap_5000_conbine_log.pdf
    jobid: 52
    reason: Missing output files: /home/lengliang/lzy/sj_3d/results/4_hicexplorer/4_hicPlotMatrix/5000/sjap_5000_perchr.pdf, /home/lengliang/lzy/sj_3d/results/4_hicexplorer/4_hicPlotMatrix/5000/sjap_5000_conbine.pdf; Input files updated by another job: /home/lengliang/lzy/sj_3d/results/4_hicexplorer/3_hicCorrectMatrix/5000/sjap_5000_corrected.h5
    wildcards: resolution=5000, sample=sjap
    threads: 24
    resources: mem_mb=1103, disk_mb=4191800, tmpdir=/home/lengliang/lzy/tmp/3d/


~/lzy/mambaforge/bin/hicPlotMatrix -m  /home/lengliang/lzy/sj_3d/results/4_hicexplorer/3_hicCorrectMatrix/5000/sjap_5000_corrected.h5 -o /home/lengliang/lzy/sj_3d/results/4_hicexplorer/4_hicPlotMatrix/5000/sjap_5000_perchr_log.pdf --dpi 330 --perChr --log1p 
~/lzy/mambaforge/bin/hicPlotMatrix -m  /home/lengliang/lzy/sj_3d/results/4_hicexplorer/3_hicCorrectMatrix/5000/sjap_5000_corrected.h5 -o /home/lengliang/lzy/sj_3d/results/4_hicexplorer/4_hicPlotMatrix/5000/sjap_5000_conbine_log.pdf  --dpi 330 --log1p  
~/lzy/mambaforge/bin/hicPlotMatrix -m  /home/lengliang/lzy/sj_3d/results/4_hicexplorer/3_hicCorrectMatrix/5000/sjap_5000_corrected.h5 -o /home/lengliang/lzy/sj_3d/results/4_hicexplorer/4_hicPlotMatrix/5000/sjap_5000_conbine.pdf  --dpi 330 --vMax 4  
~/lzy/mambaforge/bin/hicPlotMatrix -m  /home/lengliang/lzy/sj_3d/results/4_hicexplorer/3_hicCorrectMatrix/5000/sjap_5000_corrected.h5 -o /home/lengliang/lzy/sj_3d/results/4_hicexplorer/4_hicPlotMatrix/5000/sjap_5000_perchr.pdf --dpi 330 --perChr --vMax 4  


Submitted job 52 with external jobid '11137.mu01'.
[Sat Feb  4 14:59:08 2023]
Finished job 41.
33 of 51 steps (65%) done
[Sat Feb  4 14:59:41 2023]
Finished job 44.
34 of 51 steps (67%) done
[Sat Feb  4 14:59:51 2023]
Finished job 51.
35 of 51 steps (69%) done
[Sat Feb  4 14:59:52 2023]
Finished job 53.
36 of 51 steps (71%) done
[Sat Feb  4 15:00:02 2023]
Error in rule hicPlotMatrix:
    jobid: 52
    output: /home/lengliang/lzy/sj_3d/results/4_hicexplorer/4_hicPlotMatrix/5000/sjap_5000_perchr.pdf, /home/lengliang/lzy/sj_3d/results/4_hicexplorer/4_hicPlotMatrix/5000/sjap_5000_conbine.pdf, /home/lengliang/lzy/sj_3d/results/4_hicexplorer/4_hicPlotMatrix/5000/sjap_5000_perchr_log.pdf, /home/lengliang/lzy/sj_3d/results/4_hicexplorer/4_hicPlotMatrix/5000/sjap_5000_conbine_log.pdf
    shell:
        
~/lzy/mambaforge/bin/hicPlotMatrix -m  /home/lengliang/lzy/sj_3d/results/4_hicexplorer/3_hicCorrectMatrix/5000/sjap_5000_corrected.h5 -o /home/lengliang/lzy/sj_3d/results/4_hicexplorer/4_hicPlotMatrix/5000/sjap_5000_perchr_log.pdf --dpi 330 --perChr --log1p 
~/lzy/mambaforge/bin/hicPlotMatrix -m  /home/lengliang/lzy/sj_3d/results/4_hicexplorer/3_hicCorrectMatrix/5000/sjap_5000_corrected.h5 -o /home/lengliang/lzy/sj_3d/results/4_hicexplorer/4_hicPlotMatrix/5000/sjap_5000_conbine_log.pdf  --dpi 330 --log1p  
~/lzy/mambaforge/bin/hicPlotMatrix -m  /home/lengliang/lzy/sj_3d/results/4_hicexplorer/3_hicCorrectMatrix/5000/sjap_5000_corrected.h5 -o /home/lengliang/lzy/sj_3d/results/4_hicexplorer/4_hicPlotMatrix/5000/sjap_5000_conbine.pdf  --dpi 330 --vMax 4  
~/lzy/mambaforge/bin/hicPlotMatrix -m  /home/lengliang/lzy/sj_3d/results/4_hicexplorer/3_hicCorrectMatrix/5000/sjap_5000_corrected.h5 -o /home/lengliang/lzy/sj_3d/results/4_hicexplorer/4_hicPlotMatrix/5000/sjap_5000_perchr.pdf --dpi 330 --perChr --vMax 4  


        (one of the commands exited with non-zero exit code; note that snakemake uses bash strict mode!)
    cluster_jobid: 11137.mu01

Error executing rule hicPlotMatrix on cluster (jobid: 52, external: 11137.mu01, jobscript: /home/lengliang/lzy/sj_3d/script/4_hicexplorer/.snakemake/tmp.wu30h6e3/snakejob.hicPlotMatrix.52.sh). For error details see the cluster log and the log files of the involved rule(s).
[Sat Feb  4 15:00:02 2023]
Finished job 50.
37 of 51 steps (73%) done
[Sat Feb  4 15:00:46 2023]
Error in rule hicPlotMatrix:
    jobid: 39
    output: /home/lengliang/lzy/sj_3d/results/4_hicexplorer/4_hicPlotMatrix/10000/scep_10000_perchr.pdf, /home/lengliang/lzy/sj_3d/results/4_hicexplorer/4_hicPlotMatrix/10000/scep_10000_conbine.pdf, /home/lengliang/lzy/sj_3d/results/4_hicexplorer/4_hicPlotMatrix/10000/scep_10000_perchr_log.pdf, /home/lengliang/lzy/sj_3d/results/4_hicexplorer/4_hicPlotMatrix/10000/scep_10000_conbine_log.pdf
    shell:
        
~/lzy/mambaforge/bin/hicPlotMatrix -m  /home/lengliang/lzy/sj_3d/results/4_hicexplorer/3_hicCorrectMatrix/10000/scep_10000_corrected.h5 -o /home/lengliang/lzy/sj_3d/results/4_hicexplorer/4_hicPlotMatrix/10000/scep_10000_perchr_log.pdf --dpi 330 --perChr --log1p 
~/lzy/mambaforge/bin/hicPlotMatrix -m  /home/lengliang/lzy/sj_3d/results/4_hicexplorer/3_hicCorrectMatrix/10000/scep_10000_corrected.h5 -o /home/lengliang/lzy/sj_3d/results/4_hicexplorer/4_hicPlotMatrix/10000/scep_10000_conbine_log.pdf  --dpi 330 --log1p  
~/lzy/mambaforge/bin/hicPlotMatrix -m  /home/lengliang/lzy/sj_3d/results/4_hicexplorer/3_hicCorrectMatrix/10000/scep_10000_corrected.h5 -o /home/lengliang/lzy/sj_3d/results/4_hicexplorer/4_hicPlotMatrix/10000/scep_10000_conbine.pdf  --dpi 330 --vMax 4  
~/lzy/mambaforge/bin/hicPlotMatrix -m  /home/lengliang/lzy/sj_3d/results/4_hicexplorer/3_hicCorrectMatrix/10000/scep_10000_corrected.h5 -o /home/lengliang/lzy/sj_3d/results/4_hicexplorer/4_hicPlotMatrix/10000/scep_10000_perchr.pdf --dpi 330 --perChr --vMax 4  


        (one of the commands exited with non-zero exit code; note that snakemake uses bash strict mode!)
    cluster_jobid: 11135.mu01

Error executing rule hicPlotMatrix on cluster (jobid: 39, external: 11135.mu01, jobscript: /home/lengliang/lzy/sj_3d/script/4_hicexplorer/.snakemake/tmp.wu30h6e3/snakejob.hicPlotMatrix.39.sh). For error details see the cluster log and the log files of the involved rule(s).
[Sat Feb  4 15:00:46 2023]
Finished job 25.
38 of 51 steps (75%) done
[Sat Feb  4 15:01:37 2023]
Error in rule hicPlotMatrix:
    jobid: 45
    output: /home/lengliang/lzy/sj_3d/results/4_hicexplorer/4_hicPlotMatrix/50000/scep_50000_perchr.pdf, /home/lengliang/lzy/sj_3d/results/4_hicexplorer/4_hicPlotMatrix/50000/scep_50000_conbine.pdf, /home/lengliang/lzy/sj_3d/results/4_hicexplorer/4_hicPlotMatrix/50000/scep_50000_perchr_log.pdf, /home/lengliang/lzy/sj_3d/results/4_hicexplorer/4_hicPlotMatrix/50000/scep_50000_conbine_log.pdf
    shell:
        
~/lzy/mambaforge/bin/hicPlotMatrix -m  /home/lengliang/lzy/sj_3d/results/4_hicexplorer/3_hicCorrectMatrix/50000/scep_50000_corrected.h5 -o /home/lengliang/lzy/sj_3d/results/4_hicexplorer/4_hicPlotMatrix/50000/scep_50000_perchr_log.pdf --dpi 330 --perChr --log1p 
~/lzy/mambaforge/bin/hicPlotMatrix -m  /home/lengliang/lzy/sj_3d/results/4_hicexplorer/3_hicCorrectMatrix/50000/scep_50000_corrected.h5 -o /home/lengliang/lzy/sj_3d/results/4_hicexplorer/4_hicPlotMatrix/50000/scep_50000_conbine_log.pdf  --dpi 330 --log1p  
~/lzy/mambaforge/bin/hicPlotMatrix -m  /home/lengliang/lzy/sj_3d/results/4_hicexplorer/3_hicCorrectMatrix/50000/scep_50000_corrected.h5 -o /home/lengliang/lzy/sj_3d/results/4_hicexplorer/4_hicPlotMatrix/50000/scep_50000_conbine.pdf  --dpi 330 --vMax 4  
~/lzy/mambaforge/bin/hicPlotMatrix -m  /home/lengliang/lzy/sj_3d/results/4_hicexplorer/3_hicCorrectMatrix/50000/scep_50000_corrected.h5 -o /home/lengliang/lzy/sj_3d/results/4_hicexplorer/4_hicPlotMatrix/50000/scep_50000_perchr.pdf --dpi 330 --perChr --vMax 4  


        (one of the commands exited with non-zero exit code; note that snakemake uses bash strict mode!)
    cluster_jobid: 11122.mu01

Error executing rule hicPlotMatrix on cluster (jobid: 45, external: 11122.mu01, jobscript: /home/lengliang/lzy/sj_3d/script/4_hicexplorer/.snakemake/tmp.wu30h6e3/snakejob.hicPlotMatrix.45.sh). For error details see the cluster log and the log files of the involved rule(s).
[Sat Feb  4 15:01:37 2023]
Finished job 37.
39 of 51 steps (76%) done
[Sat Feb  4 15:02:07 2023]
Finished job 46.
40 of 51 steps (78%) done
[Sat Feb  4 15:07:37 2023]
Error in rule hicPlotMatrix:
    jobid: 40
    output: /home/lengliang/lzy/sj_3d/results/4_hicexplorer/4_hicPlotMatrix/25000/scep_25000_perchr.pdf, /home/lengliang/lzy/sj_3d/results/4_hicexplorer/4_hicPlotMatrix/25000/scep_25000_conbine.pdf, /home/lengliang/lzy/sj_3d/results/4_hicexplorer/4_hicPlotMatrix/25000/scep_25000_perchr_log.pdf, /home/lengliang/lzy/sj_3d/results/4_hicexplorer/4_hicPlotMatrix/25000/scep_25000_conbine_log.pdf
    shell:
        
~/lzy/mambaforge/bin/hicPlotMatrix -m  /home/lengliang/lzy/sj_3d/results/4_hicexplorer/3_hicCorrectMatrix/25000/scep_25000_corrected.h5 -o /home/lengliang/lzy/sj_3d/results/4_hicexplorer/4_hicPlotMatrix/25000/scep_25000_perchr_log.pdf --dpi 330 --perChr --log1p 
~/lzy/mambaforge/bin/hicPlotMatrix -m  /home/lengliang/lzy/sj_3d/results/4_hicexplorer/3_hicCorrectMatrix/25000/scep_25000_corrected.h5 -o /home/lengliang/lzy/sj_3d/results/4_hicexplorer/4_hicPlotMatrix/25000/scep_25000_conbine_log.pdf  --dpi 330 --log1p  
~/lzy/mambaforge/bin/hicPlotMatrix -m  /home/lengliang/lzy/sj_3d/results/4_hicexplorer/3_hicCorrectMatrix/25000/scep_25000_corrected.h5 -o /home/lengliang/lzy/sj_3d/results/4_hicexplorer/4_hicPlotMatrix/25000/scep_25000_conbine.pdf  --dpi 330 --vMax 4  
~/lzy/mambaforge/bin/hicPlotMatrix -m  /home/lengliang/lzy/sj_3d/results/4_hicexplorer/3_hicCorrectMatrix/25000/scep_25000_corrected.h5 -o /home/lengliang/lzy/sj_3d/results/4_hicexplorer/4_hicPlotMatrix/25000/scep_25000_perchr.pdf --dpi 330 --perChr --vMax 4  


        (one of the commands exited with non-zero exit code; note that snakemake uses bash strict mode!)
    cluster_jobid: 11130.mu01

Error executing rule hicPlotMatrix on cluster (jobid: 40, external: 11130.mu01, jobscript: /home/lengliang/lzy/sj_3d/script/4_hicexplorer/.snakemake/tmp.wu30h6e3/snakejob.hicPlotMatrix.40.sh). For error details see the cluster log and the log files of the involved rule(s).
[Sat Feb  4 15:10:28 2023]
Error in rule hicPlotMatrix:
    jobid: 48
    output: /home/lengliang/lzy/sj_3d/results/4_hicexplorer/4_hicPlotMatrix/10000/sjap_10000_perchr.pdf, /home/lengliang/lzy/sj_3d/results/4_hicexplorer/4_hicPlotMatrix/10000/sjap_10000_conbine.pdf, /home/lengliang/lzy/sj_3d/results/4_hicexplorer/4_hicPlotMatrix/10000/sjap_10000_perchr_log.pdf, /home/lengliang/lzy/sj_3d/results/4_hicexplorer/4_hicPlotMatrix/10000/sjap_10000_conbine_log.pdf
    shell:
        
~/lzy/mambaforge/bin/hicPlotMatrix -m  /home/lengliang/lzy/sj_3d/results/4_hicexplorer/3_hicCorrectMatrix/10000/sjap_10000_corrected.h5 -o /home/lengliang/lzy/sj_3d/results/4_hicexplorer/4_hicPlotMatrix/10000/sjap_10000_perchr_log.pdf --dpi 330 --perChr --log1p 
~/lzy/mambaforge/bin/hicPlotMatrix -m  /home/lengliang/lzy/sj_3d/results/4_hicexplorer/3_hicCorrectMatrix/10000/sjap_10000_corrected.h5 -o /home/lengliang/lzy/sj_3d/results/4_hicexplorer/4_hicPlotMatrix/10000/sjap_10000_conbine_log.pdf  --dpi 330 --log1p  
~/lzy/mambaforge/bin/hicPlotMatrix -m  /home/lengliang/lzy/sj_3d/results/4_hicexplorer/3_hicCorrectMatrix/10000/sjap_10000_corrected.h5 -o /home/lengliang/lzy/sj_3d/results/4_hicexplorer/4_hicPlotMatrix/10000/sjap_10000_conbine.pdf  --dpi 330 --vMax 4  
~/lzy/mambaforge/bin/hicPlotMatrix -m  /home/lengliang/lzy/sj_3d/results/4_hicexplorer/3_hicCorrectMatrix/10000/sjap_10000_corrected.h5 -o /home/lengliang/lzy/sj_3d/results/4_hicexplorer/4_hicPlotMatrix/10000/sjap_10000_perchr.pdf --dpi 330 --perChr --vMax 4  


        (one of the commands exited with non-zero exit code; note that snakemake uses bash strict mode!)
    cluster_jobid: 11134.mu01

Error executing rule hicPlotMatrix on cluster (jobid: 48, external: 11134.mu01, jobscript: /home/lengliang/lzy/sj_3d/script/4_hicexplorer/.snakemake/tmp.wu30h6e3/snakejob.hicPlotMatrix.48.sh). For error details see the cluster log and the log files of the involved rule(s).
[Sat Feb  4 15:10:48 2023]
Finished job 54.
41 of 51 steps (80%) done
[Sat Feb  4 15:12:58 2023]
Finished job 38.
42 of 51 steps (82%) done
[Sat Feb  4 15:14:38 2023]
Finished job 47.
43 of 51 steps (84%) done
[Sat Feb  4 15:28:09 2023]
Finished job 49.
44 of 51 steps (86%) done
Shutting down, this might take some time.
Exiting because a job execution failed. Look above for error message
Complete log: .snakemake/log/2023-02-04T145722.548285.snakemake.log
