Building DAG of jobs...
Using shell: /usr/bin/bash
Provided cluster nodes: 20
Job stats:
job                      count    min threads    max threads
---------------------  -------  -------------  -------------
all                          1              1              1
hicCorrectMatrix             2             24             24
hicCorrectMatrix_plot        2             24             24
hicPlotMatrix                2             24             24
total                        7              1             24

Select jobs to execute...

[Thu Jan 19 17:55:05 2023]
rule hicCorrectMatrix_plot:
    input: /home/lengliang/lzy/sj_3d/results/4_hicexplorer/2_hicNormmalize/40000/sjap_40000_matrix.h5
    output: /home/lengliang/lzy/sj_3d/results/4_hicexplorer/2_hicNormmalize/40000/sjap_40000_correct.pdf
    jobid: 1
    reason: Missing output files: /home/lengliang/lzy/sj_3d/results/4_hicexplorer/2_hicNormmalize/40000/sjap_40000_correct.pdf
    wildcards: resolution=40000, sample=sjap
    threads: 24
    resources: mem_mb=24576, disk_mb=1000, tmpdir=/home/lengliang/lzy/tmp/3d/


~/lzy/mambaforge/bin/hicCorrectMatrix diagnostic_plot --matrix /home/lengliang/lzy/sj_3d/results/4_hicexplorer/2_hicNormmalize/40000/sjap_40000_matrix.h5 -o /home/lengliang/lzy/sj_3d/results/4_hicexplorer/2_hicNormmalize/40000/sjap_40000_correct.pdf

Submitted job 1 with external jobid '10229.mu01'.

[Thu Jan 19 17:55:08 2023]
rule hicCorrectMatrix_plot:
    input: /home/lengliang/lzy/sj_3d/results/4_hicexplorer/2_hicNormmalize/40000/scep_40000_matrix.h5
    output: /home/lengliang/lzy/sj_3d/results/4_hicexplorer/2_hicNormmalize/40000/scep_40000_correct.pdf
    jobid: 2
    reason: Missing output files: /home/lengliang/lzy/sj_3d/results/4_hicexplorer/2_hicNormmalize/40000/scep_40000_correct.pdf
    wildcards: resolution=40000, sample=scep
    threads: 24
    resources: mem_mb=24576, disk_mb=1000, tmpdir=/home/lengliang/lzy/tmp/3d/


~/lzy/mambaforge/bin/hicCorrectMatrix diagnostic_plot --matrix /home/lengliang/lzy/sj_3d/results/4_hicexplorer/2_hicNormmalize/40000/scep_40000_matrix.h5 -o /home/lengliang/lzy/sj_3d/results/4_hicexplorer/2_hicNormmalize/40000/scep_40000_correct.pdf

Submitted job 2 with external jobid '10230.mu01'.

[Thu Jan 19 17:55:08 2023]
rule hicCorrectMatrix:
    input: /home/lengliang/lzy/sj_3d/results/4_hicexplorer/2_hicNormmalize/40000/sjap_40000_matrix.h5
    output: /home/lengliang/lzy/sj_3d/results/4_hicexplorer/3_hicCorrectMatrix/40000/sjap_40000.pdf, /home/lengliang/lzy/sj_3d/results/4_hicexplorer/3_hicCorrectMatrix/40000/sjap_40000_corrected.h5
    jobid: 3
    reason: Missing output files: /home/lengliang/lzy/sj_3d/results/4_hicexplorer/3_hicCorrectMatrix/40000/sjap_40000_corrected.h5
    wildcards: resolution=40000, sample=sjap
    threads: 24
    resources: mem_mb=1000, disk_mb=4191800, tmpdir=/home/lengliang/lzy/tmp/3d/


~/lzy/mambaforge/bin/hicCorrectMatrix diagnostic_plot -m /home/lengliang/lzy/sj_3d/results/4_hicexplorer/2_hicNormmalize/40000/sjap_40000_matrix.h5 -o /home/lengliang/lzy/sj_3d/results/4_hicexplorer/3_hicCorrectMatrix/40000/sjap_40000.pdf 
~/lzy/mambaforge/bin/hicCorrectMatrix correct -m /home/lengliang/lzy/sj_3d/results/4_hicexplorer/2_hicNormmalize/40000/sjap_40000_matrix.h5 --filterThreshold -1.5 5 -o /home/lengliang/lzy/sj_3d/results/4_hicexplorer/3_hicCorrectMatrix/40000/sjap_40000_corrected.h5 

Submitted job 3 with external jobid '10231.mu01'.

[Thu Jan 19 17:55:08 2023]
rule hicCorrectMatrix:
    input: /home/lengliang/lzy/sj_3d/results/4_hicexplorer/2_hicNormmalize/40000/scep_40000_matrix.h5
    output: /home/lengliang/lzy/sj_3d/results/4_hicexplorer/3_hicCorrectMatrix/40000/scep_40000.pdf, /home/lengliang/lzy/sj_3d/results/4_hicexplorer/3_hicCorrectMatrix/40000/scep_40000_corrected.h5
    jobid: 4
    reason: Missing output files: /home/lengliang/lzy/sj_3d/results/4_hicexplorer/3_hicCorrectMatrix/40000/scep_40000_corrected.h5
    wildcards: resolution=40000, sample=scep
    threads: 24
    resources: mem_mb=1000, disk_mb=4191800, tmpdir=/home/lengliang/lzy/tmp/3d/


~/lzy/mambaforge/bin/hicCorrectMatrix diagnostic_plot -m /home/lengliang/lzy/sj_3d/results/4_hicexplorer/2_hicNormmalize/40000/scep_40000_matrix.h5 -o /home/lengliang/lzy/sj_3d/results/4_hicexplorer/3_hicCorrectMatrix/40000/scep_40000.pdf 
~/lzy/mambaforge/bin/hicCorrectMatrix correct -m /home/lengliang/lzy/sj_3d/results/4_hicexplorer/2_hicNormmalize/40000/scep_40000_matrix.h5 --filterThreshold -1.5 5 -o /home/lengliang/lzy/sj_3d/results/4_hicexplorer/3_hicCorrectMatrix/40000/scep_40000_corrected.h5 

Submitted job 4 with external jobid '10232.mu01'.
[Thu Jan 19 17:55:35 2023]
Finished job 1.
1 of 7 steps (14%) done
[Thu Jan 19 17:55:35 2023]
Finished job 2.
2 of 7 steps (29%) done
[Thu Jan 19 17:55:55 2023]
Finished job 3.
3 of 7 steps (43%) done
Select jobs to execute...

[Thu Jan 19 17:55:55 2023]
rule hicPlotMatrix:
    input: /home/lengliang/lzy/sj_3d/results/4_hicexplorer/3_hicCorrectMatrix/40000/sjap_40000_corrected.h5
    output: /home/lengliang/lzy/sj_3d/results/4_hicexplorer/4_hicPlotMatrix/40000/sjap_40000_perchr.pdf, /home/lengliang/lzy/sj_3d/results/4_hicexplorer/4_hicPlotMatrix/40000/sjap_40000_conbine.pdf, /home/lengliang/lzy/sj_3d/results/4_hicexplorer/4_hicPlotMatrix/40000/sjap_40000_perchr_log.pdf, /home/lengliang/lzy/sj_3d/results/4_hicexplorer/4_hicPlotMatrix/40000/sjap_40000_conbine_log.pdf
    jobid: 5
    reason: Missing output files: /home/lengliang/lzy/sj_3d/results/4_hicexplorer/4_hicPlotMatrix/40000/sjap_40000_perchr.pdf, /home/lengliang/lzy/sj_3d/results/4_hicexplorer/4_hicPlotMatrix/40000/sjap_40000_conbine.pdf; Input files updated by another job: /home/lengliang/lzy/sj_3d/results/4_hicexplorer/3_hicCorrectMatrix/40000/sjap_40000_corrected.h5
    wildcards: resolution=40000, sample=sjap
    threads: 24
    resources: mem_mb=1000, disk_mb=4191800, tmpdir=/home/lengliang/lzy/tmp/3d/


~/lzy/mambaforge/bin/hicPlotMatrix -m  /home/lengliang/lzy/sj_3d/results/4_hicexplorer/3_hicCorrectMatrix/40000/sjap_40000_corrected.h5 -o /home/lengliang/lzy/sj_3d/results/4_hicexplorer/4_hicPlotMatrix/40000/sjap_40000_perchr_log.pdf --dpi 330 --perChr --log1p 
~/lzy/mambaforge/bin/hicPlotMatrix -m  /home/lengliang/lzy/sj_3d/results/4_hicexplorer/3_hicCorrectMatrix/40000/sjap_40000_corrected.h5 -o /home/lengliang/lzy/sj_3d/results/4_hicexplorer/4_hicPlotMatrix/40000/sjap_40000_conbine_log.pdf  --dpi 330 --log1p  
~/lzy/mambaforge/bin/hicPlotMatrix -m  /home/lengliang/lzy/sj_3d/results/4_hicexplorer/3_hicCorrectMatrix/40000/sjap_40000_corrected.h5 -o /home/lengliang/lzy/sj_3d/results/4_hicexplorer/4_hicPlotMatrix/40000/sjap_40000_conbine.pdf  --dpi 330 --vMax 4  
~/lzy/mambaforge/bin/hicPlotMatrix -m  /home/lengliang/lzy/sj_3d/results/4_hicexplorer/3_hicCorrectMatrix/40000/sjap_40000_corrected.h5 -o /home/lengliang/lzy/sj_3d/results/4_hicexplorer/4_hicPlotMatrix/40000/sjap_40000_perchr.pdf --dpi 330 --perChr --vMax 4  


Submitted job 5 with external jobid '10233.mu01'.
[Thu Jan 19 17:56:05 2023]
Finished job 4.
4 of 7 steps (57%) done
Select jobs to execute...

[Thu Jan 19 17:56:05 2023]
rule hicPlotMatrix:
    input: /home/lengliang/lzy/sj_3d/results/4_hicexplorer/3_hicCorrectMatrix/40000/scep_40000_corrected.h5
    output: /home/lengliang/lzy/sj_3d/results/4_hicexplorer/4_hicPlotMatrix/40000/scep_40000_perchr.pdf, /home/lengliang/lzy/sj_3d/results/4_hicexplorer/4_hicPlotMatrix/40000/scep_40000_conbine.pdf, /home/lengliang/lzy/sj_3d/results/4_hicexplorer/4_hicPlotMatrix/40000/scep_40000_perchr_log.pdf, /home/lengliang/lzy/sj_3d/results/4_hicexplorer/4_hicPlotMatrix/40000/scep_40000_conbine_log.pdf
    jobid: 6
    reason: Missing output files: /home/lengliang/lzy/sj_3d/results/4_hicexplorer/4_hicPlotMatrix/40000/scep_40000_perchr.pdf, /home/lengliang/lzy/sj_3d/results/4_hicexplorer/4_hicPlotMatrix/40000/scep_40000_conbine.pdf; Input files updated by another job: /home/lengliang/lzy/sj_3d/results/4_hicexplorer/3_hicCorrectMatrix/40000/scep_40000_corrected.h5
    wildcards: resolution=40000, sample=scep
    threads: 24
    resources: mem_mb=1000, disk_mb=4191800, tmpdir=/home/lengliang/lzy/tmp/3d/


~/lzy/mambaforge/bin/hicPlotMatrix -m  /home/lengliang/lzy/sj_3d/results/4_hicexplorer/3_hicCorrectMatrix/40000/scep_40000_corrected.h5 -o /home/lengliang/lzy/sj_3d/results/4_hicexplorer/4_hicPlotMatrix/40000/scep_40000_perchr_log.pdf --dpi 330 --perChr --log1p 
~/lzy/mambaforge/bin/hicPlotMatrix -m  /home/lengliang/lzy/sj_3d/results/4_hicexplorer/3_hicCorrectMatrix/40000/scep_40000_corrected.h5 -o /home/lengliang/lzy/sj_3d/results/4_hicexplorer/4_hicPlotMatrix/40000/scep_40000_conbine_log.pdf  --dpi 330 --log1p  
~/lzy/mambaforge/bin/hicPlotMatrix -m  /home/lengliang/lzy/sj_3d/results/4_hicexplorer/3_hicCorrectMatrix/40000/scep_40000_corrected.h5 -o /home/lengliang/lzy/sj_3d/results/4_hicexplorer/4_hicPlotMatrix/40000/scep_40000_conbine.pdf  --dpi 330 --vMax 4  
~/lzy/mambaforge/bin/hicPlotMatrix -m  /home/lengliang/lzy/sj_3d/results/4_hicexplorer/3_hicCorrectMatrix/40000/scep_40000_corrected.h5 -o /home/lengliang/lzy/sj_3d/results/4_hicexplorer/4_hicPlotMatrix/40000/scep_40000_perchr.pdf --dpi 330 --perChr --vMax 4  


Submitted job 6 with external jobid '10234.mu01'.
[Thu Jan 19 18:09:06 2023]
Finished job 5.
5 of 7 steps (71%) done
[Thu Jan 19 18:10:46 2023]
Finished job 6.
6 of 7 steps (86%) done
Select jobs to execute...

[Thu Jan 19 18:10:46 2023]
localrule all:
    input: /home/lengliang/lzy/sj_3d/results/4_hicexplorer/2_hicNormmalize/40000/sjap_40000_correct.pdf, /home/lengliang/lzy/sj_3d/results/4_hicexplorer/2_hicNormmalize/40000/sjap_40000_correct.pdf, /home/lengliang/lzy/sj_3d/results/4_hicexplorer/2_hicNormmalize/40000/scep_40000_correct.pdf, /home/lengliang/lzy/sj_3d/results/4_hicexplorer/2_hicNormmalize/40000/scep_40000_correct.pdf, /home/lengliang/lzy/sj_3d/results/4_hicexplorer/3_hicCorrectMatrix/40000/sjap_40000_corrected.h5, /home/lengliang/lzy/sj_3d/results/4_hicexplorer/3_hicCorrectMatrix/40000/sjap_40000_corrected.h5, /home/lengliang/lzy/sj_3d/results/4_hicexplorer/3_hicCorrectMatrix/40000/scep_40000_corrected.h5, /home/lengliang/lzy/sj_3d/results/4_hicexplorer/3_hicCorrectMatrix/40000/scep_40000_corrected.h5, /home/lengliang/lzy/sj_3d/results/4_hicexplorer/4_hicPlotMatrix/40000/sjap_40000_perchr.pdf, /home/lengliang/lzy/sj_3d/results/4_hicexplorer/4_hicPlotMatrix/40000/sjap_40000_perchr.pdf, /home/lengliang/lzy/sj_3d/results/4_hicexplorer/4_hicPlotMatrix/40000/scep_40000_perchr.pdf, /home/lengliang/lzy/sj_3d/results/4_hicexplorer/4_hicPlotMatrix/40000/scep_40000_perchr.pdf, /home/lengliang/lzy/sj_3d/results/4_hicexplorer/4_hicPlotMatrix/40000/sjap_40000_conbine.pdf, /home/lengliang/lzy/sj_3d/results/4_hicexplorer/4_hicPlotMatrix/40000/sjap_40000_conbine.pdf, /home/lengliang/lzy/sj_3d/results/4_hicexplorer/4_hicPlotMatrix/40000/scep_40000_conbine.pdf, /home/lengliang/lzy/sj_3d/results/4_hicexplorer/4_hicPlotMatrix/40000/scep_40000_conbine.pdf
    jobid: 0
    reason: Input files updated by another job: /home/lengliang/lzy/sj_3d/results/4_hicexplorer/4_hicPlotMatrix/40000/scep_40000_perchr.pdf, /home/lengliang/lzy/sj_3d/results/4_hicexplorer/2_hicNormmalize/40000/scep_40000_correct.pdf, /home/lengliang/lzy/sj_3d/results/4_hicexplorer/3_hicCorrectMatrix/40000/sjap_40000_corrected.h5, /home/lengliang/lzy/sj_3d/results/4_hicexplorer/3_hicCorrectMatrix/40000/scep_40000_corrected.h5, /home/lengliang/lzy/sj_3d/results/4_hicexplorer/2_hicNormmalize/40000/sjap_40000_correct.pdf, /home/lengliang/lzy/sj_3d/results/4_hicexplorer/4_hicPlotMatrix/40000/sjap_40000_conbine.pdf, /home/lengliang/lzy/sj_3d/results/4_hicexplorer/4_hicPlotMatrix/40000/scep_40000_conbine.pdf, /home/lengliang/lzy/sj_3d/results/4_hicexplorer/4_hicPlotMatrix/40000/sjap_40000_perchr.pdf
    resources: mem_mb=2356, disk_mb=2356, tmpdir=/tmp

[Thu Jan 19 18:10:46 2023]
Finished job 0.
7 of 7 steps (100%) done
Complete log: .snakemake/log/2023-01-19T175505.133931.snakemake.log
