Building DAG of jobs...
Using shell: /usr/bin/bash
Provided cluster nodes: 20
Job stats:
job                             count    min threads    max threads
----------------------------  -------  -------------  -------------
all                                 1              1              1
hicFindTADs_default                10             24             24
hicFindTADs_try_default_step      200             24             24
hicFindTADs_try_with_step         800             24             24
total                            1011              1             24

Select jobs to execute...

[Thu Jan 19 21:59:59 2023]
rule hicFindTADs_try_default_step:
    input: /home/lengliang/lzy/sj_3d/results/4_hicexplorer/3_hicCorrectMatrix/40000/sjap_40000_corrected.h5
    output: /home/lengliang/lzy/sj_3d/results/4_hicexplorer/5_hicFindTADs/40000/d_sjap_40000_P_0.01_MinD_5_MaxD_6_Delta_0.1_boundaries.bed
    jobid: 825
    reason: Missing output files: /home/lengliang/lzy/sj_3d/results/4_hicexplorer/5_hicFindTADs/40000/d_sjap_40000_P_0.01_MinD_5_MaxD_6_Delta_0.1_boundaries.bed
    wildcards: resolution=40000, sample=sjap, pval=0.01, mindepth=5, maxdepth=6, delta=0.1
    threads: 24
    resources: mem_mb=1000, disk_mb=4191800, tmpdir=/home/lengliang/lzy/tmp/3d/


~/lzy/mambaforge/bin/hicFindTADs --correctForMultipleTesting fdr  -m  /home/lengliang/lzy/sj_3d/results/4_hicexplorer/3_hicCorrectMatrix/40000/sjap_40000_corrected.h5  --thresholdComparisons 0.01  --outPrefix /home/lengliang/lzy/sj_3d/results/4_hicexplorer/5_hicFindTADs/40000/d_sjap_40000_P_0.01_MinD_5_MaxD_6_Delta_0.1  --numberOfProcessors 24 
 --minDepth $((5*40000))  --maxDepth $((6*40000))  --delta 0.1 
Submitted job 825 with external jobid '10238.mu01'.

[Thu Jan 19 22:00:01 2023]
rule hicFindTADs_try_default_step:
    input: /home/lengliang/lzy/sj_3d/results/4_hicexplorer/3_hicCorrectMatrix/40000/sjap_40000_corrected.h5
    output: /home/lengliang/lzy/sj_3d/results/4_hicexplorer/5_hicFindTADs/40000/d_sjap_40000_P_0.01_MinD_3_MaxD_10_Delta_0.005_boundaries.bed
    jobid: 819
    reason: Missing output files: /home/lengliang/lzy/sj_3d/results/4_hicexplorer/5_hicFindTADs/40000/d_sjap_40000_P_0.01_MinD_3_MaxD_10_Delta_0.005_boundaries.bed
    wildcards: resolution=40000, sample=sjap, pval=0.01, mindepth=3, maxdepth=10, delta=0.005
    threads: 24
    resources: mem_mb=1000, disk_mb=4191800, tmpdir=/home/lengliang/lzy/tmp/3d/


~/lzy/mambaforge/bin/hicFindTADs --correctForMultipleTesting fdr  -m  /home/lengliang/lzy/sj_3d/results/4_hicexplorer/3_hicCorrectMatrix/40000/sjap_40000_corrected.h5  --thresholdComparisons 0.01  --outPrefix /home/lengliang/lzy/sj_3d/results/4_hicexplorer/5_hicFindTADs/40000/d_sjap_40000_P_0.01_MinD_3_MaxD_10_Delta_0.005  --numberOfProcessors 24 
 --minDepth $((3*40000))  --maxDepth $((10*40000))  --delta 0.005 
Submitted job 819 with external jobid '10239.mu01'.

[Thu Jan 19 22:00:01 2023]
rule hicFindTADs_try_with_step:
    input: /home/lengliang/lzy/sj_3d/results/4_hicexplorer/3_hicCorrectMatrix/40000/sjap_40000_corrected.h5
    output: /home/lengliang/lzy/sj_3d/results/4_hicexplorer/5_hicFindTADs/40000/sjap_40000_P_0.01_MinD_3_MaxD_6_Delta_0.001_Step_5000_boundaries.bed
    jobid: 22
    reason: Missing output files: /home/lengliang/lzy/sj_3d/results/4_hicexplorer/5_hicFindTADs/40000/sjap_40000_P_0.01_MinD_3_MaxD_6_Delta_0.001_Step_5000_boundaries.bed
    wildcards: resolution=40000, sample=sjap, pval=0.01, mindepth=3, maxdepth=6, delta=0.001, step=5000
    threads: 24
    resources: mem_mb=1000, disk_mb=4191800, tmpdir=/home/lengliang/lzy/tmp/3d/


~/lzy/mambaforge/bin/hicFindTADs --correctForMultipleTesting fdr  -m  /home/lengliang/lzy/sj_3d/results/4_hicexplorer/3_hicCorrectMatrix/40000/sjap_40000_corrected.h5  --thresholdComparisons 0.01  --outPrefix /home/lengliang/lzy/sj_3d/results/4_hicexplorer/5_hicFindTADs/40000/sjap_40000_P_0.01_MinD_3_MaxD_6_Delta_0.001_Step_5000  --numberOfProcessors 24 
 --minDepth $((3*40000))  --maxDepth $((6*40000))  --step 5000  --delta 0.001 
Submitted job 22 with external jobid '10240.mu01'.

[Thu Jan 19 22:00:02 2023]
rule hicFindTADs_try_with_step:
    input: /home/lengliang/lzy/sj_3d/results/4_hicexplorer/3_hicCorrectMatrix/40000/sjap_40000_corrected.h5
    output: /home/lengliang/lzy/sj_3d/results/4_hicexplorer/5_hicFindTADs/40000/sjap_40000_P_0.001_MinD_5_MaxD_6_Delta_0.05_Step_5000_boundaries.bed
    jobid: 218
    reason: Missing output files: /home/lengliang/lzy/sj_3d/results/4_hicexplorer/5_hicFindTADs/40000/sjap_40000_P_0.001_MinD_5_MaxD_6_Delta_0.05_Step_5000_boundaries.bed
    wildcards: resolution=40000, sample=sjap, pval=0.001, mindepth=5, maxdepth=6, delta=0.05, step=5000
    threads: 24
    resources: mem_mb=1000, disk_mb=4191800, tmpdir=/home/lengliang/lzy/tmp/3d/


~/lzy/mambaforge/bin/hicFindTADs --correctForMultipleTesting fdr  -m  /home/lengliang/lzy/sj_3d/results/4_hicexplorer/3_hicCorrectMatrix/40000/sjap_40000_corrected.h5  --thresholdComparisons 0.001  --outPrefix /home/lengliang/lzy/sj_3d/results/4_hicexplorer/5_hicFindTADs/40000/sjap_40000_P_0.001_MinD_5_MaxD_6_Delta_0.05_Step_5000  --numberOfProcessors 24 
 --minDepth $((5*40000))  --maxDepth $((6*40000))  --step 5000  --delta 0.05 
Submitted job 218 with external jobid '10241.mu01'.

[Thu Jan 19 22:00:02 2023]
rule hicFindTADs_try_with_step:
    input: /home/lengliang/lzy/sj_3d/results/4_hicexplorer/3_hicCorrectMatrix/40000/scep_40000_corrected.h5
    output: /home/lengliang/lzy/sj_3d/results/4_hicexplorer/5_hicFindTADs/40000/scep_40000_P_0.001_MinD_3_MaxD_6_Delta_0.001_Step_3000_boundaries.bed
    jobid: 581
    reason: Missing output files: /home/lengliang/lzy/sj_3d/results/4_hicexplorer/5_hicFindTADs/40000/scep_40000_P_0.001_MinD_3_MaxD_6_Delta_0.001_Step_3000_boundaries.bed
    wildcards: resolution=40000, sample=scep, pval=0.001, mindepth=3, maxdepth=6, delta=0.001, step=3000
    threads: 24
    resources: mem_mb=1000, disk_mb=4191800, tmpdir=/home/lengliang/lzy/tmp/3d/


~/lzy/mambaforge/bin/hicFindTADs --correctForMultipleTesting fdr  -m  /home/lengliang/lzy/sj_3d/results/4_hicexplorer/3_hicCorrectMatrix/40000/scep_40000_corrected.h5  --thresholdComparisons 0.001  --outPrefix /home/lengliang/lzy/sj_3d/results/4_hicexplorer/5_hicFindTADs/40000/scep_40000_P_0.001_MinD_3_MaxD_6_Delta_0.001_Step_3000  --numberOfProcessors 24 
 --minDepth $((3*40000))  --maxDepth $((6*40000))  --step 3000  --delta 0.001 
Submitted job 581 with external jobid '10242.mu01'.

[Thu Jan 19 22:00:02 2023]
rule hicFindTADs_try_with_step:
    input: /home/lengliang/lzy/sj_3d/results/4_hicexplorer/3_hicCorrectMatrix/40000/scep_40000_corrected.h5
    output: /home/lengliang/lzy/sj_3d/results/4_hicexplorer/5_hicFindTADs/40000/scep_40000_P_0.001_MinD_5_MaxD_10_Delta_0.05_Step_3000_boundaries.bed
    jobid: 637
    reason: Missing output files: /home/lengliang/lzy/sj_3d/results/4_hicexplorer/5_hicFindTADs/40000/scep_40000_P_0.001_MinD_5_MaxD_10_Delta_0.05_Step_3000_boundaries.bed
    wildcards: resolution=40000, sample=scep, pval=0.001, mindepth=5, maxdepth=10, delta=0.05, step=3000
    threads: 24
    resources: mem_mb=1000, disk_mb=4191800, tmpdir=/home/lengliang/lzy/tmp/3d/


~/lzy/mambaforge/bin/hicFindTADs --correctForMultipleTesting fdr  -m  /home/lengliang/lzy/sj_3d/results/4_hicexplorer/3_hicCorrectMatrix/40000/scep_40000_corrected.h5  --thresholdComparisons 0.001  --outPrefix /home/lengliang/lzy/sj_3d/results/4_hicexplorer/5_hicFindTADs/40000/scep_40000_P_0.001_MinD_5_MaxD_10_Delta_0.05_Step_3000  --numberOfProcessors 24 
 --minDepth $((5*40000))  --maxDepth $((10*40000))  --step 3000  --delta 0.05 
Submitted job 637 with external jobid '10243.mu01'.

[Thu Jan 19 22:00:02 2023]
rule hicFindTADs_try_with_step:
    input: /home/lengliang/lzy/sj_3d/results/4_hicexplorer/3_hicCorrectMatrix/40000/scep_40000_corrected.h5
    output: /home/lengliang/lzy/sj_3d/results/4_hicexplorer/5_hicFindTADs/40000/scep_40000_P_0.1_MinD_3_MaxD_6_Delta_0.05_Step_1000_boundaries.bed
    jobid: 735
    reason: Missing output files: /home/lengliang/lzy/sj_3d/results/4_hicexplorer/5_hicFindTADs/40000/scep_40000_P_0.1_MinD_3_MaxD_6_Delta_0.05_Step_1000_boundaries.bed
    wildcards: resolution=40000, sample=scep, pval=0.1, mindepth=3, maxdepth=6, delta=0.05, step=1000
    threads: 24
    resources: mem_mb=1000, disk_mb=4191800, tmpdir=/home/lengliang/lzy/tmp/3d/


~/lzy/mambaforge/bin/hicFindTADs --correctForMultipleTesting fdr  -m  /home/lengliang/lzy/sj_3d/results/4_hicexplorer/3_hicCorrectMatrix/40000/scep_40000_corrected.h5  --thresholdComparisons 0.1  --outPrefix /home/lengliang/lzy/sj_3d/results/4_hicexplorer/5_hicFindTADs/40000/scep_40000_P_0.1_MinD_3_MaxD_6_Delta_0.05_Step_1000  --numberOfProcessors 24 
 --minDepth $((3*40000))  --maxDepth $((6*40000))  --step 1000  --delta 0.05 
Submitted job 735 with external jobid '10244.mu01'.

[Thu Jan 19 22:00:02 2023]
rule hicFindTADs_try_default_step:
    input: /home/lengliang/lzy/sj_3d/results/4_hicexplorer/3_hicCorrectMatrix/40000/sjap_40000_corrected.h5
    output: /home/lengliang/lzy/sj_3d/results/4_hicexplorer/5_hicFindTADs/40000/d_sjap_40000_P_0.01_MinD_3_MaxD_10_Delta_0.001_boundaries.bed
    jobid: 818
    reason: Missing output files: /home/lengliang/lzy/sj_3d/results/4_hicexplorer/5_hicFindTADs/40000/d_sjap_40000_P_0.01_MinD_3_MaxD_10_Delta_0.001_boundaries.bed
    wildcards: resolution=40000, sample=sjap, pval=0.01, mindepth=3, maxdepth=10, delta=0.001
    threads: 24
    resources: mem_mb=1000, disk_mb=4191800, tmpdir=/home/lengliang/lzy/tmp/3d/


~/lzy/mambaforge/bin/hicFindTADs --correctForMultipleTesting fdr  -m  /home/lengliang/lzy/sj_3d/results/4_hicexplorer/3_hicCorrectMatrix/40000/sjap_40000_corrected.h5  --thresholdComparisons 0.01  --outPrefix /home/lengliang/lzy/sj_3d/results/4_hicexplorer/5_hicFindTADs/40000/d_sjap_40000_P_0.01_MinD_3_MaxD_10_Delta_0.001  --numberOfProcessors 24 
 --minDepth $((3*40000))  --maxDepth $((10*40000))  --delta 0.001 
Submitted job 818 with external jobid '10245.mu01'.

[Thu Jan 19 22:00:02 2023]
rule hicFindTADs_try_with_step:
    input: /home/lengliang/lzy/sj_3d/results/4_hicexplorer/3_hicCorrectMatrix/40000/sjap_40000_corrected.h5
    output: /home/lengliang/lzy/sj_3d/results/4_hicexplorer/5_hicFindTADs/40000/sjap_40000_P_0.01_MinD_3_MaxD_6_Delta_0.005_Step_1000_boundaries.bed
    jobid: 23
    reason: Missing output files: /home/lengliang/lzy/sj_3d/results/4_hicexplorer/5_hicFindTADs/40000/sjap_40000_P_0.01_MinD_3_MaxD_6_Delta_0.005_Step_1000_boundaries.bed
    wildcards: resolution=40000, sample=sjap, pval=0.01, mindepth=3, maxdepth=6, delta=0.005, step=1000
    threads: 24
    resources: mem_mb=1000, disk_mb=4191800, tmpdir=/home/lengliang/lzy/tmp/3d/


~/lzy/mambaforge/bin/hicFindTADs --correctForMultipleTesting fdr  -m  /home/lengliang/lzy/sj_3d/results/4_hicexplorer/3_hicCorrectMatrix/40000/sjap_40000_corrected.h5  --thresholdComparisons 0.01  --outPrefix /home/lengliang/lzy/sj_3d/results/4_hicexplorer/5_hicFindTADs/40000/sjap_40000_P_0.01_MinD_3_MaxD_6_Delta_0.005_Step_1000  --numberOfProcessors 24 
 --minDepth $((3*40000))  --maxDepth $((6*40000))  --step 1000  --delta 0.005 
Submitted job 23 with external jobid '10246.mu01'.

[Thu Jan 19 22:00:02 2023]
rule hicFindTADs_try_with_step:
    input: /home/lengliang/lzy/sj_3d/results/4_hicexplorer/3_hicCorrectMatrix/40000/sjap_40000_corrected.h5
    output: /home/lengliang/lzy/sj_3d/results/4_hicexplorer/5_hicFindTADs/40000/sjap_40000_P_0.1_MinD_5_MaxD_6_Delta_0.05_Step_1500_boundaries.bed
    jobid: 376
    reason: Missing output files: /home/lengliang/lzy/sj_3d/results/4_hicexplorer/5_hicFindTADs/40000/sjap_40000_P_0.1_MinD_5_MaxD_6_Delta_0.05_Step_1500_boundaries.bed
    wildcards: resolution=40000, sample=sjap, pval=0.1, mindepth=5, maxdepth=6, delta=0.05, step=1500
    threads: 24
    resources: mem_mb=1000, disk_mb=4191800, tmpdir=/home/lengliang/lzy/tmp/3d/


~/lzy/mambaforge/bin/hicFindTADs --correctForMultipleTesting fdr  -m  /home/lengliang/lzy/sj_3d/results/4_hicexplorer/3_hicCorrectMatrix/40000/sjap_40000_corrected.h5  --thresholdComparisons 0.1  --outPrefix /home/lengliang/lzy/sj_3d/results/4_hicexplorer/5_hicFindTADs/40000/sjap_40000_P_0.1_MinD_5_MaxD_6_Delta_0.05_Step_1500  --numberOfProcessors 24 
 --minDepth $((5*40000))  --maxDepth $((6*40000))  --step 1500  --delta 0.05 
Submitted job 376 with external jobid '10247.mu01'.

[Thu Jan 19 22:00:02 2023]
rule hicFindTADs_try_with_step:
    input: /home/lengliang/lzy/sj_3d/results/4_hicexplorer/3_hicCorrectMatrix/40000/scep_40000_corrected.h5
    output: /home/lengliang/lzy/sj_3d/results/4_hicexplorer/5_hicFindTADs/40000/scep_40000_P_0.01_MinD_5_MaxD_10_Delta_0.01_Step_5000_boundaries.bed
    jobid: 474
    reason: Missing output files: /home/lengliang/lzy/sj_3d/results/4_hicexplorer/5_hicFindTADs/40000/scep_40000_P_0.01_MinD_5_MaxD_10_Delta_0.01_Step_5000_boundaries.bed
    wildcards: resolution=40000, sample=scep, pval=0.01, mindepth=5, maxdepth=10, delta=0.01, step=5000
    threads: 24
    resources: mem_mb=1000, disk_mb=4191800, tmpdir=/home/lengliang/lzy/tmp/3d/


~/lzy/mambaforge/bin/hicFindTADs --correctForMultipleTesting fdr  -m  /home/lengliang/lzy/sj_3d/results/4_hicexplorer/3_hicCorrectMatrix/40000/scep_40000_corrected.h5  --thresholdComparisons 0.01  --outPrefix /home/lengliang/lzy/sj_3d/results/4_hicexplorer/5_hicFindTADs/40000/scep_40000_P_0.01_MinD_5_MaxD_10_Delta_0.01_Step_5000  --numberOfProcessors 24 
 --minDepth $((5*40000))  --maxDepth $((10*40000))  --step 5000  --delta 0.01 
Submitted job 474 with external jobid '10248.mu01'.

[Thu Jan 19 22:00:03 2023]
rule hicFindTADs_try_with_step:
    input: /home/lengliang/lzy/sj_3d/results/4_hicexplorer/3_hicCorrectMatrix/40000/scep_40000_corrected.h5
    output: /home/lengliang/lzy/sj_3d/results/4_hicexplorer/5_hicFindTADs/40000/scep_40000_P_0.001_MinD_3_MaxD_6_Delta_0.001_Step_1500_boundaries.bed
    jobid: 580
    reason: Missing output files: /home/lengliang/lzy/sj_3d/results/4_hicexplorer/5_hicFindTADs/40000/scep_40000_P_0.001_MinD_3_MaxD_6_Delta_0.001_Step_1500_boundaries.bed
    wildcards: resolution=40000, sample=scep, pval=0.001, mindepth=3, maxdepth=6, delta=0.001, step=1500
    threads: 24
    resources: mem_mb=1000, disk_mb=4191800, tmpdir=/home/lengliang/lzy/tmp/3d/


~/lzy/mambaforge/bin/hicFindTADs --correctForMultipleTesting fdr  -m  /home/lengliang/lzy/sj_3d/results/4_hicexplorer/3_hicCorrectMatrix/40000/scep_40000_corrected.h5  --thresholdComparisons 0.001  --outPrefix /home/lengliang/lzy/sj_3d/results/4_hicexplorer/5_hicFindTADs/40000/scep_40000_P_0.001_MinD_3_MaxD_6_Delta_0.001_Step_1500  --numberOfProcessors 24 
 --minDepth $((3*40000))  --maxDepth $((6*40000))  --step 1500  --delta 0.001 
Submitted job 580 with external jobid '10249.mu01'.

[Thu Jan 19 22:00:03 2023]
rule hicFindTADs_try_with_step:
    input: /home/lengliang/lzy/sj_3d/results/4_hicexplorer/3_hicCorrectMatrix/40000/scep_40000_corrected.h5
    output: /home/lengliang/lzy/sj_3d/results/4_hicexplorer/5_hicFindTADs/40000/scep_40000_P_0.001_MinD_5_MaxD_10_Delta_0.05_Step_1500_boundaries.bed
    jobid: 636
    reason: Missing output files: /home/lengliang/lzy/sj_3d/results/4_hicexplorer/5_hicFindTADs/40000/scep_40000_P_0.001_MinD_5_MaxD_10_Delta_0.05_Step_1500_boundaries.bed
    wildcards: resolution=40000, sample=scep, pval=0.001, mindepth=5, maxdepth=10, delta=0.05, step=1500
    threads: 24
    resources: mem_mb=1000, disk_mb=4191800, tmpdir=/home/lengliang/lzy/tmp/3d/


~/lzy/mambaforge/bin/hicFindTADs --correctForMultipleTesting fdr  -m  /home/lengliang/lzy/sj_3d/results/4_hicexplorer/3_hicCorrectMatrix/40000/scep_40000_corrected.h5  --thresholdComparisons 0.001  --outPrefix /home/lengliang/lzy/sj_3d/results/4_hicexplorer/5_hicFindTADs/40000/scep_40000_P_0.001_MinD_5_MaxD_10_Delta_0.05_Step_1500  --numberOfProcessors 24 
 --minDepth $((5*40000))  --maxDepth $((10*40000))  --step 1500  --delta 0.05 
Submitted job 636 with external jobid '10250.mu01'.

[Thu Jan 19 22:00:03 2023]
rule hicFindTADs_try_with_step:
    input: /home/lengliang/lzy/sj_3d/results/4_hicexplorer/3_hicCorrectMatrix/40000/scep_40000_corrected.h5
    output: /home/lengliang/lzy/sj_3d/results/4_hicexplorer/5_hicFindTADs/40000/scep_40000_P_0.1_MinD_3_MaxD_6_Delta_0.01_Step_5000_boundaries.bed
    jobid: 734
    reason: Missing output files: /home/lengliang/lzy/sj_3d/results/4_hicexplorer/5_hicFindTADs/40000/scep_40000_P_0.1_MinD_3_MaxD_6_Delta_0.01_Step_5000_boundaries.bed
    wildcards: resolution=40000, sample=scep, pval=0.1, mindepth=3, maxdepth=6, delta=0.01, step=5000
    threads: 24
    resources: mem_mb=1000, disk_mb=4191800, tmpdir=/home/lengliang/lzy/tmp/3d/


~/lzy/mambaforge/bin/hicFindTADs --correctForMultipleTesting fdr  -m  /home/lengliang/lzy/sj_3d/results/4_hicexplorer/3_hicCorrectMatrix/40000/scep_40000_corrected.h5  --thresholdComparisons 0.1  --outPrefix /home/lengliang/lzy/sj_3d/results/4_hicexplorer/5_hicFindTADs/40000/scep_40000_P_0.1_MinD_3_MaxD_6_Delta_0.01_Step_5000  --numberOfProcessors 24 
 --minDepth $((3*40000))  --maxDepth $((6*40000))  --step 5000  --delta 0.01 
Submitted job 734 with external jobid '10251.mu01'.

[Thu Jan 19 22:00:03 2023]
rule hicFindTADs_try_with_step:
    input: /home/lengliang/lzy/sj_3d/results/4_hicexplorer/3_hicCorrectMatrix/40000/sjap_40000_corrected.h5
    output: /home/lengliang/lzy/sj_3d/results/4_hicexplorer/5_hicFindTADs/40000/sjap_40000_P_0.01_MinD_3_MaxD_6_Delta_0.001_Step_3000_boundaries.bed
    jobid: 21
    reason: Missing output files: /home/lengliang/lzy/sj_3d/results/4_hicexplorer/5_hicFindTADs/40000/sjap_40000_P_0.01_MinD_3_MaxD_6_Delta_0.001_Step_3000_boundaries.bed
    wildcards: resolution=40000, sample=sjap, pval=0.01, mindepth=3, maxdepth=6, delta=0.001, step=3000
    threads: 24
    resources: mem_mb=1000, disk_mb=4191800, tmpdir=/home/lengliang/lzy/tmp/3d/


~/lzy/mambaforge/bin/hicFindTADs --correctForMultipleTesting fdr  -m  /home/lengliang/lzy/sj_3d/results/4_hicexplorer/3_hicCorrectMatrix/40000/sjap_40000_corrected.h5  --thresholdComparisons 0.01  --outPrefix /home/lengliang/lzy/sj_3d/results/4_hicexplorer/5_hicFindTADs/40000/sjap_40000_P_0.01_MinD_3_MaxD_6_Delta_0.001_Step_3000  --numberOfProcessors 24 
 --minDepth $((3*40000))  --maxDepth $((6*40000))  --step 3000  --delta 0.001 
Submitted job 21 with external jobid '10252.mu01'.

[Thu Jan 19 22:00:03 2023]
rule hicFindTADs_try_with_step:
    input: /home/lengliang/lzy/sj_3d/results/4_hicexplorer/3_hicCorrectMatrix/40000/scep_40000_corrected.h5
    output: /home/lengliang/lzy/sj_3d/results/4_hicexplorer/5_hicFindTADs/40000/scep_40000_P_0.1_MinD_3_MaxD_10_Delta_0.1_Step_1500_boundaries.bed
    jobid: 768
    reason: Missing output files: /home/lengliang/lzy/sj_3d/results/4_hicexplorer/5_hicFindTADs/40000/scep_40000_P_0.1_MinD_3_MaxD_10_Delta_0.1_Step_1500_boundaries.bed
    wildcards: resolution=40000, sample=scep, pval=0.1, mindepth=3, maxdepth=10, delta=0.1, step=1500
    threads: 24
    resources: mem_mb=1000, disk_mb=4191800, tmpdir=/home/lengliang/lzy/tmp/3d/


~/lzy/mambaforge/bin/hicFindTADs --correctForMultipleTesting fdr  -m  /home/lengliang/lzy/sj_3d/results/4_hicexplorer/3_hicCorrectMatrix/40000/scep_40000_corrected.h5  --thresholdComparisons 0.1  --outPrefix /home/lengliang/lzy/sj_3d/results/4_hicexplorer/5_hicFindTADs/40000/scep_40000_P_0.1_MinD_3_MaxD_10_Delta_0.1_Step_1500  --numberOfProcessors 24 
 --minDepth $((3*40000))  --maxDepth $((10*40000))  --step 1500  --delta 0.1 
Submitted job 768 with external jobid '10253.mu01'.

[Thu Jan 19 22:00:03 2023]
rule hicFindTADs_try_default_step:
    input: /home/lengliang/lzy/sj_3d/results/4_hicexplorer/3_hicCorrectMatrix/40000/sjap_40000_corrected.h5
    output: /home/lengliang/lzy/sj_3d/results/4_hicexplorer/5_hicFindTADs/40000/d_sjap_40000_P_0.001_MinD_5_MaxD_10_Delta_0.01_boundaries.bed
    jobid: 866
    reason: Missing output files: /home/lengliang/lzy/sj_3d/results/4_hicexplorer/5_hicFindTADs/40000/d_sjap_40000_P_0.001_MinD_5_MaxD_10_Delta_0.01_boundaries.bed
    wildcards: resolution=40000, sample=sjap, pval=0.001, mindepth=5, maxdepth=10, delta=0.01
    threads: 24
    resources: mem_mb=1000, disk_mb=4191800, tmpdir=/home/lengliang/lzy/tmp/3d/


~/lzy/mambaforge/bin/hicFindTADs --correctForMultipleTesting fdr  -m  /home/lengliang/lzy/sj_3d/results/4_hicexplorer/3_hicCorrectMatrix/40000/sjap_40000_corrected.h5  --thresholdComparisons 0.001  --outPrefix /home/lengliang/lzy/sj_3d/results/4_hicexplorer/5_hicFindTADs/40000/d_sjap_40000_P_0.001_MinD_5_MaxD_10_Delta_0.01  --numberOfProcessors 24 
 --minDepth $((5*40000))  --maxDepth $((10*40000))  --delta 0.01 
Submitted job 866 with external jobid '10254.mu01'.

[Thu Jan 19 22:00:03 2023]
rule hicFindTADs_try_with_step:
    input: /home/lengliang/lzy/sj_3d/results/4_hicexplorer/3_hicCorrectMatrix/40000/scep_40000_corrected.h5
    output: /home/lengliang/lzy/sj_3d/results/4_hicexplorer/5_hicFindTADs/40000/scep_40000_P_0.05_MinD_5_MaxD_6_Delta_0.05_Step_3000_boundaries.bed
    jobid: 537
    reason: Missing output files: /home/lengliang/lzy/sj_3d/results/4_hicexplorer/5_hicFindTADs/40000/scep_40000_P_0.05_MinD_5_MaxD_6_Delta_0.05_Step_3000_boundaries.bed
    wildcards: resolution=40000, sample=scep, pval=0.05, mindepth=5, maxdepth=6, delta=0.05, step=3000
    threads: 24
    resources: mem_mb=1000, disk_mb=4191800, tmpdir=/home/lengliang/lzy/tmp/3d/


~/lzy/mambaforge/bin/hicFindTADs --correctForMultipleTesting fdr  -m  /home/lengliang/lzy/sj_3d/results/4_hicexplorer/3_hicCorrectMatrix/40000/scep_40000_corrected.h5  --thresholdComparisons 0.05  --outPrefix /home/lengliang/lzy/sj_3d/results/4_hicexplorer/5_hicFindTADs/40000/scep_40000_P_0.05_MinD_5_MaxD_6_Delta_0.05_Step_3000  --numberOfProcessors 24 
 --minDepth $((5*40000))  --maxDepth $((6*40000))  --step 3000  --delta 0.05 
Submitted job 537 with external jobid '10255.mu01'.

[Thu Jan 19 22:00:04 2023]
rule hicFindTADs_try_with_step:
    input: /home/lengliang/lzy/sj_3d/results/4_hicexplorer/3_hicCorrectMatrix/40000/scep_40000_corrected.h5
    output: /home/lengliang/lzy/sj_3d/results/4_hicexplorer/5_hicFindTADs/40000/scep_40000_P_0.05_MinD_5_MaxD_10_Delta_0.005_Step_3000_boundaries.bed
    jobid: 565
    reason: Missing output files: /home/lengliang/lzy/sj_3d/results/4_hicexplorer/5_hicFindTADs/40000/scep_40000_P_0.05_MinD_5_MaxD_10_Delta_0.005_Step_3000_boundaries.bed
    wildcards: resolution=40000, sample=scep, pval=0.05, mindepth=5, maxdepth=10, delta=0.005, step=3000
    threads: 24
    resources: mem_mb=1000, disk_mb=4191800, tmpdir=/home/lengliang/lzy/tmp/3d/


~/lzy/mambaforge/bin/hicFindTADs --correctForMultipleTesting fdr  -m  /home/lengliang/lzy/sj_3d/results/4_hicexplorer/3_hicCorrectMatrix/40000/scep_40000_corrected.h5  --thresholdComparisons 0.05  --outPrefix /home/lengliang/lzy/sj_3d/results/4_hicexplorer/5_hicFindTADs/40000/scep_40000_P_0.05_MinD_5_MaxD_10_Delta_0.005_Step_3000  --numberOfProcessors 24 
 --minDepth $((5*40000))  --maxDepth $((10*40000))  --step 3000  --delta 0.005 
Submitted job 565 with external jobid '10256.mu01'.

[Thu Jan 19 22:00:04 2023]
rule hicFindTADs_try_with_step:
    input: /home/lengliang/lzy/sj_3d/results/4_hicexplorer/3_hicCorrectMatrix/40000/sjap_40000_corrected.h5
    output: /home/lengliang/lzy/sj_3d/results/4_hicexplorer/5_hicFindTADs/40000/sjap_40000_P_0.001_MinD_5_MaxD_6_Delta_0.05_Step_3000_boundaries.bed
    jobid: 217
    reason: Missing output files: /home/lengliang/lzy/sj_3d/results/4_hicexplorer/5_hicFindTADs/40000/sjap_40000_P_0.001_MinD_5_MaxD_6_Delta_0.05_Step_3000_boundaries.bed
    wildcards: resolution=40000, sample=sjap, pval=0.001, mindepth=5, maxdepth=6, delta=0.05, step=3000
    threads: 24
    resources: mem_mb=1000, disk_mb=4191800, tmpdir=/home/lengliang/lzy/tmp/3d/


~/lzy/mambaforge/bin/hicFindTADs --correctForMultipleTesting fdr  -m  /home/lengliang/lzy/sj_3d/results/4_hicexplorer/3_hicCorrectMatrix/40000/sjap_40000_corrected.h5  --thresholdComparisons 0.001  --outPrefix /home/lengliang/lzy/sj_3d/results/4_hicexplorer/5_hicFindTADs/40000/sjap_40000_P_0.001_MinD_5_MaxD_6_Delta_0.05_Step_3000  --numberOfProcessors 24 
 --minDepth $((5*40000))  --maxDepth $((6*40000))  --step 3000  --delta 0.05 
Submitted job 217 with external jobid '10257.mu01'.
[Thu Jan 19 22:00:33 2023]
Error in rule hicFindTADs_try_default_step:
    jobid: 825
    output: /home/lengliang/lzy/sj_3d/results/4_hicexplorer/5_hicFindTADs/40000/d_sjap_40000_P_0.01_MinD_5_MaxD_6_Delta_0.1_boundaries.bed
    shell:
        
~/lzy/mambaforge/bin/hicFindTADs --correctForMultipleTesting fdr  -m  /home/lengliang/lzy/sj_3d/results/4_hicexplorer/3_hicCorrectMatrix/40000/sjap_40000_corrected.h5  --thresholdComparisons 0.01  --outPrefix /home/lengliang/lzy/sj_3d/results/4_hicexplorer/5_hicFindTADs/40000/d_sjap_40000_P_0.01_MinD_5_MaxD_6_Delta_0.1  --numberOfProcessors 24 
 --minDepth $((5*40000))  --maxDepth $((6*40000))  --delta 0.1 
        (one of the commands exited with non-zero exit code; note that snakemake uses bash strict mode!)
    cluster_jobid: 10238.mu01

Error executing rule hicFindTADs_try_default_step on cluster (jobid: 825, external: 10238.mu01, jobscript: /home/lengliang/lzy/sj_3d/script/4_hicexplorer/.snakemake/tmp.vpyu048g/snakejob.hicFindTADs_try_default_step.825.sh). For error details see the cluster log and the log files of the involved rule(s).
[Thu Jan 19 22:00:33 2023]
Error in rule hicFindTADs_try_default_step:
    jobid: 819
    output: /home/lengliang/lzy/sj_3d/results/4_hicexplorer/5_hicFindTADs/40000/d_sjap_40000_P_0.01_MinD_3_MaxD_10_Delta_0.005_boundaries.bed
    shell:
        
~/lzy/mambaforge/bin/hicFindTADs --correctForMultipleTesting fdr  -m  /home/lengliang/lzy/sj_3d/results/4_hicexplorer/3_hicCorrectMatrix/40000/sjap_40000_corrected.h5  --thresholdComparisons 0.01  --outPrefix /home/lengliang/lzy/sj_3d/results/4_hicexplorer/5_hicFindTADs/40000/d_sjap_40000_P_0.01_MinD_3_MaxD_10_Delta_0.005  --numberOfProcessors 24 
 --minDepth $((3*40000))  --maxDepth $((10*40000))  --delta 0.005 
        (one of the commands exited with non-zero exit code; note that snakemake uses bash strict mode!)
    cluster_jobid: 10239.mu01

Error executing rule hicFindTADs_try_default_step on cluster (jobid: 819, external: 10239.mu01, jobscript: /home/lengliang/lzy/sj_3d/script/4_hicexplorer/.snakemake/tmp.vpyu048g/snakejob.hicFindTADs_try_default_step.819.sh). For error details see the cluster log and the log files of the involved rule(s).
[Thu Jan 19 22:00:33 2023]
Error in rule hicFindTADs_try_with_step:
    jobid: 22
    output: /home/lengliang/lzy/sj_3d/results/4_hicexplorer/5_hicFindTADs/40000/sjap_40000_P_0.01_MinD_3_MaxD_6_Delta_0.001_Step_5000_boundaries.bed
    shell:
        
~/lzy/mambaforge/bin/hicFindTADs --correctForMultipleTesting fdr  -m  /home/lengliang/lzy/sj_3d/results/4_hicexplorer/3_hicCorrectMatrix/40000/sjap_40000_corrected.h5  --thresholdComparisons 0.01  --outPrefix /home/lengliang/lzy/sj_3d/results/4_hicexplorer/5_hicFindTADs/40000/sjap_40000_P_0.01_MinD_3_MaxD_6_Delta_0.001_Step_5000  --numberOfProcessors 24 
 --minDepth $((3*40000))  --maxDepth $((6*40000))  --step 5000  --delta 0.001 
        (one of the commands exited with non-zero exit code; note that snakemake uses bash strict mode!)
    cluster_jobid: 10240.mu01

Error executing rule hicFindTADs_try_with_step on cluster (jobid: 22, external: 10240.mu01, jobscript: /home/lengliang/lzy/sj_3d/script/4_hicexplorer/.snakemake/tmp.vpyu048g/snakejob.hicFindTADs_try_with_step.22.sh). For error details see the cluster log and the log files of the involved rule(s).
[Thu Jan 19 22:00:33 2023]
Error in rule hicFindTADs_try_with_step:
    jobid: 218
    output: /home/lengliang/lzy/sj_3d/results/4_hicexplorer/5_hicFindTADs/40000/sjap_40000_P_0.001_MinD_5_MaxD_6_Delta_0.05_Step_5000_boundaries.bed
    shell:
        
~/lzy/mambaforge/bin/hicFindTADs --correctForMultipleTesting fdr  -m  /home/lengliang/lzy/sj_3d/results/4_hicexplorer/3_hicCorrectMatrix/40000/sjap_40000_corrected.h5  --thresholdComparisons 0.001  --outPrefix /home/lengliang/lzy/sj_3d/results/4_hicexplorer/5_hicFindTADs/40000/sjap_40000_P_0.001_MinD_5_MaxD_6_Delta_0.05_Step_5000  --numberOfProcessors 24 
 --minDepth $((5*40000))  --maxDepth $((6*40000))  --step 5000  --delta 0.05 
        (one of the commands exited with non-zero exit code; note that snakemake uses bash strict mode!)
    cluster_jobid: 10241.mu01

Error executing rule hicFindTADs_try_with_step on cluster (jobid: 218, external: 10241.mu01, jobscript: /home/lengliang/lzy/sj_3d/script/4_hicexplorer/.snakemake/tmp.vpyu048g/snakejob.hicFindTADs_try_with_step.218.sh). For error details see the cluster log and the log files of the involved rule(s).
[Thu Jan 19 22:00:33 2023]
Error in rule hicFindTADs_try_with_step:
    jobid: 581
    output: /home/lengliang/lzy/sj_3d/results/4_hicexplorer/5_hicFindTADs/40000/scep_40000_P_0.001_MinD_3_MaxD_6_Delta_0.001_Step_3000_boundaries.bed
    shell:
        
~/lzy/mambaforge/bin/hicFindTADs --correctForMultipleTesting fdr  -m  /home/lengliang/lzy/sj_3d/results/4_hicexplorer/3_hicCorrectMatrix/40000/scep_40000_corrected.h5  --thresholdComparisons 0.001  --outPrefix /home/lengliang/lzy/sj_3d/results/4_hicexplorer/5_hicFindTADs/40000/scep_40000_P_0.001_MinD_3_MaxD_6_Delta_0.001_Step_3000  --numberOfProcessors 24 
 --minDepth $((3*40000))  --maxDepth $((6*40000))  --step 3000  --delta 0.001 
        (one of the commands exited with non-zero exit code; note that snakemake uses bash strict mode!)
    cluster_jobid: 10242.mu01

Error executing rule hicFindTADs_try_with_step on cluster (jobid: 581, external: 10242.mu01, jobscript: /home/lengliang/lzy/sj_3d/script/4_hicexplorer/.snakemake/tmp.vpyu048g/snakejob.hicFindTADs_try_with_step.581.sh). For error details see the cluster log and the log files of the involved rule(s).
[Thu Jan 19 22:00:33 2023]
Error in rule hicFindTADs_try_with_step:
    jobid: 637
    output: /home/lengliang/lzy/sj_3d/results/4_hicexplorer/5_hicFindTADs/40000/scep_40000_P_0.001_MinD_5_MaxD_10_Delta_0.05_Step_3000_boundaries.bed
    shell:
        
~/lzy/mambaforge/bin/hicFindTADs --correctForMultipleTesting fdr  -m  /home/lengliang/lzy/sj_3d/results/4_hicexplorer/3_hicCorrectMatrix/40000/scep_40000_corrected.h5  --thresholdComparisons 0.001  --outPrefix /home/lengliang/lzy/sj_3d/results/4_hicexplorer/5_hicFindTADs/40000/scep_40000_P_0.001_MinD_5_MaxD_10_Delta_0.05_Step_3000  --numberOfProcessors 24 
 --minDepth $((5*40000))  --maxDepth $((10*40000))  --step 3000  --delta 0.05 
        (one of the commands exited with non-zero exit code; note that snakemake uses bash strict mode!)
    cluster_jobid: 10243.mu01

Error executing rule hicFindTADs_try_with_step on cluster (jobid: 637, external: 10243.mu01, jobscript: /home/lengliang/lzy/sj_3d/script/4_hicexplorer/.snakemake/tmp.vpyu048g/snakejob.hicFindTADs_try_with_step.637.sh). For error details see the cluster log and the log files of the involved rule(s).
[Thu Jan 19 22:00:33 2023]
Error in rule hicFindTADs_try_with_step:
    jobid: 735
    output: /home/lengliang/lzy/sj_3d/results/4_hicexplorer/5_hicFindTADs/40000/scep_40000_P_0.1_MinD_3_MaxD_6_Delta_0.05_Step_1000_boundaries.bed
    shell:
        
~/lzy/mambaforge/bin/hicFindTADs --correctForMultipleTesting fdr  -m  /home/lengliang/lzy/sj_3d/results/4_hicexplorer/3_hicCorrectMatrix/40000/scep_40000_corrected.h5  --thresholdComparisons 0.1  --outPrefix /home/lengliang/lzy/sj_3d/results/4_hicexplorer/5_hicFindTADs/40000/scep_40000_P_0.1_MinD_3_MaxD_6_Delta_0.05_Step_1000  --numberOfProcessors 24 
 --minDepth $((3*40000))  --maxDepth $((6*40000))  --step 1000  --delta 0.05 
        (one of the commands exited with non-zero exit code; note that snakemake uses bash strict mode!)
    cluster_jobid: 10244.mu01

Error executing rule hicFindTADs_try_with_step on cluster (jobid: 735, external: 10244.mu01, jobscript: /home/lengliang/lzy/sj_3d/script/4_hicexplorer/.snakemake/tmp.vpyu048g/snakejob.hicFindTADs_try_with_step.735.sh). For error details see the cluster log and the log files of the involved rule(s).
[Thu Jan 19 22:00:33 2023]
Error in rule hicFindTADs_try_default_step:
    jobid: 818
    output: /home/lengliang/lzy/sj_3d/results/4_hicexplorer/5_hicFindTADs/40000/d_sjap_40000_P_0.01_MinD_3_MaxD_10_Delta_0.001_boundaries.bed
    shell:
        
~/lzy/mambaforge/bin/hicFindTADs --correctForMultipleTesting fdr  -m  /home/lengliang/lzy/sj_3d/results/4_hicexplorer/3_hicCorrectMatrix/40000/sjap_40000_corrected.h5  --thresholdComparisons 0.01  --outPrefix /home/lengliang/lzy/sj_3d/results/4_hicexplorer/5_hicFindTADs/40000/d_sjap_40000_P_0.01_MinD_3_MaxD_10_Delta_0.001  --numberOfProcessors 24 
 --minDepth $((3*40000))  --maxDepth $((10*40000))  --delta 0.001 
        (one of the commands exited with non-zero exit code; note that snakemake uses bash strict mode!)
    cluster_jobid: 10245.mu01

Error executing rule hicFindTADs_try_default_step on cluster (jobid: 818, external: 10245.mu01, jobscript: /home/lengliang/lzy/sj_3d/script/4_hicexplorer/.snakemake/tmp.vpyu048g/snakejob.hicFindTADs_try_default_step.818.sh). For error details see the cluster log and the log files of the involved rule(s).
[Thu Jan 19 22:00:33 2023]
Error in rule hicFindTADs_try_with_step:
    jobid: 23
    output: /home/lengliang/lzy/sj_3d/results/4_hicexplorer/5_hicFindTADs/40000/sjap_40000_P_0.01_MinD_3_MaxD_6_Delta_0.005_Step_1000_boundaries.bed
    shell:
        
~/lzy/mambaforge/bin/hicFindTADs --correctForMultipleTesting fdr  -m  /home/lengliang/lzy/sj_3d/results/4_hicexplorer/3_hicCorrectMatrix/40000/sjap_40000_corrected.h5  --thresholdComparisons 0.01  --outPrefix /home/lengliang/lzy/sj_3d/results/4_hicexplorer/5_hicFindTADs/40000/sjap_40000_P_0.01_MinD_3_MaxD_6_Delta_0.005_Step_1000  --numberOfProcessors 24 
 --minDepth $((3*40000))  --maxDepth $((6*40000))  --step 1000  --delta 0.005 
        (one of the commands exited with non-zero exit code; note that snakemake uses bash strict mode!)
    cluster_jobid: 10246.mu01

Error executing rule hicFindTADs_try_with_step on cluster (jobid: 23, external: 10246.mu01, jobscript: /home/lengliang/lzy/sj_3d/script/4_hicexplorer/.snakemake/tmp.vpyu048g/snakejob.hicFindTADs_try_with_step.23.sh). For error details see the cluster log and the log files of the involved rule(s).
[Thu Jan 19 22:00:33 2023]
Error in rule hicFindTADs_try_with_step:
    jobid: 376
    output: /home/lengliang/lzy/sj_3d/results/4_hicexplorer/5_hicFindTADs/40000/sjap_40000_P_0.1_MinD_5_MaxD_6_Delta_0.05_Step_1500_boundaries.bed
    shell:
        
~/lzy/mambaforge/bin/hicFindTADs --correctForMultipleTesting fdr  -m  /home/lengliang/lzy/sj_3d/results/4_hicexplorer/3_hicCorrectMatrix/40000/sjap_40000_corrected.h5  --thresholdComparisons 0.1  --outPrefix /home/lengliang/lzy/sj_3d/results/4_hicexplorer/5_hicFindTADs/40000/sjap_40000_P_0.1_MinD_5_MaxD_6_Delta_0.05_Step_1500  --numberOfProcessors 24 
 --minDepth $((5*40000))  --maxDepth $((6*40000))  --step 1500  --delta 0.05 
        (one of the commands exited with non-zero exit code; note that snakemake uses bash strict mode!)
    cluster_jobid: 10247.mu01

Error executing rule hicFindTADs_try_with_step on cluster (jobid: 376, external: 10247.mu01, jobscript: /home/lengliang/lzy/sj_3d/script/4_hicexplorer/.snakemake/tmp.vpyu048g/snakejob.hicFindTADs_try_with_step.376.sh). For error details see the cluster log and the log files of the involved rule(s).
[Thu Jan 19 22:00:34 2023]
Error in rule hicFindTADs_try_with_step:
    jobid: 21
    output: /home/lengliang/lzy/sj_3d/results/4_hicexplorer/5_hicFindTADs/40000/sjap_40000_P_0.01_MinD_3_MaxD_6_Delta_0.001_Step_3000_boundaries.bed
    shell:
        
~/lzy/mambaforge/bin/hicFindTADs --correctForMultipleTesting fdr  -m  /home/lengliang/lzy/sj_3d/results/4_hicexplorer/3_hicCorrectMatrix/40000/sjap_40000_corrected.h5  --thresholdComparisons 0.01  --outPrefix /home/lengliang/lzy/sj_3d/results/4_hicexplorer/5_hicFindTADs/40000/sjap_40000_P_0.01_MinD_3_MaxD_6_Delta_0.001_Step_3000  --numberOfProcessors 24 
 --minDepth $((3*40000))  --maxDepth $((6*40000))  --step 3000  --delta 0.001 
        (one of the commands exited with non-zero exit code; note that snakemake uses bash strict mode!)
    cluster_jobid: 10252.mu01

Error executing rule hicFindTADs_try_with_step on cluster (jobid: 21, external: 10252.mu01, jobscript: /home/lengliang/lzy/sj_3d/script/4_hicexplorer/.snakemake/tmp.vpyu048g/snakejob.hicFindTADs_try_with_step.21.sh). For error details see the cluster log and the log files of the involved rule(s).
[Thu Jan 19 22:00:34 2023]
Error in rule hicFindTADs_try_with_step:
    jobid: 217
    output: /home/lengliang/lzy/sj_3d/results/4_hicexplorer/5_hicFindTADs/40000/sjap_40000_P_0.001_MinD_5_MaxD_6_Delta_0.05_Step_3000_boundaries.bed
    shell:
        
~/lzy/mambaforge/bin/hicFindTADs --correctForMultipleTesting fdr  -m  /home/lengliang/lzy/sj_3d/results/4_hicexplorer/3_hicCorrectMatrix/40000/sjap_40000_corrected.h5  --thresholdComparisons 0.001  --outPrefix /home/lengliang/lzy/sj_3d/results/4_hicexplorer/5_hicFindTADs/40000/sjap_40000_P_0.001_MinD_5_MaxD_6_Delta_0.05_Step_3000  --numberOfProcessors 24 
 --minDepth $((5*40000))  --maxDepth $((6*40000))  --step 3000  --delta 0.05 
        (one of the commands exited with non-zero exit code; note that snakemake uses bash strict mode!)
    cluster_jobid: 10257.mu01

Error executing rule hicFindTADs_try_with_step on cluster (jobid: 217, external: 10257.mu01, jobscript: /home/lengliang/lzy/sj_3d/script/4_hicexplorer/.snakemake/tmp.vpyu048g/snakejob.hicFindTADs_try_with_step.217.sh). For error details see the cluster log and the log files of the involved rule(s).
[Thu Jan 19 22:00:45 2023]
Error in rule hicFindTADs_try_with_step:
    jobid: 474
    output: /home/lengliang/lzy/sj_3d/results/4_hicexplorer/5_hicFindTADs/40000/scep_40000_P_0.01_MinD_5_MaxD_10_Delta_0.01_Step_5000_boundaries.bed
    shell:
        
~/lzy/mambaforge/bin/hicFindTADs --correctForMultipleTesting fdr  -m  /home/lengliang/lzy/sj_3d/results/4_hicexplorer/3_hicCorrectMatrix/40000/scep_40000_corrected.h5  --thresholdComparisons 0.01  --outPrefix /home/lengliang/lzy/sj_3d/results/4_hicexplorer/5_hicFindTADs/40000/scep_40000_P_0.01_MinD_5_MaxD_10_Delta_0.01_Step_5000  --numberOfProcessors 24 
 --minDepth $((5*40000))  --maxDepth $((10*40000))  --step 5000  --delta 0.01 
        (one of the commands exited with non-zero exit code; note that snakemake uses bash strict mode!)
    cluster_jobid: 10248.mu01

Error executing rule hicFindTADs_try_with_step on cluster (jobid: 474, external: 10248.mu01, jobscript: /home/lengliang/lzy/sj_3d/script/4_hicexplorer/.snakemake/tmp.vpyu048g/snakejob.hicFindTADs_try_with_step.474.sh). For error details see the cluster log and the log files of the involved rule(s).
[Thu Jan 19 22:00:45 2023]
Error in rule hicFindTADs_try_with_step:
    jobid: 580
    output: /home/lengliang/lzy/sj_3d/results/4_hicexplorer/5_hicFindTADs/40000/scep_40000_P_0.001_MinD_3_MaxD_6_Delta_0.001_Step_1500_boundaries.bed
    shell:
        
~/lzy/mambaforge/bin/hicFindTADs --correctForMultipleTesting fdr  -m  /home/lengliang/lzy/sj_3d/results/4_hicexplorer/3_hicCorrectMatrix/40000/scep_40000_corrected.h5  --thresholdComparisons 0.001  --outPrefix /home/lengliang/lzy/sj_3d/results/4_hicexplorer/5_hicFindTADs/40000/scep_40000_P_0.001_MinD_3_MaxD_6_Delta_0.001_Step_1500  --numberOfProcessors 24 
 --minDepth $((3*40000))  --maxDepth $((6*40000))  --step 1500  --delta 0.001 
        (one of the commands exited with non-zero exit code; note that snakemake uses bash strict mode!)
    cluster_jobid: 10249.mu01

Error executing rule hicFindTADs_try_with_step on cluster (jobid: 580, external: 10249.mu01, jobscript: /home/lengliang/lzy/sj_3d/script/4_hicexplorer/.snakemake/tmp.vpyu048g/snakejob.hicFindTADs_try_with_step.580.sh). For error details see the cluster log and the log files of the involved rule(s).
[Thu Jan 19 22:00:45 2023]
Error in rule hicFindTADs_try_with_step:
    jobid: 636
    output: /home/lengliang/lzy/sj_3d/results/4_hicexplorer/5_hicFindTADs/40000/scep_40000_P_0.001_MinD_5_MaxD_10_Delta_0.05_Step_1500_boundaries.bed
    shell:
        
~/lzy/mambaforge/bin/hicFindTADs --correctForMultipleTesting fdr  -m  /home/lengliang/lzy/sj_3d/results/4_hicexplorer/3_hicCorrectMatrix/40000/scep_40000_corrected.h5  --thresholdComparisons 0.001  --outPrefix /home/lengliang/lzy/sj_3d/results/4_hicexplorer/5_hicFindTADs/40000/scep_40000_P_0.001_MinD_5_MaxD_10_Delta_0.05_Step_1500  --numberOfProcessors 24 
 --minDepth $((5*40000))  --maxDepth $((10*40000))  --step 1500  --delta 0.05 
        (one of the commands exited with non-zero exit code; note that snakemake uses bash strict mode!)
    cluster_jobid: 10250.mu01

Error executing rule hicFindTADs_try_with_step on cluster (jobid: 636, external: 10250.mu01, jobscript: /home/lengliang/lzy/sj_3d/script/4_hicexplorer/.snakemake/tmp.vpyu048g/snakejob.hicFindTADs_try_with_step.636.sh). For error details see the cluster log and the log files of the involved rule(s).
[Thu Jan 19 22:00:45 2023]
Error in rule hicFindTADs_try_with_step:
    jobid: 734
    output: /home/lengliang/lzy/sj_3d/results/4_hicexplorer/5_hicFindTADs/40000/scep_40000_P_0.1_MinD_3_MaxD_6_Delta_0.01_Step_5000_boundaries.bed
    shell:
        
~/lzy/mambaforge/bin/hicFindTADs --correctForMultipleTesting fdr  -m  /home/lengliang/lzy/sj_3d/results/4_hicexplorer/3_hicCorrectMatrix/40000/scep_40000_corrected.h5  --thresholdComparisons 0.1  --outPrefix /home/lengliang/lzy/sj_3d/results/4_hicexplorer/5_hicFindTADs/40000/scep_40000_P_0.1_MinD_3_MaxD_6_Delta_0.01_Step_5000  --numberOfProcessors 24 
 --minDepth $((3*40000))  --maxDepth $((6*40000))  --step 5000  --delta 0.01 
        (one of the commands exited with non-zero exit code; note that snakemake uses bash strict mode!)
    cluster_jobid: 10251.mu01

Error executing rule hicFindTADs_try_with_step on cluster (jobid: 734, external: 10251.mu01, jobscript: /home/lengliang/lzy/sj_3d/script/4_hicexplorer/.snakemake/tmp.vpyu048g/snakejob.hicFindTADs_try_with_step.734.sh). For error details see the cluster log and the log files of the involved rule(s).
[Thu Jan 19 22:00:45 2023]
Error in rule hicFindTADs_try_with_step:
    jobid: 768
    output: /home/lengliang/lzy/sj_3d/results/4_hicexplorer/5_hicFindTADs/40000/scep_40000_P_0.1_MinD_3_MaxD_10_Delta_0.1_Step_1500_boundaries.bed
    shell:
        
~/lzy/mambaforge/bin/hicFindTADs --correctForMultipleTesting fdr  -m  /home/lengliang/lzy/sj_3d/results/4_hicexplorer/3_hicCorrectMatrix/40000/scep_40000_corrected.h5  --thresholdComparisons 0.1  --outPrefix /home/lengliang/lzy/sj_3d/results/4_hicexplorer/5_hicFindTADs/40000/scep_40000_P_0.1_MinD_3_MaxD_10_Delta_0.1_Step_1500  --numberOfProcessors 24 
 --minDepth $((3*40000))  --maxDepth $((10*40000))  --step 1500  --delta 0.1 
        (one of the commands exited with non-zero exit code; note that snakemake uses bash strict mode!)
    cluster_jobid: 10253.mu01

Error executing rule hicFindTADs_try_with_step on cluster (jobid: 768, external: 10253.mu01, jobscript: /home/lengliang/lzy/sj_3d/script/4_hicexplorer/.snakemake/tmp.vpyu048g/snakejob.hicFindTADs_try_with_step.768.sh). For error details see the cluster log and the log files of the involved rule(s).
[Thu Jan 19 22:00:45 2023]
Error in rule hicFindTADs_try_default_step:
    jobid: 866
    output: /home/lengliang/lzy/sj_3d/results/4_hicexplorer/5_hicFindTADs/40000/d_sjap_40000_P_0.001_MinD_5_MaxD_10_Delta_0.01_boundaries.bed
    shell:
        
~/lzy/mambaforge/bin/hicFindTADs --correctForMultipleTesting fdr  -m  /home/lengliang/lzy/sj_3d/results/4_hicexplorer/3_hicCorrectMatrix/40000/sjap_40000_corrected.h5  --thresholdComparisons 0.001  --outPrefix /home/lengliang/lzy/sj_3d/results/4_hicexplorer/5_hicFindTADs/40000/d_sjap_40000_P_0.001_MinD_5_MaxD_10_Delta_0.01  --numberOfProcessors 24 
 --minDepth $((5*40000))  --maxDepth $((10*40000))  --delta 0.01 
        (one of the commands exited with non-zero exit code; note that snakemake uses bash strict mode!)
    cluster_jobid: 10254.mu01

Error executing rule hicFindTADs_try_default_step on cluster (jobid: 866, external: 10254.mu01, jobscript: /home/lengliang/lzy/sj_3d/script/4_hicexplorer/.snakemake/tmp.vpyu048g/snakejob.hicFindTADs_try_default_step.866.sh). For error details see the cluster log and the log files of the involved rule(s).
[Thu Jan 19 22:00:45 2023]
Error in rule hicFindTADs_try_with_step:
    jobid: 537
    output: /home/lengliang/lzy/sj_3d/results/4_hicexplorer/5_hicFindTADs/40000/scep_40000_P_0.05_MinD_5_MaxD_6_Delta_0.05_Step_3000_boundaries.bed
    shell:
        
~/lzy/mambaforge/bin/hicFindTADs --correctForMultipleTesting fdr  -m  /home/lengliang/lzy/sj_3d/results/4_hicexplorer/3_hicCorrectMatrix/40000/scep_40000_corrected.h5  --thresholdComparisons 0.05  --outPrefix /home/lengliang/lzy/sj_3d/results/4_hicexplorer/5_hicFindTADs/40000/scep_40000_P_0.05_MinD_5_MaxD_6_Delta_0.05_Step_3000  --numberOfProcessors 24 
 --minDepth $((5*40000))  --maxDepth $((6*40000))  --step 3000  --delta 0.05 
        (one of the commands exited with non-zero exit code; note that snakemake uses bash strict mode!)
    cluster_jobid: 10255.mu01

Error executing rule hicFindTADs_try_with_step on cluster (jobid: 537, external: 10255.mu01, jobscript: /home/lengliang/lzy/sj_3d/script/4_hicexplorer/.snakemake/tmp.vpyu048g/snakejob.hicFindTADs_try_with_step.537.sh). For error details see the cluster log and the log files of the involved rule(s).
[Thu Jan 19 22:00:45 2023]
Error in rule hicFindTADs_try_with_step:
    jobid: 565
    output: /home/lengliang/lzy/sj_3d/results/4_hicexplorer/5_hicFindTADs/40000/scep_40000_P_0.05_MinD_5_MaxD_10_Delta_0.005_Step_3000_boundaries.bed
    shell:
        
~/lzy/mambaforge/bin/hicFindTADs --correctForMultipleTesting fdr  -m  /home/lengliang/lzy/sj_3d/results/4_hicexplorer/3_hicCorrectMatrix/40000/scep_40000_corrected.h5  --thresholdComparisons 0.05  --outPrefix /home/lengliang/lzy/sj_3d/results/4_hicexplorer/5_hicFindTADs/40000/scep_40000_P_0.05_MinD_5_MaxD_10_Delta_0.005_Step_3000  --numberOfProcessors 24 
 --minDepth $((5*40000))  --maxDepth $((10*40000))  --step 3000  --delta 0.005 
        (one of the commands exited with non-zero exit code; note that snakemake uses bash strict mode!)
    cluster_jobid: 10256.mu01

Error executing rule hicFindTADs_try_with_step on cluster (jobid: 565, external: 10256.mu01, jobscript: /home/lengliang/lzy/sj_3d/script/4_hicexplorer/.snakemake/tmp.vpyu048g/snakejob.hicFindTADs_try_with_step.565.sh). For error details see the cluster log and the log files of the involved rule(s).
Shutting down, this might take some time.
Terminating processes on user request, this might take some time.
1 out of 1 calls to --cluster-cancel failed.  This is safe to ignore in most cases.
Complete log: .snakemake/log/2023-01-19T215957.750132.snakemake.log
