Building DAG of jobs...
Using shell: /usr/bin/bash
Provided cluster nodes: 20
Job stats:
job            count    min threads    max threads
-----------  -------  -------------  -------------
all                1              1              1
hicFindTADs       27             24             24
total             28              1             24

Select jobs to execute...

[Tue Jan 17 11:25:02 2023]
rule hicFindTADs:
    input: /home/lengliang/lzy/sj_3d/results/4_hicexplorer/3_hicCorrectMatrix/100000/sjap_100000_corrected.h5
    output: /home/lengliang/lzy/sj_3d/results/4_hicexplorer/5_hicFindTADs/100000/sjap_100000_corrected.bed
    jobid: 1
    reason: Missing output files: /home/lengliang/lzy/sj_3d/results/4_hicexplorer/5_hicFindTADs/100000/sjap_100000_corrected.bed
    wildcards: resolution=100000, sample=sjap
    threads: 24
    resources: mem_mb=1000, disk_mb=4191800, tmpdir=/home/lengliang/lzy/tmp/3d/


~/lzy/mambaforge/bin/hicFindTADs --correctForMultipleTesting fdr -m  /home/lengliang/lzy/sj_3d/results/4_hicexplorer/3_hicCorrectMatrix/100000/sjap_100000_corrected.h5  --outPrefix /home/lengliang/lzy/sj_3d/results/4_hicexplorer/5_hicFindTADs/100000/sjap_100000_corrected --numberOfProcessors 24 

Submitted job 1 with external jobid '10034.mu01'.

[Tue Jan 17 11:25:05 2023]
rule hicFindTADs:
    input: /home/lengliang/lzy/sj_3d/results/4_hicexplorer/3_hicCorrectMatrix/250000/sjap_250000_corrected.h5
    output: /home/lengliang/lzy/sj_3d/results/4_hicexplorer/5_hicFindTADs/250000/sjap_250000_corrected.bed
    jobid: 8
    reason: Missing output files: /home/lengliang/lzy/sj_3d/results/4_hicexplorer/5_hicFindTADs/250000/sjap_250000_corrected.bed
    wildcards: resolution=250000, sample=sjap
    threads: 24
    resources: mem_mb=1000, disk_mb=4191800, tmpdir=/home/lengliang/lzy/tmp/3d/


~/lzy/mambaforge/bin/hicFindTADs --correctForMultipleTesting fdr -m  /home/lengliang/lzy/sj_3d/results/4_hicexplorer/3_hicCorrectMatrix/250000/sjap_250000_corrected.h5  --outPrefix /home/lengliang/lzy/sj_3d/results/4_hicexplorer/5_hicFindTADs/250000/sjap_250000_corrected --numberOfProcessors 24 

Submitted job 8 with external jobid '10035.mu01'.

[Tue Jan 17 11:25:05 2023]
rule hicFindTADs:
    input: /home/lengliang/lzy/sj_3d/results/4_hicexplorer/3_hicCorrectMatrix/50000/sjap_50000_corrected.h5
    output: /home/lengliang/lzy/sj_3d/results/4_hicexplorer/5_hicFindTADs/50000/sjap_50000_corrected.bed
    jobid: 9
    reason: Missing output files: /home/lengliang/lzy/sj_3d/results/4_hicexplorer/5_hicFindTADs/50000/sjap_50000_corrected.bed
    wildcards: resolution=50000, sample=sjap
    threads: 24
    resources: mem_mb=1000, disk_mb=4191800, tmpdir=/home/lengliang/lzy/tmp/3d/


~/lzy/mambaforge/bin/hicFindTADs --correctForMultipleTesting fdr -m  /home/lengliang/lzy/sj_3d/results/4_hicexplorer/3_hicCorrectMatrix/50000/sjap_50000_corrected.h5  --outPrefix /home/lengliang/lzy/sj_3d/results/4_hicexplorer/5_hicFindTADs/50000/sjap_50000_corrected --numberOfProcessors 24 

Submitted job 9 with external jobid '10036.mu01'.

[Tue Jan 17 11:25:05 2023]
rule hicFindTADs:
    input: /home/lengliang/lzy/sj_3d/results/4_hicexplorer/3_hicCorrectMatrix/500000/syun_500000_corrected.h5
    output: /home/lengliang/lzy/sj_3d/results/4_hicexplorer/5_hicFindTADs/500000/syun_500000_corrected.bed
    jobid: 23
    reason: Missing output files: /home/lengliang/lzy/sj_3d/results/4_hicexplorer/5_hicFindTADs/500000/syun_500000_corrected.bed
    wildcards: resolution=500000, sample=syun
    threads: 24
    resources: mem_mb=1000, disk_mb=4191800, tmpdir=/home/lengliang/lzy/tmp/3d/


~/lzy/mambaforge/bin/hicFindTADs --correctForMultipleTesting fdr -m  /home/lengliang/lzy/sj_3d/results/4_hicexplorer/3_hicCorrectMatrix/500000/syun_500000_corrected.h5  --outPrefix /home/lengliang/lzy/sj_3d/results/4_hicexplorer/5_hicFindTADs/500000/syun_500000_corrected --numberOfProcessors 24 

Submitted job 23 with external jobid '10037.mu01'.

[Tue Jan 17 11:25:05 2023]
rule hicFindTADs:
    input: /home/lengliang/lzy/sj_3d/results/4_hicexplorer/3_hicCorrectMatrix/5000/scep_5000_corrected.h5
    output: /home/lengliang/lzy/sj_3d/results/4_hicexplorer/5_hicFindTADs/5000/scep_5000_corrected.bed
    jobid: 16
    reason: Missing output files: /home/lengliang/lzy/sj_3d/results/4_hicexplorer/5_hicFindTADs/5000/scep_5000_corrected.bed
    wildcards: resolution=5000, sample=scep
    threads: 24
    resources: mem_mb=1106, disk_mb=4191800, tmpdir=/home/lengliang/lzy/tmp/3d/


~/lzy/mambaforge/bin/hicFindTADs --correctForMultipleTesting fdr -m  /home/lengliang/lzy/sj_3d/results/4_hicexplorer/3_hicCorrectMatrix/5000/scep_5000_corrected.h5  --outPrefix /home/lengliang/lzy/sj_3d/results/4_hicexplorer/5_hicFindTADs/5000/scep_5000_corrected --numberOfProcessors 24 

Submitted job 16 with external jobid '10038.mu01'.

[Tue Jan 17 11:25:05 2023]
rule hicFindTADs:
    input: /home/lengliang/lzy/sj_3d/results/4_hicexplorer/3_hicCorrectMatrix/40000/sjap_40000_corrected.h5
    output: /home/lengliang/lzy/sj_3d/results/4_hicexplorer/5_hicFindTADs/40000/sjap_40000_corrected.bed
    jobid: 2
    reason: Missing output files: /home/lengliang/lzy/sj_3d/results/4_hicexplorer/5_hicFindTADs/40000/sjap_40000_corrected.bed
    wildcards: resolution=40000, sample=sjap
    threads: 24
    resources: mem_mb=1000, disk_mb=4191800, tmpdir=/home/lengliang/lzy/tmp/3d/


~/lzy/mambaforge/bin/hicFindTADs --correctForMultipleTesting fdr -m  /home/lengliang/lzy/sj_3d/results/4_hicexplorer/3_hicCorrectMatrix/40000/sjap_40000_corrected.h5  --outPrefix /home/lengliang/lzy/sj_3d/results/4_hicexplorer/5_hicFindTADs/40000/sjap_40000_corrected --numberOfProcessors 24 

Submitted job 2 with external jobid '10039.mu01'.

[Tue Jan 17 11:25:05 2023]
rule hicFindTADs:
    input: /home/lengliang/lzy/sj_3d/results/4_hicexplorer/3_hicCorrectMatrix/300000/syun_300000_corrected.h5
    output: /home/lengliang/lzy/sj_3d/results/4_hicexplorer/5_hicFindTADs/300000/syun_300000_corrected.bed
    jobid: 24
    reason: Missing output files: /home/lengliang/lzy/sj_3d/results/4_hicexplorer/5_hicFindTADs/300000/syun_300000_corrected.bed
    wildcards: resolution=300000, sample=syun
    threads: 24
    resources: mem_mb=1000, disk_mb=4191800, tmpdir=/home/lengliang/lzy/tmp/3d/


~/lzy/mambaforge/bin/hicFindTADs --correctForMultipleTesting fdr -m  /home/lengliang/lzy/sj_3d/results/4_hicexplorer/3_hicCorrectMatrix/300000/syun_300000_corrected.h5  --outPrefix /home/lengliang/lzy/sj_3d/results/4_hicexplorer/5_hicFindTADs/300000/syun_300000_corrected --numberOfProcessors 24 

Submitted job 24 with external jobid '10040.mu01'.

[Tue Jan 17 11:25:06 2023]
rule hicFindTADs:
    input: /home/lengliang/lzy/sj_3d/results/4_hicexplorer/3_hicCorrectMatrix/100000/scep_100000_corrected.h5
    output: /home/lengliang/lzy/sj_3d/results/4_hicexplorer/5_hicFindTADs/100000/scep_100000_corrected.bed
    jobid: 10
    reason: Missing output files: /home/lengliang/lzy/sj_3d/results/4_hicexplorer/5_hicFindTADs/100000/scep_100000_corrected.bed
    wildcards: resolution=100000, sample=scep
    threads: 24
    resources: mem_mb=1000, disk_mb=4191800, tmpdir=/home/lengliang/lzy/tmp/3d/


~/lzy/mambaforge/bin/hicFindTADs --correctForMultipleTesting fdr -m  /home/lengliang/lzy/sj_3d/results/4_hicexplorer/3_hicCorrectMatrix/100000/scep_100000_corrected.h5  --outPrefix /home/lengliang/lzy/sj_3d/results/4_hicexplorer/5_hicFindTADs/100000/scep_100000_corrected --numberOfProcessors 24 

Submitted job 10 with external jobid '10041.mu01'.

[Tue Jan 17 11:25:06 2023]
rule hicFindTADs:
    input: /home/lengliang/lzy/sj_3d/results/4_hicexplorer/3_hicCorrectMatrix/10000/sjap_10000_corrected.h5
    output: /home/lengliang/lzy/sj_3d/results/4_hicexplorer/5_hicFindTADs/10000/sjap_10000_corrected.bed
    jobid: 3
    reason: Missing output files: /home/lengliang/lzy/sj_3d/results/4_hicexplorer/5_hicFindTADs/10000/sjap_10000_corrected.bed
    wildcards: resolution=10000, sample=sjap
    threads: 24
    resources: mem_mb=1000, disk_mb=4191800, tmpdir=/home/lengliang/lzy/tmp/3d/


~/lzy/mambaforge/bin/hicFindTADs --correctForMultipleTesting fdr -m  /home/lengliang/lzy/sj_3d/results/4_hicexplorer/3_hicCorrectMatrix/10000/sjap_10000_corrected.h5  --outPrefix /home/lengliang/lzy/sj_3d/results/4_hicexplorer/5_hicFindTADs/10000/sjap_10000_corrected --numberOfProcessors 24 

Submitted job 3 with external jobid '10042.mu01'.

[Tue Jan 17 11:25:06 2023]
rule hicFindTADs:
    input: /home/lengliang/lzy/sj_3d/results/4_hicexplorer/3_hicCorrectMatrix/250000/scep_250000_corrected.h5
    output: /home/lengliang/lzy/sj_3d/results/4_hicexplorer/5_hicFindTADs/250000/scep_250000_corrected.bed
    jobid: 17
    reason: Missing output files: /home/lengliang/lzy/sj_3d/results/4_hicexplorer/5_hicFindTADs/250000/scep_250000_corrected.bed
    wildcards: resolution=250000, sample=scep
    threads: 24
    resources: mem_mb=1000, disk_mb=4191800, tmpdir=/home/lengliang/lzy/tmp/3d/


~/lzy/mambaforge/bin/hicFindTADs --correctForMultipleTesting fdr -m  /home/lengliang/lzy/sj_3d/results/4_hicexplorer/3_hicCorrectMatrix/250000/scep_250000_corrected.h5  --outPrefix /home/lengliang/lzy/sj_3d/results/4_hicexplorer/5_hicFindTADs/250000/scep_250000_corrected --numberOfProcessors 24 

Submitted job 17 with external jobid '10043.mu01'.

[Tue Jan 17 11:25:06 2023]
rule hicFindTADs:
    input: /home/lengliang/lzy/sj_3d/results/4_hicexplorer/3_hicCorrectMatrix/500000/sjap_500000_corrected.h5
    output: /home/lengliang/lzy/sj_3d/results/4_hicexplorer/5_hicFindTADs/500000/sjap_500000_corrected.bed
    jobid: 5
    reason: Missing output files: /home/lengliang/lzy/sj_3d/results/4_hicexplorer/5_hicFindTADs/500000/sjap_500000_corrected.bed
    wildcards: resolution=500000, sample=sjap
    threads: 24
    resources: mem_mb=1000, disk_mb=4191800, tmpdir=/home/lengliang/lzy/tmp/3d/


~/lzy/mambaforge/bin/hicFindTADs --correctForMultipleTesting fdr -m  /home/lengliang/lzy/sj_3d/results/4_hicexplorer/3_hicCorrectMatrix/500000/sjap_500000_corrected.h5  --outPrefix /home/lengliang/lzy/sj_3d/results/4_hicexplorer/5_hicFindTADs/500000/sjap_500000_corrected --numberOfProcessors 24 

Submitted job 5 with external jobid '10044.mu01'.

[Tue Jan 17 11:25:06 2023]
rule hicFindTADs:
    input: /home/lengliang/lzy/sj_3d/results/4_hicexplorer/3_hicCorrectMatrix/100000/syun_100000_corrected.h5
    output: /home/lengliang/lzy/sj_3d/results/4_hicexplorer/5_hicFindTADs/100000/syun_100000_corrected.bed
    jobid: 19
    reason: Missing output files: /home/lengliang/lzy/sj_3d/results/4_hicexplorer/5_hicFindTADs/100000/syun_100000_corrected.bed
    wildcards: resolution=100000, sample=syun
    threads: 24
    resources: mem_mb=1000, disk_mb=4191800, tmpdir=/home/lengliang/lzy/tmp/3d/


~/lzy/mambaforge/bin/hicFindTADs --correctForMultipleTesting fdr -m  /home/lengliang/lzy/sj_3d/results/4_hicexplorer/3_hicCorrectMatrix/100000/syun_100000_corrected.h5  --outPrefix /home/lengliang/lzy/sj_3d/results/4_hicexplorer/5_hicFindTADs/100000/syun_100000_corrected --numberOfProcessors 24 

Submitted job 19 with external jobid '10045.mu01'.

[Tue Jan 17 11:25:06 2023]
rule hicFindTADs:
    input: /home/lengliang/lzy/sj_3d/results/4_hicexplorer/3_hicCorrectMatrix/25000/scep_25000_corrected.h5
    output: /home/lengliang/lzy/sj_3d/results/4_hicexplorer/5_hicFindTADs/25000/scep_25000_corrected.bed
    jobid: 13
    reason: Missing output files: /home/lengliang/lzy/sj_3d/results/4_hicexplorer/5_hicFindTADs/25000/scep_25000_corrected.bed
    wildcards: resolution=25000, sample=scep
    threads: 24
    resources: mem_mb=1000, disk_mb=4191800, tmpdir=/home/lengliang/lzy/tmp/3d/


~/lzy/mambaforge/bin/hicFindTADs --correctForMultipleTesting fdr -m  /home/lengliang/lzy/sj_3d/results/4_hicexplorer/3_hicCorrectMatrix/25000/scep_25000_corrected.h5  --outPrefix /home/lengliang/lzy/sj_3d/results/4_hicexplorer/5_hicFindTADs/25000/scep_25000_corrected --numberOfProcessors 24 

Submitted job 13 with external jobid '10046.mu01'.

[Tue Jan 17 11:25:06 2023]
rule hicFindTADs:
    input: /home/lengliang/lzy/sj_3d/results/4_hicexplorer/3_hicCorrectMatrix/50000/syun_50000_corrected.h5
    output: /home/lengliang/lzy/sj_3d/results/4_hicexplorer/5_hicFindTADs/50000/syun_50000_corrected.bed
    jobid: 27
    reason: Missing output files: /home/lengliang/lzy/sj_3d/results/4_hicexplorer/5_hicFindTADs/50000/syun_50000_corrected.bed
    wildcards: resolution=50000, sample=syun
    threads: 24
    resources: mem_mb=1000, disk_mb=4191800, tmpdir=/home/lengliang/lzy/tmp/3d/


~/lzy/mambaforge/bin/hicFindTADs --correctForMultipleTesting fdr -m  /home/lengliang/lzy/sj_3d/results/4_hicexplorer/3_hicCorrectMatrix/50000/syun_50000_corrected.h5  --outPrefix /home/lengliang/lzy/sj_3d/results/4_hicexplorer/5_hicFindTADs/50000/syun_50000_corrected --numberOfProcessors 24 

Submitted job 27 with external jobid '10047.mu01'.

[Tue Jan 17 11:25:07 2023]
rule hicFindTADs:
    input: /home/lengliang/lzy/sj_3d/results/4_hicexplorer/3_hicCorrectMatrix/40000/syun_40000_corrected.h5
    output: /home/lengliang/lzy/sj_3d/results/4_hicexplorer/5_hicFindTADs/40000/syun_40000_corrected.bed
    jobid: 20
    reason: Missing output files: /home/lengliang/lzy/sj_3d/results/4_hicexplorer/5_hicFindTADs/40000/syun_40000_corrected.bed
    wildcards: resolution=40000, sample=syun
    threads: 24
    resources: mem_mb=1000, disk_mb=4191800, tmpdir=/home/lengliang/lzy/tmp/3d/


~/lzy/mambaforge/bin/hicFindTADs --correctForMultipleTesting fdr -m  /home/lengliang/lzy/sj_3d/results/4_hicexplorer/3_hicCorrectMatrix/40000/syun_40000_corrected.h5  --outPrefix /home/lengliang/lzy/sj_3d/results/4_hicexplorer/5_hicFindTADs/40000/syun_40000_corrected --numberOfProcessors 24 

Submitted job 20 with external jobid '10048.mu01'.

[Tue Jan 17 11:25:07 2023]
rule hicFindTADs:
    input: /home/lengliang/lzy/sj_3d/results/4_hicexplorer/3_hicCorrectMatrix/300000/sjap_300000_corrected.h5
    output: /home/lengliang/lzy/sj_3d/results/4_hicexplorer/5_hicFindTADs/300000/sjap_300000_corrected.bed
    jobid: 6
    reason: Missing output files: /home/lengliang/lzy/sj_3d/results/4_hicexplorer/5_hicFindTADs/300000/sjap_300000_corrected.bed
    wildcards: resolution=300000, sample=sjap
    threads: 24
    resources: mem_mb=1000, disk_mb=4191800, tmpdir=/home/lengliang/lzy/tmp/3d/


~/lzy/mambaforge/bin/hicFindTADs --correctForMultipleTesting fdr -m  /home/lengliang/lzy/sj_3d/results/4_hicexplorer/3_hicCorrectMatrix/300000/sjap_300000_corrected.h5  --outPrefix /home/lengliang/lzy/sj_3d/results/4_hicexplorer/5_hicFindTADs/300000/sjap_300000_corrected --numberOfProcessors 24 

Submitted job 6 with external jobid '10049.mu01'.

[Tue Jan 17 11:25:07 2023]
rule hicFindTADs:
    input: /home/lengliang/lzy/sj_3d/results/4_hicexplorer/3_hicCorrectMatrix/500000/scep_500000_corrected.h5
    output: /home/lengliang/lzy/sj_3d/results/4_hicexplorer/5_hicFindTADs/500000/scep_500000_corrected.bed
    jobid: 14
    reason: Missing output files: /home/lengliang/lzy/sj_3d/results/4_hicexplorer/5_hicFindTADs/500000/scep_500000_corrected.bed
    wildcards: resolution=500000, sample=scep
    threads: 24
    resources: mem_mb=1000, disk_mb=4191800, tmpdir=/home/lengliang/lzy/tmp/3d/


~/lzy/mambaforge/bin/hicFindTADs --correctForMultipleTesting fdr -m  /home/lengliang/lzy/sj_3d/results/4_hicexplorer/3_hicCorrectMatrix/500000/scep_500000_corrected.h5  --outPrefix /home/lengliang/lzy/sj_3d/results/4_hicexplorer/5_hicFindTADs/500000/scep_500000_corrected --numberOfProcessors 24 

Submitted job 14 with external jobid '10050.mu01'.

[Tue Jan 17 11:25:07 2023]
rule hicFindTADs:
    input: /home/lengliang/lzy/sj_3d/results/4_hicexplorer/3_hicCorrectMatrix/5000/sjap_5000_corrected.h5
    output: /home/lengliang/lzy/sj_3d/results/4_hicexplorer/5_hicFindTADs/5000/sjap_5000_corrected.bed
    jobid: 7
    reason: Missing output files: /home/lengliang/lzy/sj_3d/results/4_hicexplorer/5_hicFindTADs/5000/sjap_5000_corrected.bed
    wildcards: resolution=5000, sample=sjap
    threads: 24
    resources: mem_mb=1103, disk_mb=4191800, tmpdir=/home/lengliang/lzy/tmp/3d/


~/lzy/mambaforge/bin/hicFindTADs --correctForMultipleTesting fdr -m  /home/lengliang/lzy/sj_3d/results/4_hicexplorer/3_hicCorrectMatrix/5000/sjap_5000_corrected.h5  --outPrefix /home/lengliang/lzy/sj_3d/results/4_hicexplorer/5_hicFindTADs/5000/sjap_5000_corrected --numberOfProcessors 24 

Submitted job 7 with external jobid '10051.mu01'.

[Tue Jan 17 11:25:07 2023]
rule hicFindTADs:
    input: /home/lengliang/lzy/sj_3d/results/4_hicexplorer/3_hicCorrectMatrix/10000/syun_10000_corrected.h5
    output: /home/lengliang/lzy/sj_3d/results/4_hicexplorer/5_hicFindTADs/10000/syun_10000_corrected.bed
    jobid: 21
    reason: Missing output files: /home/lengliang/lzy/sj_3d/results/4_hicexplorer/5_hicFindTADs/10000/syun_10000_corrected.bed
    wildcards: resolution=10000, sample=syun
    threads: 24
    resources: mem_mb=1000, disk_mb=4191800, tmpdir=/home/lengliang/lzy/tmp/3d/


~/lzy/mambaforge/bin/hicFindTADs --correctForMultipleTesting fdr -m  /home/lengliang/lzy/sj_3d/results/4_hicexplorer/3_hicCorrectMatrix/10000/syun_10000_corrected.h5  --outPrefix /home/lengliang/lzy/sj_3d/results/4_hicexplorer/5_hicFindTADs/10000/syun_10000_corrected --numberOfProcessors 24 

Submitted job 21 with external jobid '10052.mu01'.

[Tue Jan 17 11:25:07 2023]
rule hicFindTADs:
    input: /home/lengliang/lzy/sj_3d/results/4_hicexplorer/3_hicCorrectMatrix/25000/syun_25000_corrected.h5
    output: /home/lengliang/lzy/sj_3d/results/4_hicexplorer/5_hicFindTADs/25000/syun_25000_corrected.bed
    jobid: 22
    reason: Missing output files: /home/lengliang/lzy/sj_3d/results/4_hicexplorer/5_hicFindTADs/25000/syun_25000_corrected.bed
    wildcards: resolution=25000, sample=syun
    threads: 24
    resources: mem_mb=1000, disk_mb=4191800, tmpdir=/home/lengliang/lzy/tmp/3d/


~/lzy/mambaforge/bin/hicFindTADs --correctForMultipleTesting fdr -m  /home/lengliang/lzy/sj_3d/results/4_hicexplorer/3_hicCorrectMatrix/25000/syun_25000_corrected.h5  --outPrefix /home/lengliang/lzy/sj_3d/results/4_hicexplorer/5_hicFindTADs/25000/syun_25000_corrected --numberOfProcessors 24 

Submitted job 22 with external jobid '10053.mu01'.
[Tue Jan 17 11:25:36 2023]
Error in rule hicFindTADs:
    jobid: 1
    output: /home/lengliang/lzy/sj_3d/results/4_hicexplorer/5_hicFindTADs/100000/sjap_100000_corrected.bed
    shell:
        
~/lzy/mambaforge/bin/hicFindTADs --correctForMultipleTesting fdr -m  /home/lengliang/lzy/sj_3d/results/4_hicexplorer/3_hicCorrectMatrix/100000/sjap_100000_corrected.h5  --outPrefix /home/lengliang/lzy/sj_3d/results/4_hicexplorer/5_hicFindTADs/100000/sjap_100000_corrected --numberOfProcessors 24 

        (one of the commands exited with non-zero exit code; note that snakemake uses bash strict mode!)
    cluster_jobid: 10034.mu01

Error executing rule hicFindTADs on cluster (jobid: 1, external: 10034.mu01, jobscript: /home/lengliang/lzy/sj_3d/script/4_hicexplorer/.snakemake/tmp.7k0fue1f/snakejob.hicFindTADs.1.sh). For error details see the cluster log and the log files of the involved rule(s).
[Tue Jan 17 11:25:36 2023]
Error in rule hicFindTADs:
    jobid: 8
    output: /home/lengliang/lzy/sj_3d/results/4_hicexplorer/5_hicFindTADs/250000/sjap_250000_corrected.bed
    shell:
        
~/lzy/mambaforge/bin/hicFindTADs --correctForMultipleTesting fdr -m  /home/lengliang/lzy/sj_3d/results/4_hicexplorer/3_hicCorrectMatrix/250000/sjap_250000_corrected.h5  --outPrefix /home/lengliang/lzy/sj_3d/results/4_hicexplorer/5_hicFindTADs/250000/sjap_250000_corrected --numberOfProcessors 24 

        (one of the commands exited with non-zero exit code; note that snakemake uses bash strict mode!)
    cluster_jobid: 10035.mu01

Error executing rule hicFindTADs on cluster (jobid: 8, external: 10035.mu01, jobscript: /home/lengliang/lzy/sj_3d/script/4_hicexplorer/.snakemake/tmp.7k0fue1f/snakejob.hicFindTADs.8.sh). For error details see the cluster log and the log files of the involved rule(s).
[Tue Jan 17 11:25:36 2023]
Error in rule hicFindTADs:
    jobid: 9
    output: /home/lengliang/lzy/sj_3d/results/4_hicexplorer/5_hicFindTADs/50000/sjap_50000_corrected.bed
    shell:
        
~/lzy/mambaforge/bin/hicFindTADs --correctForMultipleTesting fdr -m  /home/lengliang/lzy/sj_3d/results/4_hicexplorer/3_hicCorrectMatrix/50000/sjap_50000_corrected.h5  --outPrefix /home/lengliang/lzy/sj_3d/results/4_hicexplorer/5_hicFindTADs/50000/sjap_50000_corrected --numberOfProcessors 24 

        (one of the commands exited with non-zero exit code; note that snakemake uses bash strict mode!)
    cluster_jobid: 10036.mu01

Error executing rule hicFindTADs on cluster (jobid: 9, external: 10036.mu01, jobscript: /home/lengliang/lzy/sj_3d/script/4_hicexplorer/.snakemake/tmp.7k0fue1f/snakejob.hicFindTADs.9.sh). For error details see the cluster log and the log files of the involved rule(s).
[Tue Jan 17 11:25:36 2023]
Error in rule hicFindTADs:
    jobid: 23
    output: /home/lengliang/lzy/sj_3d/results/4_hicexplorer/5_hicFindTADs/500000/syun_500000_corrected.bed
    shell:
        
~/lzy/mambaforge/bin/hicFindTADs --correctForMultipleTesting fdr -m  /home/lengliang/lzy/sj_3d/results/4_hicexplorer/3_hicCorrectMatrix/500000/syun_500000_corrected.h5  --outPrefix /home/lengliang/lzy/sj_3d/results/4_hicexplorer/5_hicFindTADs/500000/syun_500000_corrected --numberOfProcessors 24 

        (one of the commands exited with non-zero exit code; note that snakemake uses bash strict mode!)
    cluster_jobid: 10037.mu01

Error executing rule hicFindTADs on cluster (jobid: 23, external: 10037.mu01, jobscript: /home/lengliang/lzy/sj_3d/script/4_hicexplorer/.snakemake/tmp.7k0fue1f/snakejob.hicFindTADs.23.sh). For error details see the cluster log and the log files of the involved rule(s).
[Tue Jan 17 11:25:36 2023]
Error in rule hicFindTADs:
    jobid: 2
    output: /home/lengliang/lzy/sj_3d/results/4_hicexplorer/5_hicFindTADs/40000/sjap_40000_corrected.bed
    shell:
        
~/lzy/mambaforge/bin/hicFindTADs --correctForMultipleTesting fdr -m  /home/lengliang/lzy/sj_3d/results/4_hicexplorer/3_hicCorrectMatrix/40000/sjap_40000_corrected.h5  --outPrefix /home/lengliang/lzy/sj_3d/results/4_hicexplorer/5_hicFindTADs/40000/sjap_40000_corrected --numberOfProcessors 24 

        (one of the commands exited with non-zero exit code; note that snakemake uses bash strict mode!)
    cluster_jobid: 10039.mu01

Error executing rule hicFindTADs on cluster (jobid: 2, external: 10039.mu01, jobscript: /home/lengliang/lzy/sj_3d/script/4_hicexplorer/.snakemake/tmp.7k0fue1f/snakejob.hicFindTADs.2.sh). For error details see the cluster log and the log files of the involved rule(s).
[Tue Jan 17 11:25:36 2023]
Error in rule hicFindTADs:
    jobid: 24
    output: /home/lengliang/lzy/sj_3d/results/4_hicexplorer/5_hicFindTADs/300000/syun_300000_corrected.bed
    shell:
        
~/lzy/mambaforge/bin/hicFindTADs --correctForMultipleTesting fdr -m  /home/lengliang/lzy/sj_3d/results/4_hicexplorer/3_hicCorrectMatrix/300000/syun_300000_corrected.h5  --outPrefix /home/lengliang/lzy/sj_3d/results/4_hicexplorer/5_hicFindTADs/300000/syun_300000_corrected --numberOfProcessors 24 

        (one of the commands exited with non-zero exit code; note that snakemake uses bash strict mode!)
    cluster_jobid: 10040.mu01

Error executing rule hicFindTADs on cluster (jobid: 24, external: 10040.mu01, jobscript: /home/lengliang/lzy/sj_3d/script/4_hicexplorer/.snakemake/tmp.7k0fue1f/snakejob.hicFindTADs.24.sh). For error details see the cluster log and the log files of the involved rule(s).
[Tue Jan 17 11:25:36 2023]
Error in rule hicFindTADs:
    jobid: 10
    output: /home/lengliang/lzy/sj_3d/results/4_hicexplorer/5_hicFindTADs/100000/scep_100000_corrected.bed
    shell:
        
~/lzy/mambaforge/bin/hicFindTADs --correctForMultipleTesting fdr -m  /home/lengliang/lzy/sj_3d/results/4_hicexplorer/3_hicCorrectMatrix/100000/scep_100000_corrected.h5  --outPrefix /home/lengliang/lzy/sj_3d/results/4_hicexplorer/5_hicFindTADs/100000/scep_100000_corrected --numberOfProcessors 24 

        (one of the commands exited with non-zero exit code; note that snakemake uses bash strict mode!)
    cluster_jobid: 10041.mu01

Error executing rule hicFindTADs on cluster (jobid: 10, external: 10041.mu01, jobscript: /home/lengliang/lzy/sj_3d/script/4_hicexplorer/.snakemake/tmp.7k0fue1f/snakejob.hicFindTADs.10.sh). For error details see the cluster log and the log files of the involved rule(s).
[Tue Jan 17 11:25:36 2023]
Error in rule hicFindTADs:
    jobid: 17
    output: /home/lengliang/lzy/sj_3d/results/4_hicexplorer/5_hicFindTADs/250000/scep_250000_corrected.bed
    shell:
        
~/lzy/mambaforge/bin/hicFindTADs --correctForMultipleTesting fdr -m  /home/lengliang/lzy/sj_3d/results/4_hicexplorer/3_hicCorrectMatrix/250000/scep_250000_corrected.h5  --outPrefix /home/lengliang/lzy/sj_3d/results/4_hicexplorer/5_hicFindTADs/250000/scep_250000_corrected --numberOfProcessors 24 

        (one of the commands exited with non-zero exit code; note that snakemake uses bash strict mode!)
    cluster_jobid: 10043.mu01

Error executing rule hicFindTADs on cluster (jobid: 17, external: 10043.mu01, jobscript: /home/lengliang/lzy/sj_3d/script/4_hicexplorer/.snakemake/tmp.7k0fue1f/snakejob.hicFindTADs.17.sh). For error details see the cluster log and the log files of the involved rule(s).
[Tue Jan 17 11:25:37 2023]
Error in rule hicFindTADs:
    jobid: 5
    output: /home/lengliang/lzy/sj_3d/results/4_hicexplorer/5_hicFindTADs/500000/sjap_500000_corrected.bed
    shell:
        
~/lzy/mambaforge/bin/hicFindTADs --correctForMultipleTesting fdr -m  /home/lengliang/lzy/sj_3d/results/4_hicexplorer/3_hicCorrectMatrix/500000/sjap_500000_corrected.h5  --outPrefix /home/lengliang/lzy/sj_3d/results/4_hicexplorer/5_hicFindTADs/500000/sjap_500000_corrected --numberOfProcessors 24 

        (one of the commands exited with non-zero exit code; note that snakemake uses bash strict mode!)
    cluster_jobid: 10044.mu01

Error executing rule hicFindTADs on cluster (jobid: 5, external: 10044.mu01, jobscript: /home/lengliang/lzy/sj_3d/script/4_hicexplorer/.snakemake/tmp.7k0fue1f/snakejob.hicFindTADs.5.sh). For error details see the cluster log and the log files of the involved rule(s).
[Tue Jan 17 11:25:37 2023]
Error in rule hicFindTADs:
    jobid: 19
    output: /home/lengliang/lzy/sj_3d/results/4_hicexplorer/5_hicFindTADs/100000/syun_100000_corrected.bed
    shell:
        
~/lzy/mambaforge/bin/hicFindTADs --correctForMultipleTesting fdr -m  /home/lengliang/lzy/sj_3d/results/4_hicexplorer/3_hicCorrectMatrix/100000/syun_100000_corrected.h5  --outPrefix /home/lengliang/lzy/sj_3d/results/4_hicexplorer/5_hicFindTADs/100000/syun_100000_corrected --numberOfProcessors 24 

        (one of the commands exited with non-zero exit code; note that snakemake uses bash strict mode!)
    cluster_jobid: 10045.mu01

Error executing rule hicFindTADs on cluster (jobid: 19, external: 10045.mu01, jobscript: /home/lengliang/lzy/sj_3d/script/4_hicexplorer/.snakemake/tmp.7k0fue1f/snakejob.hicFindTADs.19.sh). For error details see the cluster log and the log files of the involved rule(s).
[Tue Jan 17 11:25:37 2023]
Error in rule hicFindTADs:
    jobid: 27
    output: /home/lengliang/lzy/sj_3d/results/4_hicexplorer/5_hicFindTADs/50000/syun_50000_corrected.bed
    shell:
        
~/lzy/mambaforge/bin/hicFindTADs --correctForMultipleTesting fdr -m  /home/lengliang/lzy/sj_3d/results/4_hicexplorer/3_hicCorrectMatrix/50000/syun_50000_corrected.h5  --outPrefix /home/lengliang/lzy/sj_3d/results/4_hicexplorer/5_hicFindTADs/50000/syun_50000_corrected --numberOfProcessors 24 

        (one of the commands exited with non-zero exit code; note that snakemake uses bash strict mode!)
    cluster_jobid: 10047.mu01

Error executing rule hicFindTADs on cluster (jobid: 27, external: 10047.mu01, jobscript: /home/lengliang/lzy/sj_3d/script/4_hicexplorer/.snakemake/tmp.7k0fue1f/snakejob.hicFindTADs.27.sh). For error details see the cluster log and the log files of the involved rule(s).
[Tue Jan 17 11:25:37 2023]
Error in rule hicFindTADs:
    jobid: 20
    output: /home/lengliang/lzy/sj_3d/results/4_hicexplorer/5_hicFindTADs/40000/syun_40000_corrected.bed
    shell:
        
~/lzy/mambaforge/bin/hicFindTADs --correctForMultipleTesting fdr -m  /home/lengliang/lzy/sj_3d/results/4_hicexplorer/3_hicCorrectMatrix/40000/syun_40000_corrected.h5  --outPrefix /home/lengliang/lzy/sj_3d/results/4_hicexplorer/5_hicFindTADs/40000/syun_40000_corrected --numberOfProcessors 24 

        (one of the commands exited with non-zero exit code; note that snakemake uses bash strict mode!)
    cluster_jobid: 10048.mu01

Error executing rule hicFindTADs on cluster (jobid: 20, external: 10048.mu01, jobscript: /home/lengliang/lzy/sj_3d/script/4_hicexplorer/.snakemake/tmp.7k0fue1f/snakejob.hicFindTADs.20.sh). For error details see the cluster log and the log files of the involved rule(s).
[Tue Jan 17 11:25:37 2023]
Error in rule hicFindTADs:
    jobid: 6
    output: /home/lengliang/lzy/sj_3d/results/4_hicexplorer/5_hicFindTADs/300000/sjap_300000_corrected.bed
    shell:
        
~/lzy/mambaforge/bin/hicFindTADs --correctForMultipleTesting fdr -m  /home/lengliang/lzy/sj_3d/results/4_hicexplorer/3_hicCorrectMatrix/300000/sjap_300000_corrected.h5  --outPrefix /home/lengliang/lzy/sj_3d/results/4_hicexplorer/5_hicFindTADs/300000/sjap_300000_corrected --numberOfProcessors 24 

        (one of the commands exited with non-zero exit code; note that snakemake uses bash strict mode!)
    cluster_jobid: 10049.mu01

Error executing rule hicFindTADs on cluster (jobid: 6, external: 10049.mu01, jobscript: /home/lengliang/lzy/sj_3d/script/4_hicexplorer/.snakemake/tmp.7k0fue1f/snakejob.hicFindTADs.6.sh). For error details see the cluster log and the log files of the involved rule(s).
[Tue Jan 17 11:25:37 2023]
Error in rule hicFindTADs:
    jobid: 14
    output: /home/lengliang/lzy/sj_3d/results/4_hicexplorer/5_hicFindTADs/500000/scep_500000_corrected.bed
    shell:
        
~/lzy/mambaforge/bin/hicFindTADs --correctForMultipleTesting fdr -m  /home/lengliang/lzy/sj_3d/results/4_hicexplorer/3_hicCorrectMatrix/500000/scep_500000_corrected.h5  --outPrefix /home/lengliang/lzy/sj_3d/results/4_hicexplorer/5_hicFindTADs/500000/scep_500000_corrected --numberOfProcessors 24 

        (one of the commands exited with non-zero exit code; note that snakemake uses bash strict mode!)
    cluster_jobid: 10050.mu01

Error executing rule hicFindTADs on cluster (jobid: 14, external: 10050.mu01, jobscript: /home/lengliang/lzy/sj_3d/script/4_hicexplorer/.snakemake/tmp.7k0fue1f/snakejob.hicFindTADs.14.sh). For error details see the cluster log and the log files of the involved rule(s).
[Tue Jan 17 11:25:48 2023]
Error in rule hicFindTADs:
    jobid: 3
    output: /home/lengliang/lzy/sj_3d/results/4_hicexplorer/5_hicFindTADs/10000/sjap_10000_corrected.bed
    shell:
        
~/lzy/mambaforge/bin/hicFindTADs --correctForMultipleTesting fdr -m  /home/lengliang/lzy/sj_3d/results/4_hicexplorer/3_hicCorrectMatrix/10000/sjap_10000_corrected.h5  --outPrefix /home/lengliang/lzy/sj_3d/results/4_hicexplorer/5_hicFindTADs/10000/sjap_10000_corrected --numberOfProcessors 24 

        (one of the commands exited with non-zero exit code; note that snakemake uses bash strict mode!)
    cluster_jobid: 10042.mu01

Error executing rule hicFindTADs on cluster (jobid: 3, external: 10042.mu01, jobscript: /home/lengliang/lzy/sj_3d/script/4_hicexplorer/.snakemake/tmp.7k0fue1f/snakejob.hicFindTADs.3.sh). For error details see the cluster log and the log files of the involved rule(s).
[Tue Jan 17 11:25:48 2023]
Error in rule hicFindTADs:
    jobid: 13
    output: /home/lengliang/lzy/sj_3d/results/4_hicexplorer/5_hicFindTADs/25000/scep_25000_corrected.bed
    shell:
        
~/lzy/mambaforge/bin/hicFindTADs --correctForMultipleTesting fdr -m  /home/lengliang/lzy/sj_3d/results/4_hicexplorer/3_hicCorrectMatrix/25000/scep_25000_corrected.h5  --outPrefix /home/lengliang/lzy/sj_3d/results/4_hicexplorer/5_hicFindTADs/25000/scep_25000_corrected --numberOfProcessors 24 

        (one of the commands exited with non-zero exit code; note that snakemake uses bash strict mode!)
    cluster_jobid: 10046.mu01

Error executing rule hicFindTADs on cluster (jobid: 13, external: 10046.mu01, jobscript: /home/lengliang/lzy/sj_3d/script/4_hicexplorer/.snakemake/tmp.7k0fue1f/snakejob.hicFindTADs.13.sh). For error details see the cluster log and the log files of the involved rule(s).
[Tue Jan 17 11:25:58 2023]
Error in rule hicFindTADs:
    jobid: 22
    output: /home/lengliang/lzy/sj_3d/results/4_hicexplorer/5_hicFindTADs/25000/syun_25000_corrected.bed
    shell:
        
~/lzy/mambaforge/bin/hicFindTADs --correctForMultipleTesting fdr -m  /home/lengliang/lzy/sj_3d/results/4_hicexplorer/3_hicCorrectMatrix/25000/syun_25000_corrected.h5  --outPrefix /home/lengliang/lzy/sj_3d/results/4_hicexplorer/5_hicFindTADs/25000/syun_25000_corrected --numberOfProcessors 24 

        (one of the commands exited with non-zero exit code; note that snakemake uses bash strict mode!)
    cluster_jobid: 10053.mu01

Error executing rule hicFindTADs on cluster (jobid: 22, external: 10053.mu01, jobscript: /home/lengliang/lzy/sj_3d/script/4_hicexplorer/.snakemake/tmp.7k0fue1f/snakejob.hicFindTADs.22.sh). For error details see the cluster log and the log files of the involved rule(s).
[Tue Jan 17 11:26:08 2023]
Error in rule hicFindTADs:
    jobid: 21
    output: /home/lengliang/lzy/sj_3d/results/4_hicexplorer/5_hicFindTADs/10000/syun_10000_corrected.bed
    shell:
        
~/lzy/mambaforge/bin/hicFindTADs --correctForMultipleTesting fdr -m  /home/lengliang/lzy/sj_3d/results/4_hicexplorer/3_hicCorrectMatrix/10000/syun_10000_corrected.h5  --outPrefix /home/lengliang/lzy/sj_3d/results/4_hicexplorer/5_hicFindTADs/10000/syun_10000_corrected --numberOfProcessors 24 

        (one of the commands exited with non-zero exit code; note that snakemake uses bash strict mode!)
    cluster_jobid: 10052.mu01

Error executing rule hicFindTADs on cluster (jobid: 21, external: 10052.mu01, jobscript: /home/lengliang/lzy/sj_3d/script/4_hicexplorer/.snakemake/tmp.7k0fue1f/snakejob.hicFindTADs.21.sh). For error details see the cluster log and the log files of the involved rule(s).
[Tue Jan 17 11:27:18 2023]
Error in rule hicFindTADs:
    jobid: 7
    output: /home/lengliang/lzy/sj_3d/results/4_hicexplorer/5_hicFindTADs/5000/sjap_5000_corrected.bed
    shell:
        
~/lzy/mambaforge/bin/hicFindTADs --correctForMultipleTesting fdr -m  /home/lengliang/lzy/sj_3d/results/4_hicexplorer/3_hicCorrectMatrix/5000/sjap_5000_corrected.h5  --outPrefix /home/lengliang/lzy/sj_3d/results/4_hicexplorer/5_hicFindTADs/5000/sjap_5000_corrected --numberOfProcessors 24 

        (one of the commands exited with non-zero exit code; note that snakemake uses bash strict mode!)
    cluster_jobid: 10051.mu01

Error executing rule hicFindTADs on cluster (jobid: 7, external: 10051.mu01, jobscript: /home/lengliang/lzy/sj_3d/script/4_hicexplorer/.snakemake/tmp.7k0fue1f/snakejob.hicFindTADs.7.sh). For error details see the cluster log and the log files of the involved rule(s).
[Tue Jan 17 11:27:39 2023]
Error in rule hicFindTADs:
    jobid: 16
    output: /home/lengliang/lzy/sj_3d/results/4_hicexplorer/5_hicFindTADs/5000/scep_5000_corrected.bed
    shell:
        
~/lzy/mambaforge/bin/hicFindTADs --correctForMultipleTesting fdr -m  /home/lengliang/lzy/sj_3d/results/4_hicexplorer/3_hicCorrectMatrix/5000/scep_5000_corrected.h5  --outPrefix /home/lengliang/lzy/sj_3d/results/4_hicexplorer/5_hicFindTADs/5000/scep_5000_corrected --numberOfProcessors 24 

        (one of the commands exited with non-zero exit code; note that snakemake uses bash strict mode!)
    cluster_jobid: 10038.mu01

Error executing rule hicFindTADs on cluster (jobid: 16, external: 10038.mu01, jobscript: /home/lengliang/lzy/sj_3d/script/4_hicexplorer/.snakemake/tmp.7k0fue1f/snakejob.hicFindTADs.16.sh). For error details see the cluster log and the log files of the involved rule(s).
Shutting down, this might take some time.
Exiting because a job execution failed. Look above for error message
Complete log: .snakemake/log/2023-01-17T112502.195149.snakemake.log
