Building DAG of jobs...
Using shell: /usr/bin/bash
Provided cluster nodes: 20
Job stats:
job          count    min threads    max threads
---------  -------  -------------  -------------
all              1              1              1
hicFindAB        1             24             24
total            2              1             24

Select jobs to execute...

[Wed Jan 18 10:39:53 2023]
rule hicFindAB:
    input: /home/lengliang/lzy/sj_3d/results/4_hicexplorer/3_hicCorrectMatrix/5000/syun_5000_corrected.h5
    output: /home/lengliang/lzy/sj_3d/results/4_hicexplorer/6_hicFindAB/5000/syun_5000_pca1.bw, /home/lengliang/lzy/sj_3d/results/4_hicexplorer/6_hicFindAB/5000/syun_5000_pca1.bedgraph, /home/lengliang/lzy/sj_3d/results/4_hicexplorer/6_hicFindAB/5000/syun_5000_pca2.bw, /home/lengliang/lzy/sj_3d/results/4_hicexplorer/6_hicFindAB/5000/syun_5000_pca2.bedgraph, /home/lengliang/lzy/sj_3d/results/4_hicexplorer/6_hicFindAB/5000/syun_5000_pearson.h5, /home/lengliang/lzy/sj_3d/results/4_hicexplorer/6_hicFindAB/5000/syun_5000_obsexp.h5, /home/lengliang/lzy/sj_3d/results/4_hicexplorer/6_hicFindAB/5000/syun_5000_hicCompartmentalization.pdf
    jobid: 25
    reason: Missing output files: /home/lengliang/lzy/sj_3d/results/4_hicexplorer/6_hicFindAB/5000/syun_5000_pearson.h5, /home/lengliang/lzy/sj_3d/results/4_hicexplorer/6_hicFindAB/5000/syun_5000_pca1.bw
    wildcards: resolution=5000, sample=syun
    threads: 24
    resources: mem_mb=1000, disk_mb=4191800, tmpdir=/home/lengliang/lzy/tmp/3d/


~/lzy/mambaforge/bin/hicPCA -m /home/lengliang/lzy/sj_3d/results/4_hicexplorer/3_hicCorrectMatrix/5000/syun_5000_corrected.h5 -we 1 2 --outputFileName /home/lengliang/lzy/sj_3d/results/4_hicexplorer/6_hicFindAB/5000/syun_5000_pca1.bw /home/lengliang/lzy/sj_3d/results/4_hicexplorer/6_hicFindAB/5000/syun_5000_pca2.bw --format bigwig  --obsexpMatrix /home/lengliang/lzy/sj_3d/results/4_hicexplorer/6_hicFindAB/5000/syun_5000_obsexp.h5 --pearsonMatrix /home/lengliang/lzy/sj_3d/results/4_hicexplorer/6_hicFindAB/5000/syun_5000_pearson.h5  
/home/lengliang/lzy/soft/bigWigToBedGraph /home/lengliang/lzy/sj_3d/results/4_hicexplorer/6_hicFindAB/5000/syun_5000_pca1.bw /home/lengliang/lzy/sj_3d/results/4_hicexplorer/6_hicFindAB/5000/syun_5000_pca1.bedgraph 
/home/lengliang/lzy/soft/bigWigToBedGraph /home/lengliang/lzy/sj_3d/results/4_hicexplorer/6_hicFindAB/5000/syun_5000_pca2.bw /home/lengliang/lzy/sj_3d/results/4_hicexplorer/6_hicFindAB/5000/syun_5000_pca2.bedgraph 
~/lzy/mambaforge/bin/hicCompartmentalization --obsexp_matrices /home/lengliang/lzy/sj_3d/results/4_hicexplorer/6_hicFindAB/5000/syun_5000_obsexp.h5 --pca  /home/lengliang/lzy/sj_3d/results/4_hicexplorer/6_hicFindAB/5000/syun_5000_pca1.bedgraph  -o  /home/lengliang/lzy/sj_3d/results/4_hicexplorer/6_hicFindAB/5000/syun_5000_hicCompartmentalization.pdf  

Submitted job 25 with external jobid '10153.mu01'.
[Wed Jan 18 12:53:11 2023]
Error in rule hicFindAB:
    jobid: 25
    output: /home/lengliang/lzy/sj_3d/results/4_hicexplorer/6_hicFindAB/5000/syun_5000_pca1.bw, /home/lengliang/lzy/sj_3d/results/4_hicexplorer/6_hicFindAB/5000/syun_5000_pca1.bedgraph, /home/lengliang/lzy/sj_3d/results/4_hicexplorer/6_hicFindAB/5000/syun_5000_pca2.bw, /home/lengliang/lzy/sj_3d/results/4_hicexplorer/6_hicFindAB/5000/syun_5000_pca2.bedgraph, /home/lengliang/lzy/sj_3d/results/4_hicexplorer/6_hicFindAB/5000/syun_5000_pearson.h5, /home/lengliang/lzy/sj_3d/results/4_hicexplorer/6_hicFindAB/5000/syun_5000_obsexp.h5, /home/lengliang/lzy/sj_3d/results/4_hicexplorer/6_hicFindAB/5000/syun_5000_hicCompartmentalization.pdf
    shell:
        
~/lzy/mambaforge/bin/hicPCA -m /home/lengliang/lzy/sj_3d/results/4_hicexplorer/3_hicCorrectMatrix/5000/syun_5000_corrected.h5 -we 1 2 --outputFileName /home/lengliang/lzy/sj_3d/results/4_hicexplorer/6_hicFindAB/5000/syun_5000_pca1.bw /home/lengliang/lzy/sj_3d/results/4_hicexplorer/6_hicFindAB/5000/syun_5000_pca2.bw --format bigwig  --obsexpMatrix /home/lengliang/lzy/sj_3d/results/4_hicexplorer/6_hicFindAB/5000/syun_5000_obsexp.h5 --pearsonMatrix /home/lengliang/lzy/sj_3d/results/4_hicexplorer/6_hicFindAB/5000/syun_5000_pearson.h5  
/home/lengliang/lzy/soft/bigWigToBedGraph /home/lengliang/lzy/sj_3d/results/4_hicexplorer/6_hicFindAB/5000/syun_5000_pca1.bw /home/lengliang/lzy/sj_3d/results/4_hicexplorer/6_hicFindAB/5000/syun_5000_pca1.bedgraph 
/home/lengliang/lzy/soft/bigWigToBedGraph /home/lengliang/lzy/sj_3d/results/4_hicexplorer/6_hicFindAB/5000/syun_5000_pca2.bw /home/lengliang/lzy/sj_3d/results/4_hicexplorer/6_hicFindAB/5000/syun_5000_pca2.bedgraph 
~/lzy/mambaforge/bin/hicCompartmentalization --obsexp_matrices /home/lengliang/lzy/sj_3d/results/4_hicexplorer/6_hicFindAB/5000/syun_5000_obsexp.h5 --pca  /home/lengliang/lzy/sj_3d/results/4_hicexplorer/6_hicFindAB/5000/syun_5000_pca1.bedgraph  -o  /home/lengliang/lzy/sj_3d/results/4_hicexplorer/6_hicFindAB/5000/syun_5000_hicCompartmentalization.pdf  

        (one of the commands exited with non-zero exit code; note that snakemake uses bash strict mode!)
    cluster_jobid: 10153.mu01

Error executing rule hicFindAB on cluster (jobid: 25, external: 10153.mu01, jobscript: /home/lengliang/lzy/sj_3d/script/4_hicexplorer/.snakemake/tmp.m6qexqsk/snakejob.hicFindAB.25.sh). For error details see the cluster log and the log files of the involved rule(s).
Shutting down, this might take some time.
Exiting because a job execution failed. Look above for error message
Complete log: .snakemake/log/2023-01-18T103952.553926.snakemake.log
