Building DAG of jobs...
Using shell: /usr/bin/bash
Provided cluster nodes: 10
Job stats:
job                             count    min threads    max threads
----------------------------  -------  -------------  -------------
all                                 1              1              1
hicFindTADs_default                10             24             24
hicFindTADs_try_default_step      198             24             24
hicFindTADs_try_with_step         800             24             24
total                            1009              1             24

Select jobs to execute...

[Thu Jan 19 22:08:38 2023]
rule hicFindTADs_try_with_step:
    input: /home/lengliang/lzy/sj_3d/results/4_hicexplorer/3_hicCorrectMatrix/40000/sjap_40000_corrected.h5
    output: /home/lengliang/lzy/sj_3d/results/4_hicexplorer/5_hicFindTADs/40000/sjap_40000_P_0.1_MinD_3_MaxD_10_Delta_0.001_Step_10000_boundaries.bed
    jobid: 359
    reason: Missing output files: /home/lengliang/lzy/sj_3d/results/4_hicexplorer/5_hicFindTADs/40000/sjap_40000_P_0.1_MinD_3_MaxD_10_Delta_0.001_Step_10000_boundaries.bed
    wildcards: resolution=40000, sample=sjap, pval=0.1, mindepth=3, maxdepth=10, delta=0.001, step=10000
    threads: 24
    resources: mem_mb=1000, disk_mb=4191800, tmpdir=/home/lengliang/lzy/tmp/3d/


~/lzy/mambaforge/bin/hicFindTADs --correctForMultipleTesting fdr  -m  /home/lengliang/lzy/sj_3d/results/4_hicexplorer/3_hicCorrectMatrix/40000/sjap_40000_corrected.h5  --thresholdComparisons 0.1  --outPrefix /home/lengliang/lzy/sj_3d/results/4_hicexplorer/5_hicFindTADs/40000/sjap_40000_P_0.1_MinD_3_MaxD_10_Delta_0.001_Step_10000  --numberOfProcessors 24  --minDepth $((3*40000))  --maxDepth $((10*40000))  --step 10000  --delta 0.001 

Submitted job 359 with external jobid '10278.mu01'.

[Thu Jan 19 22:08:41 2023]
rule hicFindTADs_try_with_step:
    input: /home/lengliang/lzy/sj_3d/results/4_hicexplorer/3_hicCorrectMatrix/40000/sjap_40000_corrected.h5
    output: /home/lengliang/lzy/sj_3d/results/4_hicexplorer/5_hicFindTADs/40000/sjap_40000_P_0.001_MinD_3_MaxD_6_Delta_0.05_Step_30000_boundaries.bed
    jobid: 177
    reason: Missing output files: /home/lengliang/lzy/sj_3d/results/4_hicexplorer/5_hicFindTADs/40000/sjap_40000_P_0.001_MinD_3_MaxD_6_Delta_0.05_Step_30000_boundaries.bed
    wildcards: resolution=40000, sample=sjap, pval=0.001, mindepth=3, maxdepth=6, delta=0.05, step=30000
    threads: 24
    resources: mem_mb=1000, disk_mb=4191800, tmpdir=/home/lengliang/lzy/tmp/3d/


~/lzy/mambaforge/bin/hicFindTADs --correctForMultipleTesting fdr  -m  /home/lengliang/lzy/sj_3d/results/4_hicexplorer/3_hicCorrectMatrix/40000/sjap_40000_corrected.h5  --thresholdComparisons 0.001  --outPrefix /home/lengliang/lzy/sj_3d/results/4_hicexplorer/5_hicFindTADs/40000/sjap_40000_P_0.001_MinD_3_MaxD_6_Delta_0.05_Step_30000  --numberOfProcessors 24  --minDepth $((3*40000))  --maxDepth $((6*40000))  --step 30000  --delta 0.05 

Submitted job 177 with external jobid '10279.mu01'.

[Thu Jan 19 22:08:41 2023]
rule hicFindTADs_try_with_step:
    input: /home/lengliang/lzy/sj_3d/results/4_hicexplorer/3_hicCorrectMatrix/40000/scep_40000_corrected.h5
    output: /home/lengliang/lzy/sj_3d/results/4_hicexplorer/5_hicFindTADs/40000/scep_40000_P_0.1_MinD_3_MaxD_6_Delta_0.01_Step_30000_boundaries.bed
    jobid: 733
    reason: Missing output files: /home/lengliang/lzy/sj_3d/results/4_hicexplorer/5_hicFindTADs/40000/scep_40000_P_0.1_MinD_3_MaxD_6_Delta_0.01_Step_30000_boundaries.bed
    wildcards: resolution=40000, sample=scep, pval=0.1, mindepth=3, maxdepth=6, delta=0.01, step=30000
    threads: 24
    resources: mem_mb=1000, disk_mb=4191800, tmpdir=/home/lengliang/lzy/tmp/3d/


~/lzy/mambaforge/bin/hicFindTADs --correctForMultipleTesting fdr  -m  /home/lengliang/lzy/sj_3d/results/4_hicexplorer/3_hicCorrectMatrix/40000/scep_40000_corrected.h5  --thresholdComparisons 0.1  --outPrefix /home/lengliang/lzy/sj_3d/results/4_hicexplorer/5_hicFindTADs/40000/scep_40000_P_0.1_MinD_3_MaxD_6_Delta_0.01_Step_30000  --numberOfProcessors 24  --minDepth $((3*40000))  --maxDepth $((6*40000))  --step 30000  --delta 0.01 

Submitted job 733 with external jobid '10280.mu01'.

[Thu Jan 19 22:08:41 2023]
rule hicFindTADs_try_with_step:
    input: /home/lengliang/lzy/sj_3d/results/4_hicexplorer/3_hicCorrectMatrix/40000/scep_40000_corrected.h5
    output: /home/lengliang/lzy/sj_3d/results/4_hicexplorer/5_hicFindTADs/40000/scep_40000_P_0.001_MinD_5_MaxD_6_Delta_0.005_Step_15000_boundaries.bed
    jobid: 624
    reason: Missing output files: /home/lengliang/lzy/sj_3d/results/4_hicexplorer/5_hicFindTADs/40000/scep_40000_P_0.001_MinD_5_MaxD_6_Delta_0.005_Step_15000_boundaries.bed
    wildcards: resolution=40000, sample=scep, pval=0.001, mindepth=5, maxdepth=6, delta=0.005, step=15000
    threads: 24
    resources: mem_mb=1000, disk_mb=4191800, tmpdir=/home/lengliang/lzy/tmp/3d/


~/lzy/mambaforge/bin/hicFindTADs --correctForMultipleTesting fdr  -m  /home/lengliang/lzy/sj_3d/results/4_hicexplorer/3_hicCorrectMatrix/40000/scep_40000_corrected.h5  --thresholdComparisons 0.001  --outPrefix /home/lengliang/lzy/sj_3d/results/4_hicexplorer/5_hicFindTADs/40000/scep_40000_P_0.001_MinD_5_MaxD_6_Delta_0.005_Step_15000  --numberOfProcessors 24  --minDepth $((5*40000))  --maxDepth $((6*40000))  --step 15000  --delta 0.005 

Submitted job 624 with external jobid '10281.mu01'.

[Thu Jan 19 22:08:41 2023]
rule hicFindTADs_try_default_step:
    input: /home/lengliang/lzy/sj_3d/results/4_hicexplorer/3_hicCorrectMatrix/40000/sjap_40000_corrected.h5
    output: /home/lengliang/lzy/sj_3d/results/4_hicexplorer/5_hicFindTADs/40000/d_sjap_40000_P_0.05_MinD_5_MaxD_10_Delta_0.05_boundaries.bed
    jobid: 847
    reason: Missing output files: /home/lengliang/lzy/sj_3d/results/4_hicexplorer/5_hicFindTADs/40000/d_sjap_40000_P_0.05_MinD_5_MaxD_10_Delta_0.05_boundaries.bed
    wildcards: resolution=40000, sample=sjap, pval=0.05, mindepth=5, maxdepth=10, delta=0.05
    threads: 24
    resources: mem_mb=1000, disk_mb=4191800, tmpdir=/home/lengliang/lzy/tmp/3d/


~/lzy/mambaforge/bin/hicFindTADs --correctForMultipleTesting fdr  -m  /home/lengliang/lzy/sj_3d/results/4_hicexplorer/3_hicCorrectMatrix/40000/sjap_40000_corrected.h5  --thresholdComparisons 0.05  --outPrefix /home/lengliang/lzy/sj_3d/results/4_hicexplorer/5_hicFindTADs/40000/d_sjap_40000_P_0.05_MinD_5_MaxD_10_Delta_0.05  --numberOfProcessors 24  --minDepth $((5*40000))  --maxDepth $((10*40000))  --delta 0.05 

Submitted job 847 with external jobid '10282.mu01'.

[Thu Jan 19 22:08:41 2023]
rule hicFindTADs_try_default_step:
    input: /home/lengliang/lzy/sj_3d/results/4_hicexplorer/3_hicCorrectMatrix/40000/sjap_40000_corrected.h5
    output: /home/lengliang/lzy/sj_3d/results/4_hicexplorer/5_hicFindTADs/40000/d_sjap_40000_P_0.05_MinD_3_MaxD_6_Delta_0.001_boundaries.bed
    jobid: 833
    reason: Missing output files: /home/lengliang/lzy/sj_3d/results/4_hicexplorer/5_hicFindTADs/40000/d_sjap_40000_P_0.05_MinD_3_MaxD_6_Delta_0.001_boundaries.bed
    wildcards: resolution=40000, sample=sjap, pval=0.05, mindepth=3, maxdepth=6, delta=0.001
    threads: 24
    resources: mem_mb=1000, disk_mb=4191800, tmpdir=/home/lengliang/lzy/tmp/3d/


~/lzy/mambaforge/bin/hicFindTADs --correctForMultipleTesting fdr  -m  /home/lengliang/lzy/sj_3d/results/4_hicexplorer/3_hicCorrectMatrix/40000/sjap_40000_corrected.h5  --thresholdComparisons 0.05  --outPrefix /home/lengliang/lzy/sj_3d/results/4_hicexplorer/5_hicFindTADs/40000/d_sjap_40000_P_0.05_MinD_3_MaxD_6_Delta_0.001  --numberOfProcessors 24  --minDepth $((3*40000))  --maxDepth $((6*40000))  --delta 0.001 

Submitted job 833 with external jobid '10283.mu01'.

[Thu Jan 19 22:08:41 2023]
rule hicFindTADs_try_default_step:
    input: /home/lengliang/lzy/sj_3d/results/4_hicexplorer/3_hicCorrectMatrix/40000/scep_40000_corrected.h5
    output: /home/lengliang/lzy/sj_3d/results/4_hicexplorer/5_hicFindTADs/40000/d_scep_40000_P_0.005_MinD_3_MaxD_6_Delta_0.001_boundaries.bed
    jobid: 973
    reason: Missing output files: /home/lengliang/lzy/sj_3d/results/4_hicexplorer/5_hicFindTADs/40000/d_scep_40000_P_0.005_MinD_3_MaxD_6_Delta_0.001_boundaries.bed
    wildcards: resolution=40000, sample=scep, pval=0.005, mindepth=3, maxdepth=6, delta=0.001
    threads: 24
    resources: mem_mb=1000, disk_mb=4191800, tmpdir=/home/lengliang/lzy/tmp/3d/


~/lzy/mambaforge/bin/hicFindTADs --correctForMultipleTesting fdr  -m  /home/lengliang/lzy/sj_3d/results/4_hicexplorer/3_hicCorrectMatrix/40000/scep_40000_corrected.h5  --thresholdComparisons 0.005  --outPrefix /home/lengliang/lzy/sj_3d/results/4_hicexplorer/5_hicFindTADs/40000/d_scep_40000_P_0.005_MinD_3_MaxD_6_Delta_0.001  --numberOfProcessors 24  --minDepth $((3*40000))  --maxDepth $((6*40000))  --delta 0.001 

Submitted job 973 with external jobid '10284.mu01'.

[Thu Jan 19 22:08:41 2023]
rule hicFindTADs_try_with_step:
    input: /home/lengliang/lzy/sj_3d/results/4_hicexplorer/3_hicCorrectMatrix/40000/sjap_40000_corrected.h5
    output: /home/lengliang/lzy/sj_3d/results/4_hicexplorer/5_hicFindTADs/40000/sjap_40000_P_0.005_MinD_5_MaxD_6_Delta_0.005_Step_15000_boundaries.bed
    jobid: 304
    reason: Missing output files: /home/lengliang/lzy/sj_3d/results/4_hicexplorer/5_hicFindTADs/40000/sjap_40000_P_0.005_MinD_5_MaxD_6_Delta_0.005_Step_15000_boundaries.bed
    wildcards: resolution=40000, sample=sjap, pval=0.005, mindepth=5, maxdepth=6, delta=0.005, step=15000
    threads: 24
    resources: mem_mb=1000, disk_mb=4191800, tmpdir=/home/lengliang/lzy/tmp/3d/


~/lzy/mambaforge/bin/hicFindTADs --correctForMultipleTesting fdr  -m  /home/lengliang/lzy/sj_3d/results/4_hicexplorer/3_hicCorrectMatrix/40000/sjap_40000_corrected.h5  --thresholdComparisons 0.005  --outPrefix /home/lengliang/lzy/sj_3d/results/4_hicexplorer/5_hicFindTADs/40000/sjap_40000_P_0.005_MinD_5_MaxD_6_Delta_0.005_Step_15000  --numberOfProcessors 24  --minDepth $((5*40000))  --maxDepth $((6*40000))  --step 15000  --delta 0.005 

Submitted job 304 with external jobid '10285.mu01'.

[Thu Jan 19 22:08:42 2023]
rule hicFindTADs_try_with_step:
    input: /home/lengliang/lzy/sj_3d/results/4_hicexplorer/3_hicCorrectMatrix/40000/sjap_40000_corrected.h5
    output: /home/lengliang/lzy/sj_3d/results/4_hicexplorer/5_hicFindTADs/40000/sjap_40000_P_0.005_MinD_5_MaxD_6_Delta_0.005_Step_10000_boundaries.bed
    jobid: 303
    reason: Missing output files: /home/lengliang/lzy/sj_3d/results/4_hicexplorer/5_hicFindTADs/40000/sjap_40000_P_0.005_MinD_5_MaxD_6_Delta_0.005_Step_10000_boundaries.bed
    wildcards: resolution=40000, sample=sjap, pval=0.005, mindepth=5, maxdepth=6, delta=0.005, step=10000
    threads: 24
    resources: mem_mb=1000, disk_mb=4191800, tmpdir=/home/lengliang/lzy/tmp/3d/


~/lzy/mambaforge/bin/hicFindTADs --correctForMultipleTesting fdr  -m  /home/lengliang/lzy/sj_3d/results/4_hicexplorer/3_hicCorrectMatrix/40000/sjap_40000_corrected.h5  --thresholdComparisons 0.005  --outPrefix /home/lengliang/lzy/sj_3d/results/4_hicexplorer/5_hicFindTADs/40000/sjap_40000_P_0.005_MinD_5_MaxD_6_Delta_0.005_Step_10000  --numberOfProcessors 24  --minDepth $((5*40000))  --maxDepth $((6*40000))  --step 10000  --delta 0.005 

Submitted job 303 with external jobid '10286.mu01'.

[Thu Jan 19 22:08:42 2023]
rule hicFindTADs_try_with_step:
    input: /home/lengliang/lzy/sj_3d/results/4_hicexplorer/3_hicCorrectMatrix/40000/sjap_40000_corrected.h5
    output: /home/lengliang/lzy/sj_3d/results/4_hicexplorer/5_hicFindTADs/40000/sjap_40000_P_0.05_MinD_5_MaxD_6_Delta_0.1_Step_30000_boundaries.bed
    jobid: 149
    reason: Missing output files: /home/lengliang/lzy/sj_3d/results/4_hicexplorer/5_hicFindTADs/40000/sjap_40000_P_0.05_MinD_5_MaxD_6_Delta_0.1_Step_30000_boundaries.bed
    wildcards: resolution=40000, sample=sjap, pval=0.05, mindepth=5, maxdepth=6, delta=0.1, step=30000
    threads: 24
    resources: mem_mb=1000, disk_mb=4191800, tmpdir=/home/lengliang/lzy/tmp/3d/


~/lzy/mambaforge/bin/hicFindTADs --correctForMultipleTesting fdr  -m  /home/lengliang/lzy/sj_3d/results/4_hicexplorer/3_hicCorrectMatrix/40000/sjap_40000_corrected.h5  --thresholdComparisons 0.05  --outPrefix /home/lengliang/lzy/sj_3d/results/4_hicexplorer/5_hicFindTADs/40000/sjap_40000_P_0.05_MinD_5_MaxD_6_Delta_0.1_Step_30000  --numberOfProcessors 24  --minDepth $((5*40000))  --maxDepth $((6*40000))  --step 30000  --delta 0.1 

Submitted job 149 with external jobid '10287.mu01'.
[Thu Jan 19 22:09:10 2023]
Error in rule hicFindTADs_try_with_step:
    jobid: 359
    output: /home/lengliang/lzy/sj_3d/results/4_hicexplorer/5_hicFindTADs/40000/sjap_40000_P_0.1_MinD_3_MaxD_10_Delta_0.001_Step_10000_boundaries.bed
    shell:
        
~/lzy/mambaforge/bin/hicFindTADs --correctForMultipleTesting fdr  -m  /home/lengliang/lzy/sj_3d/results/4_hicexplorer/3_hicCorrectMatrix/40000/sjap_40000_corrected.h5  --thresholdComparisons 0.1  --outPrefix /home/lengliang/lzy/sj_3d/results/4_hicexplorer/5_hicFindTADs/40000/sjap_40000_P_0.1_MinD_3_MaxD_10_Delta_0.001_Step_10000  --numberOfProcessors 24  --minDepth $((3*40000))  --maxDepth $((10*40000))  --step 10000  --delta 0.001 

        (one of the commands exited with non-zero exit code; note that snakemake uses bash strict mode!)
    cluster_jobid: 10278.mu01

Error executing rule hicFindTADs_try_with_step on cluster (jobid: 359, external: 10278.mu01, jobscript: /home/lengliang/lzy/sj_3d/script/4_hicexplorer/.snakemake/tmp.2q4g66c4/snakejob.hicFindTADs_try_with_step.359.sh). For error details see the cluster log and the log files of the involved rule(s).
[Thu Jan 19 22:09:10 2023]
Error in rule hicFindTADs_try_with_step:
    jobid: 177
    output: /home/lengliang/lzy/sj_3d/results/4_hicexplorer/5_hicFindTADs/40000/sjap_40000_P_0.001_MinD_3_MaxD_6_Delta_0.05_Step_30000_boundaries.bed
    shell:
        
~/lzy/mambaforge/bin/hicFindTADs --correctForMultipleTesting fdr  -m  /home/lengliang/lzy/sj_3d/results/4_hicexplorer/3_hicCorrectMatrix/40000/sjap_40000_corrected.h5  --thresholdComparisons 0.001  --outPrefix /home/lengliang/lzy/sj_3d/results/4_hicexplorer/5_hicFindTADs/40000/sjap_40000_P_0.001_MinD_3_MaxD_6_Delta_0.05_Step_30000  --numberOfProcessors 24  --minDepth $((3*40000))  --maxDepth $((6*40000))  --step 30000  --delta 0.05 

        (one of the commands exited with non-zero exit code; note that snakemake uses bash strict mode!)
    cluster_jobid: 10279.mu01

Error executing rule hicFindTADs_try_with_step on cluster (jobid: 177, external: 10279.mu01, jobscript: /home/lengliang/lzy/sj_3d/script/4_hicexplorer/.snakemake/tmp.2q4g66c4/snakejob.hicFindTADs_try_with_step.177.sh). For error details see the cluster log and the log files of the involved rule(s).
[Thu Jan 19 22:09:10 2023]
Error in rule hicFindTADs_try_with_step:
    jobid: 733
    output: /home/lengliang/lzy/sj_3d/results/4_hicexplorer/5_hicFindTADs/40000/scep_40000_P_0.1_MinD_3_MaxD_6_Delta_0.01_Step_30000_boundaries.bed
    shell:
        
~/lzy/mambaforge/bin/hicFindTADs --correctForMultipleTesting fdr  -m  /home/lengliang/lzy/sj_3d/results/4_hicexplorer/3_hicCorrectMatrix/40000/scep_40000_corrected.h5  --thresholdComparisons 0.1  --outPrefix /home/lengliang/lzy/sj_3d/results/4_hicexplorer/5_hicFindTADs/40000/scep_40000_P_0.1_MinD_3_MaxD_6_Delta_0.01_Step_30000  --numberOfProcessors 24  --minDepth $((3*40000))  --maxDepth $((6*40000))  --step 30000  --delta 0.01 

        (one of the commands exited with non-zero exit code; note that snakemake uses bash strict mode!)
    cluster_jobid: 10280.mu01

Error executing rule hicFindTADs_try_with_step on cluster (jobid: 733, external: 10280.mu01, jobscript: /home/lengliang/lzy/sj_3d/script/4_hicexplorer/.snakemake/tmp.2q4g66c4/snakejob.hicFindTADs_try_with_step.733.sh). For error details see the cluster log and the log files of the involved rule(s).
[Thu Jan 19 22:09:10 2023]
Error in rule hicFindTADs_try_with_step:
    jobid: 624
    output: /home/lengliang/lzy/sj_3d/results/4_hicexplorer/5_hicFindTADs/40000/scep_40000_P_0.001_MinD_5_MaxD_6_Delta_0.005_Step_15000_boundaries.bed
    shell:
        
~/lzy/mambaforge/bin/hicFindTADs --correctForMultipleTesting fdr  -m  /home/lengliang/lzy/sj_3d/results/4_hicexplorer/3_hicCorrectMatrix/40000/scep_40000_corrected.h5  --thresholdComparisons 0.001  --outPrefix /home/lengliang/lzy/sj_3d/results/4_hicexplorer/5_hicFindTADs/40000/scep_40000_P_0.001_MinD_5_MaxD_6_Delta_0.005_Step_15000  --numberOfProcessors 24  --minDepth $((5*40000))  --maxDepth $((6*40000))  --step 15000  --delta 0.005 

        (one of the commands exited with non-zero exit code; note that snakemake uses bash strict mode!)
    cluster_jobid: 10281.mu01

Error executing rule hicFindTADs_try_with_step on cluster (jobid: 624, external: 10281.mu01, jobscript: /home/lengliang/lzy/sj_3d/script/4_hicexplorer/.snakemake/tmp.2q4g66c4/snakejob.hicFindTADs_try_with_step.624.sh). For error details see the cluster log and the log files of the involved rule(s).
[Thu Jan 19 22:09:10 2023]
Error in rule hicFindTADs_try_with_step:
    jobid: 304
    output: /home/lengliang/lzy/sj_3d/results/4_hicexplorer/5_hicFindTADs/40000/sjap_40000_P_0.005_MinD_5_MaxD_6_Delta_0.005_Step_15000_boundaries.bed
    shell:
        
~/lzy/mambaforge/bin/hicFindTADs --correctForMultipleTesting fdr  -m  /home/lengliang/lzy/sj_3d/results/4_hicexplorer/3_hicCorrectMatrix/40000/sjap_40000_corrected.h5  --thresholdComparisons 0.005  --outPrefix /home/lengliang/lzy/sj_3d/results/4_hicexplorer/5_hicFindTADs/40000/sjap_40000_P_0.005_MinD_5_MaxD_6_Delta_0.005_Step_15000  --numberOfProcessors 24  --minDepth $((5*40000))  --maxDepth $((6*40000))  --step 15000  --delta 0.005 

        (one of the commands exited with non-zero exit code; note that snakemake uses bash strict mode!)
    cluster_jobid: 10285.mu01

Error executing rule hicFindTADs_try_with_step on cluster (jobid: 304, external: 10285.mu01, jobscript: /home/lengliang/lzy/sj_3d/script/4_hicexplorer/.snakemake/tmp.2q4g66c4/snakejob.hicFindTADs_try_with_step.304.sh). For error details see the cluster log and the log files of the involved rule(s).
[Thu Jan 19 22:09:10 2023]
Finished job 847.
1 of 1009 steps (0.1%) done
[Thu Jan 19 22:09:10 2023]
Error in rule hicFindTADs_try_with_step:
    jobid: 303
    output: /home/lengliang/lzy/sj_3d/results/4_hicexplorer/5_hicFindTADs/40000/sjap_40000_P_0.005_MinD_5_MaxD_6_Delta_0.005_Step_10000_boundaries.bed
    shell:
        
~/lzy/mambaforge/bin/hicFindTADs --correctForMultipleTesting fdr  -m  /home/lengliang/lzy/sj_3d/results/4_hicexplorer/3_hicCorrectMatrix/40000/sjap_40000_corrected.h5  --thresholdComparisons 0.005  --outPrefix /home/lengliang/lzy/sj_3d/results/4_hicexplorer/5_hicFindTADs/40000/sjap_40000_P_0.005_MinD_5_MaxD_6_Delta_0.005_Step_10000  --numberOfProcessors 24  --minDepth $((5*40000))  --maxDepth $((6*40000))  --step 10000  --delta 0.005 

        (one of the commands exited with non-zero exit code; note that snakemake uses bash strict mode!)
    cluster_jobid: 10286.mu01

Error executing rule hicFindTADs_try_with_step on cluster (jobid: 303, external: 10286.mu01, jobscript: /home/lengliang/lzy/sj_3d/script/4_hicexplorer/.snakemake/tmp.2q4g66c4/snakejob.hicFindTADs_try_with_step.303.sh). For error details see the cluster log and the log files of the involved rule(s).
[Thu Jan 19 22:09:10 2023]
Error in rule hicFindTADs_try_with_step:
    jobid: 149
    output: /home/lengliang/lzy/sj_3d/results/4_hicexplorer/5_hicFindTADs/40000/sjap_40000_P_0.05_MinD_5_MaxD_6_Delta_0.1_Step_30000_boundaries.bed
    shell:
        
~/lzy/mambaforge/bin/hicFindTADs --correctForMultipleTesting fdr  -m  /home/lengliang/lzy/sj_3d/results/4_hicexplorer/3_hicCorrectMatrix/40000/sjap_40000_corrected.h5  --thresholdComparisons 0.05  --outPrefix /home/lengliang/lzy/sj_3d/results/4_hicexplorer/5_hicFindTADs/40000/sjap_40000_P_0.05_MinD_5_MaxD_6_Delta_0.1_Step_30000  --numberOfProcessors 24  --minDepth $((5*40000))  --maxDepth $((6*40000))  --step 30000  --delta 0.1 

        (one of the commands exited with non-zero exit code; note that snakemake uses bash strict mode!)
    cluster_jobid: 10287.mu01

Error executing rule hicFindTADs_try_with_step on cluster (jobid: 149, external: 10287.mu01, jobscript: /home/lengliang/lzy/sj_3d/script/4_hicexplorer/.snakemake/tmp.2q4g66c4/snakejob.hicFindTADs_try_with_step.149.sh). For error details see the cluster log and the log files of the involved rule(s).
[Thu Jan 19 22:09:21 2023]
Finished job 833.
2 of 1009 steps (0.2%) done
[Thu Jan 19 22:09:21 2023]
Finished job 973.
3 of 1009 steps (0.3%) done
Shutting down, this might take some time.
Exiting because a job execution failed. Look above for error message
Complete log: .snakemake/log/2023-01-19T220836.854681.snakemake.log
