Building DAG of jobs...
Using shell: /usr/bin/bash
Provided cluster nodes: 20
Job stats:
job               count    min threads    max threads
--------------  -------  -------------  -------------
all                   1              1              1
hicDetectLoops       27             24             24
total                28              1             24

Select jobs to execute...

[Tue Jan 17 12:34:43 2023]
rule hicDetectLoops:
    input: /home/lengliang/lzy/sj_3d/results/4_hicexplorer/3_hicCorrectMatrix/100000/sjap_100000_corrected.h5
    output: /home/lengliang/lzy/sj_3d/results/4_hicexplorer/7_hicDetectLoops/sjap/sjap_100000_loops.bedgraph
    log: /home/lengliang/lzy/sj_3d/results/4_hicexplorer/7_hicDetectLoops/log/sjap_100000_loop.log
    jobid: 1
    reason: Missing output files: /home/lengliang/lzy/sj_3d/results/4_hicexplorer/7_hicDetectLoops/sjap/sjap_100000_loops.bedgraph
    wildcards: sample=sjap, resolution=100000
    threads: 24
    resources: mem_mb=1000, disk_mb=4191800, tmpdir=/home/lengliang/lzy/tmp/3d/


function f(){   
    local pvalue=(0.05 0.1 0.5 1)
    local dis=(8000000 20000000)
    local pp=(0.1 0.5 1 1)
    local num=${#pvalue[@]}
    for((i=0;i<num;i++)){
        for d in ${dis[*]}
        do
            # echo "${pvalue[i]}and${d}and ${pp[i]}"
            ~/lzy/mambaforge/bin/hicDetectLoops -m /home/lengliang/lzy/sj_3d/results/4_hicexplorer/3_hicCorrectMatrix/100000/sjap_100000_corrected.h5 -o /home/lengliang/lzy/sj_3d/results/4_hicexplorer/7_hicDetectLoops/sjap/sjap_100000_loops.bedgraph.p${pvalue[i]}.d${d} --maxLoopDistance ${d} --peakInteractionsThreshold 5 --threads 24 --peakWidth 2 --windowSize 5 --pValuePreselection  ${pp[i]} --pValue ${pvalue[i]} 2>>/home/lengliang/lzy/sj_3d/results/4_hicexplorer/7_hicDetectLoops/log/sjap_100000_loop.log
                # -f 参数判断 $file 是否存在
            if [ -f "/home/lengliang/lzy/sj_3d/results/4_hicexplorer/7_hicDetectLoops/sjap/sjap_100000_loops.bedgraph.p${pvalue[i]}.d${d}" ]; then
                ~/lzy/mambaforge/bin/hicPlotMatrix -m /home/lengliang/lzy/sj_3d/results/4_hicexplorer/3_hicCorrectMatrix/100000/sjap_100000_corrected.h5 -o /home/lengliang/lzy/sj_3d/results/4_hicexplorer/7_hicDetectLoops/sjap/sjap_100000_loops.bedgraph.p${pvalue[i]}.d${d}.pdf --vMax 4 --dpi 330  --loops /home/lengliang/lzy/sj_3d/results/4_hicexplorer/7_hicDetectLoops/sjap/sjap_100000_loops.bedgraph.p${pvalue[i]}.d${d}  2>>/home/lengliang/lzy/sj_3d/results/4_hicexplorer/7_hicDetectLoops/log/sjap_100000_loop.log
            fi

        done
    }
} 
f
echo ''>/home/lengliang/lzy/sj_3d/results/4_hicexplorer/7_hicDetectLoops/sjap/sjap_100000_loops.bedgraph

Submitted job 1 with external jobid '10112.mu01'.

[Tue Jan 17 12:34:45 2023]
rule hicDetectLoops:
    input: /home/lengliang/lzy/sj_3d/results/4_hicexplorer/3_hicCorrectMatrix/50000/sjap_50000_corrected.h5
    output: /home/lengliang/lzy/sj_3d/results/4_hicexplorer/7_hicDetectLoops/sjap/sjap_50000_loops.bedgraph
    log: /home/lengliang/lzy/sj_3d/results/4_hicexplorer/7_hicDetectLoops/log/sjap_50000_loop.log
    jobid: 9
    reason: Missing output files: /home/lengliang/lzy/sj_3d/results/4_hicexplorer/7_hicDetectLoops/sjap/sjap_50000_loops.bedgraph
    wildcards: sample=sjap, resolution=50000
    threads: 24
    resources: mem_mb=1000, disk_mb=4191800, tmpdir=/home/lengliang/lzy/tmp/3d/


function f(){   
    local pvalue=(0.05 0.1 0.5 1)
    local dis=(8000000 20000000)
    local pp=(0.1 0.5 1 1)
    local num=${#pvalue[@]}
    for((i=0;i<num;i++)){
        for d in ${dis[*]}
        do
            # echo "${pvalue[i]}and${d}and ${pp[i]}"
            ~/lzy/mambaforge/bin/hicDetectLoops -m /home/lengliang/lzy/sj_3d/results/4_hicexplorer/3_hicCorrectMatrix/50000/sjap_50000_corrected.h5 -o /home/lengliang/lzy/sj_3d/results/4_hicexplorer/7_hicDetectLoops/sjap/sjap_50000_loops.bedgraph.p${pvalue[i]}.d${d} --maxLoopDistance ${d} --peakInteractionsThreshold 5 --threads 24 --peakWidth 2 --windowSize 5 --pValuePreselection  ${pp[i]} --pValue ${pvalue[i]} 2>>/home/lengliang/lzy/sj_3d/results/4_hicexplorer/7_hicDetectLoops/log/sjap_50000_loop.log
                # -f 参数判断 $file 是否存在
            if [ -f "/home/lengliang/lzy/sj_3d/results/4_hicexplorer/7_hicDetectLoops/sjap/sjap_50000_loops.bedgraph.p${pvalue[i]}.d${d}" ]; then
                ~/lzy/mambaforge/bin/hicPlotMatrix -m /home/lengliang/lzy/sj_3d/results/4_hicexplorer/3_hicCorrectMatrix/50000/sjap_50000_corrected.h5 -o /home/lengliang/lzy/sj_3d/results/4_hicexplorer/7_hicDetectLoops/sjap/sjap_50000_loops.bedgraph.p${pvalue[i]}.d${d}.pdf --vMax 4 --dpi 330  --loops /home/lengliang/lzy/sj_3d/results/4_hicexplorer/7_hicDetectLoops/sjap/sjap_50000_loops.bedgraph.p${pvalue[i]}.d${d}  2>>/home/lengliang/lzy/sj_3d/results/4_hicexplorer/7_hicDetectLoops/log/sjap_50000_loop.log
            fi

        done
    }
} 
f
echo ''>/home/lengliang/lzy/sj_3d/results/4_hicexplorer/7_hicDetectLoops/sjap/sjap_50000_loops.bedgraph

Submitted job 9 with external jobid '10113.mu01'.

[Tue Jan 17 12:34:45 2023]
rule hicDetectLoops:
    input: /home/lengliang/lzy/sj_3d/results/4_hicexplorer/3_hicCorrectMatrix/500000/syun_500000_corrected.h5
    output: /home/lengliang/lzy/sj_3d/results/4_hicexplorer/7_hicDetectLoops/syun/syun_500000_loops.bedgraph
    log: /home/lengliang/lzy/sj_3d/results/4_hicexplorer/7_hicDetectLoops/log/syun_500000_loop.log
    jobid: 23
    reason: Missing output files: /home/lengliang/lzy/sj_3d/results/4_hicexplorer/7_hicDetectLoops/syun/syun_500000_loops.bedgraph
    wildcards: sample=syun, resolution=500000
    threads: 24
    resources: mem_mb=1000, disk_mb=4191800, tmpdir=/home/lengliang/lzy/tmp/3d/


function f(){   
    local pvalue=(0.05 0.1 0.5 1)
    local dis=(8000000 20000000)
    local pp=(0.1 0.5 1 1)
    local num=${#pvalue[@]}
    for((i=0;i<num;i++)){
        for d in ${dis[*]}
        do
            # echo "${pvalue[i]}and${d}and ${pp[i]}"
            ~/lzy/mambaforge/bin/hicDetectLoops -m /home/lengliang/lzy/sj_3d/results/4_hicexplorer/3_hicCorrectMatrix/500000/syun_500000_corrected.h5 -o /home/lengliang/lzy/sj_3d/results/4_hicexplorer/7_hicDetectLoops/syun/syun_500000_loops.bedgraph.p${pvalue[i]}.d${d} --maxLoopDistance ${d} --peakInteractionsThreshold 5 --threads 24 --peakWidth 2 --windowSize 5 --pValuePreselection  ${pp[i]} --pValue ${pvalue[i]} 2>>/home/lengliang/lzy/sj_3d/results/4_hicexplorer/7_hicDetectLoops/log/syun_500000_loop.log
                # -f 参数判断 $file 是否存在
            if [ -f "/home/lengliang/lzy/sj_3d/results/4_hicexplorer/7_hicDetectLoops/syun/syun_500000_loops.bedgraph.p${pvalue[i]}.d${d}" ]; then
                ~/lzy/mambaforge/bin/hicPlotMatrix -m /home/lengliang/lzy/sj_3d/results/4_hicexplorer/3_hicCorrectMatrix/500000/syun_500000_corrected.h5 -o /home/lengliang/lzy/sj_3d/results/4_hicexplorer/7_hicDetectLoops/syun/syun_500000_loops.bedgraph.p${pvalue[i]}.d${d}.pdf --vMax 4 --dpi 330  --loops /home/lengliang/lzy/sj_3d/results/4_hicexplorer/7_hicDetectLoops/syun/syun_500000_loops.bedgraph.p${pvalue[i]}.d${d}  2>>/home/lengliang/lzy/sj_3d/results/4_hicexplorer/7_hicDetectLoops/log/syun_500000_loop.log
            fi

        done
    }
} 
f
echo ''>/home/lengliang/lzy/sj_3d/results/4_hicexplorer/7_hicDetectLoops/syun/syun_500000_loops.bedgraph

Submitted job 23 with external jobid '10114.mu01'.

[Tue Jan 17 12:34:45 2023]
rule hicDetectLoops:
    input: /home/lengliang/lzy/sj_3d/results/4_hicexplorer/3_hicCorrectMatrix/40000/sjap_40000_corrected.h5
    output: /home/lengliang/lzy/sj_3d/results/4_hicexplorer/7_hicDetectLoops/sjap/sjap_40000_loops.bedgraph
    log: /home/lengliang/lzy/sj_3d/results/4_hicexplorer/7_hicDetectLoops/log/sjap_40000_loop.log
    jobid: 2
    reason: Missing output files: /home/lengliang/lzy/sj_3d/results/4_hicexplorer/7_hicDetectLoops/sjap/sjap_40000_loops.bedgraph
    wildcards: sample=sjap, resolution=40000
    threads: 24
    resources: mem_mb=1000, disk_mb=4191800, tmpdir=/home/lengliang/lzy/tmp/3d/


function f(){   
    local pvalue=(0.05 0.1 0.5 1)
    local dis=(8000000 20000000)
    local pp=(0.1 0.5 1 1)
    local num=${#pvalue[@]}
    for((i=0;i<num;i++)){
        for d in ${dis[*]}
        do
            # echo "${pvalue[i]}and${d}and ${pp[i]}"
            ~/lzy/mambaforge/bin/hicDetectLoops -m /home/lengliang/lzy/sj_3d/results/4_hicexplorer/3_hicCorrectMatrix/40000/sjap_40000_corrected.h5 -o /home/lengliang/lzy/sj_3d/results/4_hicexplorer/7_hicDetectLoops/sjap/sjap_40000_loops.bedgraph.p${pvalue[i]}.d${d} --maxLoopDistance ${d} --peakInteractionsThreshold 5 --threads 24 --peakWidth 2 --windowSize 5 --pValuePreselection  ${pp[i]} --pValue ${pvalue[i]} 2>>/home/lengliang/lzy/sj_3d/results/4_hicexplorer/7_hicDetectLoops/log/sjap_40000_loop.log
                # -f 参数判断 $file 是否存在
            if [ -f "/home/lengliang/lzy/sj_3d/results/4_hicexplorer/7_hicDetectLoops/sjap/sjap_40000_loops.bedgraph.p${pvalue[i]}.d${d}" ]; then
                ~/lzy/mambaforge/bin/hicPlotMatrix -m /home/lengliang/lzy/sj_3d/results/4_hicexplorer/3_hicCorrectMatrix/40000/sjap_40000_corrected.h5 -o /home/lengliang/lzy/sj_3d/results/4_hicexplorer/7_hicDetectLoops/sjap/sjap_40000_loops.bedgraph.p${pvalue[i]}.d${d}.pdf --vMax 4 --dpi 330  --loops /home/lengliang/lzy/sj_3d/results/4_hicexplorer/7_hicDetectLoops/sjap/sjap_40000_loops.bedgraph.p${pvalue[i]}.d${d}  2>>/home/lengliang/lzy/sj_3d/results/4_hicexplorer/7_hicDetectLoops/log/sjap_40000_loop.log
            fi

        done
    }
} 
f
echo ''>/home/lengliang/lzy/sj_3d/results/4_hicexplorer/7_hicDetectLoops/sjap/sjap_40000_loops.bedgraph

Submitted job 2 with external jobid '10115.mu01'.

[Tue Jan 17 12:34:45 2023]
rule hicDetectLoops:
    input: /home/lengliang/lzy/sj_3d/results/4_hicexplorer/3_hicCorrectMatrix/5000/scep_5000_corrected.h5
    output: /home/lengliang/lzy/sj_3d/results/4_hicexplorer/7_hicDetectLoops/scep/scep_5000_loops.bedgraph
    log: /home/lengliang/lzy/sj_3d/results/4_hicexplorer/7_hicDetectLoops/log/scep_5000_loop.log
    jobid: 16
    reason: Missing output files: /home/lengliang/lzy/sj_3d/results/4_hicexplorer/7_hicDetectLoops/scep/scep_5000_loops.bedgraph
    wildcards: sample=scep, resolution=5000
    threads: 24
    resources: mem_mb=1106, disk_mb=4191800, tmpdir=/home/lengliang/lzy/tmp/3d/


function f(){   
    local pvalue=(0.05 0.1 0.5 1)
    local dis=(8000000 20000000)
    local pp=(0.1 0.5 1 1)
    local num=${#pvalue[@]}
    for((i=0;i<num;i++)){
        for d in ${dis[*]}
        do
            # echo "${pvalue[i]}and${d}and ${pp[i]}"
            ~/lzy/mambaforge/bin/hicDetectLoops -m /home/lengliang/lzy/sj_3d/results/4_hicexplorer/3_hicCorrectMatrix/5000/scep_5000_corrected.h5 -o /home/lengliang/lzy/sj_3d/results/4_hicexplorer/7_hicDetectLoops/scep/scep_5000_loops.bedgraph.p${pvalue[i]}.d${d} --maxLoopDistance ${d} --peakInteractionsThreshold 5 --threads 24 --peakWidth 2 --windowSize 5 --pValuePreselection  ${pp[i]} --pValue ${pvalue[i]} 2>>/home/lengliang/lzy/sj_3d/results/4_hicexplorer/7_hicDetectLoops/log/scep_5000_loop.log
                # -f 参数判断 $file 是否存在
            if [ -f "/home/lengliang/lzy/sj_3d/results/4_hicexplorer/7_hicDetectLoops/scep/scep_5000_loops.bedgraph.p${pvalue[i]}.d${d}" ]; then
                ~/lzy/mambaforge/bin/hicPlotMatrix -m /home/lengliang/lzy/sj_3d/results/4_hicexplorer/3_hicCorrectMatrix/5000/scep_5000_corrected.h5 -o /home/lengliang/lzy/sj_3d/results/4_hicexplorer/7_hicDetectLoops/scep/scep_5000_loops.bedgraph.p${pvalue[i]}.d${d}.pdf --vMax 4 --dpi 330  --loops /home/lengliang/lzy/sj_3d/results/4_hicexplorer/7_hicDetectLoops/scep/scep_5000_loops.bedgraph.p${pvalue[i]}.d${d}  2>>/home/lengliang/lzy/sj_3d/results/4_hicexplorer/7_hicDetectLoops/log/scep_5000_loop.log
            fi

        done
    }
} 
f
echo ''>/home/lengliang/lzy/sj_3d/results/4_hicexplorer/7_hicDetectLoops/scep/scep_5000_loops.bedgraph

Submitted job 16 with external jobid '10116.mu01'.

[Tue Jan 17 12:34:45 2023]
rule hicDetectLoops:
    input: /home/lengliang/lzy/sj_3d/results/4_hicexplorer/3_hicCorrectMatrix/300000/syun_300000_corrected.h5
    output: /home/lengliang/lzy/sj_3d/results/4_hicexplorer/7_hicDetectLoops/syun/syun_300000_loops.bedgraph
    log: /home/lengliang/lzy/sj_3d/results/4_hicexplorer/7_hicDetectLoops/log/syun_300000_loop.log
    jobid: 24
    reason: Missing output files: /home/lengliang/lzy/sj_3d/results/4_hicexplorer/7_hicDetectLoops/syun/syun_300000_loops.bedgraph
    wildcards: sample=syun, resolution=300000
    threads: 24
    resources: mem_mb=1000, disk_mb=4191800, tmpdir=/home/lengliang/lzy/tmp/3d/


function f(){   
    local pvalue=(0.05 0.1 0.5 1)
    local dis=(8000000 20000000)
    local pp=(0.1 0.5 1 1)
    local num=${#pvalue[@]}
    for((i=0;i<num;i++)){
        for d in ${dis[*]}
        do
            # echo "${pvalue[i]}and${d}and ${pp[i]}"
            ~/lzy/mambaforge/bin/hicDetectLoops -m /home/lengliang/lzy/sj_3d/results/4_hicexplorer/3_hicCorrectMatrix/300000/syun_300000_corrected.h5 -o /home/lengliang/lzy/sj_3d/results/4_hicexplorer/7_hicDetectLoops/syun/syun_300000_loops.bedgraph.p${pvalue[i]}.d${d} --maxLoopDistance ${d} --peakInteractionsThreshold 5 --threads 24 --peakWidth 2 --windowSize 5 --pValuePreselection  ${pp[i]} --pValue ${pvalue[i]} 2>>/home/lengliang/lzy/sj_3d/results/4_hicexplorer/7_hicDetectLoops/log/syun_300000_loop.log
                # -f 参数判断 $file 是否存在
            if [ -f "/home/lengliang/lzy/sj_3d/results/4_hicexplorer/7_hicDetectLoops/syun/syun_300000_loops.bedgraph.p${pvalue[i]}.d${d}" ]; then
                ~/lzy/mambaforge/bin/hicPlotMatrix -m /home/lengliang/lzy/sj_3d/results/4_hicexplorer/3_hicCorrectMatrix/300000/syun_300000_corrected.h5 -o /home/lengliang/lzy/sj_3d/results/4_hicexplorer/7_hicDetectLoops/syun/syun_300000_loops.bedgraph.p${pvalue[i]}.d${d}.pdf --vMax 4 --dpi 330  --loops /home/lengliang/lzy/sj_3d/results/4_hicexplorer/7_hicDetectLoops/syun/syun_300000_loops.bedgraph.p${pvalue[i]}.d${d}  2>>/home/lengliang/lzy/sj_3d/results/4_hicexplorer/7_hicDetectLoops/log/syun_300000_loop.log
            fi

        done
    }
} 
f
echo ''>/home/lengliang/lzy/sj_3d/results/4_hicexplorer/7_hicDetectLoops/syun/syun_300000_loops.bedgraph

Submitted job 24 with external jobid '10117.mu01'.

[Tue Jan 17 12:34:46 2023]
rule hicDetectLoops:
    input: /home/lengliang/lzy/sj_3d/results/4_hicexplorer/3_hicCorrectMatrix/100000/scep_100000_corrected.h5
    output: /home/lengliang/lzy/sj_3d/results/4_hicexplorer/7_hicDetectLoops/scep/scep_100000_loops.bedgraph
    log: /home/lengliang/lzy/sj_3d/results/4_hicexplorer/7_hicDetectLoops/log/scep_100000_loop.log
    jobid: 10
    reason: Missing output files: /home/lengliang/lzy/sj_3d/results/4_hicexplorer/7_hicDetectLoops/scep/scep_100000_loops.bedgraph
    wildcards: sample=scep, resolution=100000
    threads: 24
    resources: mem_mb=1000, disk_mb=4191800, tmpdir=/home/lengliang/lzy/tmp/3d/


function f(){   
    local pvalue=(0.05 0.1 0.5 1)
    local dis=(8000000 20000000)
    local pp=(0.1 0.5 1 1)
    local num=${#pvalue[@]}
    for((i=0;i<num;i++)){
        for d in ${dis[*]}
        do
            # echo "${pvalue[i]}and${d}and ${pp[i]}"
            ~/lzy/mambaforge/bin/hicDetectLoops -m /home/lengliang/lzy/sj_3d/results/4_hicexplorer/3_hicCorrectMatrix/100000/scep_100000_corrected.h5 -o /home/lengliang/lzy/sj_3d/results/4_hicexplorer/7_hicDetectLoops/scep/scep_100000_loops.bedgraph.p${pvalue[i]}.d${d} --maxLoopDistance ${d} --peakInteractionsThreshold 5 --threads 24 --peakWidth 2 --windowSize 5 --pValuePreselection  ${pp[i]} --pValue ${pvalue[i]} 2>>/home/lengliang/lzy/sj_3d/results/4_hicexplorer/7_hicDetectLoops/log/scep_100000_loop.log
                # -f 参数判断 $file 是否存在
            if [ -f "/home/lengliang/lzy/sj_3d/results/4_hicexplorer/7_hicDetectLoops/scep/scep_100000_loops.bedgraph.p${pvalue[i]}.d${d}" ]; then
                ~/lzy/mambaforge/bin/hicPlotMatrix -m /home/lengliang/lzy/sj_3d/results/4_hicexplorer/3_hicCorrectMatrix/100000/scep_100000_corrected.h5 -o /home/lengliang/lzy/sj_3d/results/4_hicexplorer/7_hicDetectLoops/scep/scep_100000_loops.bedgraph.p${pvalue[i]}.d${d}.pdf --vMax 4 --dpi 330  --loops /home/lengliang/lzy/sj_3d/results/4_hicexplorer/7_hicDetectLoops/scep/scep_100000_loops.bedgraph.p${pvalue[i]}.d${d}  2>>/home/lengliang/lzy/sj_3d/results/4_hicexplorer/7_hicDetectLoops/log/scep_100000_loop.log
            fi

        done
    }
} 
f
echo ''>/home/lengliang/lzy/sj_3d/results/4_hicexplorer/7_hicDetectLoops/scep/scep_100000_loops.bedgraph

Submitted job 10 with external jobid '10118.mu01'.

[Tue Jan 17 12:34:46 2023]
rule hicDetectLoops:
    input: /home/lengliang/lzy/sj_3d/results/4_hicexplorer/3_hicCorrectMatrix/10000/sjap_10000_corrected.h5
    output: /home/lengliang/lzy/sj_3d/results/4_hicexplorer/7_hicDetectLoops/sjap/sjap_10000_loops.bedgraph
    log: /home/lengliang/lzy/sj_3d/results/4_hicexplorer/7_hicDetectLoops/log/sjap_10000_loop.log
    jobid: 3
    reason: Missing output files: /home/lengliang/lzy/sj_3d/results/4_hicexplorer/7_hicDetectLoops/sjap/sjap_10000_loops.bedgraph
    wildcards: sample=sjap, resolution=10000
    threads: 24
    resources: mem_mb=1000, disk_mb=4191800, tmpdir=/home/lengliang/lzy/tmp/3d/


function f(){   
    local pvalue=(0.05 0.1 0.5 1)
    local dis=(8000000 20000000)
    local pp=(0.1 0.5 1 1)
    local num=${#pvalue[@]}
    for((i=0;i<num;i++)){
        for d in ${dis[*]}
        do
            # echo "${pvalue[i]}and${d}and ${pp[i]}"
            ~/lzy/mambaforge/bin/hicDetectLoops -m /home/lengliang/lzy/sj_3d/results/4_hicexplorer/3_hicCorrectMatrix/10000/sjap_10000_corrected.h5 -o /home/lengliang/lzy/sj_3d/results/4_hicexplorer/7_hicDetectLoops/sjap/sjap_10000_loops.bedgraph.p${pvalue[i]}.d${d} --maxLoopDistance ${d} --peakInteractionsThreshold 5 --threads 24 --peakWidth 2 --windowSize 5 --pValuePreselection  ${pp[i]} --pValue ${pvalue[i]} 2>>/home/lengliang/lzy/sj_3d/results/4_hicexplorer/7_hicDetectLoops/log/sjap_10000_loop.log
                # -f 参数判断 $file 是否存在
            if [ -f "/home/lengliang/lzy/sj_3d/results/4_hicexplorer/7_hicDetectLoops/sjap/sjap_10000_loops.bedgraph.p${pvalue[i]}.d${d}" ]; then
                ~/lzy/mambaforge/bin/hicPlotMatrix -m /home/lengliang/lzy/sj_3d/results/4_hicexplorer/3_hicCorrectMatrix/10000/sjap_10000_corrected.h5 -o /home/lengliang/lzy/sj_3d/results/4_hicexplorer/7_hicDetectLoops/sjap/sjap_10000_loops.bedgraph.p${pvalue[i]}.d${d}.pdf --vMax 4 --dpi 330  --loops /home/lengliang/lzy/sj_3d/results/4_hicexplorer/7_hicDetectLoops/sjap/sjap_10000_loops.bedgraph.p${pvalue[i]}.d${d}  2>>/home/lengliang/lzy/sj_3d/results/4_hicexplorer/7_hicDetectLoops/log/sjap_10000_loop.log
            fi

        done
    }
} 
f
echo ''>/home/lengliang/lzy/sj_3d/results/4_hicexplorer/7_hicDetectLoops/sjap/sjap_10000_loops.bedgraph

Submitted job 3 with external jobid '10119.mu01'.

[Tue Jan 17 12:34:46 2023]
rule hicDetectLoops:
    input: /home/lengliang/lzy/sj_3d/results/4_hicexplorer/3_hicCorrectMatrix/250000/scep_250000_corrected.h5
    output: /home/lengliang/lzy/sj_3d/results/4_hicexplorer/7_hicDetectLoops/scep/scep_250000_loops.bedgraph
    log: /home/lengliang/lzy/sj_3d/results/4_hicexplorer/7_hicDetectLoops/log/scep_250000_loop.log
    jobid: 17
    reason: Missing output files: /home/lengliang/lzy/sj_3d/results/4_hicexplorer/7_hicDetectLoops/scep/scep_250000_loops.bedgraph
    wildcards: sample=scep, resolution=250000
    threads: 24
    resources: mem_mb=1000, disk_mb=4191800, tmpdir=/home/lengliang/lzy/tmp/3d/


function f(){   
    local pvalue=(0.05 0.1 0.5 1)
    local dis=(8000000 20000000)
    local pp=(0.1 0.5 1 1)
    local num=${#pvalue[@]}
    for((i=0;i<num;i++)){
        for d in ${dis[*]}
        do
            # echo "${pvalue[i]}and${d}and ${pp[i]}"
            ~/lzy/mambaforge/bin/hicDetectLoops -m /home/lengliang/lzy/sj_3d/results/4_hicexplorer/3_hicCorrectMatrix/250000/scep_250000_corrected.h5 -o /home/lengliang/lzy/sj_3d/results/4_hicexplorer/7_hicDetectLoops/scep/scep_250000_loops.bedgraph.p${pvalue[i]}.d${d} --maxLoopDistance ${d} --peakInteractionsThreshold 5 --threads 24 --peakWidth 2 --windowSize 5 --pValuePreselection  ${pp[i]} --pValue ${pvalue[i]} 2>>/home/lengliang/lzy/sj_3d/results/4_hicexplorer/7_hicDetectLoops/log/scep_250000_loop.log
                # -f 参数判断 $file 是否存在
            if [ -f "/home/lengliang/lzy/sj_3d/results/4_hicexplorer/7_hicDetectLoops/scep/scep_250000_loops.bedgraph.p${pvalue[i]}.d${d}" ]; then
                ~/lzy/mambaforge/bin/hicPlotMatrix -m /home/lengliang/lzy/sj_3d/results/4_hicexplorer/3_hicCorrectMatrix/250000/scep_250000_corrected.h5 -o /home/lengliang/lzy/sj_3d/results/4_hicexplorer/7_hicDetectLoops/scep/scep_250000_loops.bedgraph.p${pvalue[i]}.d${d}.pdf --vMax 4 --dpi 330  --loops /home/lengliang/lzy/sj_3d/results/4_hicexplorer/7_hicDetectLoops/scep/scep_250000_loops.bedgraph.p${pvalue[i]}.d${d}  2>>/home/lengliang/lzy/sj_3d/results/4_hicexplorer/7_hicDetectLoops/log/scep_250000_loop.log
            fi

        done
    }
} 
f
echo ''>/home/lengliang/lzy/sj_3d/results/4_hicexplorer/7_hicDetectLoops/scep/scep_250000_loops.bedgraph

Submitted job 17 with external jobid '10120.mu01'.

[Tue Jan 17 12:34:46 2023]
rule hicDetectLoops:
    input: /home/lengliang/lzy/sj_3d/results/4_hicexplorer/3_hicCorrectMatrix/500000/sjap_500000_corrected.h5
    output: /home/lengliang/lzy/sj_3d/results/4_hicexplorer/7_hicDetectLoops/sjap/sjap_500000_loops.bedgraph
    log: /home/lengliang/lzy/sj_3d/results/4_hicexplorer/7_hicDetectLoops/log/sjap_500000_loop.log
    jobid: 5
    reason: Missing output files: /home/lengliang/lzy/sj_3d/results/4_hicexplorer/7_hicDetectLoops/sjap/sjap_500000_loops.bedgraph
    wildcards: sample=sjap, resolution=500000
    threads: 24
    resources: mem_mb=1000, disk_mb=4191800, tmpdir=/home/lengliang/lzy/tmp/3d/


function f(){   
    local pvalue=(0.05 0.1 0.5 1)
    local dis=(8000000 20000000)
    local pp=(0.1 0.5 1 1)
    local num=${#pvalue[@]}
    for((i=0;i<num;i++)){
        for d in ${dis[*]}
        do
            # echo "${pvalue[i]}and${d}and ${pp[i]}"
            ~/lzy/mambaforge/bin/hicDetectLoops -m /home/lengliang/lzy/sj_3d/results/4_hicexplorer/3_hicCorrectMatrix/500000/sjap_500000_corrected.h5 -o /home/lengliang/lzy/sj_3d/results/4_hicexplorer/7_hicDetectLoops/sjap/sjap_500000_loops.bedgraph.p${pvalue[i]}.d${d} --maxLoopDistance ${d} --peakInteractionsThreshold 5 --threads 24 --peakWidth 2 --windowSize 5 --pValuePreselection  ${pp[i]} --pValue ${pvalue[i]} 2>>/home/lengliang/lzy/sj_3d/results/4_hicexplorer/7_hicDetectLoops/log/sjap_500000_loop.log
                # -f 参数判断 $file 是否存在
            if [ -f "/home/lengliang/lzy/sj_3d/results/4_hicexplorer/7_hicDetectLoops/sjap/sjap_500000_loops.bedgraph.p${pvalue[i]}.d${d}" ]; then
                ~/lzy/mambaforge/bin/hicPlotMatrix -m /home/lengliang/lzy/sj_3d/results/4_hicexplorer/3_hicCorrectMatrix/500000/sjap_500000_corrected.h5 -o /home/lengliang/lzy/sj_3d/results/4_hicexplorer/7_hicDetectLoops/sjap/sjap_500000_loops.bedgraph.p${pvalue[i]}.d${d}.pdf --vMax 4 --dpi 330  --loops /home/lengliang/lzy/sj_3d/results/4_hicexplorer/7_hicDetectLoops/sjap/sjap_500000_loops.bedgraph.p${pvalue[i]}.d${d}  2>>/home/lengliang/lzy/sj_3d/results/4_hicexplorer/7_hicDetectLoops/log/sjap_500000_loop.log
            fi

        done
    }
} 
f
echo ''>/home/lengliang/lzy/sj_3d/results/4_hicexplorer/7_hicDetectLoops/sjap/sjap_500000_loops.bedgraph

Submitted job 5 with external jobid '10121.mu01'.

[Tue Jan 17 12:34:46 2023]
rule hicDetectLoops:
    input: /home/lengliang/lzy/sj_3d/results/4_hicexplorer/3_hicCorrectMatrix/100000/syun_100000_corrected.h5
    output: /home/lengliang/lzy/sj_3d/results/4_hicexplorer/7_hicDetectLoops/syun/syun_100000_loops.bedgraph
    log: /home/lengliang/lzy/sj_3d/results/4_hicexplorer/7_hicDetectLoops/log/syun_100000_loop.log
    jobid: 19
    reason: Missing output files: /home/lengliang/lzy/sj_3d/results/4_hicexplorer/7_hicDetectLoops/syun/syun_100000_loops.bedgraph
    wildcards: sample=syun, resolution=100000
    threads: 24
    resources: mem_mb=1000, disk_mb=4191800, tmpdir=/home/lengliang/lzy/tmp/3d/


function f(){   
    local pvalue=(0.05 0.1 0.5 1)
    local dis=(8000000 20000000)
    local pp=(0.1 0.5 1 1)
    local num=${#pvalue[@]}
    for((i=0;i<num;i++)){
        for d in ${dis[*]}
        do
            # echo "${pvalue[i]}and${d}and ${pp[i]}"
            ~/lzy/mambaforge/bin/hicDetectLoops -m /home/lengliang/lzy/sj_3d/results/4_hicexplorer/3_hicCorrectMatrix/100000/syun_100000_corrected.h5 -o /home/lengliang/lzy/sj_3d/results/4_hicexplorer/7_hicDetectLoops/syun/syun_100000_loops.bedgraph.p${pvalue[i]}.d${d} --maxLoopDistance ${d} --peakInteractionsThreshold 5 --threads 24 --peakWidth 2 --windowSize 5 --pValuePreselection  ${pp[i]} --pValue ${pvalue[i]} 2>>/home/lengliang/lzy/sj_3d/results/4_hicexplorer/7_hicDetectLoops/log/syun_100000_loop.log
                # -f 参数判断 $file 是否存在
            if [ -f "/home/lengliang/lzy/sj_3d/results/4_hicexplorer/7_hicDetectLoops/syun/syun_100000_loops.bedgraph.p${pvalue[i]}.d${d}" ]; then
                ~/lzy/mambaforge/bin/hicPlotMatrix -m /home/lengliang/lzy/sj_3d/results/4_hicexplorer/3_hicCorrectMatrix/100000/syun_100000_corrected.h5 -o /home/lengliang/lzy/sj_3d/results/4_hicexplorer/7_hicDetectLoops/syun/syun_100000_loops.bedgraph.p${pvalue[i]}.d${d}.pdf --vMax 4 --dpi 330  --loops /home/lengliang/lzy/sj_3d/results/4_hicexplorer/7_hicDetectLoops/syun/syun_100000_loops.bedgraph.p${pvalue[i]}.d${d}  2>>/home/lengliang/lzy/sj_3d/results/4_hicexplorer/7_hicDetectLoops/log/syun_100000_loop.log
            fi

        done
    }
} 
f
echo ''>/home/lengliang/lzy/sj_3d/results/4_hicexplorer/7_hicDetectLoops/syun/syun_100000_loops.bedgraph

Submitted job 19 with external jobid '10122.mu01'.

[Tue Jan 17 12:34:46 2023]
rule hicDetectLoops:
    input: /home/lengliang/lzy/sj_3d/results/4_hicexplorer/3_hicCorrectMatrix/25000/scep_25000_corrected.h5
    output: /home/lengliang/lzy/sj_3d/results/4_hicexplorer/7_hicDetectLoops/scep/scep_25000_loops.bedgraph
    log: /home/lengliang/lzy/sj_3d/results/4_hicexplorer/7_hicDetectLoops/log/scep_25000_loop.log
    jobid: 13
    reason: Missing output files: /home/lengliang/lzy/sj_3d/results/4_hicexplorer/7_hicDetectLoops/scep/scep_25000_loops.bedgraph
    wildcards: sample=scep, resolution=25000
    threads: 24
    resources: mem_mb=1000, disk_mb=4191800, tmpdir=/home/lengliang/lzy/tmp/3d/


function f(){   
    local pvalue=(0.05 0.1 0.5 1)
    local dis=(8000000 20000000)
    local pp=(0.1 0.5 1 1)
    local num=${#pvalue[@]}
    for((i=0;i<num;i++)){
        for d in ${dis[*]}
        do
            # echo "${pvalue[i]}and${d}and ${pp[i]}"
            ~/lzy/mambaforge/bin/hicDetectLoops -m /home/lengliang/lzy/sj_3d/results/4_hicexplorer/3_hicCorrectMatrix/25000/scep_25000_corrected.h5 -o /home/lengliang/lzy/sj_3d/results/4_hicexplorer/7_hicDetectLoops/scep/scep_25000_loops.bedgraph.p${pvalue[i]}.d${d} --maxLoopDistance ${d} --peakInteractionsThreshold 5 --threads 24 --peakWidth 2 --windowSize 5 --pValuePreselection  ${pp[i]} --pValue ${pvalue[i]} 2>>/home/lengliang/lzy/sj_3d/results/4_hicexplorer/7_hicDetectLoops/log/scep_25000_loop.log
                # -f 参数判断 $file 是否存在
            if [ -f "/home/lengliang/lzy/sj_3d/results/4_hicexplorer/7_hicDetectLoops/scep/scep_25000_loops.bedgraph.p${pvalue[i]}.d${d}" ]; then
                ~/lzy/mambaforge/bin/hicPlotMatrix -m /home/lengliang/lzy/sj_3d/results/4_hicexplorer/3_hicCorrectMatrix/25000/scep_25000_corrected.h5 -o /home/lengliang/lzy/sj_3d/results/4_hicexplorer/7_hicDetectLoops/scep/scep_25000_loops.bedgraph.p${pvalue[i]}.d${d}.pdf --vMax 4 --dpi 330  --loops /home/lengliang/lzy/sj_3d/results/4_hicexplorer/7_hicDetectLoops/scep/scep_25000_loops.bedgraph.p${pvalue[i]}.d${d}  2>>/home/lengliang/lzy/sj_3d/results/4_hicexplorer/7_hicDetectLoops/log/scep_25000_loop.log
            fi

        done
    }
} 
f
echo ''>/home/lengliang/lzy/sj_3d/results/4_hicexplorer/7_hicDetectLoops/scep/scep_25000_loops.bedgraph

Submitted job 13 with external jobid '10123.mu01'.

[Tue Jan 17 12:34:46 2023]
rule hicDetectLoops:
    input: /home/lengliang/lzy/sj_3d/results/4_hicexplorer/3_hicCorrectMatrix/50000/syun_50000_corrected.h5
    output: /home/lengliang/lzy/sj_3d/results/4_hicexplorer/7_hicDetectLoops/syun/syun_50000_loops.bedgraph
    log: /home/lengliang/lzy/sj_3d/results/4_hicexplorer/7_hicDetectLoops/log/syun_50000_loop.log
    jobid: 27
    reason: Missing output files: /home/lengliang/lzy/sj_3d/results/4_hicexplorer/7_hicDetectLoops/syun/syun_50000_loops.bedgraph
    wildcards: sample=syun, resolution=50000
    threads: 24
    resources: mem_mb=1000, disk_mb=4191800, tmpdir=/home/lengliang/lzy/tmp/3d/


function f(){   
    local pvalue=(0.05 0.1 0.5 1)
    local dis=(8000000 20000000)
    local pp=(0.1 0.5 1 1)
    local num=${#pvalue[@]}
    for((i=0;i<num;i++)){
        for d in ${dis[*]}
        do
            # echo "${pvalue[i]}and${d}and ${pp[i]}"
            ~/lzy/mambaforge/bin/hicDetectLoops -m /home/lengliang/lzy/sj_3d/results/4_hicexplorer/3_hicCorrectMatrix/50000/syun_50000_corrected.h5 -o /home/lengliang/lzy/sj_3d/results/4_hicexplorer/7_hicDetectLoops/syun/syun_50000_loops.bedgraph.p${pvalue[i]}.d${d} --maxLoopDistance ${d} --peakInteractionsThreshold 5 --threads 24 --peakWidth 2 --windowSize 5 --pValuePreselection  ${pp[i]} --pValue ${pvalue[i]} 2>>/home/lengliang/lzy/sj_3d/results/4_hicexplorer/7_hicDetectLoops/log/syun_50000_loop.log
                # -f 参数判断 $file 是否存在
            if [ -f "/home/lengliang/lzy/sj_3d/results/4_hicexplorer/7_hicDetectLoops/syun/syun_50000_loops.bedgraph.p${pvalue[i]}.d${d}" ]; then
                ~/lzy/mambaforge/bin/hicPlotMatrix -m /home/lengliang/lzy/sj_3d/results/4_hicexplorer/3_hicCorrectMatrix/50000/syun_50000_corrected.h5 -o /home/lengliang/lzy/sj_3d/results/4_hicexplorer/7_hicDetectLoops/syun/syun_50000_loops.bedgraph.p${pvalue[i]}.d${d}.pdf --vMax 4 --dpi 330  --loops /home/lengliang/lzy/sj_3d/results/4_hicexplorer/7_hicDetectLoops/syun/syun_50000_loops.bedgraph.p${pvalue[i]}.d${d}  2>>/home/lengliang/lzy/sj_3d/results/4_hicexplorer/7_hicDetectLoops/log/syun_50000_loop.log
            fi

        done
    }
} 
f
echo ''>/home/lengliang/lzy/sj_3d/results/4_hicexplorer/7_hicDetectLoops/syun/syun_50000_loops.bedgraph

Submitted job 27 with external jobid '10124.mu01'.

[Tue Jan 17 12:34:46 2023]
rule hicDetectLoops:
    input: /home/lengliang/lzy/sj_3d/results/4_hicexplorer/3_hicCorrectMatrix/40000/syun_40000_corrected.h5
    output: /home/lengliang/lzy/sj_3d/results/4_hicexplorer/7_hicDetectLoops/syun/syun_40000_loops.bedgraph
    log: /home/lengliang/lzy/sj_3d/results/4_hicexplorer/7_hicDetectLoops/log/syun_40000_loop.log
    jobid: 20
    reason: Missing output files: /home/lengliang/lzy/sj_3d/results/4_hicexplorer/7_hicDetectLoops/syun/syun_40000_loops.bedgraph
    wildcards: sample=syun, resolution=40000
    threads: 24
    resources: mem_mb=1000, disk_mb=4191800, tmpdir=/home/lengliang/lzy/tmp/3d/


function f(){   
    local pvalue=(0.05 0.1 0.5 1)
    local dis=(8000000 20000000)
    local pp=(0.1 0.5 1 1)
    local num=${#pvalue[@]}
    for((i=0;i<num;i++)){
        for d in ${dis[*]}
        do
            # echo "${pvalue[i]}and${d}and ${pp[i]}"
            ~/lzy/mambaforge/bin/hicDetectLoops -m /home/lengliang/lzy/sj_3d/results/4_hicexplorer/3_hicCorrectMatrix/40000/syun_40000_corrected.h5 -o /home/lengliang/lzy/sj_3d/results/4_hicexplorer/7_hicDetectLoops/syun/syun_40000_loops.bedgraph.p${pvalue[i]}.d${d} --maxLoopDistance ${d} --peakInteractionsThreshold 5 --threads 24 --peakWidth 2 --windowSize 5 --pValuePreselection  ${pp[i]} --pValue ${pvalue[i]} 2>>/home/lengliang/lzy/sj_3d/results/4_hicexplorer/7_hicDetectLoops/log/syun_40000_loop.log
                # -f 参数判断 $file 是否存在
            if [ -f "/home/lengliang/lzy/sj_3d/results/4_hicexplorer/7_hicDetectLoops/syun/syun_40000_loops.bedgraph.p${pvalue[i]}.d${d}" ]; then
                ~/lzy/mambaforge/bin/hicPlotMatrix -m /home/lengliang/lzy/sj_3d/results/4_hicexplorer/3_hicCorrectMatrix/40000/syun_40000_corrected.h5 -o /home/lengliang/lzy/sj_3d/results/4_hicexplorer/7_hicDetectLoops/syun/syun_40000_loops.bedgraph.p${pvalue[i]}.d${d}.pdf --vMax 4 --dpi 330  --loops /home/lengliang/lzy/sj_3d/results/4_hicexplorer/7_hicDetectLoops/syun/syun_40000_loops.bedgraph.p${pvalue[i]}.d${d}  2>>/home/lengliang/lzy/sj_3d/results/4_hicexplorer/7_hicDetectLoops/log/syun_40000_loop.log
            fi

        done
    }
} 
f
echo ''>/home/lengliang/lzy/sj_3d/results/4_hicexplorer/7_hicDetectLoops/syun/syun_40000_loops.bedgraph

Submitted job 20 with external jobid '10125.mu01'.

[Tue Jan 17 12:34:47 2023]
rule hicDetectLoops:
    input: /home/lengliang/lzy/sj_3d/results/4_hicexplorer/3_hicCorrectMatrix/300000/sjap_300000_corrected.h5
    output: /home/lengliang/lzy/sj_3d/results/4_hicexplorer/7_hicDetectLoops/sjap/sjap_300000_loops.bedgraph
    log: /home/lengliang/lzy/sj_3d/results/4_hicexplorer/7_hicDetectLoops/log/sjap_300000_loop.log
    jobid: 6
    reason: Missing output files: /home/lengliang/lzy/sj_3d/results/4_hicexplorer/7_hicDetectLoops/sjap/sjap_300000_loops.bedgraph
    wildcards: sample=sjap, resolution=300000
    threads: 24
    resources: mem_mb=1000, disk_mb=4191800, tmpdir=/home/lengliang/lzy/tmp/3d/


function f(){   
    local pvalue=(0.05 0.1 0.5 1)
    local dis=(8000000 20000000)
    local pp=(0.1 0.5 1 1)
    local num=${#pvalue[@]}
    for((i=0;i<num;i++)){
        for d in ${dis[*]}
        do
            # echo "${pvalue[i]}and${d}and ${pp[i]}"
            ~/lzy/mambaforge/bin/hicDetectLoops -m /home/lengliang/lzy/sj_3d/results/4_hicexplorer/3_hicCorrectMatrix/300000/sjap_300000_corrected.h5 -o /home/lengliang/lzy/sj_3d/results/4_hicexplorer/7_hicDetectLoops/sjap/sjap_300000_loops.bedgraph.p${pvalue[i]}.d${d} --maxLoopDistance ${d} --peakInteractionsThreshold 5 --threads 24 --peakWidth 2 --windowSize 5 --pValuePreselection  ${pp[i]} --pValue ${pvalue[i]} 2>>/home/lengliang/lzy/sj_3d/results/4_hicexplorer/7_hicDetectLoops/log/sjap_300000_loop.log
                # -f 参数判断 $file 是否存在
            if [ -f "/home/lengliang/lzy/sj_3d/results/4_hicexplorer/7_hicDetectLoops/sjap/sjap_300000_loops.bedgraph.p${pvalue[i]}.d${d}" ]; then
                ~/lzy/mambaforge/bin/hicPlotMatrix -m /home/lengliang/lzy/sj_3d/results/4_hicexplorer/3_hicCorrectMatrix/300000/sjap_300000_corrected.h5 -o /home/lengliang/lzy/sj_3d/results/4_hicexplorer/7_hicDetectLoops/sjap/sjap_300000_loops.bedgraph.p${pvalue[i]}.d${d}.pdf --vMax 4 --dpi 330  --loops /home/lengliang/lzy/sj_3d/results/4_hicexplorer/7_hicDetectLoops/sjap/sjap_300000_loops.bedgraph.p${pvalue[i]}.d${d}  2>>/home/lengliang/lzy/sj_3d/results/4_hicexplorer/7_hicDetectLoops/log/sjap_300000_loop.log
            fi

        done
    }
} 
f
echo ''>/home/lengliang/lzy/sj_3d/results/4_hicexplorer/7_hicDetectLoops/sjap/sjap_300000_loops.bedgraph

Submitted job 6 with external jobid '10126.mu01'.

[Tue Jan 17 12:34:47 2023]
rule hicDetectLoops:
    input: /home/lengliang/lzy/sj_3d/results/4_hicexplorer/3_hicCorrectMatrix/500000/scep_500000_corrected.h5
    output: /home/lengliang/lzy/sj_3d/results/4_hicexplorer/7_hicDetectLoops/scep/scep_500000_loops.bedgraph
    log: /home/lengliang/lzy/sj_3d/results/4_hicexplorer/7_hicDetectLoops/log/scep_500000_loop.log
    jobid: 14
    reason: Missing output files: /home/lengliang/lzy/sj_3d/results/4_hicexplorer/7_hicDetectLoops/scep/scep_500000_loops.bedgraph
    wildcards: sample=scep, resolution=500000
    threads: 24
    resources: mem_mb=1000, disk_mb=4191800, tmpdir=/home/lengliang/lzy/tmp/3d/


function f(){   
    local pvalue=(0.05 0.1 0.5 1)
    local dis=(8000000 20000000)
    local pp=(0.1 0.5 1 1)
    local num=${#pvalue[@]}
    for((i=0;i<num;i++)){
        for d in ${dis[*]}
        do
            # echo "${pvalue[i]}and${d}and ${pp[i]}"
            ~/lzy/mambaforge/bin/hicDetectLoops -m /home/lengliang/lzy/sj_3d/results/4_hicexplorer/3_hicCorrectMatrix/500000/scep_500000_corrected.h5 -o /home/lengliang/lzy/sj_3d/results/4_hicexplorer/7_hicDetectLoops/scep/scep_500000_loops.bedgraph.p${pvalue[i]}.d${d} --maxLoopDistance ${d} --peakInteractionsThreshold 5 --threads 24 --peakWidth 2 --windowSize 5 --pValuePreselection  ${pp[i]} --pValue ${pvalue[i]} 2>>/home/lengliang/lzy/sj_3d/results/4_hicexplorer/7_hicDetectLoops/log/scep_500000_loop.log
                # -f 参数判断 $file 是否存在
            if [ -f "/home/lengliang/lzy/sj_3d/results/4_hicexplorer/7_hicDetectLoops/scep/scep_500000_loops.bedgraph.p${pvalue[i]}.d${d}" ]; then
                ~/lzy/mambaforge/bin/hicPlotMatrix -m /home/lengliang/lzy/sj_3d/results/4_hicexplorer/3_hicCorrectMatrix/500000/scep_500000_corrected.h5 -o /home/lengliang/lzy/sj_3d/results/4_hicexplorer/7_hicDetectLoops/scep/scep_500000_loops.bedgraph.p${pvalue[i]}.d${d}.pdf --vMax 4 --dpi 330  --loops /home/lengliang/lzy/sj_3d/results/4_hicexplorer/7_hicDetectLoops/scep/scep_500000_loops.bedgraph.p${pvalue[i]}.d${d}  2>>/home/lengliang/lzy/sj_3d/results/4_hicexplorer/7_hicDetectLoops/log/scep_500000_loop.log
            fi

        done
    }
} 
f
echo ''>/home/lengliang/lzy/sj_3d/results/4_hicexplorer/7_hicDetectLoops/scep/scep_500000_loops.bedgraph

Submitted job 14 with external jobid '10127.mu01'.

[Tue Jan 17 12:34:47 2023]
rule hicDetectLoops:
    input: /home/lengliang/lzy/sj_3d/results/4_hicexplorer/3_hicCorrectMatrix/250000/sjap_250000_corrected.h5
    output: /home/lengliang/lzy/sj_3d/results/4_hicexplorer/7_hicDetectLoops/sjap/sjap_250000_loops.bedgraph
    log: /home/lengliang/lzy/sj_3d/results/4_hicexplorer/7_hicDetectLoops/log/sjap_250000_loop.log
    jobid: 8
    reason: Missing output files: /home/lengliang/lzy/sj_3d/results/4_hicexplorer/7_hicDetectLoops/sjap/sjap_250000_loops.bedgraph
    wildcards: sample=sjap, resolution=250000
    threads: 24
    resources: mem_mb=1000, disk_mb=4191800, tmpdir=/home/lengliang/lzy/tmp/3d/


function f(){   
    local pvalue=(0.05 0.1 0.5 1)
    local dis=(8000000 20000000)
    local pp=(0.1 0.5 1 1)
    local num=${#pvalue[@]}
    for((i=0;i<num;i++)){
        for d in ${dis[*]}
        do
            # echo "${pvalue[i]}and${d}and ${pp[i]}"
            ~/lzy/mambaforge/bin/hicDetectLoops -m /home/lengliang/lzy/sj_3d/results/4_hicexplorer/3_hicCorrectMatrix/250000/sjap_250000_corrected.h5 -o /home/lengliang/lzy/sj_3d/results/4_hicexplorer/7_hicDetectLoops/sjap/sjap_250000_loops.bedgraph.p${pvalue[i]}.d${d} --maxLoopDistance ${d} --peakInteractionsThreshold 5 --threads 24 --peakWidth 2 --windowSize 5 --pValuePreselection  ${pp[i]} --pValue ${pvalue[i]} 2>>/home/lengliang/lzy/sj_3d/results/4_hicexplorer/7_hicDetectLoops/log/sjap_250000_loop.log
                # -f 参数判断 $file 是否存在
            if [ -f "/home/lengliang/lzy/sj_3d/results/4_hicexplorer/7_hicDetectLoops/sjap/sjap_250000_loops.bedgraph.p${pvalue[i]}.d${d}" ]; then
                ~/lzy/mambaforge/bin/hicPlotMatrix -m /home/lengliang/lzy/sj_3d/results/4_hicexplorer/3_hicCorrectMatrix/250000/sjap_250000_corrected.h5 -o /home/lengliang/lzy/sj_3d/results/4_hicexplorer/7_hicDetectLoops/sjap/sjap_250000_loops.bedgraph.p${pvalue[i]}.d${d}.pdf --vMax 4 --dpi 330  --loops /home/lengliang/lzy/sj_3d/results/4_hicexplorer/7_hicDetectLoops/sjap/sjap_250000_loops.bedgraph.p${pvalue[i]}.d${d}  2>>/home/lengliang/lzy/sj_3d/results/4_hicexplorer/7_hicDetectLoops/log/sjap_250000_loop.log
            fi

        done
    }
} 
f
echo ''>/home/lengliang/lzy/sj_3d/results/4_hicexplorer/7_hicDetectLoops/sjap/sjap_250000_loops.bedgraph

Submitted job 8 with external jobid '10128.mu01'.

[Tue Jan 17 12:34:47 2023]
rule hicDetectLoops:
    input: /home/lengliang/lzy/sj_3d/results/4_hicexplorer/3_hicCorrectMatrix/5000/sjap_5000_corrected.h5
    output: /home/lengliang/lzy/sj_3d/results/4_hicexplorer/7_hicDetectLoops/sjap/sjap_5000_loops.bedgraph
    log: /home/lengliang/lzy/sj_3d/results/4_hicexplorer/7_hicDetectLoops/log/sjap_5000_loop.log
    jobid: 7
    reason: Missing output files: /home/lengliang/lzy/sj_3d/results/4_hicexplorer/7_hicDetectLoops/sjap/sjap_5000_loops.bedgraph
    wildcards: sample=sjap, resolution=5000
    threads: 24
    resources: mem_mb=1103, disk_mb=4191800, tmpdir=/home/lengliang/lzy/tmp/3d/


function f(){   
    local pvalue=(0.05 0.1 0.5 1)
    local dis=(8000000 20000000)
    local pp=(0.1 0.5 1 1)
    local num=${#pvalue[@]}
    for((i=0;i<num;i++)){
        for d in ${dis[*]}
        do
            # echo "${pvalue[i]}and${d}and ${pp[i]}"
            ~/lzy/mambaforge/bin/hicDetectLoops -m /home/lengliang/lzy/sj_3d/results/4_hicexplorer/3_hicCorrectMatrix/5000/sjap_5000_corrected.h5 -o /home/lengliang/lzy/sj_3d/results/4_hicexplorer/7_hicDetectLoops/sjap/sjap_5000_loops.bedgraph.p${pvalue[i]}.d${d} --maxLoopDistance ${d} --peakInteractionsThreshold 5 --threads 24 --peakWidth 2 --windowSize 5 --pValuePreselection  ${pp[i]} --pValue ${pvalue[i]} 2>>/home/lengliang/lzy/sj_3d/results/4_hicexplorer/7_hicDetectLoops/log/sjap_5000_loop.log
                # -f 参数判断 $file 是否存在
            if [ -f "/home/lengliang/lzy/sj_3d/results/4_hicexplorer/7_hicDetectLoops/sjap/sjap_5000_loops.bedgraph.p${pvalue[i]}.d${d}" ]; then
                ~/lzy/mambaforge/bin/hicPlotMatrix -m /home/lengliang/lzy/sj_3d/results/4_hicexplorer/3_hicCorrectMatrix/5000/sjap_5000_corrected.h5 -o /home/lengliang/lzy/sj_3d/results/4_hicexplorer/7_hicDetectLoops/sjap/sjap_5000_loops.bedgraph.p${pvalue[i]}.d${d}.pdf --vMax 4 --dpi 330  --loops /home/lengliang/lzy/sj_3d/results/4_hicexplorer/7_hicDetectLoops/sjap/sjap_5000_loops.bedgraph.p${pvalue[i]}.d${d}  2>>/home/lengliang/lzy/sj_3d/results/4_hicexplorer/7_hicDetectLoops/log/sjap_5000_loop.log
            fi

        done
    }
} 
f
echo ''>/home/lengliang/lzy/sj_3d/results/4_hicexplorer/7_hicDetectLoops/sjap/sjap_5000_loops.bedgraph

Submitted job 7 with external jobid '10129.mu01'.

[Tue Jan 17 12:34:47 2023]
rule hicDetectLoops:
    input: /home/lengliang/lzy/sj_3d/results/4_hicexplorer/3_hicCorrectMatrix/10000/syun_10000_corrected.h5
    output: /home/lengliang/lzy/sj_3d/results/4_hicexplorer/7_hicDetectLoops/syun/syun_10000_loops.bedgraph
    log: /home/lengliang/lzy/sj_3d/results/4_hicexplorer/7_hicDetectLoops/log/syun_10000_loop.log
    jobid: 21
    reason: Missing output files: /home/lengliang/lzy/sj_3d/results/4_hicexplorer/7_hicDetectLoops/syun/syun_10000_loops.bedgraph
    wildcards: sample=syun, resolution=10000
    threads: 24
    resources: mem_mb=1000, disk_mb=4191800, tmpdir=/home/lengliang/lzy/tmp/3d/


function f(){   
    local pvalue=(0.05 0.1 0.5 1)
    local dis=(8000000 20000000)
    local pp=(0.1 0.5 1 1)
    local num=${#pvalue[@]}
    for((i=0;i<num;i++)){
        for d in ${dis[*]}
        do
            # echo "${pvalue[i]}and${d}and ${pp[i]}"
            ~/lzy/mambaforge/bin/hicDetectLoops -m /home/lengliang/lzy/sj_3d/results/4_hicexplorer/3_hicCorrectMatrix/10000/syun_10000_corrected.h5 -o /home/lengliang/lzy/sj_3d/results/4_hicexplorer/7_hicDetectLoops/syun/syun_10000_loops.bedgraph.p${pvalue[i]}.d${d} --maxLoopDistance ${d} --peakInteractionsThreshold 5 --threads 24 --peakWidth 2 --windowSize 5 --pValuePreselection  ${pp[i]} --pValue ${pvalue[i]} 2>>/home/lengliang/lzy/sj_3d/results/4_hicexplorer/7_hicDetectLoops/log/syun_10000_loop.log
                # -f 参数判断 $file 是否存在
            if [ -f "/home/lengliang/lzy/sj_3d/results/4_hicexplorer/7_hicDetectLoops/syun/syun_10000_loops.bedgraph.p${pvalue[i]}.d${d}" ]; then
                ~/lzy/mambaforge/bin/hicPlotMatrix -m /home/lengliang/lzy/sj_3d/results/4_hicexplorer/3_hicCorrectMatrix/10000/syun_10000_corrected.h5 -o /home/lengliang/lzy/sj_3d/results/4_hicexplorer/7_hicDetectLoops/syun/syun_10000_loops.bedgraph.p${pvalue[i]}.d${d}.pdf --vMax 4 --dpi 330  --loops /home/lengliang/lzy/sj_3d/results/4_hicexplorer/7_hicDetectLoops/syun/syun_10000_loops.bedgraph.p${pvalue[i]}.d${d}  2>>/home/lengliang/lzy/sj_3d/results/4_hicexplorer/7_hicDetectLoops/log/syun_10000_loop.log
            fi

        done
    }
} 
f
echo ''>/home/lengliang/lzy/sj_3d/results/4_hicexplorer/7_hicDetectLoops/syun/syun_10000_loops.bedgraph

Submitted job 21 with external jobid '10130.mu01'.

[Tue Jan 17 12:34:47 2023]
rule hicDetectLoops:
    input: /home/lengliang/lzy/sj_3d/results/4_hicexplorer/3_hicCorrectMatrix/25000/syun_25000_corrected.h5
    output: /home/lengliang/lzy/sj_3d/results/4_hicexplorer/7_hicDetectLoops/syun/syun_25000_loops.bedgraph
    log: /home/lengliang/lzy/sj_3d/results/4_hicexplorer/7_hicDetectLoops/log/syun_25000_loop.log
    jobid: 22
    reason: Missing output files: /home/lengliang/lzy/sj_3d/results/4_hicexplorer/7_hicDetectLoops/syun/syun_25000_loops.bedgraph
    wildcards: sample=syun, resolution=25000
    threads: 24
    resources: mem_mb=1000, disk_mb=4191800, tmpdir=/home/lengliang/lzy/tmp/3d/


function f(){   
    local pvalue=(0.05 0.1 0.5 1)
    local dis=(8000000 20000000)
    local pp=(0.1 0.5 1 1)
    local num=${#pvalue[@]}
    for((i=0;i<num;i++)){
        for d in ${dis[*]}
        do
            # echo "${pvalue[i]}and${d}and ${pp[i]}"
            ~/lzy/mambaforge/bin/hicDetectLoops -m /home/lengliang/lzy/sj_3d/results/4_hicexplorer/3_hicCorrectMatrix/25000/syun_25000_corrected.h5 -o /home/lengliang/lzy/sj_3d/results/4_hicexplorer/7_hicDetectLoops/syun/syun_25000_loops.bedgraph.p${pvalue[i]}.d${d} --maxLoopDistance ${d} --peakInteractionsThreshold 5 --threads 24 --peakWidth 2 --windowSize 5 --pValuePreselection  ${pp[i]} --pValue ${pvalue[i]} 2>>/home/lengliang/lzy/sj_3d/results/4_hicexplorer/7_hicDetectLoops/log/syun_25000_loop.log
                # -f 参数判断 $file 是否存在
            if [ -f "/home/lengliang/lzy/sj_3d/results/4_hicexplorer/7_hicDetectLoops/syun/syun_25000_loops.bedgraph.p${pvalue[i]}.d${d}" ]; then
                ~/lzy/mambaforge/bin/hicPlotMatrix -m /home/lengliang/lzy/sj_3d/results/4_hicexplorer/3_hicCorrectMatrix/25000/syun_25000_corrected.h5 -o /home/lengliang/lzy/sj_3d/results/4_hicexplorer/7_hicDetectLoops/syun/syun_25000_loops.bedgraph.p${pvalue[i]}.d${d}.pdf --vMax 4 --dpi 330  --loops /home/lengliang/lzy/sj_3d/results/4_hicexplorer/7_hicDetectLoops/syun/syun_25000_loops.bedgraph.p${pvalue[i]}.d${d}  2>>/home/lengliang/lzy/sj_3d/results/4_hicexplorer/7_hicDetectLoops/log/syun_25000_loop.log
            fi

        done
    }
} 
f
echo ''>/home/lengliang/lzy/sj_3d/results/4_hicexplorer/7_hicDetectLoops/syun/syun_25000_loops.bedgraph

Submitted job 22 with external jobid '10131.mu01'.
[Tue Jan 17 12:42:05 2023]
Finished job 23.
1 of 28 steps (4%) done
Select jobs to execute...

[Tue Jan 17 12:42:05 2023]
rule hicDetectLoops:
    input: /home/lengliang/lzy/sj_3d/results/4_hicexplorer/3_hicCorrectMatrix/250000/syun_250000_corrected.h5
    output: /home/lengliang/lzy/sj_3d/results/4_hicexplorer/7_hicDetectLoops/syun/syun_250000_loops.bedgraph
    log: /home/lengliang/lzy/sj_3d/results/4_hicexplorer/7_hicDetectLoops/log/syun_250000_loop.log
    jobid: 26
    reason: Missing output files: /home/lengliang/lzy/sj_3d/results/4_hicexplorer/7_hicDetectLoops/syun/syun_250000_loops.bedgraph
    wildcards: sample=syun, resolution=250000
    threads: 24
    resources: mem_mb=1000, disk_mb=4191800, tmpdir=/home/lengliang/lzy/tmp/3d/


function f(){   
    local pvalue=(0.05 0.1 0.5 1)
    local dis=(8000000 20000000)
    local pp=(0.1 0.5 1 1)
    local num=${#pvalue[@]}
    for((i=0;i<num;i++)){
        for d in ${dis[*]}
        do
            # echo "${pvalue[i]}and${d}and ${pp[i]}"
            ~/lzy/mambaforge/bin/hicDetectLoops -m /home/lengliang/lzy/sj_3d/results/4_hicexplorer/3_hicCorrectMatrix/250000/syun_250000_corrected.h5 -o /home/lengliang/lzy/sj_3d/results/4_hicexplorer/7_hicDetectLoops/syun/syun_250000_loops.bedgraph.p${pvalue[i]}.d${d} --maxLoopDistance ${d} --peakInteractionsThreshold 5 --threads 24 --peakWidth 2 --windowSize 5 --pValuePreselection  ${pp[i]} --pValue ${pvalue[i]} 2>>/home/lengliang/lzy/sj_3d/results/4_hicexplorer/7_hicDetectLoops/log/syun_250000_loop.log
                # -f 参数判断 $file 是否存在
            if [ -f "/home/lengliang/lzy/sj_3d/results/4_hicexplorer/7_hicDetectLoops/syun/syun_250000_loops.bedgraph.p${pvalue[i]}.d${d}" ]; then
                ~/lzy/mambaforge/bin/hicPlotMatrix -m /home/lengliang/lzy/sj_3d/results/4_hicexplorer/3_hicCorrectMatrix/250000/syun_250000_corrected.h5 -o /home/lengliang/lzy/sj_3d/results/4_hicexplorer/7_hicDetectLoops/syun/syun_250000_loops.bedgraph.p${pvalue[i]}.d${d}.pdf --vMax 4 --dpi 330  --loops /home/lengliang/lzy/sj_3d/results/4_hicexplorer/7_hicDetectLoops/syun/syun_250000_loops.bedgraph.p${pvalue[i]}.d${d}  2>>/home/lengliang/lzy/sj_3d/results/4_hicexplorer/7_hicDetectLoops/log/syun_250000_loop.log
            fi

        done
    }
} 
f
echo ''>/home/lengliang/lzy/sj_3d/results/4_hicexplorer/7_hicDetectLoops/syun/syun_250000_loops.bedgraph

Submitted job 26 with external jobid '10132.mu01'.
[Tue Jan 17 12:45:41 2023]
Finished job 1.
2 of 28 steps (7%) done
Select jobs to execute...

[Tue Jan 17 12:45:41 2023]
rule hicDetectLoops:
    input: /home/lengliang/lzy/sj_3d/results/4_hicexplorer/3_hicCorrectMatrix/10000/scep_10000_corrected.h5
    output: /home/lengliang/lzy/sj_3d/results/4_hicexplorer/7_hicDetectLoops/scep/scep_10000_loops.bedgraph
    log: /home/lengliang/lzy/sj_3d/results/4_hicexplorer/7_hicDetectLoops/log/scep_10000_loop.log
    jobid: 12
    reason: Missing output files: /home/lengliang/lzy/sj_3d/results/4_hicexplorer/7_hicDetectLoops/scep/scep_10000_loops.bedgraph
    wildcards: sample=scep, resolution=10000
    threads: 24
    resources: mem_mb=1000, disk_mb=4191800, tmpdir=/home/lengliang/lzy/tmp/3d/


function f(){   
    local pvalue=(0.05 0.1 0.5 1)
    local dis=(8000000 20000000)
    local pp=(0.1 0.5 1 1)
    local num=${#pvalue[@]}
    for((i=0;i<num;i++)){
        for d in ${dis[*]}
        do
            # echo "${pvalue[i]}and${d}and ${pp[i]}"
            ~/lzy/mambaforge/bin/hicDetectLoops -m /home/lengliang/lzy/sj_3d/results/4_hicexplorer/3_hicCorrectMatrix/10000/scep_10000_corrected.h5 -o /home/lengliang/lzy/sj_3d/results/4_hicexplorer/7_hicDetectLoops/scep/scep_10000_loops.bedgraph.p${pvalue[i]}.d${d} --maxLoopDistance ${d} --peakInteractionsThreshold 5 --threads 24 --peakWidth 2 --windowSize 5 --pValuePreselection  ${pp[i]} --pValue ${pvalue[i]} 2>>/home/lengliang/lzy/sj_3d/results/4_hicexplorer/7_hicDetectLoops/log/scep_10000_loop.log
                # -f 参数判断 $file 是否存在
            if [ -f "/home/lengliang/lzy/sj_3d/results/4_hicexplorer/7_hicDetectLoops/scep/scep_10000_loops.bedgraph.p${pvalue[i]}.d${d}" ]; then
                ~/lzy/mambaforge/bin/hicPlotMatrix -m /home/lengliang/lzy/sj_3d/results/4_hicexplorer/3_hicCorrectMatrix/10000/scep_10000_corrected.h5 -o /home/lengliang/lzy/sj_3d/results/4_hicexplorer/7_hicDetectLoops/scep/scep_10000_loops.bedgraph.p${pvalue[i]}.d${d}.pdf --vMax 4 --dpi 330  --loops /home/lengliang/lzy/sj_3d/results/4_hicexplorer/7_hicDetectLoops/scep/scep_10000_loops.bedgraph.p${pvalue[i]}.d${d}  2>>/home/lengliang/lzy/sj_3d/results/4_hicexplorer/7_hicDetectLoops/log/scep_10000_loop.log
            fi

        done
    }
} 
f
echo ''>/home/lengliang/lzy/sj_3d/results/4_hicexplorer/7_hicDetectLoops/scep/scep_10000_loops.bedgraph

Submitted job 12 with external jobid '10133.mu01'.
[Tue Jan 17 12:48:05 2023]
Finished job 24.
3 of 28 steps (11%) done
Select jobs to execute...

[Tue Jan 17 12:48:05 2023]
rule hicDetectLoops:
    input: /home/lengliang/lzy/sj_3d/results/4_hicexplorer/3_hicCorrectMatrix/50000/scep_50000_corrected.h5
    output: /home/lengliang/lzy/sj_3d/results/4_hicexplorer/7_hicDetectLoops/scep/scep_50000_loops.bedgraph
    log: /home/lengliang/lzy/sj_3d/results/4_hicexplorer/7_hicDetectLoops/log/scep_50000_loop.log
    jobid: 18
    reason: Missing output files: /home/lengliang/lzy/sj_3d/results/4_hicexplorer/7_hicDetectLoops/scep/scep_50000_loops.bedgraph
    wildcards: sample=scep, resolution=50000
    threads: 24
    resources: mem_mb=1000, disk_mb=4191800, tmpdir=/home/lengliang/lzy/tmp/3d/


function f(){   
    local pvalue=(0.05 0.1 0.5 1)
    local dis=(8000000 20000000)
    local pp=(0.1 0.5 1 1)
    local num=${#pvalue[@]}
    for((i=0;i<num;i++)){
        for d in ${dis[*]}
        do
            # echo "${pvalue[i]}and${d}and ${pp[i]}"
            ~/lzy/mambaforge/bin/hicDetectLoops -m /home/lengliang/lzy/sj_3d/results/4_hicexplorer/3_hicCorrectMatrix/50000/scep_50000_corrected.h5 -o /home/lengliang/lzy/sj_3d/results/4_hicexplorer/7_hicDetectLoops/scep/scep_50000_loops.bedgraph.p${pvalue[i]}.d${d} --maxLoopDistance ${d} --peakInteractionsThreshold 5 --threads 24 --peakWidth 2 --windowSize 5 --pValuePreselection  ${pp[i]} --pValue ${pvalue[i]} 2>>/home/lengliang/lzy/sj_3d/results/4_hicexplorer/7_hicDetectLoops/log/scep_50000_loop.log
                # -f 参数判断 $file 是否存在
            if [ -f "/home/lengliang/lzy/sj_3d/results/4_hicexplorer/7_hicDetectLoops/scep/scep_50000_loops.bedgraph.p${pvalue[i]}.d${d}" ]; then
                ~/lzy/mambaforge/bin/hicPlotMatrix -m /home/lengliang/lzy/sj_3d/results/4_hicexplorer/3_hicCorrectMatrix/50000/scep_50000_corrected.h5 -o /home/lengliang/lzy/sj_3d/results/4_hicexplorer/7_hicDetectLoops/scep/scep_50000_loops.bedgraph.p${pvalue[i]}.d${d}.pdf --vMax 4 --dpi 330  --loops /home/lengliang/lzy/sj_3d/results/4_hicexplorer/7_hicDetectLoops/scep/scep_50000_loops.bedgraph.p${pvalue[i]}.d${d}  2>>/home/lengliang/lzy/sj_3d/results/4_hicexplorer/7_hicDetectLoops/log/scep_50000_loop.log
            fi

        done
    }
} 
f
echo ''>/home/lengliang/lzy/sj_3d/results/4_hicexplorer/7_hicDetectLoops/scep/scep_50000_loops.bedgraph

Submitted job 18 with external jobid '10134.mu01'.
[Tue Jan 17 12:49:41 2023]
Error in rule hicDetectLoops:
    jobid: 16
    output: /home/lengliang/lzy/sj_3d/results/4_hicexplorer/7_hicDetectLoops/scep/scep_5000_loops.bedgraph
    log: /home/lengliang/lzy/sj_3d/results/4_hicexplorer/7_hicDetectLoops/log/scep_5000_loop.log (check log file(s) for error message)
    shell:
        
function f(){   
    local pvalue=(0.05 0.1 0.5 1)
    local dis=(8000000 20000000)
    local pp=(0.1 0.5 1 1)
    local num=${#pvalue[@]}
    for((i=0;i<num;i++)){
        for d in ${dis[*]}
        do
            # echo "${pvalue[i]}and${d}and ${pp[i]}"
            ~/lzy/mambaforge/bin/hicDetectLoops -m /home/lengliang/lzy/sj_3d/results/4_hicexplorer/3_hicCorrectMatrix/5000/scep_5000_corrected.h5 -o /home/lengliang/lzy/sj_3d/results/4_hicexplorer/7_hicDetectLoops/scep/scep_5000_loops.bedgraph.p${pvalue[i]}.d${d} --maxLoopDistance ${d} --peakInteractionsThreshold 5 --threads 24 --peakWidth 2 --windowSize 5 --pValuePreselection  ${pp[i]} --pValue ${pvalue[i]} 2>>/home/lengliang/lzy/sj_3d/results/4_hicexplorer/7_hicDetectLoops/log/scep_5000_loop.log
                # -f 参数判断 $file 是否存在
            if [ -f "/home/lengliang/lzy/sj_3d/results/4_hicexplorer/7_hicDetectLoops/scep/scep_5000_loops.bedgraph.p${pvalue[i]}.d${d}" ]; then
                ~/lzy/mambaforge/bin/hicPlotMatrix -m /home/lengliang/lzy/sj_3d/results/4_hicexplorer/3_hicCorrectMatrix/5000/scep_5000_corrected.h5 -o /home/lengliang/lzy/sj_3d/results/4_hicexplorer/7_hicDetectLoops/scep/scep_5000_loops.bedgraph.p${pvalue[i]}.d${d}.pdf --vMax 4 --dpi 330  --loops /home/lengliang/lzy/sj_3d/results/4_hicexplorer/7_hicDetectLoops/scep/scep_5000_loops.bedgraph.p${pvalue[i]}.d${d}  2>>/home/lengliang/lzy/sj_3d/results/4_hicexplorer/7_hicDetectLoops/log/scep_5000_loop.log
            fi

        done
    }
} 
f
echo ''>/home/lengliang/lzy/sj_3d/results/4_hicexplorer/7_hicDetectLoops/scep/scep_5000_loops.bedgraph

        (one of the commands exited with non-zero exit code; note that snakemake uses bash strict mode!)
    cluster_jobid: 10116.mu01

Error executing rule hicDetectLoops on cluster (jobid: 16, external: 10116.mu01, jobscript: /home/lengliang/lzy/sj_3d/script/4_hicexplorer/.snakemake/tmp.w1glkm14/snakejob.hicDetectLoops.16.sh). For error details see the cluster log and the log files of the involved rule(s).
[Tue Jan 17 12:51:55 2023]
Finished job 17.
4 of 28 steps (14%) done
[Tue Jan 17 12:53:12 2023]
Finished job 5.
5 of 28 steps (18%) done
[Tue Jan 17 12:54:18 2023]
Finished job 10.
6 of 28 steps (21%) done
[Tue Jan 17 12:54:40 2023]
Error in rule hicDetectLoops:
    jobid: 3
    output: /home/lengliang/lzy/sj_3d/results/4_hicexplorer/7_hicDetectLoops/sjap/sjap_10000_loops.bedgraph
    log: /home/lengliang/lzy/sj_3d/results/4_hicexplorer/7_hicDetectLoops/log/sjap_10000_loop.log (check log file(s) for error message)
    shell:
        
function f(){   
    local pvalue=(0.05 0.1 0.5 1)
    local dis=(8000000 20000000)
    local pp=(0.1 0.5 1 1)
    local num=${#pvalue[@]}
    for((i=0;i<num;i++)){
        for d in ${dis[*]}
        do
            # echo "${pvalue[i]}and${d}and ${pp[i]}"
            ~/lzy/mambaforge/bin/hicDetectLoops -m /home/lengliang/lzy/sj_3d/results/4_hicexplorer/3_hicCorrectMatrix/10000/sjap_10000_corrected.h5 -o /home/lengliang/lzy/sj_3d/results/4_hicexplorer/7_hicDetectLoops/sjap/sjap_10000_loops.bedgraph.p${pvalue[i]}.d${d} --maxLoopDistance ${d} --peakInteractionsThreshold 5 --threads 24 --peakWidth 2 --windowSize 5 --pValuePreselection  ${pp[i]} --pValue ${pvalue[i]} 2>>/home/lengliang/lzy/sj_3d/results/4_hicexplorer/7_hicDetectLoops/log/sjap_10000_loop.log
                # -f 参数判断 $file 是否存在
            if [ -f "/home/lengliang/lzy/sj_3d/results/4_hicexplorer/7_hicDetectLoops/sjap/sjap_10000_loops.bedgraph.p${pvalue[i]}.d${d}" ]; then
                ~/lzy/mambaforge/bin/hicPlotMatrix -m /home/lengliang/lzy/sj_3d/results/4_hicexplorer/3_hicCorrectMatrix/10000/sjap_10000_corrected.h5 -o /home/lengliang/lzy/sj_3d/results/4_hicexplorer/7_hicDetectLoops/sjap/sjap_10000_loops.bedgraph.p${pvalue[i]}.d${d}.pdf --vMax 4 --dpi 330  --loops /home/lengliang/lzy/sj_3d/results/4_hicexplorer/7_hicDetectLoops/sjap/sjap_10000_loops.bedgraph.p${pvalue[i]}.d${d}  2>>/home/lengliang/lzy/sj_3d/results/4_hicexplorer/7_hicDetectLoops/log/sjap_10000_loop.log
            fi

        done
    }
} 
f
echo ''>/home/lengliang/lzy/sj_3d/results/4_hicexplorer/7_hicDetectLoops/sjap/sjap_10000_loops.bedgraph

        (one of the commands exited with non-zero exit code; note that snakemake uses bash strict mode!)
    cluster_jobid: 10119.mu01

Error executing rule hicDetectLoops on cluster (jobid: 3, external: 10119.mu01, jobscript: /home/lengliang/lzy/sj_3d/script/4_hicexplorer/.snakemake/tmp.w1glkm14/snakejob.hicDetectLoops.3.sh). For error details see the cluster log and the log files of the involved rule(s).
[Tue Jan 17 13:06:35 2023]
Finished job 9.
7 of 28 steps (25%) done
[Tue Jan 17 13:06:47 2023]
Finished job 19.
8 of 28 steps (29%) done
[Tue Jan 17 13:09:43 2023]
Finished job 14.
9 of 28 steps (32%) done
[Tue Jan 17 13:10:38 2023]
Finished job 6.
10 of 28 steps (36%) done
[Tue Jan 17 13:13:56 2023]
Finished job 8.
11 of 28 steps (39%) done
[Tue Jan 17 13:19:37 2023]
Error in rule hicDetectLoops:
    jobid: 7
    output: /home/lengliang/lzy/sj_3d/results/4_hicexplorer/7_hicDetectLoops/sjap/sjap_5000_loops.bedgraph
    log: /home/lengliang/lzy/sj_3d/results/4_hicexplorer/7_hicDetectLoops/log/sjap_5000_loop.log (check log file(s) for error message)
    shell:
        
function f(){   
    local pvalue=(0.05 0.1 0.5 1)
    local dis=(8000000 20000000)
    local pp=(0.1 0.5 1 1)
    local num=${#pvalue[@]}
    for((i=0;i<num;i++)){
        for d in ${dis[*]}
        do
            # echo "${pvalue[i]}and${d}and ${pp[i]}"
            ~/lzy/mambaforge/bin/hicDetectLoops -m /home/lengliang/lzy/sj_3d/results/4_hicexplorer/3_hicCorrectMatrix/5000/sjap_5000_corrected.h5 -o /home/lengliang/lzy/sj_3d/results/4_hicexplorer/7_hicDetectLoops/sjap/sjap_5000_loops.bedgraph.p${pvalue[i]}.d${d} --maxLoopDistance ${d} --peakInteractionsThreshold 5 --threads 24 --peakWidth 2 --windowSize 5 --pValuePreselection  ${pp[i]} --pValue ${pvalue[i]} 2>>/home/lengliang/lzy/sj_3d/results/4_hicexplorer/7_hicDetectLoops/log/sjap_5000_loop.log
                # -f 参数判断 $file 是否存在
            if [ -f "/home/lengliang/lzy/sj_3d/results/4_hicexplorer/7_hicDetectLoops/sjap/sjap_5000_loops.bedgraph.p${pvalue[i]}.d${d}" ]; then
                ~/lzy/mambaforge/bin/hicPlotMatrix -m /home/lengliang/lzy/sj_3d/results/4_hicexplorer/3_hicCorrectMatrix/5000/sjap_5000_corrected.h5 -o /home/lengliang/lzy/sj_3d/results/4_hicexplorer/7_hicDetectLoops/sjap/sjap_5000_loops.bedgraph.p${pvalue[i]}.d${d}.pdf --vMax 4 --dpi 330  --loops /home/lengliang/lzy/sj_3d/results/4_hicexplorer/7_hicDetectLoops/sjap/sjap_5000_loops.bedgraph.p${pvalue[i]}.d${d}  2>>/home/lengliang/lzy/sj_3d/results/4_hicexplorer/7_hicDetectLoops/log/sjap_5000_loop.log
            fi

        done
    }
} 
f
echo ''>/home/lengliang/lzy/sj_3d/results/4_hicexplorer/7_hicDetectLoops/sjap/sjap_5000_loops.bedgraph

        (one of the commands exited with non-zero exit code; note that snakemake uses bash strict mode!)
    cluster_jobid: 10129.mu01

Error executing rule hicDetectLoops on cluster (jobid: 7, external: 10129.mu01, jobscript: /home/lengliang/lzy/sj_3d/script/4_hicexplorer/.snakemake/tmp.w1glkm14/snakejob.hicDetectLoops.7.sh). For error details see the cluster log and the log files of the involved rule(s).
[Tue Jan 17 13:21:48 2023]
Finished job 2.
12 of 28 steps (43%) done
[Tue Jan 17 13:25:09 2023]
Error in rule hicDetectLoops:
    jobid: 21
    output: /home/lengliang/lzy/sj_3d/results/4_hicexplorer/7_hicDetectLoops/syun/syun_10000_loops.bedgraph
    log: /home/lengliang/lzy/sj_3d/results/4_hicexplorer/7_hicDetectLoops/log/syun_10000_loop.log (check log file(s) for error message)
    shell:
        
function f(){   
    local pvalue=(0.05 0.1 0.5 1)
    local dis=(8000000 20000000)
    local pp=(0.1 0.5 1 1)
    local num=${#pvalue[@]}
    for((i=0;i<num;i++)){
        for d in ${dis[*]}
        do
            # echo "${pvalue[i]}and${d}and ${pp[i]}"
            ~/lzy/mambaforge/bin/hicDetectLoops -m /home/lengliang/lzy/sj_3d/results/4_hicexplorer/3_hicCorrectMatrix/10000/syun_10000_corrected.h5 -o /home/lengliang/lzy/sj_3d/results/4_hicexplorer/7_hicDetectLoops/syun/syun_10000_loops.bedgraph.p${pvalue[i]}.d${d} --maxLoopDistance ${d} --peakInteractionsThreshold 5 --threads 24 --peakWidth 2 --windowSize 5 --pValuePreselection  ${pp[i]} --pValue ${pvalue[i]} 2>>/home/lengliang/lzy/sj_3d/results/4_hicexplorer/7_hicDetectLoops/log/syun_10000_loop.log
                # -f 参数判断 $file 是否存在
            if [ -f "/home/lengliang/lzy/sj_3d/results/4_hicexplorer/7_hicDetectLoops/syun/syun_10000_loops.bedgraph.p${pvalue[i]}.d${d}" ]; then
                ~/lzy/mambaforge/bin/hicPlotMatrix -m /home/lengliang/lzy/sj_3d/results/4_hicexplorer/3_hicCorrectMatrix/10000/syun_10000_corrected.h5 -o /home/lengliang/lzy/sj_3d/results/4_hicexplorer/7_hicDetectLoops/syun/syun_10000_loops.bedgraph.p${pvalue[i]}.d${d}.pdf --vMax 4 --dpi 330  --loops /home/lengliang/lzy/sj_3d/results/4_hicexplorer/7_hicDetectLoops/syun/syun_10000_loops.bedgraph.p${pvalue[i]}.d${d}  2>>/home/lengliang/lzy/sj_3d/results/4_hicexplorer/7_hicDetectLoops/log/syun_10000_loop.log
            fi

        done
    }
} 
f
echo ''>/home/lengliang/lzy/sj_3d/results/4_hicexplorer/7_hicDetectLoops/syun/syun_10000_loops.bedgraph

        (one of the commands exited with non-zero exit code; note that snakemake uses bash strict mode!)
    cluster_jobid: 10130.mu01

Error executing rule hicDetectLoops on cluster (jobid: 21, external: 10130.mu01, jobscript: /home/lengliang/lzy/sj_3d/script/4_hicexplorer/.snakemake/tmp.w1glkm14/snakejob.hicDetectLoops.21.sh). For error details see the cluster log and the log files of the involved rule(s).
[Tue Jan 17 13:28:29 2023]
Finished job 26.
13 of 28 steps (46%) done
[Tue Jan 17 13:37:19 2023]
Error in rule hicDetectLoops:
    jobid: 12
    output: /home/lengliang/lzy/sj_3d/results/4_hicexplorer/7_hicDetectLoops/scep/scep_10000_loops.bedgraph
    log: /home/lengliang/lzy/sj_3d/results/4_hicexplorer/7_hicDetectLoops/log/scep_10000_loop.log (check log file(s) for error message)
    shell:
        
function f(){   
    local pvalue=(0.05 0.1 0.5 1)
    local dis=(8000000 20000000)
    local pp=(0.1 0.5 1 1)
    local num=${#pvalue[@]}
    for((i=0;i<num;i++)){
        for d in ${dis[*]}
        do
            # echo "${pvalue[i]}and${d}and ${pp[i]}"
            ~/lzy/mambaforge/bin/hicDetectLoops -m /home/lengliang/lzy/sj_3d/results/4_hicexplorer/3_hicCorrectMatrix/10000/scep_10000_corrected.h5 -o /home/lengliang/lzy/sj_3d/results/4_hicexplorer/7_hicDetectLoops/scep/scep_10000_loops.bedgraph.p${pvalue[i]}.d${d} --maxLoopDistance ${d} --peakInteractionsThreshold 5 --threads 24 --peakWidth 2 --windowSize 5 --pValuePreselection  ${pp[i]} --pValue ${pvalue[i]} 2>>/home/lengliang/lzy/sj_3d/results/4_hicexplorer/7_hicDetectLoops/log/scep_10000_loop.log
                # -f 参数判断 $file 是否存在
            if [ -f "/home/lengliang/lzy/sj_3d/results/4_hicexplorer/7_hicDetectLoops/scep/scep_10000_loops.bedgraph.p${pvalue[i]}.d${d}" ]; then
                ~/lzy/mambaforge/bin/hicPlotMatrix -m /home/lengliang/lzy/sj_3d/results/4_hicexplorer/3_hicCorrectMatrix/10000/scep_10000_corrected.h5 -o /home/lengliang/lzy/sj_3d/results/4_hicexplorer/7_hicDetectLoops/scep/scep_10000_loops.bedgraph.p${pvalue[i]}.d${d}.pdf --vMax 4 --dpi 330  --loops /home/lengliang/lzy/sj_3d/results/4_hicexplorer/7_hicDetectLoops/scep/scep_10000_loops.bedgraph.p${pvalue[i]}.d${d}  2>>/home/lengliang/lzy/sj_3d/results/4_hicexplorer/7_hicDetectLoops/log/scep_10000_loop.log
            fi

        done
    }
} 
f
echo ''>/home/lengliang/lzy/sj_3d/results/4_hicexplorer/7_hicDetectLoops/scep/scep_10000_loops.bedgraph

        (one of the commands exited with non-zero exit code; note that snakemake uses bash strict mode!)
    cluster_jobid: 10133.mu01

Error executing rule hicDetectLoops on cluster (jobid: 12, external: 10133.mu01, jobscript: /home/lengliang/lzy/sj_3d/script/4_hicexplorer/.snakemake/tmp.w1glkm14/snakejob.hicDetectLoops.12.sh). For error details see the cluster log and the log files of the involved rule(s).
[Tue Jan 17 13:37:29 2023]
Finished job 27.
14 of 28 steps (50%) done
[Tue Jan 17 13:57:21 2023]
Finished job 20.
15 of 28 steps (54%) done
[Tue Jan 17 14:02:21 2023]
Finished job 18.
16 of 28 steps (57%) done
[Tue Jan 17 15:09:44 2023]
Finished job 13.
17 of 28 steps (61%) done
[Tue Jan 17 15:50:57 2023]
Finished job 22.
18 of 28 steps (64%) done
Shutting down, this might take some time.
Exiting because a job execution failed. Look above for error message
Complete log: .snakemake/log/2023-01-17T123442.327981.snakemake.log
