Building DAG of jobs...
Using shell: /usr/bin/bash
Provided cluster nodes: 20
Job stats:
job               count    min threads    max threads
--------------  -------  -------------  -------------
all                   1              1              1
hicDetectLoops        9             24             24
total                10              1             24

Select jobs to execute...

[Tue Jan 17 22:40:04 2023]
rule hicDetectLoops:
    input: /home/lengliang/lzy/sj_3d/results/4_hicexplorer/3_hicCorrectMatrix/300000/scep_300000_corrected.h5
    output: /home/lengliang/lzy/sj_3d/results/4_hicexplorer/7_hicDetectLoops/scep/scep_300000_loops.bedgraph
    log: /home/lengliang/lzy/sj_3d/results/4_hicexplorer/7_hicDetectLoops/log/scep_300000_loop.log
    jobid: 15
    reason: Missing output files: /home/lengliang/lzy/sj_3d/results/4_hicexplorer/7_hicDetectLoops/scep/scep_300000_loops.bedgraph
    wildcards: sample=scep, resolution=300000
    threads: 24
    resources: mem_mb=1000, disk_mb=4191800, tmpdir=/home/lengliang/lzy/tmp/3d/


function f(){   
    local pvalue=(0.05 0.1 0.5 1)
    local dis=(8000000 20000000)
    local pp=(0.1 0.5 1 1)
    local num=${#pvalue[@]}
    for((i=0;i<num;i++)){
        for d in ${dis[*]}
        do
            # echo "${pvalue[i]}and${d}and ${pp[i]}"
            ~/lzy/mambaforge/bin/hicDetectLoops -m /home/lengliang/lzy/sj_3d/results/4_hicexplorer/3_hicCorrectMatrix/300000/scep_300000_corrected.h5 -o /home/lengliang/lzy/sj_3d/results/4_hicexplorer/7_hicDetectLoops/scep/scep_300000_loops.bedgraph.p${pvalue[i]}.d${d} --maxLoopDistance ${d} --peakInteractionsThreshold 5 --threads 24 --peakWidth 2 --windowSize 5 --pValuePreselection  ${pp[i]} --pValue ${pvalue[i]} 2>>/home/lengliang/lzy/sj_3d/results/4_hicexplorer/7_hicDetectLoops/log/scep_300000_loop.log
                # -f 参数判断 $file 是否存在
            if [ -f "/home/lengliang/lzy/sj_3d/results/4_hicexplorer/7_hicDetectLoops/scep/scep_300000_loops.bedgraph.p${pvalue[i]}.d${d}" ]; then
                ~/lzy/mambaforge/bin/hicPlotMatrix -m /home/lengliang/lzy/sj_3d/results/4_hicexplorer/3_hicCorrectMatrix/300000/scep_300000_corrected.h5 -o /home/lengliang/lzy/sj_3d/results/4_hicexplorer/7_hicDetectLoops/scep/scep_300000_loops.bedgraph.p${pvalue[i]}.d${d}.pdf --vMax 4 --dpi 330  --loops /home/lengliang/lzy/sj_3d/results/4_hicexplorer/7_hicDetectLoops/scep/scep_300000_loops.bedgraph.p${pvalue[i]}.d${d}  2>>/home/lengliang/lzy/sj_3d/results/4_hicexplorer/7_hicDetectLoops/log/scep_300000_loop.log
            fi

        done
    }
} 
f
echo ''>/home/lengliang/lzy/sj_3d/results/4_hicexplorer/7_hicDetectLoops/scep/scep_300000_loops.bedgraph

Submitted job 15 with external jobid '10135.mu01'.

[Tue Jan 17 22:40:07 2023]
rule hicDetectLoops:
    input: /home/lengliang/lzy/sj_3d/results/4_hicexplorer/3_hicCorrectMatrix/10000/sjap_10000_corrected.h5
    output: /home/lengliang/lzy/sj_3d/results/4_hicexplorer/7_hicDetectLoops/sjap/sjap_10000_loops.bedgraph
    log: /home/lengliang/lzy/sj_3d/results/4_hicexplorer/7_hicDetectLoops/log/sjap_10000_loop.log
    jobid: 3
    reason: Missing output files: /home/lengliang/lzy/sj_3d/results/4_hicexplorer/7_hicDetectLoops/sjap/sjap_10000_loops.bedgraph
    wildcards: sample=sjap, resolution=10000
    threads: 24
    resources: mem_mb=1000, disk_mb=4191800, tmpdir=/home/lengliang/lzy/tmp/3d/


function f(){   
    local pvalue=(0.05 0.1 0.5 1)
    local dis=(8000000 20000000)
    local pp=(0.1 0.5 1 1)
    local num=${#pvalue[@]}
    for((i=0;i<num;i++)){
        for d in ${dis[*]}
        do
            # echo "${pvalue[i]}and${d}and ${pp[i]}"
            ~/lzy/mambaforge/bin/hicDetectLoops -m /home/lengliang/lzy/sj_3d/results/4_hicexplorer/3_hicCorrectMatrix/10000/sjap_10000_corrected.h5 -o /home/lengliang/lzy/sj_3d/results/4_hicexplorer/7_hicDetectLoops/sjap/sjap_10000_loops.bedgraph.p${pvalue[i]}.d${d} --maxLoopDistance ${d} --peakInteractionsThreshold 5 --threads 24 --peakWidth 2 --windowSize 5 --pValuePreselection  ${pp[i]} --pValue ${pvalue[i]} 2>>/home/lengliang/lzy/sj_3d/results/4_hicexplorer/7_hicDetectLoops/log/sjap_10000_loop.log
                # -f 参数判断 $file 是否存在
            if [ -f "/home/lengliang/lzy/sj_3d/results/4_hicexplorer/7_hicDetectLoops/sjap/sjap_10000_loops.bedgraph.p${pvalue[i]}.d${d}" ]; then
                ~/lzy/mambaforge/bin/hicPlotMatrix -m /home/lengliang/lzy/sj_3d/results/4_hicexplorer/3_hicCorrectMatrix/10000/sjap_10000_corrected.h5 -o /home/lengliang/lzy/sj_3d/results/4_hicexplorer/7_hicDetectLoops/sjap/sjap_10000_loops.bedgraph.p${pvalue[i]}.d${d}.pdf --vMax 4 --dpi 330  --loops /home/lengliang/lzy/sj_3d/results/4_hicexplorer/7_hicDetectLoops/sjap/sjap_10000_loops.bedgraph.p${pvalue[i]}.d${d}  2>>/home/lengliang/lzy/sj_3d/results/4_hicexplorer/7_hicDetectLoops/log/sjap_10000_loop.log
            fi

        done
    }
} 
f
echo ''>/home/lengliang/lzy/sj_3d/results/4_hicexplorer/7_hicDetectLoops/sjap/sjap_10000_loops.bedgraph

Submitted job 3 with external jobid '10136.mu01'.

[Tue Jan 17 22:40:07 2023]
rule hicDetectLoops:
    input: /home/lengliang/lzy/sj_3d/results/4_hicexplorer/3_hicCorrectMatrix/5000/sjap_5000_corrected.h5
    output: /home/lengliang/lzy/sj_3d/results/4_hicexplorer/7_hicDetectLoops/sjap/sjap_5000_loops.bedgraph
    log: /home/lengliang/lzy/sj_3d/results/4_hicexplorer/7_hicDetectLoops/log/sjap_5000_loop.log
    jobid: 7
    reason: Missing output files: /home/lengliang/lzy/sj_3d/results/4_hicexplorer/7_hicDetectLoops/sjap/sjap_5000_loops.bedgraph
    wildcards: sample=sjap, resolution=5000
    threads: 24
    resources: mem_mb=1103, disk_mb=4191800, tmpdir=/home/lengliang/lzy/tmp/3d/


function f(){   
    local pvalue=(0.05 0.1 0.5 1)
    local dis=(8000000 20000000)
    local pp=(0.1 0.5 1 1)
    local num=${#pvalue[@]}
    for((i=0;i<num;i++)){
        for d in ${dis[*]}
        do
            # echo "${pvalue[i]}and${d}and ${pp[i]}"
            ~/lzy/mambaforge/bin/hicDetectLoops -m /home/lengliang/lzy/sj_3d/results/4_hicexplorer/3_hicCorrectMatrix/5000/sjap_5000_corrected.h5 -o /home/lengliang/lzy/sj_3d/results/4_hicexplorer/7_hicDetectLoops/sjap/sjap_5000_loops.bedgraph.p${pvalue[i]}.d${d} --maxLoopDistance ${d} --peakInteractionsThreshold 5 --threads 24 --peakWidth 2 --windowSize 5 --pValuePreselection  ${pp[i]} --pValue ${pvalue[i]} 2>>/home/lengliang/lzy/sj_3d/results/4_hicexplorer/7_hicDetectLoops/log/sjap_5000_loop.log
                # -f 参数判断 $file 是否存在
            if [ -f "/home/lengliang/lzy/sj_3d/results/4_hicexplorer/7_hicDetectLoops/sjap/sjap_5000_loops.bedgraph.p${pvalue[i]}.d${d}" ]; then
                ~/lzy/mambaforge/bin/hicPlotMatrix -m /home/lengliang/lzy/sj_3d/results/4_hicexplorer/3_hicCorrectMatrix/5000/sjap_5000_corrected.h5 -o /home/lengliang/lzy/sj_3d/results/4_hicexplorer/7_hicDetectLoops/sjap/sjap_5000_loops.bedgraph.p${pvalue[i]}.d${d}.pdf --vMax 4 --dpi 330  --loops /home/lengliang/lzy/sj_3d/results/4_hicexplorer/7_hicDetectLoops/sjap/sjap_5000_loops.bedgraph.p${pvalue[i]}.d${d}  2>>/home/lengliang/lzy/sj_3d/results/4_hicexplorer/7_hicDetectLoops/log/sjap_5000_loop.log
            fi

        done
    }
} 
f
echo ''>/home/lengliang/lzy/sj_3d/results/4_hicexplorer/7_hicDetectLoops/sjap/sjap_5000_loops.bedgraph

Submitted job 7 with external jobid '10137.mu01'.

[Tue Jan 17 22:40:07 2023]
rule hicDetectLoops:
    input: /home/lengliang/lzy/sj_3d/results/4_hicexplorer/3_hicCorrectMatrix/10000/syun_10000_corrected.h5
    output: /home/lengliang/lzy/sj_3d/results/4_hicexplorer/7_hicDetectLoops/syun/syun_10000_loops.bedgraph
    log: /home/lengliang/lzy/sj_3d/results/4_hicexplorer/7_hicDetectLoops/log/syun_10000_loop.log
    jobid: 21
    reason: Missing output files: /home/lengliang/lzy/sj_3d/results/4_hicexplorer/7_hicDetectLoops/syun/syun_10000_loops.bedgraph
    wildcards: sample=syun, resolution=10000
    threads: 24
    resources: mem_mb=1000, disk_mb=4191800, tmpdir=/home/lengliang/lzy/tmp/3d/


function f(){   
    local pvalue=(0.05 0.1 0.5 1)
    local dis=(8000000 20000000)
    local pp=(0.1 0.5 1 1)
    local num=${#pvalue[@]}
    for((i=0;i<num;i++)){
        for d in ${dis[*]}
        do
            # echo "${pvalue[i]}and${d}and ${pp[i]}"
            ~/lzy/mambaforge/bin/hicDetectLoops -m /home/lengliang/lzy/sj_3d/results/4_hicexplorer/3_hicCorrectMatrix/10000/syun_10000_corrected.h5 -o /home/lengliang/lzy/sj_3d/results/4_hicexplorer/7_hicDetectLoops/syun/syun_10000_loops.bedgraph.p${pvalue[i]}.d${d} --maxLoopDistance ${d} --peakInteractionsThreshold 5 --threads 24 --peakWidth 2 --windowSize 5 --pValuePreselection  ${pp[i]} --pValue ${pvalue[i]} 2>>/home/lengliang/lzy/sj_3d/results/4_hicexplorer/7_hicDetectLoops/log/syun_10000_loop.log
                # -f 参数判断 $file 是否存在
            if [ -f "/home/lengliang/lzy/sj_3d/results/4_hicexplorer/7_hicDetectLoops/syun/syun_10000_loops.bedgraph.p${pvalue[i]}.d${d}" ]; then
                ~/lzy/mambaforge/bin/hicPlotMatrix -m /home/lengliang/lzy/sj_3d/results/4_hicexplorer/3_hicCorrectMatrix/10000/syun_10000_corrected.h5 -o /home/lengliang/lzy/sj_3d/results/4_hicexplorer/7_hicDetectLoops/syun/syun_10000_loops.bedgraph.p${pvalue[i]}.d${d}.pdf --vMax 4 --dpi 330  --loops /home/lengliang/lzy/sj_3d/results/4_hicexplorer/7_hicDetectLoops/syun/syun_10000_loops.bedgraph.p${pvalue[i]}.d${d}  2>>/home/lengliang/lzy/sj_3d/results/4_hicexplorer/7_hicDetectLoops/log/syun_10000_loop.log
            fi

        done
    }
} 
f
echo ''>/home/lengliang/lzy/sj_3d/results/4_hicexplorer/7_hicDetectLoops/syun/syun_10000_loops.bedgraph

Submitted job 21 with external jobid '10138.mu01'.

[Tue Jan 17 22:40:07 2023]
rule hicDetectLoops:
    input: /home/lengliang/lzy/sj_3d/results/4_hicexplorer/3_hicCorrectMatrix/40000/scep_40000_corrected.h5
    output: /home/lengliang/lzy/sj_3d/results/4_hicexplorer/7_hicDetectLoops/scep/scep_40000_loops.bedgraph
    log: /home/lengliang/lzy/sj_3d/results/4_hicexplorer/7_hicDetectLoops/log/scep_40000_loop.log
    jobid: 11
    reason: Missing output files: /home/lengliang/lzy/sj_3d/results/4_hicexplorer/7_hicDetectLoops/scep/scep_40000_loops.bedgraph
    wildcards: sample=scep, resolution=40000
    threads: 24
    resources: mem_mb=1000, disk_mb=4191800, tmpdir=/home/lengliang/lzy/tmp/3d/


function f(){   
    local pvalue=(0.05 0.1 0.5 1)
    local dis=(8000000 20000000)
    local pp=(0.1 0.5 1 1)
    local num=${#pvalue[@]}
    for((i=0;i<num;i++)){
        for d in ${dis[*]}
        do
            # echo "${pvalue[i]}and${d}and ${pp[i]}"
            ~/lzy/mambaforge/bin/hicDetectLoops -m /home/lengliang/lzy/sj_3d/results/4_hicexplorer/3_hicCorrectMatrix/40000/scep_40000_corrected.h5 -o /home/lengliang/lzy/sj_3d/results/4_hicexplorer/7_hicDetectLoops/scep/scep_40000_loops.bedgraph.p${pvalue[i]}.d${d} --maxLoopDistance ${d} --peakInteractionsThreshold 5 --threads 24 --peakWidth 2 --windowSize 5 --pValuePreselection  ${pp[i]} --pValue ${pvalue[i]} 2>>/home/lengliang/lzy/sj_3d/results/4_hicexplorer/7_hicDetectLoops/log/scep_40000_loop.log
                # -f 参数判断 $file 是否存在
            if [ -f "/home/lengliang/lzy/sj_3d/results/4_hicexplorer/7_hicDetectLoops/scep/scep_40000_loops.bedgraph.p${pvalue[i]}.d${d}" ]; then
                ~/lzy/mambaforge/bin/hicPlotMatrix -m /home/lengliang/lzy/sj_3d/results/4_hicexplorer/3_hicCorrectMatrix/40000/scep_40000_corrected.h5 -o /home/lengliang/lzy/sj_3d/results/4_hicexplorer/7_hicDetectLoops/scep/scep_40000_loops.bedgraph.p${pvalue[i]}.d${d}.pdf --vMax 4 --dpi 330  --loops /home/lengliang/lzy/sj_3d/results/4_hicexplorer/7_hicDetectLoops/scep/scep_40000_loops.bedgraph.p${pvalue[i]}.d${d}  2>>/home/lengliang/lzy/sj_3d/results/4_hicexplorer/7_hicDetectLoops/log/scep_40000_loop.log
            fi

        done
    }
} 
f
echo ''>/home/lengliang/lzy/sj_3d/results/4_hicexplorer/7_hicDetectLoops/scep/scep_40000_loops.bedgraph

Submitted job 11 with external jobid '10139.mu01'.

[Tue Jan 17 22:40:07 2023]
rule hicDetectLoops:
    input: /home/lengliang/lzy/sj_3d/results/4_hicexplorer/3_hicCorrectMatrix/5000/syun_5000_corrected.h5
    output: /home/lengliang/lzy/sj_3d/results/4_hicexplorer/7_hicDetectLoops/syun/syun_5000_loops.bedgraph
    log: /home/lengliang/lzy/sj_3d/results/4_hicexplorer/7_hicDetectLoops/log/syun_5000_loop.log
    jobid: 25
    reason: Missing output files: /home/lengliang/lzy/sj_3d/results/4_hicexplorer/7_hicDetectLoops/syun/syun_5000_loops.bedgraph
    wildcards: sample=syun, resolution=5000
    threads: 24
    resources: mem_mb=1000, disk_mb=4191800, tmpdir=/home/lengliang/lzy/tmp/3d/


function f(){   
    local pvalue=(0.05 0.1 0.5 1)
    local dis=(8000000 20000000)
    local pp=(0.1 0.5 1 1)
    local num=${#pvalue[@]}
    for((i=0;i<num;i++)){
        for d in ${dis[*]}
        do
            # echo "${pvalue[i]}and${d}and ${pp[i]}"
            ~/lzy/mambaforge/bin/hicDetectLoops -m /home/lengliang/lzy/sj_3d/results/4_hicexplorer/3_hicCorrectMatrix/5000/syun_5000_corrected.h5 -o /home/lengliang/lzy/sj_3d/results/4_hicexplorer/7_hicDetectLoops/syun/syun_5000_loops.bedgraph.p${pvalue[i]}.d${d} --maxLoopDistance ${d} --peakInteractionsThreshold 5 --threads 24 --peakWidth 2 --windowSize 5 --pValuePreselection  ${pp[i]} --pValue ${pvalue[i]} 2>>/home/lengliang/lzy/sj_3d/results/4_hicexplorer/7_hicDetectLoops/log/syun_5000_loop.log
                # -f 参数判断 $file 是否存在
            if [ -f "/home/lengliang/lzy/sj_3d/results/4_hicexplorer/7_hicDetectLoops/syun/syun_5000_loops.bedgraph.p${pvalue[i]}.d${d}" ]; then
                ~/lzy/mambaforge/bin/hicPlotMatrix -m /home/lengliang/lzy/sj_3d/results/4_hicexplorer/3_hicCorrectMatrix/5000/syun_5000_corrected.h5 -o /home/lengliang/lzy/sj_3d/results/4_hicexplorer/7_hicDetectLoops/syun/syun_5000_loops.bedgraph.p${pvalue[i]}.d${d}.pdf --vMax 4 --dpi 330  --loops /home/lengliang/lzy/sj_3d/results/4_hicexplorer/7_hicDetectLoops/syun/syun_5000_loops.bedgraph.p${pvalue[i]}.d${d}  2>>/home/lengliang/lzy/sj_3d/results/4_hicexplorer/7_hicDetectLoops/log/syun_5000_loop.log
            fi

        done
    }
} 
f
echo ''>/home/lengliang/lzy/sj_3d/results/4_hicexplorer/7_hicDetectLoops/syun/syun_5000_loops.bedgraph

Submitted job 25 with external jobid '10140.mu01'.

[Tue Jan 17 22:40:07 2023]
rule hicDetectLoops:
    input: /home/lengliang/lzy/sj_3d/results/4_hicexplorer/3_hicCorrectMatrix/5000/scep_5000_corrected.h5
    output: /home/lengliang/lzy/sj_3d/results/4_hicexplorer/7_hicDetectLoops/scep/scep_5000_loops.bedgraph
    log: /home/lengliang/lzy/sj_3d/results/4_hicexplorer/7_hicDetectLoops/log/scep_5000_loop.log
    jobid: 16
    reason: Missing output files: /home/lengliang/lzy/sj_3d/results/4_hicexplorer/7_hicDetectLoops/scep/scep_5000_loops.bedgraph
    wildcards: sample=scep, resolution=5000
    threads: 24
    resources: mem_mb=1106, disk_mb=4191800, tmpdir=/home/lengliang/lzy/tmp/3d/


function f(){   
    local pvalue=(0.05 0.1 0.5 1)
    local dis=(8000000 20000000)
    local pp=(0.1 0.5 1 1)
    local num=${#pvalue[@]}
    for((i=0;i<num;i++)){
        for d in ${dis[*]}
        do
            # echo "${pvalue[i]}and${d}and ${pp[i]}"
            ~/lzy/mambaforge/bin/hicDetectLoops -m /home/lengliang/lzy/sj_3d/results/4_hicexplorer/3_hicCorrectMatrix/5000/scep_5000_corrected.h5 -o /home/lengliang/lzy/sj_3d/results/4_hicexplorer/7_hicDetectLoops/scep/scep_5000_loops.bedgraph.p${pvalue[i]}.d${d} --maxLoopDistance ${d} --peakInteractionsThreshold 5 --threads 24 --peakWidth 2 --windowSize 5 --pValuePreselection  ${pp[i]} --pValue ${pvalue[i]} 2>>/home/lengliang/lzy/sj_3d/results/4_hicexplorer/7_hicDetectLoops/log/scep_5000_loop.log
                # -f 参数判断 $file 是否存在
            if [ -f "/home/lengliang/lzy/sj_3d/results/4_hicexplorer/7_hicDetectLoops/scep/scep_5000_loops.bedgraph.p${pvalue[i]}.d${d}" ]; then
                ~/lzy/mambaforge/bin/hicPlotMatrix -m /home/lengliang/lzy/sj_3d/results/4_hicexplorer/3_hicCorrectMatrix/5000/scep_5000_corrected.h5 -o /home/lengliang/lzy/sj_3d/results/4_hicexplorer/7_hicDetectLoops/scep/scep_5000_loops.bedgraph.p${pvalue[i]}.d${d}.pdf --vMax 4 --dpi 330  --loops /home/lengliang/lzy/sj_3d/results/4_hicexplorer/7_hicDetectLoops/scep/scep_5000_loops.bedgraph.p${pvalue[i]}.d${d}  2>>/home/lengliang/lzy/sj_3d/results/4_hicexplorer/7_hicDetectLoops/log/scep_5000_loop.log
            fi

        done
    }
} 
f
echo ''>/home/lengliang/lzy/sj_3d/results/4_hicexplorer/7_hicDetectLoops/scep/scep_5000_loops.bedgraph

Submitted job 16 with external jobid '10141.mu01'.

[Tue Jan 17 22:40:07 2023]
rule hicDetectLoops:
    input: /home/lengliang/lzy/sj_3d/results/4_hicexplorer/3_hicCorrectMatrix/25000/sjap_25000_corrected.h5
    output: /home/lengliang/lzy/sj_3d/results/4_hicexplorer/7_hicDetectLoops/sjap/sjap_25000_loops.bedgraph
    log: /home/lengliang/lzy/sj_3d/results/4_hicexplorer/7_hicDetectLoops/log/sjap_25000_loop.log
    jobid: 4
    reason: Missing output files: /home/lengliang/lzy/sj_3d/results/4_hicexplorer/7_hicDetectLoops/sjap/sjap_25000_loops.bedgraph
    wildcards: sample=sjap, resolution=25000
    threads: 24
    resources: mem_mb=1000, disk_mb=4191800, tmpdir=/home/lengliang/lzy/tmp/3d/


function f(){   
    local pvalue=(0.05 0.1 0.5 1)
    local dis=(8000000 20000000)
    local pp=(0.1 0.5 1 1)
    local num=${#pvalue[@]}
    for((i=0;i<num;i++)){
        for d in ${dis[*]}
        do
            # echo "${pvalue[i]}and${d}and ${pp[i]}"
            ~/lzy/mambaforge/bin/hicDetectLoops -m /home/lengliang/lzy/sj_3d/results/4_hicexplorer/3_hicCorrectMatrix/25000/sjap_25000_corrected.h5 -o /home/lengliang/lzy/sj_3d/results/4_hicexplorer/7_hicDetectLoops/sjap/sjap_25000_loops.bedgraph.p${pvalue[i]}.d${d} --maxLoopDistance ${d} --peakInteractionsThreshold 5 --threads 24 --peakWidth 2 --windowSize 5 --pValuePreselection  ${pp[i]} --pValue ${pvalue[i]} 2>>/home/lengliang/lzy/sj_3d/results/4_hicexplorer/7_hicDetectLoops/log/sjap_25000_loop.log
                # -f 参数判断 $file 是否存在
            if [ -f "/home/lengliang/lzy/sj_3d/results/4_hicexplorer/7_hicDetectLoops/sjap/sjap_25000_loops.bedgraph.p${pvalue[i]}.d${d}" ]; then
                ~/lzy/mambaforge/bin/hicPlotMatrix -m /home/lengliang/lzy/sj_3d/results/4_hicexplorer/3_hicCorrectMatrix/25000/sjap_25000_corrected.h5 -o /home/lengliang/lzy/sj_3d/results/4_hicexplorer/7_hicDetectLoops/sjap/sjap_25000_loops.bedgraph.p${pvalue[i]}.d${d}.pdf --vMax 4 --dpi 330  --loops /home/lengliang/lzy/sj_3d/results/4_hicexplorer/7_hicDetectLoops/sjap/sjap_25000_loops.bedgraph.p${pvalue[i]}.d${d}  2>>/home/lengliang/lzy/sj_3d/results/4_hicexplorer/7_hicDetectLoops/log/sjap_25000_loop.log
            fi

        done
    }
} 
f
echo ''>/home/lengliang/lzy/sj_3d/results/4_hicexplorer/7_hicDetectLoops/sjap/sjap_25000_loops.bedgraph

Submitted job 4 with external jobid '10142.mu01'.

[Tue Jan 17 22:40:08 2023]
rule hicDetectLoops:
    input: /home/lengliang/lzy/sj_3d/results/4_hicexplorer/3_hicCorrectMatrix/10000/scep_10000_corrected.h5
    output: /home/lengliang/lzy/sj_3d/results/4_hicexplorer/7_hicDetectLoops/scep/scep_10000_loops.bedgraph
    log: /home/lengliang/lzy/sj_3d/results/4_hicexplorer/7_hicDetectLoops/log/scep_10000_loop.log
    jobid: 12
    reason: Missing output files: /home/lengliang/lzy/sj_3d/results/4_hicexplorer/7_hicDetectLoops/scep/scep_10000_loops.bedgraph
    wildcards: sample=scep, resolution=10000
    threads: 24
    resources: mem_mb=1000, disk_mb=4191800, tmpdir=/home/lengliang/lzy/tmp/3d/


function f(){   
    local pvalue=(0.05 0.1 0.5 1)
    local dis=(8000000 20000000)
    local pp=(0.1 0.5 1 1)
    local num=${#pvalue[@]}
    for((i=0;i<num;i++)){
        for d in ${dis[*]}
        do
            # echo "${pvalue[i]}and${d}and ${pp[i]}"
            ~/lzy/mambaforge/bin/hicDetectLoops -m /home/lengliang/lzy/sj_3d/results/4_hicexplorer/3_hicCorrectMatrix/10000/scep_10000_corrected.h5 -o /home/lengliang/lzy/sj_3d/results/4_hicexplorer/7_hicDetectLoops/scep/scep_10000_loops.bedgraph.p${pvalue[i]}.d${d} --maxLoopDistance ${d} --peakInteractionsThreshold 5 --threads 24 --peakWidth 2 --windowSize 5 --pValuePreselection  ${pp[i]} --pValue ${pvalue[i]} 2>>/home/lengliang/lzy/sj_3d/results/4_hicexplorer/7_hicDetectLoops/log/scep_10000_loop.log
                # -f 参数判断 $file 是否存在
            if [ -f "/home/lengliang/lzy/sj_3d/results/4_hicexplorer/7_hicDetectLoops/scep/scep_10000_loops.bedgraph.p${pvalue[i]}.d${d}" ]; then
                ~/lzy/mambaforge/bin/hicPlotMatrix -m /home/lengliang/lzy/sj_3d/results/4_hicexplorer/3_hicCorrectMatrix/10000/scep_10000_corrected.h5 -o /home/lengliang/lzy/sj_3d/results/4_hicexplorer/7_hicDetectLoops/scep/scep_10000_loops.bedgraph.p${pvalue[i]}.d${d}.pdf --vMax 4 --dpi 330  --loops /home/lengliang/lzy/sj_3d/results/4_hicexplorer/7_hicDetectLoops/scep/scep_10000_loops.bedgraph.p${pvalue[i]}.d${d}  2>>/home/lengliang/lzy/sj_3d/results/4_hicexplorer/7_hicDetectLoops/log/scep_10000_loop.log
            fi

        done
    }
} 
f
echo ''>/home/lengliang/lzy/sj_3d/results/4_hicexplorer/7_hicDetectLoops/scep/scep_10000_loops.bedgraph

Submitted job 12 with external jobid '10143.mu01'.
[Tue Jan 17 22:43:54 2023]
Error in rule hicDetectLoops:
    jobid: 25
    output: /home/lengliang/lzy/sj_3d/results/4_hicexplorer/7_hicDetectLoops/syun/syun_5000_loops.bedgraph
    log: /home/lengliang/lzy/sj_3d/results/4_hicexplorer/7_hicDetectLoops/log/syun_5000_loop.log (check log file(s) for error message)
    shell:
        
function f(){   
    local pvalue=(0.05 0.1 0.5 1)
    local dis=(8000000 20000000)
    local pp=(0.1 0.5 1 1)
    local num=${#pvalue[@]}
    for((i=0;i<num;i++)){
        for d in ${dis[*]}
        do
            # echo "${pvalue[i]}and${d}and ${pp[i]}"
            ~/lzy/mambaforge/bin/hicDetectLoops -m /home/lengliang/lzy/sj_3d/results/4_hicexplorer/3_hicCorrectMatrix/5000/syun_5000_corrected.h5 -o /home/lengliang/lzy/sj_3d/results/4_hicexplorer/7_hicDetectLoops/syun/syun_5000_loops.bedgraph.p${pvalue[i]}.d${d} --maxLoopDistance ${d} --peakInteractionsThreshold 5 --threads 24 --peakWidth 2 --windowSize 5 --pValuePreselection  ${pp[i]} --pValue ${pvalue[i]} 2>>/home/lengliang/lzy/sj_3d/results/4_hicexplorer/7_hicDetectLoops/log/syun_5000_loop.log
                # -f 参数判断 $file 是否存在
            if [ -f "/home/lengliang/lzy/sj_3d/results/4_hicexplorer/7_hicDetectLoops/syun/syun_5000_loops.bedgraph.p${pvalue[i]}.d${d}" ]; then
                ~/lzy/mambaforge/bin/hicPlotMatrix -m /home/lengliang/lzy/sj_3d/results/4_hicexplorer/3_hicCorrectMatrix/5000/syun_5000_corrected.h5 -o /home/lengliang/lzy/sj_3d/results/4_hicexplorer/7_hicDetectLoops/syun/syun_5000_loops.bedgraph.p${pvalue[i]}.d${d}.pdf --vMax 4 --dpi 330  --loops /home/lengliang/lzy/sj_3d/results/4_hicexplorer/7_hicDetectLoops/syun/syun_5000_loops.bedgraph.p${pvalue[i]}.d${d}  2>>/home/lengliang/lzy/sj_3d/results/4_hicexplorer/7_hicDetectLoops/log/syun_5000_loop.log
            fi

        done
    }
} 
f
echo ''>/home/lengliang/lzy/sj_3d/results/4_hicexplorer/7_hicDetectLoops/syun/syun_5000_loops.bedgraph

        (one of the commands exited with non-zero exit code; note that snakemake uses bash strict mode!)
    cluster_jobid: 10140.mu01

Error executing rule hicDetectLoops on cluster (jobid: 25, external: 10140.mu01, jobscript: /home/lengliang/lzy/sj_3d/script/4_hicexplorer/.snakemake/tmp.hueulgdp/snakejob.hicDetectLoops.25.sh). For error details see the cluster log and the log files of the involved rule(s).
[Tue Jan 17 22:43:54 2023]
Finished job 15.
1 of 10 steps (10%) done
[Tue Jan 17 22:48:45 2023]
Error in rule hicDetectLoops:
    jobid: 16
    output: /home/lengliang/lzy/sj_3d/results/4_hicexplorer/7_hicDetectLoops/scep/scep_5000_loops.bedgraph
    log: /home/lengliang/lzy/sj_3d/results/4_hicexplorer/7_hicDetectLoops/log/scep_5000_loop.log (check log file(s) for error message)
    shell:
        
function f(){   
    local pvalue=(0.05 0.1 0.5 1)
    local dis=(8000000 20000000)
    local pp=(0.1 0.5 1 1)
    local num=${#pvalue[@]}
    for((i=0;i<num;i++)){
        for d in ${dis[*]}
        do
            # echo "${pvalue[i]}and${d}and ${pp[i]}"
            ~/lzy/mambaforge/bin/hicDetectLoops -m /home/lengliang/lzy/sj_3d/results/4_hicexplorer/3_hicCorrectMatrix/5000/scep_5000_corrected.h5 -o /home/lengliang/lzy/sj_3d/results/4_hicexplorer/7_hicDetectLoops/scep/scep_5000_loops.bedgraph.p${pvalue[i]}.d${d} --maxLoopDistance ${d} --peakInteractionsThreshold 5 --threads 24 --peakWidth 2 --windowSize 5 --pValuePreselection  ${pp[i]} --pValue ${pvalue[i]} 2>>/home/lengliang/lzy/sj_3d/results/4_hicexplorer/7_hicDetectLoops/log/scep_5000_loop.log
                # -f 参数判断 $file 是否存在
            if [ -f "/home/lengliang/lzy/sj_3d/results/4_hicexplorer/7_hicDetectLoops/scep/scep_5000_loops.bedgraph.p${pvalue[i]}.d${d}" ]; then
                ~/lzy/mambaforge/bin/hicPlotMatrix -m /home/lengliang/lzy/sj_3d/results/4_hicexplorer/3_hicCorrectMatrix/5000/scep_5000_corrected.h5 -o /home/lengliang/lzy/sj_3d/results/4_hicexplorer/7_hicDetectLoops/scep/scep_5000_loops.bedgraph.p${pvalue[i]}.d${d}.pdf --vMax 4 --dpi 330  --loops /home/lengliang/lzy/sj_3d/results/4_hicexplorer/7_hicDetectLoops/scep/scep_5000_loops.bedgraph.p${pvalue[i]}.d${d}  2>>/home/lengliang/lzy/sj_3d/results/4_hicexplorer/7_hicDetectLoops/log/scep_5000_loop.log
            fi

        done
    }
} 
f
echo ''>/home/lengliang/lzy/sj_3d/results/4_hicexplorer/7_hicDetectLoops/scep/scep_5000_loops.bedgraph

        (one of the commands exited with non-zero exit code; note that snakemake uses bash strict mode!)
    cluster_jobid: 10141.mu01

Error executing rule hicDetectLoops on cluster (jobid: 16, external: 10141.mu01, jobscript: /home/lengliang/lzy/sj_3d/script/4_hicexplorer/.snakemake/tmp.hueulgdp/snakejob.hicDetectLoops.16.sh). For error details see the cluster log and the log files of the involved rule(s).
[Tue Jan 17 22:49:15 2023]
Error in rule hicDetectLoops:
    jobid: 7
    output: /home/lengliang/lzy/sj_3d/results/4_hicexplorer/7_hicDetectLoops/sjap/sjap_5000_loops.bedgraph
    log: /home/lengliang/lzy/sj_3d/results/4_hicexplorer/7_hicDetectLoops/log/sjap_5000_loop.log (check log file(s) for error message)
    shell:
        
function f(){   
    local pvalue=(0.05 0.1 0.5 1)
    local dis=(8000000 20000000)
    local pp=(0.1 0.5 1 1)
    local num=${#pvalue[@]}
    for((i=0;i<num;i++)){
        for d in ${dis[*]}
        do
            # echo "${pvalue[i]}and${d}and ${pp[i]}"
            ~/lzy/mambaforge/bin/hicDetectLoops -m /home/lengliang/lzy/sj_3d/results/4_hicexplorer/3_hicCorrectMatrix/5000/sjap_5000_corrected.h5 -o /home/lengliang/lzy/sj_3d/results/4_hicexplorer/7_hicDetectLoops/sjap/sjap_5000_loops.bedgraph.p${pvalue[i]}.d${d} --maxLoopDistance ${d} --peakInteractionsThreshold 5 --threads 24 --peakWidth 2 --windowSize 5 --pValuePreselection  ${pp[i]} --pValue ${pvalue[i]} 2>>/home/lengliang/lzy/sj_3d/results/4_hicexplorer/7_hicDetectLoops/log/sjap_5000_loop.log
                # -f 参数判断 $file 是否存在
            if [ -f "/home/lengliang/lzy/sj_3d/results/4_hicexplorer/7_hicDetectLoops/sjap/sjap_5000_loops.bedgraph.p${pvalue[i]}.d${d}" ]; then
                ~/lzy/mambaforge/bin/hicPlotMatrix -m /home/lengliang/lzy/sj_3d/results/4_hicexplorer/3_hicCorrectMatrix/5000/sjap_5000_corrected.h5 -o /home/lengliang/lzy/sj_3d/results/4_hicexplorer/7_hicDetectLoops/sjap/sjap_5000_loops.bedgraph.p${pvalue[i]}.d${d}.pdf --vMax 4 --dpi 330  --loops /home/lengliang/lzy/sj_3d/results/4_hicexplorer/7_hicDetectLoops/sjap/sjap_5000_loops.bedgraph.p${pvalue[i]}.d${d}  2>>/home/lengliang/lzy/sj_3d/results/4_hicexplorer/7_hicDetectLoops/log/sjap_5000_loop.log
            fi

        done
    }
} 
f
echo ''>/home/lengliang/lzy/sj_3d/results/4_hicexplorer/7_hicDetectLoops/sjap/sjap_5000_loops.bedgraph

        (one of the commands exited with non-zero exit code; note that snakemake uses bash strict mode!)
    cluster_jobid: 10137.mu01

Error executing rule hicDetectLoops on cluster (jobid: 7, external: 10137.mu01, jobscript: /home/lengliang/lzy/sj_3d/script/4_hicexplorer/.snakemake/tmp.hueulgdp/snakejob.hicDetectLoops.7.sh). For error details see the cluster log and the log files of the involved rule(s).
[Tue Jan 17 22:51:15 2023]
Error in rule hicDetectLoops:
    jobid: 3
    output: /home/lengliang/lzy/sj_3d/results/4_hicexplorer/7_hicDetectLoops/sjap/sjap_10000_loops.bedgraph
    log: /home/lengliang/lzy/sj_3d/results/4_hicexplorer/7_hicDetectLoops/log/sjap_10000_loop.log (check log file(s) for error message)
    shell:
        
function f(){   
    local pvalue=(0.05 0.1 0.5 1)
    local dis=(8000000 20000000)
    local pp=(0.1 0.5 1 1)
    local num=${#pvalue[@]}
    for((i=0;i<num;i++)){
        for d in ${dis[*]}
        do
            # echo "${pvalue[i]}and${d}and ${pp[i]}"
            ~/lzy/mambaforge/bin/hicDetectLoops -m /home/lengliang/lzy/sj_3d/results/4_hicexplorer/3_hicCorrectMatrix/10000/sjap_10000_corrected.h5 -o /home/lengliang/lzy/sj_3d/results/4_hicexplorer/7_hicDetectLoops/sjap/sjap_10000_loops.bedgraph.p${pvalue[i]}.d${d} --maxLoopDistance ${d} --peakInteractionsThreshold 5 --threads 24 --peakWidth 2 --windowSize 5 --pValuePreselection  ${pp[i]} --pValue ${pvalue[i]} 2>>/home/lengliang/lzy/sj_3d/results/4_hicexplorer/7_hicDetectLoops/log/sjap_10000_loop.log
                # -f 参数判断 $file 是否存在
            if [ -f "/home/lengliang/lzy/sj_3d/results/4_hicexplorer/7_hicDetectLoops/sjap/sjap_10000_loops.bedgraph.p${pvalue[i]}.d${d}" ]; then
                ~/lzy/mambaforge/bin/hicPlotMatrix -m /home/lengliang/lzy/sj_3d/results/4_hicexplorer/3_hicCorrectMatrix/10000/sjap_10000_corrected.h5 -o /home/lengliang/lzy/sj_3d/results/4_hicexplorer/7_hicDetectLoops/sjap/sjap_10000_loops.bedgraph.p${pvalue[i]}.d${d}.pdf --vMax 4 --dpi 330  --loops /home/lengliang/lzy/sj_3d/results/4_hicexplorer/7_hicDetectLoops/sjap/sjap_10000_loops.bedgraph.p${pvalue[i]}.d${d}  2>>/home/lengliang/lzy/sj_3d/results/4_hicexplorer/7_hicDetectLoops/log/sjap_10000_loop.log
            fi

        done
    }
} 
f
echo ''>/home/lengliang/lzy/sj_3d/results/4_hicexplorer/7_hicDetectLoops/sjap/sjap_10000_loops.bedgraph

        (one of the commands exited with non-zero exit code; note that snakemake uses bash strict mode!)
    cluster_jobid: 10136.mu01

Error executing rule hicDetectLoops on cluster (jobid: 3, external: 10136.mu01, jobscript: /home/lengliang/lzy/sj_3d/script/4_hicexplorer/.snakemake/tmp.hueulgdp/snakejob.hicDetectLoops.3.sh). For error details see the cluster log and the log files of the involved rule(s).
[Tue Jan 17 22:51:55 2023]
Error in rule hicDetectLoops:
    jobid: 21
    output: /home/lengliang/lzy/sj_3d/results/4_hicexplorer/7_hicDetectLoops/syun/syun_10000_loops.bedgraph
    log: /home/lengliang/lzy/sj_3d/results/4_hicexplorer/7_hicDetectLoops/log/syun_10000_loop.log (check log file(s) for error message)
    shell:
        
function f(){   
    local pvalue=(0.05 0.1 0.5 1)
    local dis=(8000000 20000000)
    local pp=(0.1 0.5 1 1)
    local num=${#pvalue[@]}
    for((i=0;i<num;i++)){
        for d in ${dis[*]}
        do
            # echo "${pvalue[i]}and${d}and ${pp[i]}"
            ~/lzy/mambaforge/bin/hicDetectLoops -m /home/lengliang/lzy/sj_3d/results/4_hicexplorer/3_hicCorrectMatrix/10000/syun_10000_corrected.h5 -o /home/lengliang/lzy/sj_3d/results/4_hicexplorer/7_hicDetectLoops/syun/syun_10000_loops.bedgraph.p${pvalue[i]}.d${d} --maxLoopDistance ${d} --peakInteractionsThreshold 5 --threads 24 --peakWidth 2 --windowSize 5 --pValuePreselection  ${pp[i]} --pValue ${pvalue[i]} 2>>/home/lengliang/lzy/sj_3d/results/4_hicexplorer/7_hicDetectLoops/log/syun_10000_loop.log
                # -f 参数判断 $file 是否存在
            if [ -f "/home/lengliang/lzy/sj_3d/results/4_hicexplorer/7_hicDetectLoops/syun/syun_10000_loops.bedgraph.p${pvalue[i]}.d${d}" ]; then
                ~/lzy/mambaforge/bin/hicPlotMatrix -m /home/lengliang/lzy/sj_3d/results/4_hicexplorer/3_hicCorrectMatrix/10000/syun_10000_corrected.h5 -o /home/lengliang/lzy/sj_3d/results/4_hicexplorer/7_hicDetectLoops/syun/syun_10000_loops.bedgraph.p${pvalue[i]}.d${d}.pdf --vMax 4 --dpi 330  --loops /home/lengliang/lzy/sj_3d/results/4_hicexplorer/7_hicDetectLoops/syun/syun_10000_loops.bedgraph.p${pvalue[i]}.d${d}  2>>/home/lengliang/lzy/sj_3d/results/4_hicexplorer/7_hicDetectLoops/log/syun_10000_loop.log
            fi

        done
    }
} 
f
echo ''>/home/lengliang/lzy/sj_3d/results/4_hicexplorer/7_hicDetectLoops/syun/syun_10000_loops.bedgraph

        (one of the commands exited with non-zero exit code; note that snakemake uses bash strict mode!)
    cluster_jobid: 10138.mu01

Error executing rule hicDetectLoops on cluster (jobid: 21, external: 10138.mu01, jobscript: /home/lengliang/lzy/sj_3d/script/4_hicexplorer/.snakemake/tmp.hueulgdp/snakejob.hicDetectLoops.21.sh). For error details see the cluster log and the log files of the involved rule(s).
[Tue Jan 17 22:52:55 2023]
Error in rule hicDetectLoops:
    jobid: 12
    output: /home/lengliang/lzy/sj_3d/results/4_hicexplorer/7_hicDetectLoops/scep/scep_10000_loops.bedgraph
    log: /home/lengliang/lzy/sj_3d/results/4_hicexplorer/7_hicDetectLoops/log/scep_10000_loop.log (check log file(s) for error message)
    shell:
        
function f(){   
    local pvalue=(0.05 0.1 0.5 1)
    local dis=(8000000 20000000)
    local pp=(0.1 0.5 1 1)
    local num=${#pvalue[@]}
    for((i=0;i<num;i++)){
        for d in ${dis[*]}
        do
            # echo "${pvalue[i]}and${d}and ${pp[i]}"
            ~/lzy/mambaforge/bin/hicDetectLoops -m /home/lengliang/lzy/sj_3d/results/4_hicexplorer/3_hicCorrectMatrix/10000/scep_10000_corrected.h5 -o /home/lengliang/lzy/sj_3d/results/4_hicexplorer/7_hicDetectLoops/scep/scep_10000_loops.bedgraph.p${pvalue[i]}.d${d} --maxLoopDistance ${d} --peakInteractionsThreshold 5 --threads 24 --peakWidth 2 --windowSize 5 --pValuePreselection  ${pp[i]} --pValue ${pvalue[i]} 2>>/home/lengliang/lzy/sj_3d/results/4_hicexplorer/7_hicDetectLoops/log/scep_10000_loop.log
                # -f 参数判断 $file 是否存在
            if [ -f "/home/lengliang/lzy/sj_3d/results/4_hicexplorer/7_hicDetectLoops/scep/scep_10000_loops.bedgraph.p${pvalue[i]}.d${d}" ]; then
                ~/lzy/mambaforge/bin/hicPlotMatrix -m /home/lengliang/lzy/sj_3d/results/4_hicexplorer/3_hicCorrectMatrix/10000/scep_10000_corrected.h5 -o /home/lengliang/lzy/sj_3d/results/4_hicexplorer/7_hicDetectLoops/scep/scep_10000_loops.bedgraph.p${pvalue[i]}.d${d}.pdf --vMax 4 --dpi 330  --loops /home/lengliang/lzy/sj_3d/results/4_hicexplorer/7_hicDetectLoops/scep/scep_10000_loops.bedgraph.p${pvalue[i]}.d${d}  2>>/home/lengliang/lzy/sj_3d/results/4_hicexplorer/7_hicDetectLoops/log/scep_10000_loop.log
            fi

        done
    }
} 
f
echo ''>/home/lengliang/lzy/sj_3d/results/4_hicexplorer/7_hicDetectLoops/scep/scep_10000_loops.bedgraph

        (one of the commands exited with non-zero exit code; note that snakemake uses bash strict mode!)
    cluster_jobid: 10143.mu01

Error executing rule hicDetectLoops on cluster (jobid: 12, external: 10143.mu01, jobscript: /home/lengliang/lzy/sj_3d/script/4_hicexplorer/.snakemake/tmp.hueulgdp/snakejob.hicDetectLoops.12.sh). For error details see the cluster log and the log files of the involved rule(s).
[Tue Jan 17 23:31:37 2023]
Finished job 11.
2 of 10 steps (20%) done
[Wed Jan 18 00:23:50 2023]
Finished job 4.
3 of 10 steps (30%) done
Shutting down, this might take some time.
Exiting because a job execution failed. Look above for error message
Complete log: .snakemake/log/2023-01-17T224003.705304.snakemake.log
