Building DAG of jobs...
Using shell: /usr/bin/bash
Provided cluster nodes: 20
Job stats:
job               count    min threads    max threads
--------------  -------  -------------  -------------
all                   1              1              1
hicFindAB            27             24             24
hicFindAB_plot       27             24             24
total                55              1             24

Select jobs to execute...

[Tue Jan 17 12:15:58 2023]
rule hicFindAB:
    input: /home/lengliang/lzy/sj_3d/results/4_hicexplorer/3_hicCorrectMatrix/100000/sjap_100000_corrected.h5
    output: /home/lengliang/lzy/sj_3d/results/4_hicexplorer/6_hicFindAB/100000/sjap_100000_pca1.bw, /home/lengliang/lzy/sj_3d/results/4_hicexplorer/6_hicFindAB/100000/sjap_100000_pca1.bedgraph, /home/lengliang/lzy/sj_3d/results/4_hicexplorer/6_hicFindAB/100000/sjap_100000_pca2.bw, /home/lengliang/lzy/sj_3d/results/4_hicexplorer/6_hicFindAB/100000/sjap_100000_pca2.bedgraph, /home/lengliang/lzy/sj_3d/results/4_hicexplorer/6_hicFindAB/100000/sjap_100000_pearson.h5, /home/lengliang/lzy/sj_3d/results/4_hicexplorer/6_hicFindAB/100000/sjap_100000_obsexp.h5, /home/lengliang/lzy/sj_3d/results/4_hicexplorer/6_hicFindAB/100000/sjap_100000_hicCompartmentalization.pdf
    jobid: 1
    reason: Missing output files: /home/lengliang/lzy/sj_3d/results/4_hicexplorer/6_hicFindAB/100000/sjap_100000_pca2.bw, /home/lengliang/lzy/sj_3d/results/4_hicexplorer/6_hicFindAB/100000/sjap_100000_pca1.bw, /home/lengliang/lzy/sj_3d/results/4_hicexplorer/6_hicFindAB/100000/sjap_100000_pearson.h5
    wildcards: resolution=100000, sample=sjap
    threads: 24
    resources: mem_mb=1000, disk_mb=4191800, tmpdir=/home/lengliang/lzy/tmp/3d/


~/lzy/mambaforge/bin/hicPCA -m /home/lengliang/lzy/sj_3d/results/4_hicexplorer/3_hicCorrectMatrix/100000/sjap_100000_corrected.h5 -we 1 2 --outputFileName /home/lengliang/lzy/sj_3d/results/4_hicexplorer/6_hicFindAB/100000/sjap_100000_pca1.bw /home/lengliang/lzy/sj_3d/results/4_hicexplorer/6_hicFindAB/100000/sjap_100000_pca2.bw --format bigwig  --obsexpMatrix /home/lengliang/lzy/sj_3d/results/4_hicexplorer/6_hicFindAB/100000/sjap_100000_obsexp.h5 --pearsonMatrix /home/lengliang/lzy/sj_3d/results/4_hicexplorer/6_hicFindAB/100000/sjap_100000_pearson.h5  
/home/lengliang/lzy/soft/bigWigToBedGraph /home/lengliang/lzy/sj_3d/results/4_hicexplorer/6_hicFindAB/100000/sjap_100000_pca1.bw /home/lengliang/lzy/sj_3d/results/4_hicexplorer/6_hicFindAB/100000/sjap_100000_pca1.bedgraph 
/home/lengliang/lzy/soft/bigWigToBedGraph /home/lengliang/lzy/sj_3d/results/4_hicexplorer/6_hicFindAB/100000/sjap_100000_pca2.bw /home/lengliang/lzy/sj_3d/results/4_hicexplorer/6_hicFindAB/100000/sjap_100000_pca2.bedgraph 
~/lzy/mambaforge/bin/hicCompartmentalization --obsexp_matrices /home/lengliang/lzy/sj_3d/results/4_hicexplorer/6_hicFindAB/100000/sjap_100000_obsexp.h5 --pca  /home/lengliang/lzy/sj_3d/results/4_hicexplorer/6_hicFindAB/100000/sjap_100000_pca1.bedgraph  -o  /home/lengliang/lzy/sj_3d/results/4_hicexplorer/6_hicFindAB/100000/sjap_100000_hicCompartmentalization.pdf  

Submitted job 1 with external jobid '10065.mu01'.

[Tue Jan 17 12:16:00 2023]
rule hicFindAB:
    input: /home/lengliang/lzy/sj_3d/results/4_hicexplorer/3_hicCorrectMatrix/50000/sjap_50000_corrected.h5
    output: /home/lengliang/lzy/sj_3d/results/4_hicexplorer/6_hicFindAB/50000/sjap_50000_pca1.bw, /home/lengliang/lzy/sj_3d/results/4_hicexplorer/6_hicFindAB/50000/sjap_50000_pca1.bedgraph, /home/lengliang/lzy/sj_3d/results/4_hicexplorer/6_hicFindAB/50000/sjap_50000_pca2.bw, /home/lengliang/lzy/sj_3d/results/4_hicexplorer/6_hicFindAB/50000/sjap_50000_pca2.bedgraph, /home/lengliang/lzy/sj_3d/results/4_hicexplorer/6_hicFindAB/50000/sjap_50000_pearson.h5, /home/lengliang/lzy/sj_3d/results/4_hicexplorer/6_hicFindAB/50000/sjap_50000_obsexp.h5, /home/lengliang/lzy/sj_3d/results/4_hicexplorer/6_hicFindAB/50000/sjap_50000_hicCompartmentalization.pdf
    jobid: 9
    reason: Missing output files: /home/lengliang/lzy/sj_3d/results/4_hicexplorer/6_hicFindAB/50000/sjap_50000_pca2.bw, /home/lengliang/lzy/sj_3d/results/4_hicexplorer/6_hicFindAB/50000/sjap_50000_pearson.h5, /home/lengliang/lzy/sj_3d/results/4_hicexplorer/6_hicFindAB/50000/sjap_50000_pca1.bw
    wildcards: resolution=50000, sample=sjap
    threads: 24
    resources: mem_mb=1000, disk_mb=4191800, tmpdir=/home/lengliang/lzy/tmp/3d/


~/lzy/mambaforge/bin/hicPCA -m /home/lengliang/lzy/sj_3d/results/4_hicexplorer/3_hicCorrectMatrix/50000/sjap_50000_corrected.h5 -we 1 2 --outputFileName /home/lengliang/lzy/sj_3d/results/4_hicexplorer/6_hicFindAB/50000/sjap_50000_pca1.bw /home/lengliang/lzy/sj_3d/results/4_hicexplorer/6_hicFindAB/50000/sjap_50000_pca2.bw --format bigwig  --obsexpMatrix /home/lengliang/lzy/sj_3d/results/4_hicexplorer/6_hicFindAB/50000/sjap_50000_obsexp.h5 --pearsonMatrix /home/lengliang/lzy/sj_3d/results/4_hicexplorer/6_hicFindAB/50000/sjap_50000_pearson.h5  
/home/lengliang/lzy/soft/bigWigToBedGraph /home/lengliang/lzy/sj_3d/results/4_hicexplorer/6_hicFindAB/50000/sjap_50000_pca1.bw /home/lengliang/lzy/sj_3d/results/4_hicexplorer/6_hicFindAB/50000/sjap_50000_pca1.bedgraph 
/home/lengliang/lzy/soft/bigWigToBedGraph /home/lengliang/lzy/sj_3d/results/4_hicexplorer/6_hicFindAB/50000/sjap_50000_pca2.bw /home/lengliang/lzy/sj_3d/results/4_hicexplorer/6_hicFindAB/50000/sjap_50000_pca2.bedgraph 
~/lzy/mambaforge/bin/hicCompartmentalization --obsexp_matrices /home/lengliang/lzy/sj_3d/results/4_hicexplorer/6_hicFindAB/50000/sjap_50000_obsexp.h5 --pca  /home/lengliang/lzy/sj_3d/results/4_hicexplorer/6_hicFindAB/50000/sjap_50000_pca1.bedgraph  -o  /home/lengliang/lzy/sj_3d/results/4_hicexplorer/6_hicFindAB/50000/sjap_50000_hicCompartmentalization.pdf  

Submitted job 9 with external jobid '10066.mu01'.

[Tue Jan 17 12:16:00 2023]
rule hicFindAB:
    input: /home/lengliang/lzy/sj_3d/results/4_hicexplorer/3_hicCorrectMatrix/500000/syun_500000_corrected.h5
    output: /home/lengliang/lzy/sj_3d/results/4_hicexplorer/6_hicFindAB/500000/syun_500000_pca1.bw, /home/lengliang/lzy/sj_3d/results/4_hicexplorer/6_hicFindAB/500000/syun_500000_pca1.bedgraph, /home/lengliang/lzy/sj_3d/results/4_hicexplorer/6_hicFindAB/500000/syun_500000_pca2.bw, /home/lengliang/lzy/sj_3d/results/4_hicexplorer/6_hicFindAB/500000/syun_500000_pca2.bedgraph, /home/lengliang/lzy/sj_3d/results/4_hicexplorer/6_hicFindAB/500000/syun_500000_pearson.h5, /home/lengliang/lzy/sj_3d/results/4_hicexplorer/6_hicFindAB/500000/syun_500000_obsexp.h5, /home/lengliang/lzy/sj_3d/results/4_hicexplorer/6_hicFindAB/500000/syun_500000_hicCompartmentalization.pdf
    jobid: 23
    reason: Missing output files: /home/lengliang/lzy/sj_3d/results/4_hicexplorer/6_hicFindAB/500000/syun_500000_pca2.bw, /home/lengliang/lzy/sj_3d/results/4_hicexplorer/6_hicFindAB/500000/syun_500000_pca1.bw, /home/lengliang/lzy/sj_3d/results/4_hicexplorer/6_hicFindAB/500000/syun_500000_pearson.h5
    wildcards: resolution=500000, sample=syun
    threads: 24
    resources: mem_mb=1000, disk_mb=4191800, tmpdir=/home/lengliang/lzy/tmp/3d/


~/lzy/mambaforge/bin/hicPCA -m /home/lengliang/lzy/sj_3d/results/4_hicexplorer/3_hicCorrectMatrix/500000/syun_500000_corrected.h5 -we 1 2 --outputFileName /home/lengliang/lzy/sj_3d/results/4_hicexplorer/6_hicFindAB/500000/syun_500000_pca1.bw /home/lengliang/lzy/sj_3d/results/4_hicexplorer/6_hicFindAB/500000/syun_500000_pca2.bw --format bigwig  --obsexpMatrix /home/lengliang/lzy/sj_3d/results/4_hicexplorer/6_hicFindAB/500000/syun_500000_obsexp.h5 --pearsonMatrix /home/lengliang/lzy/sj_3d/results/4_hicexplorer/6_hicFindAB/500000/syun_500000_pearson.h5  
/home/lengliang/lzy/soft/bigWigToBedGraph /home/lengliang/lzy/sj_3d/results/4_hicexplorer/6_hicFindAB/500000/syun_500000_pca1.bw /home/lengliang/lzy/sj_3d/results/4_hicexplorer/6_hicFindAB/500000/syun_500000_pca1.bedgraph 
/home/lengliang/lzy/soft/bigWigToBedGraph /home/lengliang/lzy/sj_3d/results/4_hicexplorer/6_hicFindAB/500000/syun_500000_pca2.bw /home/lengliang/lzy/sj_3d/results/4_hicexplorer/6_hicFindAB/500000/syun_500000_pca2.bedgraph 
~/lzy/mambaforge/bin/hicCompartmentalization --obsexp_matrices /home/lengliang/lzy/sj_3d/results/4_hicexplorer/6_hicFindAB/500000/syun_500000_obsexp.h5 --pca  /home/lengliang/lzy/sj_3d/results/4_hicexplorer/6_hicFindAB/500000/syun_500000_pca1.bedgraph  -o  /home/lengliang/lzy/sj_3d/results/4_hicexplorer/6_hicFindAB/500000/syun_500000_hicCompartmentalization.pdf  

Submitted job 23 with external jobid '10067.mu01'.

[Tue Jan 17 12:16:00 2023]
rule hicFindAB:
    input: /home/lengliang/lzy/sj_3d/results/4_hicexplorer/3_hicCorrectMatrix/5000/scep_5000_corrected.h5
    output: /home/lengliang/lzy/sj_3d/results/4_hicexplorer/6_hicFindAB/5000/scep_5000_pca1.bw, /home/lengliang/lzy/sj_3d/results/4_hicexplorer/6_hicFindAB/5000/scep_5000_pca1.bedgraph, /home/lengliang/lzy/sj_3d/results/4_hicexplorer/6_hicFindAB/5000/scep_5000_pca2.bw, /home/lengliang/lzy/sj_3d/results/4_hicexplorer/6_hicFindAB/5000/scep_5000_pca2.bedgraph, /home/lengliang/lzy/sj_3d/results/4_hicexplorer/6_hicFindAB/5000/scep_5000_pearson.h5, /home/lengliang/lzy/sj_3d/results/4_hicexplorer/6_hicFindAB/5000/scep_5000_obsexp.h5, /home/lengliang/lzy/sj_3d/results/4_hicexplorer/6_hicFindAB/5000/scep_5000_hicCompartmentalization.pdf
    jobid: 16
    reason: Missing output files: /home/lengliang/lzy/sj_3d/results/4_hicexplorer/6_hicFindAB/5000/scep_5000_pca1.bw, /home/lengliang/lzy/sj_3d/results/4_hicexplorer/6_hicFindAB/5000/scep_5000_pearson.h5, /home/lengliang/lzy/sj_3d/results/4_hicexplorer/6_hicFindAB/5000/scep_5000_pca2.bw
    wildcards: resolution=5000, sample=scep
    threads: 24
    resources: mem_mb=1106, disk_mb=4191800, tmpdir=/home/lengliang/lzy/tmp/3d/


~/lzy/mambaforge/bin/hicPCA -m /home/lengliang/lzy/sj_3d/results/4_hicexplorer/3_hicCorrectMatrix/5000/scep_5000_corrected.h5 -we 1 2 --outputFileName /home/lengliang/lzy/sj_3d/results/4_hicexplorer/6_hicFindAB/5000/scep_5000_pca1.bw /home/lengliang/lzy/sj_3d/results/4_hicexplorer/6_hicFindAB/5000/scep_5000_pca2.bw --format bigwig  --obsexpMatrix /home/lengliang/lzy/sj_3d/results/4_hicexplorer/6_hicFindAB/5000/scep_5000_obsexp.h5 --pearsonMatrix /home/lengliang/lzy/sj_3d/results/4_hicexplorer/6_hicFindAB/5000/scep_5000_pearson.h5  
/home/lengliang/lzy/soft/bigWigToBedGraph /home/lengliang/lzy/sj_3d/results/4_hicexplorer/6_hicFindAB/5000/scep_5000_pca1.bw /home/lengliang/lzy/sj_3d/results/4_hicexplorer/6_hicFindAB/5000/scep_5000_pca1.bedgraph 
/home/lengliang/lzy/soft/bigWigToBedGraph /home/lengliang/lzy/sj_3d/results/4_hicexplorer/6_hicFindAB/5000/scep_5000_pca2.bw /home/lengliang/lzy/sj_3d/results/4_hicexplorer/6_hicFindAB/5000/scep_5000_pca2.bedgraph 
~/lzy/mambaforge/bin/hicCompartmentalization --obsexp_matrices /home/lengliang/lzy/sj_3d/results/4_hicexplorer/6_hicFindAB/5000/scep_5000_obsexp.h5 --pca  /home/lengliang/lzy/sj_3d/results/4_hicexplorer/6_hicFindAB/5000/scep_5000_pca1.bedgraph  -o  /home/lengliang/lzy/sj_3d/results/4_hicexplorer/6_hicFindAB/5000/scep_5000_hicCompartmentalization.pdf  

Submitted job 16 with external jobid '10068.mu01'.

[Tue Jan 17 12:16:00 2023]
rule hicFindAB:
    input: /home/lengliang/lzy/sj_3d/results/4_hicexplorer/3_hicCorrectMatrix/40000/sjap_40000_corrected.h5
    output: /home/lengliang/lzy/sj_3d/results/4_hicexplorer/6_hicFindAB/40000/sjap_40000_pca1.bw, /home/lengliang/lzy/sj_3d/results/4_hicexplorer/6_hicFindAB/40000/sjap_40000_pca1.bedgraph, /home/lengliang/lzy/sj_3d/results/4_hicexplorer/6_hicFindAB/40000/sjap_40000_pca2.bw, /home/lengliang/lzy/sj_3d/results/4_hicexplorer/6_hicFindAB/40000/sjap_40000_pca2.bedgraph, /home/lengliang/lzy/sj_3d/results/4_hicexplorer/6_hicFindAB/40000/sjap_40000_pearson.h5, /home/lengliang/lzy/sj_3d/results/4_hicexplorer/6_hicFindAB/40000/sjap_40000_obsexp.h5, /home/lengliang/lzy/sj_3d/results/4_hicexplorer/6_hicFindAB/40000/sjap_40000_hicCompartmentalization.pdf
    jobid: 2
    reason: Missing output files: /home/lengliang/lzy/sj_3d/results/4_hicexplorer/6_hicFindAB/40000/sjap_40000_pca2.bw, /home/lengliang/lzy/sj_3d/results/4_hicexplorer/6_hicFindAB/40000/sjap_40000_pearson.h5, /home/lengliang/lzy/sj_3d/results/4_hicexplorer/6_hicFindAB/40000/sjap_40000_pca1.bw
    wildcards: resolution=40000, sample=sjap
    threads: 24
    resources: mem_mb=1000, disk_mb=4191800, tmpdir=/home/lengliang/lzy/tmp/3d/


~/lzy/mambaforge/bin/hicPCA -m /home/lengliang/lzy/sj_3d/results/4_hicexplorer/3_hicCorrectMatrix/40000/sjap_40000_corrected.h5 -we 1 2 --outputFileName /home/lengliang/lzy/sj_3d/results/4_hicexplorer/6_hicFindAB/40000/sjap_40000_pca1.bw /home/lengliang/lzy/sj_3d/results/4_hicexplorer/6_hicFindAB/40000/sjap_40000_pca2.bw --format bigwig  --obsexpMatrix /home/lengliang/lzy/sj_3d/results/4_hicexplorer/6_hicFindAB/40000/sjap_40000_obsexp.h5 --pearsonMatrix /home/lengliang/lzy/sj_3d/results/4_hicexplorer/6_hicFindAB/40000/sjap_40000_pearson.h5  
/home/lengliang/lzy/soft/bigWigToBedGraph /home/lengliang/lzy/sj_3d/results/4_hicexplorer/6_hicFindAB/40000/sjap_40000_pca1.bw /home/lengliang/lzy/sj_3d/results/4_hicexplorer/6_hicFindAB/40000/sjap_40000_pca1.bedgraph 
/home/lengliang/lzy/soft/bigWigToBedGraph /home/lengliang/lzy/sj_3d/results/4_hicexplorer/6_hicFindAB/40000/sjap_40000_pca2.bw /home/lengliang/lzy/sj_3d/results/4_hicexplorer/6_hicFindAB/40000/sjap_40000_pca2.bedgraph 
~/lzy/mambaforge/bin/hicCompartmentalization --obsexp_matrices /home/lengliang/lzy/sj_3d/results/4_hicexplorer/6_hicFindAB/40000/sjap_40000_obsexp.h5 --pca  /home/lengliang/lzy/sj_3d/results/4_hicexplorer/6_hicFindAB/40000/sjap_40000_pca1.bedgraph  -o  /home/lengliang/lzy/sj_3d/results/4_hicexplorer/6_hicFindAB/40000/sjap_40000_hicCompartmentalization.pdf  

Submitted job 2 with external jobid '10069.mu01'.

[Tue Jan 17 12:16:01 2023]
rule hicFindAB:
    input: /home/lengliang/lzy/sj_3d/results/4_hicexplorer/3_hicCorrectMatrix/300000/syun_300000_corrected.h5
    output: /home/lengliang/lzy/sj_3d/results/4_hicexplorer/6_hicFindAB/300000/syun_300000_pca1.bw, /home/lengliang/lzy/sj_3d/results/4_hicexplorer/6_hicFindAB/300000/syun_300000_pca1.bedgraph, /home/lengliang/lzy/sj_3d/results/4_hicexplorer/6_hicFindAB/300000/syun_300000_pca2.bw, /home/lengliang/lzy/sj_3d/results/4_hicexplorer/6_hicFindAB/300000/syun_300000_pca2.bedgraph, /home/lengliang/lzy/sj_3d/results/4_hicexplorer/6_hicFindAB/300000/syun_300000_pearson.h5, /home/lengliang/lzy/sj_3d/results/4_hicexplorer/6_hicFindAB/300000/syun_300000_obsexp.h5, /home/lengliang/lzy/sj_3d/results/4_hicexplorer/6_hicFindAB/300000/syun_300000_hicCompartmentalization.pdf
    jobid: 24
    reason: Missing output files: /home/lengliang/lzy/sj_3d/results/4_hicexplorer/6_hicFindAB/300000/syun_300000_pca2.bw, /home/lengliang/lzy/sj_3d/results/4_hicexplorer/6_hicFindAB/300000/syun_300000_pca1.bw, /home/lengliang/lzy/sj_3d/results/4_hicexplorer/6_hicFindAB/300000/syun_300000_pearson.h5
    wildcards: resolution=300000, sample=syun
    threads: 24
    resources: mem_mb=1000, disk_mb=4191800, tmpdir=/home/lengliang/lzy/tmp/3d/


~/lzy/mambaforge/bin/hicPCA -m /home/lengliang/lzy/sj_3d/results/4_hicexplorer/3_hicCorrectMatrix/300000/syun_300000_corrected.h5 -we 1 2 --outputFileName /home/lengliang/lzy/sj_3d/results/4_hicexplorer/6_hicFindAB/300000/syun_300000_pca1.bw /home/lengliang/lzy/sj_3d/results/4_hicexplorer/6_hicFindAB/300000/syun_300000_pca2.bw --format bigwig  --obsexpMatrix /home/lengliang/lzy/sj_3d/results/4_hicexplorer/6_hicFindAB/300000/syun_300000_obsexp.h5 --pearsonMatrix /home/lengliang/lzy/sj_3d/results/4_hicexplorer/6_hicFindAB/300000/syun_300000_pearson.h5  
/home/lengliang/lzy/soft/bigWigToBedGraph /home/lengliang/lzy/sj_3d/results/4_hicexplorer/6_hicFindAB/300000/syun_300000_pca1.bw /home/lengliang/lzy/sj_3d/results/4_hicexplorer/6_hicFindAB/300000/syun_300000_pca1.bedgraph 
/home/lengliang/lzy/soft/bigWigToBedGraph /home/lengliang/lzy/sj_3d/results/4_hicexplorer/6_hicFindAB/300000/syun_300000_pca2.bw /home/lengliang/lzy/sj_3d/results/4_hicexplorer/6_hicFindAB/300000/syun_300000_pca2.bedgraph 
~/lzy/mambaforge/bin/hicCompartmentalization --obsexp_matrices /home/lengliang/lzy/sj_3d/results/4_hicexplorer/6_hicFindAB/300000/syun_300000_obsexp.h5 --pca  /home/lengliang/lzy/sj_3d/results/4_hicexplorer/6_hicFindAB/300000/syun_300000_pca1.bedgraph  -o  /home/lengliang/lzy/sj_3d/results/4_hicexplorer/6_hicFindAB/300000/syun_300000_hicCompartmentalization.pdf  

Submitted job 24 with external jobid '10070.mu01'.

[Tue Jan 17 12:16:01 2023]
rule hicFindAB:
    input: /home/lengliang/lzy/sj_3d/results/4_hicexplorer/3_hicCorrectMatrix/100000/scep_100000_corrected.h5
    output: /home/lengliang/lzy/sj_3d/results/4_hicexplorer/6_hicFindAB/100000/scep_100000_pca1.bw, /home/lengliang/lzy/sj_3d/results/4_hicexplorer/6_hicFindAB/100000/scep_100000_pca1.bedgraph, /home/lengliang/lzy/sj_3d/results/4_hicexplorer/6_hicFindAB/100000/scep_100000_pca2.bw, /home/lengliang/lzy/sj_3d/results/4_hicexplorer/6_hicFindAB/100000/scep_100000_pca2.bedgraph, /home/lengliang/lzy/sj_3d/results/4_hicexplorer/6_hicFindAB/100000/scep_100000_pearson.h5, /home/lengliang/lzy/sj_3d/results/4_hicexplorer/6_hicFindAB/100000/scep_100000_obsexp.h5, /home/lengliang/lzy/sj_3d/results/4_hicexplorer/6_hicFindAB/100000/scep_100000_hicCompartmentalization.pdf
    jobid: 10
    reason: Missing output files: /home/lengliang/lzy/sj_3d/results/4_hicexplorer/6_hicFindAB/100000/scep_100000_pca1.bw, /home/lengliang/lzy/sj_3d/results/4_hicexplorer/6_hicFindAB/100000/scep_100000_pearson.h5, /home/lengliang/lzy/sj_3d/results/4_hicexplorer/6_hicFindAB/100000/scep_100000_pca2.bw
    wildcards: resolution=100000, sample=scep
    threads: 24
    resources: mem_mb=1000, disk_mb=4191800, tmpdir=/home/lengliang/lzy/tmp/3d/


~/lzy/mambaforge/bin/hicPCA -m /home/lengliang/lzy/sj_3d/results/4_hicexplorer/3_hicCorrectMatrix/100000/scep_100000_corrected.h5 -we 1 2 --outputFileName /home/lengliang/lzy/sj_3d/results/4_hicexplorer/6_hicFindAB/100000/scep_100000_pca1.bw /home/lengliang/lzy/sj_3d/results/4_hicexplorer/6_hicFindAB/100000/scep_100000_pca2.bw --format bigwig  --obsexpMatrix /home/lengliang/lzy/sj_3d/results/4_hicexplorer/6_hicFindAB/100000/scep_100000_obsexp.h5 --pearsonMatrix /home/lengliang/lzy/sj_3d/results/4_hicexplorer/6_hicFindAB/100000/scep_100000_pearson.h5  
/home/lengliang/lzy/soft/bigWigToBedGraph /home/lengliang/lzy/sj_3d/results/4_hicexplorer/6_hicFindAB/100000/scep_100000_pca1.bw /home/lengliang/lzy/sj_3d/results/4_hicexplorer/6_hicFindAB/100000/scep_100000_pca1.bedgraph 
/home/lengliang/lzy/soft/bigWigToBedGraph /home/lengliang/lzy/sj_3d/results/4_hicexplorer/6_hicFindAB/100000/scep_100000_pca2.bw /home/lengliang/lzy/sj_3d/results/4_hicexplorer/6_hicFindAB/100000/scep_100000_pca2.bedgraph 
~/lzy/mambaforge/bin/hicCompartmentalization --obsexp_matrices /home/lengliang/lzy/sj_3d/results/4_hicexplorer/6_hicFindAB/100000/scep_100000_obsexp.h5 --pca  /home/lengliang/lzy/sj_3d/results/4_hicexplorer/6_hicFindAB/100000/scep_100000_pca1.bedgraph  -o  /home/lengliang/lzy/sj_3d/results/4_hicexplorer/6_hicFindAB/100000/scep_100000_hicCompartmentalization.pdf  

Submitted job 10 with external jobid '10071.mu01'.

[Tue Jan 17 12:16:01 2023]
rule hicFindAB:
    input: /home/lengliang/lzy/sj_3d/results/4_hicexplorer/3_hicCorrectMatrix/10000/sjap_10000_corrected.h5
    output: /home/lengliang/lzy/sj_3d/results/4_hicexplorer/6_hicFindAB/10000/sjap_10000_pca1.bw, /home/lengliang/lzy/sj_3d/results/4_hicexplorer/6_hicFindAB/10000/sjap_10000_pca1.bedgraph, /home/lengliang/lzy/sj_3d/results/4_hicexplorer/6_hicFindAB/10000/sjap_10000_pca2.bw, /home/lengliang/lzy/sj_3d/results/4_hicexplorer/6_hicFindAB/10000/sjap_10000_pca2.bedgraph, /home/lengliang/lzy/sj_3d/results/4_hicexplorer/6_hicFindAB/10000/sjap_10000_pearson.h5, /home/lengliang/lzy/sj_3d/results/4_hicexplorer/6_hicFindAB/10000/sjap_10000_obsexp.h5, /home/lengliang/lzy/sj_3d/results/4_hicexplorer/6_hicFindAB/10000/sjap_10000_hicCompartmentalization.pdf
    jobid: 3
    reason: Missing output files: /home/lengliang/lzy/sj_3d/results/4_hicexplorer/6_hicFindAB/10000/sjap_10000_pearson.h5, /home/lengliang/lzy/sj_3d/results/4_hicexplorer/6_hicFindAB/10000/sjap_10000_pca1.bw, /home/lengliang/lzy/sj_3d/results/4_hicexplorer/6_hicFindAB/10000/sjap_10000_pca2.bw
    wildcards: resolution=10000, sample=sjap
    threads: 24
    resources: mem_mb=1000, disk_mb=4191800, tmpdir=/home/lengliang/lzy/tmp/3d/


~/lzy/mambaforge/bin/hicPCA -m /home/lengliang/lzy/sj_3d/results/4_hicexplorer/3_hicCorrectMatrix/10000/sjap_10000_corrected.h5 -we 1 2 --outputFileName /home/lengliang/lzy/sj_3d/results/4_hicexplorer/6_hicFindAB/10000/sjap_10000_pca1.bw /home/lengliang/lzy/sj_3d/results/4_hicexplorer/6_hicFindAB/10000/sjap_10000_pca2.bw --format bigwig  --obsexpMatrix /home/lengliang/lzy/sj_3d/results/4_hicexplorer/6_hicFindAB/10000/sjap_10000_obsexp.h5 --pearsonMatrix /home/lengliang/lzy/sj_3d/results/4_hicexplorer/6_hicFindAB/10000/sjap_10000_pearson.h5  
/home/lengliang/lzy/soft/bigWigToBedGraph /home/lengliang/lzy/sj_3d/results/4_hicexplorer/6_hicFindAB/10000/sjap_10000_pca1.bw /home/lengliang/lzy/sj_3d/results/4_hicexplorer/6_hicFindAB/10000/sjap_10000_pca1.bedgraph 
/home/lengliang/lzy/soft/bigWigToBedGraph /home/lengliang/lzy/sj_3d/results/4_hicexplorer/6_hicFindAB/10000/sjap_10000_pca2.bw /home/lengliang/lzy/sj_3d/results/4_hicexplorer/6_hicFindAB/10000/sjap_10000_pca2.bedgraph 
~/lzy/mambaforge/bin/hicCompartmentalization --obsexp_matrices /home/lengliang/lzy/sj_3d/results/4_hicexplorer/6_hicFindAB/10000/sjap_10000_obsexp.h5 --pca  /home/lengliang/lzy/sj_3d/results/4_hicexplorer/6_hicFindAB/10000/sjap_10000_pca1.bedgraph  -o  /home/lengliang/lzy/sj_3d/results/4_hicexplorer/6_hicFindAB/10000/sjap_10000_hicCompartmentalization.pdf  

Submitted job 3 with external jobid '10072.mu01'.

[Tue Jan 17 12:16:01 2023]
rule hicFindAB:
    input: /home/lengliang/lzy/sj_3d/results/4_hicexplorer/3_hicCorrectMatrix/250000/scep_250000_corrected.h5
    output: /home/lengliang/lzy/sj_3d/results/4_hicexplorer/6_hicFindAB/250000/scep_250000_pca1.bw, /home/lengliang/lzy/sj_3d/results/4_hicexplorer/6_hicFindAB/250000/scep_250000_pca1.bedgraph, /home/lengliang/lzy/sj_3d/results/4_hicexplorer/6_hicFindAB/250000/scep_250000_pca2.bw, /home/lengliang/lzy/sj_3d/results/4_hicexplorer/6_hicFindAB/250000/scep_250000_pca2.bedgraph, /home/lengliang/lzy/sj_3d/results/4_hicexplorer/6_hicFindAB/250000/scep_250000_pearson.h5, /home/lengliang/lzy/sj_3d/results/4_hicexplorer/6_hicFindAB/250000/scep_250000_obsexp.h5, /home/lengliang/lzy/sj_3d/results/4_hicexplorer/6_hicFindAB/250000/scep_250000_hicCompartmentalization.pdf
    jobid: 17
    reason: Missing output files: /home/lengliang/lzy/sj_3d/results/4_hicexplorer/6_hicFindAB/250000/scep_250000_pearson.h5, /home/lengliang/lzy/sj_3d/results/4_hicexplorer/6_hicFindAB/250000/scep_250000_pca1.bw, /home/lengliang/lzy/sj_3d/results/4_hicexplorer/6_hicFindAB/250000/scep_250000_pca2.bw
    wildcards: resolution=250000, sample=scep
    threads: 24
    resources: mem_mb=1000, disk_mb=4191800, tmpdir=/home/lengliang/lzy/tmp/3d/


~/lzy/mambaforge/bin/hicPCA -m /home/lengliang/lzy/sj_3d/results/4_hicexplorer/3_hicCorrectMatrix/250000/scep_250000_corrected.h5 -we 1 2 --outputFileName /home/lengliang/lzy/sj_3d/results/4_hicexplorer/6_hicFindAB/250000/scep_250000_pca1.bw /home/lengliang/lzy/sj_3d/results/4_hicexplorer/6_hicFindAB/250000/scep_250000_pca2.bw --format bigwig  --obsexpMatrix /home/lengliang/lzy/sj_3d/results/4_hicexplorer/6_hicFindAB/250000/scep_250000_obsexp.h5 --pearsonMatrix /home/lengliang/lzy/sj_3d/results/4_hicexplorer/6_hicFindAB/250000/scep_250000_pearson.h5  
/home/lengliang/lzy/soft/bigWigToBedGraph /home/lengliang/lzy/sj_3d/results/4_hicexplorer/6_hicFindAB/250000/scep_250000_pca1.bw /home/lengliang/lzy/sj_3d/results/4_hicexplorer/6_hicFindAB/250000/scep_250000_pca1.bedgraph 
/home/lengliang/lzy/soft/bigWigToBedGraph /home/lengliang/lzy/sj_3d/results/4_hicexplorer/6_hicFindAB/250000/scep_250000_pca2.bw /home/lengliang/lzy/sj_3d/results/4_hicexplorer/6_hicFindAB/250000/scep_250000_pca2.bedgraph 
~/lzy/mambaforge/bin/hicCompartmentalization --obsexp_matrices /home/lengliang/lzy/sj_3d/results/4_hicexplorer/6_hicFindAB/250000/scep_250000_obsexp.h5 --pca  /home/lengliang/lzy/sj_3d/results/4_hicexplorer/6_hicFindAB/250000/scep_250000_pca1.bedgraph  -o  /home/lengliang/lzy/sj_3d/results/4_hicexplorer/6_hicFindAB/250000/scep_250000_hicCompartmentalization.pdf  

Submitted job 17 with external jobid '10073.mu01'.

[Tue Jan 17 12:16:01 2023]
rule hicFindAB:
    input: /home/lengliang/lzy/sj_3d/results/4_hicexplorer/3_hicCorrectMatrix/500000/sjap_500000_corrected.h5
    output: /home/lengliang/lzy/sj_3d/results/4_hicexplorer/6_hicFindAB/500000/sjap_500000_pca1.bw, /home/lengliang/lzy/sj_3d/results/4_hicexplorer/6_hicFindAB/500000/sjap_500000_pca1.bedgraph, /home/lengliang/lzy/sj_3d/results/4_hicexplorer/6_hicFindAB/500000/sjap_500000_pca2.bw, /home/lengliang/lzy/sj_3d/results/4_hicexplorer/6_hicFindAB/500000/sjap_500000_pca2.bedgraph, /home/lengliang/lzy/sj_3d/results/4_hicexplorer/6_hicFindAB/500000/sjap_500000_pearson.h5, /home/lengliang/lzy/sj_3d/results/4_hicexplorer/6_hicFindAB/500000/sjap_500000_obsexp.h5, /home/lengliang/lzy/sj_3d/results/4_hicexplorer/6_hicFindAB/500000/sjap_500000_hicCompartmentalization.pdf
    jobid: 5
    reason: Missing output files: /home/lengliang/lzy/sj_3d/results/4_hicexplorer/6_hicFindAB/500000/sjap_500000_pca2.bw, /home/lengliang/lzy/sj_3d/results/4_hicexplorer/6_hicFindAB/500000/sjap_500000_pearson.h5, /home/lengliang/lzy/sj_3d/results/4_hicexplorer/6_hicFindAB/500000/sjap_500000_pca1.bw
    wildcards: resolution=500000, sample=sjap
    threads: 24
    resources: mem_mb=1000, disk_mb=4191800, tmpdir=/home/lengliang/lzy/tmp/3d/


~/lzy/mambaforge/bin/hicPCA -m /home/lengliang/lzy/sj_3d/results/4_hicexplorer/3_hicCorrectMatrix/500000/sjap_500000_corrected.h5 -we 1 2 --outputFileName /home/lengliang/lzy/sj_3d/results/4_hicexplorer/6_hicFindAB/500000/sjap_500000_pca1.bw /home/lengliang/lzy/sj_3d/results/4_hicexplorer/6_hicFindAB/500000/sjap_500000_pca2.bw --format bigwig  --obsexpMatrix /home/lengliang/lzy/sj_3d/results/4_hicexplorer/6_hicFindAB/500000/sjap_500000_obsexp.h5 --pearsonMatrix /home/lengliang/lzy/sj_3d/results/4_hicexplorer/6_hicFindAB/500000/sjap_500000_pearson.h5  
/home/lengliang/lzy/soft/bigWigToBedGraph /home/lengliang/lzy/sj_3d/results/4_hicexplorer/6_hicFindAB/500000/sjap_500000_pca1.bw /home/lengliang/lzy/sj_3d/results/4_hicexplorer/6_hicFindAB/500000/sjap_500000_pca1.bedgraph 
/home/lengliang/lzy/soft/bigWigToBedGraph /home/lengliang/lzy/sj_3d/results/4_hicexplorer/6_hicFindAB/500000/sjap_500000_pca2.bw /home/lengliang/lzy/sj_3d/results/4_hicexplorer/6_hicFindAB/500000/sjap_500000_pca2.bedgraph 
~/lzy/mambaforge/bin/hicCompartmentalization --obsexp_matrices /home/lengliang/lzy/sj_3d/results/4_hicexplorer/6_hicFindAB/500000/sjap_500000_obsexp.h5 --pca  /home/lengliang/lzy/sj_3d/results/4_hicexplorer/6_hicFindAB/500000/sjap_500000_pca1.bedgraph  -o  /home/lengliang/lzy/sj_3d/results/4_hicexplorer/6_hicFindAB/500000/sjap_500000_hicCompartmentalization.pdf  

Submitted job 5 with external jobid '10074.mu01'.

[Tue Jan 17 12:16:01 2023]
rule hicFindAB:
    input: /home/lengliang/lzy/sj_3d/results/4_hicexplorer/3_hicCorrectMatrix/100000/syun_100000_corrected.h5
    output: /home/lengliang/lzy/sj_3d/results/4_hicexplorer/6_hicFindAB/100000/syun_100000_pca1.bw, /home/lengliang/lzy/sj_3d/results/4_hicexplorer/6_hicFindAB/100000/syun_100000_pca1.bedgraph, /home/lengliang/lzy/sj_3d/results/4_hicexplorer/6_hicFindAB/100000/syun_100000_pca2.bw, /home/lengliang/lzy/sj_3d/results/4_hicexplorer/6_hicFindAB/100000/syun_100000_pca2.bedgraph, /home/lengliang/lzy/sj_3d/results/4_hicexplorer/6_hicFindAB/100000/syun_100000_pearson.h5, /home/lengliang/lzy/sj_3d/results/4_hicexplorer/6_hicFindAB/100000/syun_100000_obsexp.h5, /home/lengliang/lzy/sj_3d/results/4_hicexplorer/6_hicFindAB/100000/syun_100000_hicCompartmentalization.pdf
    jobid: 19
    reason: Missing output files: /home/lengliang/lzy/sj_3d/results/4_hicexplorer/6_hicFindAB/100000/syun_100000_pca2.bw, /home/lengliang/lzy/sj_3d/results/4_hicexplorer/6_hicFindAB/100000/syun_100000_pca1.bw, /home/lengliang/lzy/sj_3d/results/4_hicexplorer/6_hicFindAB/100000/syun_100000_pearson.h5
    wildcards: resolution=100000, sample=syun
    threads: 24
    resources: mem_mb=1000, disk_mb=4191800, tmpdir=/home/lengliang/lzy/tmp/3d/


~/lzy/mambaforge/bin/hicPCA -m /home/lengliang/lzy/sj_3d/results/4_hicexplorer/3_hicCorrectMatrix/100000/syun_100000_corrected.h5 -we 1 2 --outputFileName /home/lengliang/lzy/sj_3d/results/4_hicexplorer/6_hicFindAB/100000/syun_100000_pca1.bw /home/lengliang/lzy/sj_3d/results/4_hicexplorer/6_hicFindAB/100000/syun_100000_pca2.bw --format bigwig  --obsexpMatrix /home/lengliang/lzy/sj_3d/results/4_hicexplorer/6_hicFindAB/100000/syun_100000_obsexp.h5 --pearsonMatrix /home/lengliang/lzy/sj_3d/results/4_hicexplorer/6_hicFindAB/100000/syun_100000_pearson.h5  
/home/lengliang/lzy/soft/bigWigToBedGraph /home/lengliang/lzy/sj_3d/results/4_hicexplorer/6_hicFindAB/100000/syun_100000_pca1.bw /home/lengliang/lzy/sj_3d/results/4_hicexplorer/6_hicFindAB/100000/syun_100000_pca1.bedgraph 
/home/lengliang/lzy/soft/bigWigToBedGraph /home/lengliang/lzy/sj_3d/results/4_hicexplorer/6_hicFindAB/100000/syun_100000_pca2.bw /home/lengliang/lzy/sj_3d/results/4_hicexplorer/6_hicFindAB/100000/syun_100000_pca2.bedgraph 
~/lzy/mambaforge/bin/hicCompartmentalization --obsexp_matrices /home/lengliang/lzy/sj_3d/results/4_hicexplorer/6_hicFindAB/100000/syun_100000_obsexp.h5 --pca  /home/lengliang/lzy/sj_3d/results/4_hicexplorer/6_hicFindAB/100000/syun_100000_pca1.bedgraph  -o  /home/lengliang/lzy/sj_3d/results/4_hicexplorer/6_hicFindAB/100000/syun_100000_hicCompartmentalization.pdf  

Submitted job 19 with external jobid '10075.mu01'.

[Tue Jan 17 12:16:01 2023]
rule hicFindAB:
    input: /home/lengliang/lzy/sj_3d/results/4_hicexplorer/3_hicCorrectMatrix/25000/scep_25000_corrected.h5
    output: /home/lengliang/lzy/sj_3d/results/4_hicexplorer/6_hicFindAB/25000/scep_25000_pca1.bw, /home/lengliang/lzy/sj_3d/results/4_hicexplorer/6_hicFindAB/25000/scep_25000_pca1.bedgraph, /home/lengliang/lzy/sj_3d/results/4_hicexplorer/6_hicFindAB/25000/scep_25000_pca2.bw, /home/lengliang/lzy/sj_3d/results/4_hicexplorer/6_hicFindAB/25000/scep_25000_pca2.bedgraph, /home/lengliang/lzy/sj_3d/results/4_hicexplorer/6_hicFindAB/25000/scep_25000_pearson.h5, /home/lengliang/lzy/sj_3d/results/4_hicexplorer/6_hicFindAB/25000/scep_25000_obsexp.h5, /home/lengliang/lzy/sj_3d/results/4_hicexplorer/6_hicFindAB/25000/scep_25000_hicCompartmentalization.pdf
    jobid: 13
    reason: Missing output files: /home/lengliang/lzy/sj_3d/results/4_hicexplorer/6_hicFindAB/25000/scep_25000_pearson.h5, /home/lengliang/lzy/sj_3d/results/4_hicexplorer/6_hicFindAB/25000/scep_25000_pca2.bw, /home/lengliang/lzy/sj_3d/results/4_hicexplorer/6_hicFindAB/25000/scep_25000_pca1.bw
    wildcards: resolution=25000, sample=scep
    threads: 24
    resources: mem_mb=1000, disk_mb=4191800, tmpdir=/home/lengliang/lzy/tmp/3d/


~/lzy/mambaforge/bin/hicPCA -m /home/lengliang/lzy/sj_3d/results/4_hicexplorer/3_hicCorrectMatrix/25000/scep_25000_corrected.h5 -we 1 2 --outputFileName /home/lengliang/lzy/sj_3d/results/4_hicexplorer/6_hicFindAB/25000/scep_25000_pca1.bw /home/lengliang/lzy/sj_3d/results/4_hicexplorer/6_hicFindAB/25000/scep_25000_pca2.bw --format bigwig  --obsexpMatrix /home/lengliang/lzy/sj_3d/results/4_hicexplorer/6_hicFindAB/25000/scep_25000_obsexp.h5 --pearsonMatrix /home/lengliang/lzy/sj_3d/results/4_hicexplorer/6_hicFindAB/25000/scep_25000_pearson.h5  
/home/lengliang/lzy/soft/bigWigToBedGraph /home/lengliang/lzy/sj_3d/results/4_hicexplorer/6_hicFindAB/25000/scep_25000_pca1.bw /home/lengliang/lzy/sj_3d/results/4_hicexplorer/6_hicFindAB/25000/scep_25000_pca1.bedgraph 
/home/lengliang/lzy/soft/bigWigToBedGraph /home/lengliang/lzy/sj_3d/results/4_hicexplorer/6_hicFindAB/25000/scep_25000_pca2.bw /home/lengliang/lzy/sj_3d/results/4_hicexplorer/6_hicFindAB/25000/scep_25000_pca2.bedgraph 
~/lzy/mambaforge/bin/hicCompartmentalization --obsexp_matrices /home/lengliang/lzy/sj_3d/results/4_hicexplorer/6_hicFindAB/25000/scep_25000_obsexp.h5 --pca  /home/lengliang/lzy/sj_3d/results/4_hicexplorer/6_hicFindAB/25000/scep_25000_pca1.bedgraph  -o  /home/lengliang/lzy/sj_3d/results/4_hicexplorer/6_hicFindAB/25000/scep_25000_hicCompartmentalization.pdf  

Submitted job 13 with external jobid '10076.mu01'.

[Tue Jan 17 12:16:01 2023]
rule hicFindAB:
    input: /home/lengliang/lzy/sj_3d/results/4_hicexplorer/3_hicCorrectMatrix/50000/syun_50000_corrected.h5
    output: /home/lengliang/lzy/sj_3d/results/4_hicexplorer/6_hicFindAB/50000/syun_50000_pca1.bw, /home/lengliang/lzy/sj_3d/results/4_hicexplorer/6_hicFindAB/50000/syun_50000_pca1.bedgraph, /home/lengliang/lzy/sj_3d/results/4_hicexplorer/6_hicFindAB/50000/syun_50000_pca2.bw, /home/lengliang/lzy/sj_3d/results/4_hicexplorer/6_hicFindAB/50000/syun_50000_pca2.bedgraph, /home/lengliang/lzy/sj_3d/results/4_hicexplorer/6_hicFindAB/50000/syun_50000_pearson.h5, /home/lengliang/lzy/sj_3d/results/4_hicexplorer/6_hicFindAB/50000/syun_50000_obsexp.h5, /home/lengliang/lzy/sj_3d/results/4_hicexplorer/6_hicFindAB/50000/syun_50000_hicCompartmentalization.pdf
    jobid: 27
    reason: Missing output files: /home/lengliang/lzy/sj_3d/results/4_hicexplorer/6_hicFindAB/50000/syun_50000_pca2.bw, /home/lengliang/lzy/sj_3d/results/4_hicexplorer/6_hicFindAB/50000/syun_50000_pearson.h5, /home/lengliang/lzy/sj_3d/results/4_hicexplorer/6_hicFindAB/50000/syun_50000_pca1.bw
    wildcards: resolution=50000, sample=syun
    threads: 24
    resources: mem_mb=1000, disk_mb=4191800, tmpdir=/home/lengliang/lzy/tmp/3d/


~/lzy/mambaforge/bin/hicPCA -m /home/lengliang/lzy/sj_3d/results/4_hicexplorer/3_hicCorrectMatrix/50000/syun_50000_corrected.h5 -we 1 2 --outputFileName /home/lengliang/lzy/sj_3d/results/4_hicexplorer/6_hicFindAB/50000/syun_50000_pca1.bw /home/lengliang/lzy/sj_3d/results/4_hicexplorer/6_hicFindAB/50000/syun_50000_pca2.bw --format bigwig  --obsexpMatrix /home/lengliang/lzy/sj_3d/results/4_hicexplorer/6_hicFindAB/50000/syun_50000_obsexp.h5 --pearsonMatrix /home/lengliang/lzy/sj_3d/results/4_hicexplorer/6_hicFindAB/50000/syun_50000_pearson.h5  
/home/lengliang/lzy/soft/bigWigToBedGraph /home/lengliang/lzy/sj_3d/results/4_hicexplorer/6_hicFindAB/50000/syun_50000_pca1.bw /home/lengliang/lzy/sj_3d/results/4_hicexplorer/6_hicFindAB/50000/syun_50000_pca1.bedgraph 
/home/lengliang/lzy/soft/bigWigToBedGraph /home/lengliang/lzy/sj_3d/results/4_hicexplorer/6_hicFindAB/50000/syun_50000_pca2.bw /home/lengliang/lzy/sj_3d/results/4_hicexplorer/6_hicFindAB/50000/syun_50000_pca2.bedgraph 
~/lzy/mambaforge/bin/hicCompartmentalization --obsexp_matrices /home/lengliang/lzy/sj_3d/results/4_hicexplorer/6_hicFindAB/50000/syun_50000_obsexp.h5 --pca  /home/lengliang/lzy/sj_3d/results/4_hicexplorer/6_hicFindAB/50000/syun_50000_pca1.bedgraph  -o  /home/lengliang/lzy/sj_3d/results/4_hicexplorer/6_hicFindAB/50000/syun_50000_hicCompartmentalization.pdf  

Submitted job 27 with external jobid '10077.mu01'.

[Tue Jan 17 12:16:02 2023]
rule hicFindAB:
    input: /home/lengliang/lzy/sj_3d/results/4_hicexplorer/3_hicCorrectMatrix/40000/syun_40000_corrected.h5
    output: /home/lengliang/lzy/sj_3d/results/4_hicexplorer/6_hicFindAB/40000/syun_40000_pca1.bw, /home/lengliang/lzy/sj_3d/results/4_hicexplorer/6_hicFindAB/40000/syun_40000_pca1.bedgraph, /home/lengliang/lzy/sj_3d/results/4_hicexplorer/6_hicFindAB/40000/syun_40000_pca2.bw, /home/lengliang/lzy/sj_3d/results/4_hicexplorer/6_hicFindAB/40000/syun_40000_pca2.bedgraph, /home/lengliang/lzy/sj_3d/results/4_hicexplorer/6_hicFindAB/40000/syun_40000_pearson.h5, /home/lengliang/lzy/sj_3d/results/4_hicexplorer/6_hicFindAB/40000/syun_40000_obsexp.h5, /home/lengliang/lzy/sj_3d/results/4_hicexplorer/6_hicFindAB/40000/syun_40000_hicCompartmentalization.pdf
    jobid: 20
    reason: Missing output files: /home/lengliang/lzy/sj_3d/results/4_hicexplorer/6_hicFindAB/40000/syun_40000_pca2.bw, /home/lengliang/lzy/sj_3d/results/4_hicexplorer/6_hicFindAB/40000/syun_40000_pca1.bw, /home/lengliang/lzy/sj_3d/results/4_hicexplorer/6_hicFindAB/40000/syun_40000_pearson.h5
    wildcards: resolution=40000, sample=syun
    threads: 24
    resources: mem_mb=1000, disk_mb=4191800, tmpdir=/home/lengliang/lzy/tmp/3d/


~/lzy/mambaforge/bin/hicPCA -m /home/lengliang/lzy/sj_3d/results/4_hicexplorer/3_hicCorrectMatrix/40000/syun_40000_corrected.h5 -we 1 2 --outputFileName /home/lengliang/lzy/sj_3d/results/4_hicexplorer/6_hicFindAB/40000/syun_40000_pca1.bw /home/lengliang/lzy/sj_3d/results/4_hicexplorer/6_hicFindAB/40000/syun_40000_pca2.bw --format bigwig  --obsexpMatrix /home/lengliang/lzy/sj_3d/results/4_hicexplorer/6_hicFindAB/40000/syun_40000_obsexp.h5 --pearsonMatrix /home/lengliang/lzy/sj_3d/results/4_hicexplorer/6_hicFindAB/40000/syun_40000_pearson.h5  
/home/lengliang/lzy/soft/bigWigToBedGraph /home/lengliang/lzy/sj_3d/results/4_hicexplorer/6_hicFindAB/40000/syun_40000_pca1.bw /home/lengliang/lzy/sj_3d/results/4_hicexplorer/6_hicFindAB/40000/syun_40000_pca1.bedgraph 
/home/lengliang/lzy/soft/bigWigToBedGraph /home/lengliang/lzy/sj_3d/results/4_hicexplorer/6_hicFindAB/40000/syun_40000_pca2.bw /home/lengliang/lzy/sj_3d/results/4_hicexplorer/6_hicFindAB/40000/syun_40000_pca2.bedgraph 
~/lzy/mambaforge/bin/hicCompartmentalization --obsexp_matrices /home/lengliang/lzy/sj_3d/results/4_hicexplorer/6_hicFindAB/40000/syun_40000_obsexp.h5 --pca  /home/lengliang/lzy/sj_3d/results/4_hicexplorer/6_hicFindAB/40000/syun_40000_pca1.bedgraph  -o  /home/lengliang/lzy/sj_3d/results/4_hicexplorer/6_hicFindAB/40000/syun_40000_hicCompartmentalization.pdf  

Submitted job 20 with external jobid '10078.mu01'.

[Tue Jan 17 12:16:02 2023]
rule hicFindAB:
    input: /home/lengliang/lzy/sj_3d/results/4_hicexplorer/3_hicCorrectMatrix/300000/sjap_300000_corrected.h5
    output: /home/lengliang/lzy/sj_3d/results/4_hicexplorer/6_hicFindAB/300000/sjap_300000_pca1.bw, /home/lengliang/lzy/sj_3d/results/4_hicexplorer/6_hicFindAB/300000/sjap_300000_pca1.bedgraph, /home/lengliang/lzy/sj_3d/results/4_hicexplorer/6_hicFindAB/300000/sjap_300000_pca2.bw, /home/lengliang/lzy/sj_3d/results/4_hicexplorer/6_hicFindAB/300000/sjap_300000_pca2.bedgraph, /home/lengliang/lzy/sj_3d/results/4_hicexplorer/6_hicFindAB/300000/sjap_300000_pearson.h5, /home/lengliang/lzy/sj_3d/results/4_hicexplorer/6_hicFindAB/300000/sjap_300000_obsexp.h5, /home/lengliang/lzy/sj_3d/results/4_hicexplorer/6_hicFindAB/300000/sjap_300000_hicCompartmentalization.pdf
    jobid: 6
    reason: Missing output files: /home/lengliang/lzy/sj_3d/results/4_hicexplorer/6_hicFindAB/300000/sjap_300000_pca2.bw, /home/lengliang/lzy/sj_3d/results/4_hicexplorer/6_hicFindAB/300000/sjap_300000_pearson.h5, /home/lengliang/lzy/sj_3d/results/4_hicexplorer/6_hicFindAB/300000/sjap_300000_pca1.bw
    wildcards: resolution=300000, sample=sjap
    threads: 24
    resources: mem_mb=1000, disk_mb=4191800, tmpdir=/home/lengliang/lzy/tmp/3d/


~/lzy/mambaforge/bin/hicPCA -m /home/lengliang/lzy/sj_3d/results/4_hicexplorer/3_hicCorrectMatrix/300000/sjap_300000_corrected.h5 -we 1 2 --outputFileName /home/lengliang/lzy/sj_3d/results/4_hicexplorer/6_hicFindAB/300000/sjap_300000_pca1.bw /home/lengliang/lzy/sj_3d/results/4_hicexplorer/6_hicFindAB/300000/sjap_300000_pca2.bw --format bigwig  --obsexpMatrix /home/lengliang/lzy/sj_3d/results/4_hicexplorer/6_hicFindAB/300000/sjap_300000_obsexp.h5 --pearsonMatrix /home/lengliang/lzy/sj_3d/results/4_hicexplorer/6_hicFindAB/300000/sjap_300000_pearson.h5  
/home/lengliang/lzy/soft/bigWigToBedGraph /home/lengliang/lzy/sj_3d/results/4_hicexplorer/6_hicFindAB/300000/sjap_300000_pca1.bw /home/lengliang/lzy/sj_3d/results/4_hicexplorer/6_hicFindAB/300000/sjap_300000_pca1.bedgraph 
/home/lengliang/lzy/soft/bigWigToBedGraph /home/lengliang/lzy/sj_3d/results/4_hicexplorer/6_hicFindAB/300000/sjap_300000_pca2.bw /home/lengliang/lzy/sj_3d/results/4_hicexplorer/6_hicFindAB/300000/sjap_300000_pca2.bedgraph 
~/lzy/mambaforge/bin/hicCompartmentalization --obsexp_matrices /home/lengliang/lzy/sj_3d/results/4_hicexplorer/6_hicFindAB/300000/sjap_300000_obsexp.h5 --pca  /home/lengliang/lzy/sj_3d/results/4_hicexplorer/6_hicFindAB/300000/sjap_300000_pca1.bedgraph  -o  /home/lengliang/lzy/sj_3d/results/4_hicexplorer/6_hicFindAB/300000/sjap_300000_hicCompartmentalization.pdf  

Submitted job 6 with external jobid '10079.mu01'.

[Tue Jan 17 12:16:02 2023]
rule hicFindAB:
    input: /home/lengliang/lzy/sj_3d/results/4_hicexplorer/3_hicCorrectMatrix/250000/sjap_250000_corrected.h5
    output: /home/lengliang/lzy/sj_3d/results/4_hicexplorer/6_hicFindAB/250000/sjap_250000_pca1.bw, /home/lengliang/lzy/sj_3d/results/4_hicexplorer/6_hicFindAB/250000/sjap_250000_pca1.bedgraph, /home/lengliang/lzy/sj_3d/results/4_hicexplorer/6_hicFindAB/250000/sjap_250000_pca2.bw, /home/lengliang/lzy/sj_3d/results/4_hicexplorer/6_hicFindAB/250000/sjap_250000_pca2.bedgraph, /home/lengliang/lzy/sj_3d/results/4_hicexplorer/6_hicFindAB/250000/sjap_250000_pearson.h5, /home/lengliang/lzy/sj_3d/results/4_hicexplorer/6_hicFindAB/250000/sjap_250000_obsexp.h5, /home/lengliang/lzy/sj_3d/results/4_hicexplorer/6_hicFindAB/250000/sjap_250000_hicCompartmentalization.pdf
    jobid: 8
    reason: Missing output files: /home/lengliang/lzy/sj_3d/results/4_hicexplorer/6_hicFindAB/250000/sjap_250000_pca1.bw, /home/lengliang/lzy/sj_3d/results/4_hicexplorer/6_hicFindAB/250000/sjap_250000_pca2.bw, /home/lengliang/lzy/sj_3d/results/4_hicexplorer/6_hicFindAB/250000/sjap_250000_pearson.h5
    wildcards: resolution=250000, sample=sjap
    threads: 24
    resources: mem_mb=1000, disk_mb=4191800, tmpdir=/home/lengliang/lzy/tmp/3d/


~/lzy/mambaforge/bin/hicPCA -m /home/lengliang/lzy/sj_3d/results/4_hicexplorer/3_hicCorrectMatrix/250000/sjap_250000_corrected.h5 -we 1 2 --outputFileName /home/lengliang/lzy/sj_3d/results/4_hicexplorer/6_hicFindAB/250000/sjap_250000_pca1.bw /home/lengliang/lzy/sj_3d/results/4_hicexplorer/6_hicFindAB/250000/sjap_250000_pca2.bw --format bigwig  --obsexpMatrix /home/lengliang/lzy/sj_3d/results/4_hicexplorer/6_hicFindAB/250000/sjap_250000_obsexp.h5 --pearsonMatrix /home/lengliang/lzy/sj_3d/results/4_hicexplorer/6_hicFindAB/250000/sjap_250000_pearson.h5  
/home/lengliang/lzy/soft/bigWigToBedGraph /home/lengliang/lzy/sj_3d/results/4_hicexplorer/6_hicFindAB/250000/sjap_250000_pca1.bw /home/lengliang/lzy/sj_3d/results/4_hicexplorer/6_hicFindAB/250000/sjap_250000_pca1.bedgraph 
/home/lengliang/lzy/soft/bigWigToBedGraph /home/lengliang/lzy/sj_3d/results/4_hicexplorer/6_hicFindAB/250000/sjap_250000_pca2.bw /home/lengliang/lzy/sj_3d/results/4_hicexplorer/6_hicFindAB/250000/sjap_250000_pca2.bedgraph 
~/lzy/mambaforge/bin/hicCompartmentalization --obsexp_matrices /home/lengliang/lzy/sj_3d/results/4_hicexplorer/6_hicFindAB/250000/sjap_250000_obsexp.h5 --pca  /home/lengliang/lzy/sj_3d/results/4_hicexplorer/6_hicFindAB/250000/sjap_250000_pca1.bedgraph  -o  /home/lengliang/lzy/sj_3d/results/4_hicexplorer/6_hicFindAB/250000/sjap_250000_hicCompartmentalization.pdf  

Submitted job 8 with external jobid '10080.mu01'.

[Tue Jan 17 12:16:02 2023]
rule hicFindAB:
    input: /home/lengliang/lzy/sj_3d/results/4_hicexplorer/3_hicCorrectMatrix/500000/scep_500000_corrected.h5
    output: /home/lengliang/lzy/sj_3d/results/4_hicexplorer/6_hicFindAB/500000/scep_500000_pca1.bw, /home/lengliang/lzy/sj_3d/results/4_hicexplorer/6_hicFindAB/500000/scep_500000_pca1.bedgraph, /home/lengliang/lzy/sj_3d/results/4_hicexplorer/6_hicFindAB/500000/scep_500000_pca2.bw, /home/lengliang/lzy/sj_3d/results/4_hicexplorer/6_hicFindAB/500000/scep_500000_pca2.bedgraph, /home/lengliang/lzy/sj_3d/results/4_hicexplorer/6_hicFindAB/500000/scep_500000_pearson.h5, /home/lengliang/lzy/sj_3d/results/4_hicexplorer/6_hicFindAB/500000/scep_500000_obsexp.h5, /home/lengliang/lzy/sj_3d/results/4_hicexplorer/6_hicFindAB/500000/scep_500000_hicCompartmentalization.pdf
    jobid: 14
    reason: Missing output files: /home/lengliang/lzy/sj_3d/results/4_hicexplorer/6_hicFindAB/500000/scep_500000_pearson.h5, /home/lengliang/lzy/sj_3d/results/4_hicexplorer/6_hicFindAB/500000/scep_500000_pca2.bw, /home/lengliang/lzy/sj_3d/results/4_hicexplorer/6_hicFindAB/500000/scep_500000_pca1.bw
    wildcards: resolution=500000, sample=scep
    threads: 24
    resources: mem_mb=1000, disk_mb=4191800, tmpdir=/home/lengliang/lzy/tmp/3d/


~/lzy/mambaforge/bin/hicPCA -m /home/lengliang/lzy/sj_3d/results/4_hicexplorer/3_hicCorrectMatrix/500000/scep_500000_corrected.h5 -we 1 2 --outputFileName /home/lengliang/lzy/sj_3d/results/4_hicexplorer/6_hicFindAB/500000/scep_500000_pca1.bw /home/lengliang/lzy/sj_3d/results/4_hicexplorer/6_hicFindAB/500000/scep_500000_pca2.bw --format bigwig  --obsexpMatrix /home/lengliang/lzy/sj_3d/results/4_hicexplorer/6_hicFindAB/500000/scep_500000_obsexp.h5 --pearsonMatrix /home/lengliang/lzy/sj_3d/results/4_hicexplorer/6_hicFindAB/500000/scep_500000_pearson.h5  
/home/lengliang/lzy/soft/bigWigToBedGraph /home/lengliang/lzy/sj_3d/results/4_hicexplorer/6_hicFindAB/500000/scep_500000_pca1.bw /home/lengliang/lzy/sj_3d/results/4_hicexplorer/6_hicFindAB/500000/scep_500000_pca1.bedgraph 
/home/lengliang/lzy/soft/bigWigToBedGraph /home/lengliang/lzy/sj_3d/results/4_hicexplorer/6_hicFindAB/500000/scep_500000_pca2.bw /home/lengliang/lzy/sj_3d/results/4_hicexplorer/6_hicFindAB/500000/scep_500000_pca2.bedgraph 
~/lzy/mambaforge/bin/hicCompartmentalization --obsexp_matrices /home/lengliang/lzy/sj_3d/results/4_hicexplorer/6_hicFindAB/500000/scep_500000_obsexp.h5 --pca  /home/lengliang/lzy/sj_3d/results/4_hicexplorer/6_hicFindAB/500000/scep_500000_pca1.bedgraph  -o  /home/lengliang/lzy/sj_3d/results/4_hicexplorer/6_hicFindAB/500000/scep_500000_hicCompartmentalization.pdf  

Submitted job 14 with external jobid '10081.mu01'.

[Tue Jan 17 12:16:02 2023]
rule hicFindAB:
    input: /home/lengliang/lzy/sj_3d/results/4_hicexplorer/3_hicCorrectMatrix/5000/sjap_5000_corrected.h5
    output: /home/lengliang/lzy/sj_3d/results/4_hicexplorer/6_hicFindAB/5000/sjap_5000_pca1.bw, /home/lengliang/lzy/sj_3d/results/4_hicexplorer/6_hicFindAB/5000/sjap_5000_pca1.bedgraph, /home/lengliang/lzy/sj_3d/results/4_hicexplorer/6_hicFindAB/5000/sjap_5000_pca2.bw, /home/lengliang/lzy/sj_3d/results/4_hicexplorer/6_hicFindAB/5000/sjap_5000_pca2.bedgraph, /home/lengliang/lzy/sj_3d/results/4_hicexplorer/6_hicFindAB/5000/sjap_5000_pearson.h5, /home/lengliang/lzy/sj_3d/results/4_hicexplorer/6_hicFindAB/5000/sjap_5000_obsexp.h5, /home/lengliang/lzy/sj_3d/results/4_hicexplorer/6_hicFindAB/5000/sjap_5000_hicCompartmentalization.pdf
    jobid: 7
    reason: Missing output files: /home/lengliang/lzy/sj_3d/results/4_hicexplorer/6_hicFindAB/5000/sjap_5000_pca2.bw, /home/lengliang/lzy/sj_3d/results/4_hicexplorer/6_hicFindAB/5000/sjap_5000_pca1.bw, /home/lengliang/lzy/sj_3d/results/4_hicexplorer/6_hicFindAB/5000/sjap_5000_pearson.h5
    wildcards: resolution=5000, sample=sjap
    threads: 24
    resources: mem_mb=1103, disk_mb=4191800, tmpdir=/home/lengliang/lzy/tmp/3d/


~/lzy/mambaforge/bin/hicPCA -m /home/lengliang/lzy/sj_3d/results/4_hicexplorer/3_hicCorrectMatrix/5000/sjap_5000_corrected.h5 -we 1 2 --outputFileName /home/lengliang/lzy/sj_3d/results/4_hicexplorer/6_hicFindAB/5000/sjap_5000_pca1.bw /home/lengliang/lzy/sj_3d/results/4_hicexplorer/6_hicFindAB/5000/sjap_5000_pca2.bw --format bigwig  --obsexpMatrix /home/lengliang/lzy/sj_3d/results/4_hicexplorer/6_hicFindAB/5000/sjap_5000_obsexp.h5 --pearsonMatrix /home/lengliang/lzy/sj_3d/results/4_hicexplorer/6_hicFindAB/5000/sjap_5000_pearson.h5  
/home/lengliang/lzy/soft/bigWigToBedGraph /home/lengliang/lzy/sj_3d/results/4_hicexplorer/6_hicFindAB/5000/sjap_5000_pca1.bw /home/lengliang/lzy/sj_3d/results/4_hicexplorer/6_hicFindAB/5000/sjap_5000_pca1.bedgraph 
/home/lengliang/lzy/soft/bigWigToBedGraph /home/lengliang/lzy/sj_3d/results/4_hicexplorer/6_hicFindAB/5000/sjap_5000_pca2.bw /home/lengliang/lzy/sj_3d/results/4_hicexplorer/6_hicFindAB/5000/sjap_5000_pca2.bedgraph 
~/lzy/mambaforge/bin/hicCompartmentalization --obsexp_matrices /home/lengliang/lzy/sj_3d/results/4_hicexplorer/6_hicFindAB/5000/sjap_5000_obsexp.h5 --pca  /home/lengliang/lzy/sj_3d/results/4_hicexplorer/6_hicFindAB/5000/sjap_5000_pca1.bedgraph  -o  /home/lengliang/lzy/sj_3d/results/4_hicexplorer/6_hicFindAB/5000/sjap_5000_hicCompartmentalization.pdf  

Submitted job 7 with external jobid '10082.mu01'.

[Tue Jan 17 12:16:02 2023]
rule hicFindAB:
    input: /home/lengliang/lzy/sj_3d/results/4_hicexplorer/3_hicCorrectMatrix/10000/syun_10000_corrected.h5
    output: /home/lengliang/lzy/sj_3d/results/4_hicexplorer/6_hicFindAB/10000/syun_10000_pca1.bw, /home/lengliang/lzy/sj_3d/results/4_hicexplorer/6_hicFindAB/10000/syun_10000_pca1.bedgraph, /home/lengliang/lzy/sj_3d/results/4_hicexplorer/6_hicFindAB/10000/syun_10000_pca2.bw, /home/lengliang/lzy/sj_3d/results/4_hicexplorer/6_hicFindAB/10000/syun_10000_pca2.bedgraph, /home/lengliang/lzy/sj_3d/results/4_hicexplorer/6_hicFindAB/10000/syun_10000_pearson.h5, /home/lengliang/lzy/sj_3d/results/4_hicexplorer/6_hicFindAB/10000/syun_10000_obsexp.h5, /home/lengliang/lzy/sj_3d/results/4_hicexplorer/6_hicFindAB/10000/syun_10000_hicCompartmentalization.pdf
    jobid: 21
    reason: Missing output files: /home/lengliang/lzy/sj_3d/results/4_hicexplorer/6_hicFindAB/10000/syun_10000_pca1.bw, /home/lengliang/lzy/sj_3d/results/4_hicexplorer/6_hicFindAB/10000/syun_10000_pca2.bw, /home/lengliang/lzy/sj_3d/results/4_hicexplorer/6_hicFindAB/10000/syun_10000_pearson.h5
    wildcards: resolution=10000, sample=syun
    threads: 24
    resources: mem_mb=1000, disk_mb=4191800, tmpdir=/home/lengliang/lzy/tmp/3d/


~/lzy/mambaforge/bin/hicPCA -m /home/lengliang/lzy/sj_3d/results/4_hicexplorer/3_hicCorrectMatrix/10000/syun_10000_corrected.h5 -we 1 2 --outputFileName /home/lengliang/lzy/sj_3d/results/4_hicexplorer/6_hicFindAB/10000/syun_10000_pca1.bw /home/lengliang/lzy/sj_3d/results/4_hicexplorer/6_hicFindAB/10000/syun_10000_pca2.bw --format bigwig  --obsexpMatrix /home/lengliang/lzy/sj_3d/results/4_hicexplorer/6_hicFindAB/10000/syun_10000_obsexp.h5 --pearsonMatrix /home/lengliang/lzy/sj_3d/results/4_hicexplorer/6_hicFindAB/10000/syun_10000_pearson.h5  
/home/lengliang/lzy/soft/bigWigToBedGraph /home/lengliang/lzy/sj_3d/results/4_hicexplorer/6_hicFindAB/10000/syun_10000_pca1.bw /home/lengliang/lzy/sj_3d/results/4_hicexplorer/6_hicFindAB/10000/syun_10000_pca1.bedgraph 
/home/lengliang/lzy/soft/bigWigToBedGraph /home/lengliang/lzy/sj_3d/results/4_hicexplorer/6_hicFindAB/10000/syun_10000_pca2.bw /home/lengliang/lzy/sj_3d/results/4_hicexplorer/6_hicFindAB/10000/syun_10000_pca2.bedgraph 
~/lzy/mambaforge/bin/hicCompartmentalization --obsexp_matrices /home/lengliang/lzy/sj_3d/results/4_hicexplorer/6_hicFindAB/10000/syun_10000_obsexp.h5 --pca  /home/lengliang/lzy/sj_3d/results/4_hicexplorer/6_hicFindAB/10000/syun_10000_pca1.bedgraph  -o  /home/lengliang/lzy/sj_3d/results/4_hicexplorer/6_hicFindAB/10000/syun_10000_hicCompartmentalization.pdf  

Submitted job 21 with external jobid '10083.mu01'.

[Tue Jan 17 12:16:03 2023]
rule hicFindAB:
    input: /home/lengliang/lzy/sj_3d/results/4_hicexplorer/3_hicCorrectMatrix/25000/syun_25000_corrected.h5
    output: /home/lengliang/lzy/sj_3d/results/4_hicexplorer/6_hicFindAB/25000/syun_25000_pca1.bw, /home/lengliang/lzy/sj_3d/results/4_hicexplorer/6_hicFindAB/25000/syun_25000_pca1.bedgraph, /home/lengliang/lzy/sj_3d/results/4_hicexplorer/6_hicFindAB/25000/syun_25000_pca2.bw, /home/lengliang/lzy/sj_3d/results/4_hicexplorer/6_hicFindAB/25000/syun_25000_pca2.bedgraph, /home/lengliang/lzy/sj_3d/results/4_hicexplorer/6_hicFindAB/25000/syun_25000_pearson.h5, /home/lengliang/lzy/sj_3d/results/4_hicexplorer/6_hicFindAB/25000/syun_25000_obsexp.h5, /home/lengliang/lzy/sj_3d/results/4_hicexplorer/6_hicFindAB/25000/syun_25000_hicCompartmentalization.pdf
    jobid: 22
    reason: Missing output files: /home/lengliang/lzy/sj_3d/results/4_hicexplorer/6_hicFindAB/25000/syun_25000_pca2.bw, /home/lengliang/lzy/sj_3d/results/4_hicexplorer/6_hicFindAB/25000/syun_25000_pca1.bw, /home/lengliang/lzy/sj_3d/results/4_hicexplorer/6_hicFindAB/25000/syun_25000_pearson.h5
    wildcards: resolution=25000, sample=syun
    threads: 24
    resources: mem_mb=1000, disk_mb=4191800, tmpdir=/home/lengliang/lzy/tmp/3d/


~/lzy/mambaforge/bin/hicPCA -m /home/lengliang/lzy/sj_3d/results/4_hicexplorer/3_hicCorrectMatrix/25000/syun_25000_corrected.h5 -we 1 2 --outputFileName /home/lengliang/lzy/sj_3d/results/4_hicexplorer/6_hicFindAB/25000/syun_25000_pca1.bw /home/lengliang/lzy/sj_3d/results/4_hicexplorer/6_hicFindAB/25000/syun_25000_pca2.bw --format bigwig  --obsexpMatrix /home/lengliang/lzy/sj_3d/results/4_hicexplorer/6_hicFindAB/25000/syun_25000_obsexp.h5 --pearsonMatrix /home/lengliang/lzy/sj_3d/results/4_hicexplorer/6_hicFindAB/25000/syun_25000_pearson.h5  
/home/lengliang/lzy/soft/bigWigToBedGraph /home/lengliang/lzy/sj_3d/results/4_hicexplorer/6_hicFindAB/25000/syun_25000_pca1.bw /home/lengliang/lzy/sj_3d/results/4_hicexplorer/6_hicFindAB/25000/syun_25000_pca1.bedgraph 
/home/lengliang/lzy/soft/bigWigToBedGraph /home/lengliang/lzy/sj_3d/results/4_hicexplorer/6_hicFindAB/25000/syun_25000_pca2.bw /home/lengliang/lzy/sj_3d/results/4_hicexplorer/6_hicFindAB/25000/syun_25000_pca2.bedgraph 
~/lzy/mambaforge/bin/hicCompartmentalization --obsexp_matrices /home/lengliang/lzy/sj_3d/results/4_hicexplorer/6_hicFindAB/25000/syun_25000_obsexp.h5 --pca  /home/lengliang/lzy/sj_3d/results/4_hicexplorer/6_hicFindAB/25000/syun_25000_pca1.bedgraph  -o  /home/lengliang/lzy/sj_3d/results/4_hicexplorer/6_hicFindAB/25000/syun_25000_hicCompartmentalization.pdf  

Submitted job 22 with external jobid '10084.mu01'.
[Tue Jan 17 12:16:33 2023]
Finished job 14.
1 of 55 steps (2%) done
Select jobs to execute...

[Tue Jan 17 12:16:33 2023]
rule hicFindAB:
    input: /home/lengliang/lzy/sj_3d/results/4_hicexplorer/3_hicCorrectMatrix/250000/syun_250000_corrected.h5
    output: /home/lengliang/lzy/sj_3d/results/4_hicexplorer/6_hicFindAB/250000/syun_250000_pca1.bw, /home/lengliang/lzy/sj_3d/results/4_hicexplorer/6_hicFindAB/250000/syun_250000_pca1.bedgraph, /home/lengliang/lzy/sj_3d/results/4_hicexplorer/6_hicFindAB/250000/syun_250000_pca2.bw, /home/lengliang/lzy/sj_3d/results/4_hicexplorer/6_hicFindAB/250000/syun_250000_pca2.bedgraph, /home/lengliang/lzy/sj_3d/results/4_hicexplorer/6_hicFindAB/250000/syun_250000_pearson.h5, /home/lengliang/lzy/sj_3d/results/4_hicexplorer/6_hicFindAB/250000/syun_250000_obsexp.h5, /home/lengliang/lzy/sj_3d/results/4_hicexplorer/6_hicFindAB/250000/syun_250000_hicCompartmentalization.pdf
    jobid: 26
    reason: Missing output files: /home/lengliang/lzy/sj_3d/results/4_hicexplorer/6_hicFindAB/250000/syun_250000_pca1.bw, /home/lengliang/lzy/sj_3d/results/4_hicexplorer/6_hicFindAB/250000/syun_250000_pearson.h5, /home/lengliang/lzy/sj_3d/results/4_hicexplorer/6_hicFindAB/250000/syun_250000_pca2.bw
    wildcards: resolution=250000, sample=syun
    threads: 24
    resources: mem_mb=1000, disk_mb=4191800, tmpdir=/home/lengliang/lzy/tmp/3d/


~/lzy/mambaforge/bin/hicPCA -m /home/lengliang/lzy/sj_3d/results/4_hicexplorer/3_hicCorrectMatrix/250000/syun_250000_corrected.h5 -we 1 2 --outputFileName /home/lengliang/lzy/sj_3d/results/4_hicexplorer/6_hicFindAB/250000/syun_250000_pca1.bw /home/lengliang/lzy/sj_3d/results/4_hicexplorer/6_hicFindAB/250000/syun_250000_pca2.bw --format bigwig  --obsexpMatrix /home/lengliang/lzy/sj_3d/results/4_hicexplorer/6_hicFindAB/250000/syun_250000_obsexp.h5 --pearsonMatrix /home/lengliang/lzy/sj_3d/results/4_hicexplorer/6_hicFindAB/250000/syun_250000_pearson.h5  
/home/lengliang/lzy/soft/bigWigToBedGraph /home/lengliang/lzy/sj_3d/results/4_hicexplorer/6_hicFindAB/250000/syun_250000_pca1.bw /home/lengliang/lzy/sj_3d/results/4_hicexplorer/6_hicFindAB/250000/syun_250000_pca1.bedgraph 
/home/lengliang/lzy/soft/bigWigToBedGraph /home/lengliang/lzy/sj_3d/results/4_hicexplorer/6_hicFindAB/250000/syun_250000_pca2.bw /home/lengliang/lzy/sj_3d/results/4_hicexplorer/6_hicFindAB/250000/syun_250000_pca2.bedgraph 
~/lzy/mambaforge/bin/hicCompartmentalization --obsexp_matrices /home/lengliang/lzy/sj_3d/results/4_hicexplorer/6_hicFindAB/250000/syun_250000_obsexp.h5 --pca  /home/lengliang/lzy/sj_3d/results/4_hicexplorer/6_hicFindAB/250000/syun_250000_pca1.bedgraph  -o  /home/lengliang/lzy/sj_3d/results/4_hicexplorer/6_hicFindAB/250000/syun_250000_hicCompartmentalization.pdf  

Submitted job 26 with external jobid '10085.mu01'.
[Tue Jan 17 12:16:44 2023]
Finished job 17.
2 of 55 steps (4%) done
Select jobs to execute...

[Tue Jan 17 12:16:44 2023]
rule hicFindAB:
    input: /home/lengliang/lzy/sj_3d/results/4_hicexplorer/3_hicCorrectMatrix/10000/scep_10000_corrected.h5
    output: /home/lengliang/lzy/sj_3d/results/4_hicexplorer/6_hicFindAB/10000/scep_10000_pca1.bw, /home/lengliang/lzy/sj_3d/results/4_hicexplorer/6_hicFindAB/10000/scep_10000_pca1.bedgraph, /home/lengliang/lzy/sj_3d/results/4_hicexplorer/6_hicFindAB/10000/scep_10000_pca2.bw, /home/lengliang/lzy/sj_3d/results/4_hicexplorer/6_hicFindAB/10000/scep_10000_pca2.bedgraph, /home/lengliang/lzy/sj_3d/results/4_hicexplorer/6_hicFindAB/10000/scep_10000_pearson.h5, /home/lengliang/lzy/sj_3d/results/4_hicexplorer/6_hicFindAB/10000/scep_10000_obsexp.h5, /home/lengliang/lzy/sj_3d/results/4_hicexplorer/6_hicFindAB/10000/scep_10000_hicCompartmentalization.pdf
    jobid: 12
    reason: Missing output files: /home/lengliang/lzy/sj_3d/results/4_hicexplorer/6_hicFindAB/10000/scep_10000_pearson.h5, /home/lengliang/lzy/sj_3d/results/4_hicexplorer/6_hicFindAB/10000/scep_10000_pca1.bw, /home/lengliang/lzy/sj_3d/results/4_hicexplorer/6_hicFindAB/10000/scep_10000_pca2.bw
    wildcards: resolution=10000, sample=scep
    threads: 24
    resources: mem_mb=1000, disk_mb=4191800, tmpdir=/home/lengliang/lzy/tmp/3d/


~/lzy/mambaforge/bin/hicPCA -m /home/lengliang/lzy/sj_3d/results/4_hicexplorer/3_hicCorrectMatrix/10000/scep_10000_corrected.h5 -we 1 2 --outputFileName /home/lengliang/lzy/sj_3d/results/4_hicexplorer/6_hicFindAB/10000/scep_10000_pca1.bw /home/lengliang/lzy/sj_3d/results/4_hicexplorer/6_hicFindAB/10000/scep_10000_pca2.bw --format bigwig  --obsexpMatrix /home/lengliang/lzy/sj_3d/results/4_hicexplorer/6_hicFindAB/10000/scep_10000_obsexp.h5 --pearsonMatrix /home/lengliang/lzy/sj_3d/results/4_hicexplorer/6_hicFindAB/10000/scep_10000_pearson.h5  
/home/lengliang/lzy/soft/bigWigToBedGraph /home/lengliang/lzy/sj_3d/results/4_hicexplorer/6_hicFindAB/10000/scep_10000_pca1.bw /home/lengliang/lzy/sj_3d/results/4_hicexplorer/6_hicFindAB/10000/scep_10000_pca1.bedgraph 
/home/lengliang/lzy/soft/bigWigToBedGraph /home/lengliang/lzy/sj_3d/results/4_hicexplorer/6_hicFindAB/10000/scep_10000_pca2.bw /home/lengliang/lzy/sj_3d/results/4_hicexplorer/6_hicFindAB/10000/scep_10000_pca2.bedgraph 
~/lzy/mambaforge/bin/hicCompartmentalization --obsexp_matrices /home/lengliang/lzy/sj_3d/results/4_hicexplorer/6_hicFindAB/10000/scep_10000_obsexp.h5 --pca  /home/lengliang/lzy/sj_3d/results/4_hicexplorer/6_hicFindAB/10000/scep_10000_pca1.bedgraph  -o  /home/lengliang/lzy/sj_3d/results/4_hicexplorer/6_hicFindAB/10000/scep_10000_hicCompartmentalization.pdf  

Submitted job 12 with external jobid '10086.mu01'.
[Tue Jan 17 12:16:44 2023]
Finished job 5.
3 of 55 steps (5%) done
Select jobs to execute...

[Tue Jan 17 12:16:44 2023]
rule hicFindAB_plot:
    input: /home/lengliang/lzy/sj_3d/results/4_hicexplorer/3_hicCorrectMatrix/500000/sjap_500000_corrected.h5, /home/lengliang/lzy/sj_3d/results/4_hicexplorer/6_hicFindAB/500000/sjap_500000_pca1.bw, /home/lengliang/lzy/sj_3d/results/4_hicexplorer/6_hicFindAB/500000/sjap_500000_pca2.bw, /home/lengliang/lzy/sj_3d/results/4_hicexplorer/6_hicFindAB/500000/sjap_500000_pearson.h5
    output: /home/lengliang/lzy/sj_3d/results/4_hicexplorer/6_hicFindAB/500000/sjap_500000_pca1_l_perchr.pdf, /home/lengliang/lzy/sj_3d/results/4_hicexplorer/6_hicFindAB/500000/sjap_500000_pca1_l.pdf, /home/lengliang/lzy/sj_3d/results/4_hicexplorer/6_hicFindAB/500000/sjap_500000_pca1.pdf, /home/lengliang/lzy/sj_3d/results/4_hicexplorer/6_hicFindAB/500000/sjap_500000_pca1_combine.pdf
    jobid: 32
    reason: Missing output files: /home/lengliang/lzy/sj_3d/results/4_hicexplorer/6_hicFindAB/500000/sjap_500000_pca1_combine.pdf; Input files updated by another job: /home/lengliang/lzy/sj_3d/results/4_hicexplorer/6_hicFindAB/500000/sjap_500000_pca2.bw, /home/lengliang/lzy/sj_3d/results/4_hicexplorer/6_hicFindAB/500000/sjap_500000_pearson.h5, /home/lengliang/lzy/sj_3d/results/4_hicexplorer/6_hicFindAB/500000/sjap_500000_pca1.bw
    wildcards: resolution=500000, sample=sjap
    threads: 24
    resources: mem_mb=1000, disk_mb=4191800, tmpdir=/home/lengliang/lzy/tmp/3d/


~/lzy/mambaforge/bin/hicPlotMatrix -m /home/lengliang/lzy/sj_3d/results/4_hicexplorer/6_hicFindAB/500000/sjap_500000_pearson.h5 --outFileName /home/lengliang/lzy/sj_3d/results/4_hicexplorer/6_hicFindAB/500000/sjap_500000_pca1.pdf --perChr --bigwig /home/lengliang/lzy/sj_3d/results/4_hicexplorer/6_hicFindAB/500000/sjap_500000_pca1.bw  --dpi 330  --vMinBigwig -0.05 --vMaxBigwig 0.05 --vMax 4 
~/lzy/mambaforge/bin/hicPlotMatrix -m /home/lengliang/lzy/sj_3d/results/4_hicexplorer/6_hicFindAB/500000/sjap_500000_pearson.h5 --outFileName /home/lengliang/lzy/sj_3d/results/4_hicexplorer/6_hicFindAB/500000/sjap_500000_pca1_combine.pdf --bigwig /home/lengliang/lzy/sj_3d/results/4_hicexplorer/6_hicFindAB/500000/sjap_500000_pca1.bw --dpi 330  --vMinBigwig -0.05 --vMaxBigwig 0.05 --vMax 4  
~/lzy/mambaforge/bin/hicPlotMatrix -m /home/lengliang/lzy/sj_3d/results/4_hicexplorer/6_hicFindAB/500000/sjap_500000_pearson.h5 --outFileName /home/lengliang/lzy/sj_3d/results/4_hicexplorer/6_hicFindAB/500000/sjap_500000_pca1_l_perchr.pdf --perChr --bigwig /home/lengliang/lzy/sj_3d/results/4_hicexplorer/6_hicFindAB/500000/sjap_500000_pca1.bw   --vMinBigwig -0.05 --vMaxBigwig 0.05 --dpi 330 --vMax 1 
~/lzy/mambaforge/bin/hicPlotMatrix -m /home/lengliang/lzy/sj_3d/results/4_hicexplorer/6_hicFindAB/500000/sjap_500000_pearson.h5 --outFileName /home/lengliang/lzy/sj_3d/results/4_hicexplorer/6_hicFindAB/500000/sjap_500000_pca1_l.pdf --bigwig /home/lengliang/lzy/sj_3d/results/4_hicexplorer/6_hicFindAB/500000/sjap_500000_pca1.bw  --vMinBigwig -0.05 --vMaxBigwig 0.05 --dpi 330 --vMax 1  

Submitted job 32 with external jobid '10087.mu01'.
[Tue Jan 17 12:16:56 2023]
Finished job 23.
4 of 55 steps (7%) done
Select jobs to execute...

[Tue Jan 17 12:16:56 2023]
rule hicFindAB_plot:
    input: /home/lengliang/lzy/sj_3d/results/4_hicexplorer/3_hicCorrectMatrix/500000/syun_500000_corrected.h5, /home/lengliang/lzy/sj_3d/results/4_hicexplorer/6_hicFindAB/500000/syun_500000_pca1.bw, /home/lengliang/lzy/sj_3d/results/4_hicexplorer/6_hicFindAB/500000/syun_500000_pca2.bw, /home/lengliang/lzy/sj_3d/results/4_hicexplorer/6_hicFindAB/500000/syun_500000_pearson.h5
    output: /home/lengliang/lzy/sj_3d/results/4_hicexplorer/6_hicFindAB/500000/syun_500000_pca1_l_perchr.pdf, /home/lengliang/lzy/sj_3d/results/4_hicexplorer/6_hicFindAB/500000/syun_500000_pca1_l.pdf, /home/lengliang/lzy/sj_3d/results/4_hicexplorer/6_hicFindAB/500000/syun_500000_pca1.pdf, /home/lengliang/lzy/sj_3d/results/4_hicexplorer/6_hicFindAB/500000/syun_500000_pca1_combine.pdf
    jobid: 50
    reason: Missing output files: /home/lengliang/lzy/sj_3d/results/4_hicexplorer/6_hicFindAB/500000/syun_500000_pca1_combine.pdf; Input files updated by another job: /home/lengliang/lzy/sj_3d/results/4_hicexplorer/6_hicFindAB/500000/syun_500000_pca2.bw, /home/lengliang/lzy/sj_3d/results/4_hicexplorer/6_hicFindAB/500000/syun_500000_pca1.bw, /home/lengliang/lzy/sj_3d/results/4_hicexplorer/6_hicFindAB/500000/syun_500000_pearson.h5
    wildcards: resolution=500000, sample=syun
    threads: 24
    resources: mem_mb=1000, disk_mb=4191800, tmpdir=/home/lengliang/lzy/tmp/3d/


~/lzy/mambaforge/bin/hicPlotMatrix -m /home/lengliang/lzy/sj_3d/results/4_hicexplorer/6_hicFindAB/500000/syun_500000_pearson.h5 --outFileName /home/lengliang/lzy/sj_3d/results/4_hicexplorer/6_hicFindAB/500000/syun_500000_pca1.pdf --perChr --bigwig /home/lengliang/lzy/sj_3d/results/4_hicexplorer/6_hicFindAB/500000/syun_500000_pca1.bw  --dpi 330  --vMinBigwig -0.05 --vMaxBigwig 0.05 --vMax 4 
~/lzy/mambaforge/bin/hicPlotMatrix -m /home/lengliang/lzy/sj_3d/results/4_hicexplorer/6_hicFindAB/500000/syun_500000_pearson.h5 --outFileName /home/lengliang/lzy/sj_3d/results/4_hicexplorer/6_hicFindAB/500000/syun_500000_pca1_combine.pdf --bigwig /home/lengliang/lzy/sj_3d/results/4_hicexplorer/6_hicFindAB/500000/syun_500000_pca1.bw --dpi 330  --vMinBigwig -0.05 --vMaxBigwig 0.05 --vMax 4  
~/lzy/mambaforge/bin/hicPlotMatrix -m /home/lengliang/lzy/sj_3d/results/4_hicexplorer/6_hicFindAB/500000/syun_500000_pearson.h5 --outFileName /home/lengliang/lzy/sj_3d/results/4_hicexplorer/6_hicFindAB/500000/syun_500000_pca1_l_perchr.pdf --perChr --bigwig /home/lengliang/lzy/sj_3d/results/4_hicexplorer/6_hicFindAB/500000/syun_500000_pca1.bw   --vMinBigwig -0.05 --vMaxBigwig 0.05 --dpi 330 --vMax 1 
~/lzy/mambaforge/bin/hicPlotMatrix -m /home/lengliang/lzy/sj_3d/results/4_hicexplorer/6_hicFindAB/500000/syun_500000_pearson.h5 --outFileName /home/lengliang/lzy/sj_3d/results/4_hicexplorer/6_hicFindAB/500000/syun_500000_pca1_l.pdf --bigwig /home/lengliang/lzy/sj_3d/results/4_hicexplorer/6_hicFindAB/500000/syun_500000_pca1.bw  --vMinBigwig -0.05 --vMaxBigwig 0.05 --dpi 330 --vMax 1  

Submitted job 50 with external jobid '10088.mu01'.
[Tue Jan 17 12:16:57 2023]
Finished job 6.
5 of 55 steps (9%) done
Select jobs to execute...

[Tue Jan 17 12:16:57 2023]
rule hicFindAB:
    input: /home/lengliang/lzy/sj_3d/results/4_hicexplorer/3_hicCorrectMatrix/25000/sjap_25000_corrected.h5
    output: /home/lengliang/lzy/sj_3d/results/4_hicexplorer/6_hicFindAB/25000/sjap_25000_pca1.bw, /home/lengliang/lzy/sj_3d/results/4_hicexplorer/6_hicFindAB/25000/sjap_25000_pca1.bedgraph, /home/lengliang/lzy/sj_3d/results/4_hicexplorer/6_hicFindAB/25000/sjap_25000_pca2.bw, /home/lengliang/lzy/sj_3d/results/4_hicexplorer/6_hicFindAB/25000/sjap_25000_pca2.bedgraph, /home/lengliang/lzy/sj_3d/results/4_hicexplorer/6_hicFindAB/25000/sjap_25000_pearson.h5, /home/lengliang/lzy/sj_3d/results/4_hicexplorer/6_hicFindAB/25000/sjap_25000_obsexp.h5, /home/lengliang/lzy/sj_3d/results/4_hicexplorer/6_hicFindAB/25000/sjap_25000_hicCompartmentalization.pdf
    jobid: 4
    reason: Missing output files: /home/lengliang/lzy/sj_3d/results/4_hicexplorer/6_hicFindAB/25000/sjap_25000_pca2.bw, /home/lengliang/lzy/sj_3d/results/4_hicexplorer/6_hicFindAB/25000/sjap_25000_pca1.bw, /home/lengliang/lzy/sj_3d/results/4_hicexplorer/6_hicFindAB/25000/sjap_25000_pearson.h5
    wildcards: resolution=25000, sample=sjap
    threads: 24
    resources: mem_mb=1000, disk_mb=4191800, tmpdir=/home/lengliang/lzy/tmp/3d/


~/lzy/mambaforge/bin/hicPCA -m /home/lengliang/lzy/sj_3d/results/4_hicexplorer/3_hicCorrectMatrix/25000/sjap_25000_corrected.h5 -we 1 2 --outputFileName /home/lengliang/lzy/sj_3d/results/4_hicexplorer/6_hicFindAB/25000/sjap_25000_pca1.bw /home/lengliang/lzy/sj_3d/results/4_hicexplorer/6_hicFindAB/25000/sjap_25000_pca2.bw --format bigwig  --obsexpMatrix /home/lengliang/lzy/sj_3d/results/4_hicexplorer/6_hicFindAB/25000/sjap_25000_obsexp.h5 --pearsonMatrix /home/lengliang/lzy/sj_3d/results/4_hicexplorer/6_hicFindAB/25000/sjap_25000_pearson.h5  
/home/lengliang/lzy/soft/bigWigToBedGraph /home/lengliang/lzy/sj_3d/results/4_hicexplorer/6_hicFindAB/25000/sjap_25000_pca1.bw /home/lengliang/lzy/sj_3d/results/4_hicexplorer/6_hicFindAB/25000/sjap_25000_pca1.bedgraph 
/home/lengliang/lzy/soft/bigWigToBedGraph /home/lengliang/lzy/sj_3d/results/4_hicexplorer/6_hicFindAB/25000/sjap_25000_pca2.bw /home/lengliang/lzy/sj_3d/results/4_hicexplorer/6_hicFindAB/25000/sjap_25000_pca2.bedgraph 
~/lzy/mambaforge/bin/hicCompartmentalization --obsexp_matrices /home/lengliang/lzy/sj_3d/results/4_hicexplorer/6_hicFindAB/25000/sjap_25000_obsexp.h5 --pca  /home/lengliang/lzy/sj_3d/results/4_hicexplorer/6_hicFindAB/25000/sjap_25000_pca1.bedgraph  -o  /home/lengliang/lzy/sj_3d/results/4_hicexplorer/6_hicFindAB/25000/sjap_25000_hicCompartmentalization.pdf  

Submitted job 4 with external jobid '10089.mu01'.
[Tue Jan 17 12:16:57 2023]
Finished job 8.
6 of 55 steps (11%) done
Select jobs to execute...

[Tue Jan 17 12:16:57 2023]
rule hicFindAB:
    input: /home/lengliang/lzy/sj_3d/results/4_hicexplorer/3_hicCorrectMatrix/50000/scep_50000_corrected.h5
    output: /home/lengliang/lzy/sj_3d/results/4_hicexplorer/6_hicFindAB/50000/scep_50000_pca1.bw, /home/lengliang/lzy/sj_3d/results/4_hicexplorer/6_hicFindAB/50000/scep_50000_pca1.bedgraph, /home/lengliang/lzy/sj_3d/results/4_hicexplorer/6_hicFindAB/50000/scep_50000_pca2.bw, /home/lengliang/lzy/sj_3d/results/4_hicexplorer/6_hicFindAB/50000/scep_50000_pca2.bedgraph, /home/lengliang/lzy/sj_3d/results/4_hicexplorer/6_hicFindAB/50000/scep_50000_pearson.h5, /home/lengliang/lzy/sj_3d/results/4_hicexplorer/6_hicFindAB/50000/scep_50000_obsexp.h5, /home/lengliang/lzy/sj_3d/results/4_hicexplorer/6_hicFindAB/50000/scep_50000_hicCompartmentalization.pdf
    jobid: 18
    reason: Missing output files: /home/lengliang/lzy/sj_3d/results/4_hicexplorer/6_hicFindAB/50000/scep_50000_pca1.bw, /home/lengliang/lzy/sj_3d/results/4_hicexplorer/6_hicFindAB/50000/scep_50000_pearson.h5, /home/lengliang/lzy/sj_3d/results/4_hicexplorer/6_hicFindAB/50000/scep_50000_pca2.bw
    wildcards: resolution=50000, sample=scep
    threads: 24
    resources: mem_mb=1000, disk_mb=4191800, tmpdir=/home/lengliang/lzy/tmp/3d/


~/lzy/mambaforge/bin/hicPCA -m /home/lengliang/lzy/sj_3d/results/4_hicexplorer/3_hicCorrectMatrix/50000/scep_50000_corrected.h5 -we 1 2 --outputFileName /home/lengliang/lzy/sj_3d/results/4_hicexplorer/6_hicFindAB/50000/scep_50000_pca1.bw /home/lengliang/lzy/sj_3d/results/4_hicexplorer/6_hicFindAB/50000/scep_50000_pca2.bw --format bigwig  --obsexpMatrix /home/lengliang/lzy/sj_3d/results/4_hicexplorer/6_hicFindAB/50000/scep_50000_obsexp.h5 --pearsonMatrix /home/lengliang/lzy/sj_3d/results/4_hicexplorer/6_hicFindAB/50000/scep_50000_pearson.h5  
/home/lengliang/lzy/soft/bigWigToBedGraph /home/lengliang/lzy/sj_3d/results/4_hicexplorer/6_hicFindAB/50000/scep_50000_pca1.bw /home/lengliang/lzy/sj_3d/results/4_hicexplorer/6_hicFindAB/50000/scep_50000_pca1.bedgraph 
/home/lengliang/lzy/soft/bigWigToBedGraph /home/lengliang/lzy/sj_3d/results/4_hicexplorer/6_hicFindAB/50000/scep_50000_pca2.bw /home/lengliang/lzy/sj_3d/results/4_hicexplorer/6_hicFindAB/50000/scep_50000_pca2.bedgraph 
~/lzy/mambaforge/bin/hicCompartmentalization --obsexp_matrices /home/lengliang/lzy/sj_3d/results/4_hicexplorer/6_hicFindAB/50000/scep_50000_obsexp.h5 --pca  /home/lengliang/lzy/sj_3d/results/4_hicexplorer/6_hicFindAB/50000/scep_50000_pca1.bedgraph  -o  /home/lengliang/lzy/sj_3d/results/4_hicexplorer/6_hicFindAB/50000/scep_50000_hicCompartmentalization.pdf  

Submitted job 18 with external jobid '10090.mu01'.
[Tue Jan 17 12:17:08 2023]
Finished job 24.
7 of 55 steps (13%) done
Select jobs to execute...

[Tue Jan 17 12:17:08 2023]
rule hicFindAB_plot:
    input: /home/lengliang/lzy/sj_3d/results/4_hicexplorer/3_hicCorrectMatrix/250000/scep_250000_corrected.h5, /home/lengliang/lzy/sj_3d/results/4_hicexplorer/6_hicFindAB/250000/scep_250000_pca1.bw, /home/lengliang/lzy/sj_3d/results/4_hicexplorer/6_hicFindAB/250000/scep_250000_pca2.bw, /home/lengliang/lzy/sj_3d/results/4_hicexplorer/6_hicFindAB/250000/scep_250000_pearson.h5
    output: /home/lengliang/lzy/sj_3d/results/4_hicexplorer/6_hicFindAB/250000/scep_250000_pca1_l_perchr.pdf, /home/lengliang/lzy/sj_3d/results/4_hicexplorer/6_hicFindAB/250000/scep_250000_pca1_l.pdf, /home/lengliang/lzy/sj_3d/results/4_hicexplorer/6_hicFindAB/250000/scep_250000_pca1.pdf, /home/lengliang/lzy/sj_3d/results/4_hicexplorer/6_hicFindAB/250000/scep_250000_pca1_combine.pdf
    jobid: 44
    reason: Missing output files: /home/lengliang/lzy/sj_3d/results/4_hicexplorer/6_hicFindAB/250000/scep_250000_pca1_combine.pdf; Input files updated by another job: /home/lengliang/lzy/sj_3d/results/4_hicexplorer/6_hicFindAB/250000/scep_250000_pca2.bw, /home/lengliang/lzy/sj_3d/results/4_hicexplorer/6_hicFindAB/250000/scep_250000_pearson.h5, /home/lengliang/lzy/sj_3d/results/4_hicexplorer/6_hicFindAB/250000/scep_250000_pca1.bw
    wildcards: resolution=250000, sample=scep
    threads: 24
    resources: mem_mb=1000, disk_mb=4191800, tmpdir=/home/lengliang/lzy/tmp/3d/


~/lzy/mambaforge/bin/hicPlotMatrix -m /home/lengliang/lzy/sj_3d/results/4_hicexplorer/6_hicFindAB/250000/scep_250000_pearson.h5 --outFileName /home/lengliang/lzy/sj_3d/results/4_hicexplorer/6_hicFindAB/250000/scep_250000_pca1.pdf --perChr --bigwig /home/lengliang/lzy/sj_3d/results/4_hicexplorer/6_hicFindAB/250000/scep_250000_pca1.bw  --dpi 330  --vMinBigwig -0.05 --vMaxBigwig 0.05 --vMax 4 
~/lzy/mambaforge/bin/hicPlotMatrix -m /home/lengliang/lzy/sj_3d/results/4_hicexplorer/6_hicFindAB/250000/scep_250000_pearson.h5 --outFileName /home/lengliang/lzy/sj_3d/results/4_hicexplorer/6_hicFindAB/250000/scep_250000_pca1_combine.pdf --bigwig /home/lengliang/lzy/sj_3d/results/4_hicexplorer/6_hicFindAB/250000/scep_250000_pca1.bw --dpi 330  --vMinBigwig -0.05 --vMaxBigwig 0.05 --vMax 4  
~/lzy/mambaforge/bin/hicPlotMatrix -m /home/lengliang/lzy/sj_3d/results/4_hicexplorer/6_hicFindAB/250000/scep_250000_pearson.h5 --outFileName /home/lengliang/lzy/sj_3d/results/4_hicexplorer/6_hicFindAB/250000/scep_250000_pca1_l_perchr.pdf --perChr --bigwig /home/lengliang/lzy/sj_3d/results/4_hicexplorer/6_hicFindAB/250000/scep_250000_pca1.bw   --vMinBigwig -0.05 --vMaxBigwig 0.05 --dpi 330 --vMax 1 
~/lzy/mambaforge/bin/hicPlotMatrix -m /home/lengliang/lzy/sj_3d/results/4_hicexplorer/6_hicFindAB/250000/scep_250000_pearson.h5 --outFileName /home/lengliang/lzy/sj_3d/results/4_hicexplorer/6_hicFindAB/250000/scep_250000_pca1_l.pdf --bigwig /home/lengliang/lzy/sj_3d/results/4_hicexplorer/6_hicFindAB/250000/scep_250000_pca1.bw  --vMinBigwig -0.05 --vMaxBigwig 0.05 --dpi 330 --vMax 1  

Submitted job 44 with external jobid '10091.mu01'.
[Tue Jan 17 12:17:08 2023]
Finished job 10.
8 of 55 steps (15%) done
Select jobs to execute...

[Tue Jan 17 12:17:08 2023]
rule hicFindAB_plot:
    input: /home/lengliang/lzy/sj_3d/results/4_hicexplorer/3_hicCorrectMatrix/500000/scep_500000_corrected.h5, /home/lengliang/lzy/sj_3d/results/4_hicexplorer/6_hicFindAB/500000/scep_500000_pca1.bw, /home/lengliang/lzy/sj_3d/results/4_hicexplorer/6_hicFindAB/500000/scep_500000_pca2.bw, /home/lengliang/lzy/sj_3d/results/4_hicexplorer/6_hicFindAB/500000/scep_500000_pearson.h5
    output: /home/lengliang/lzy/sj_3d/results/4_hicexplorer/6_hicFindAB/500000/scep_500000_pca1_l_perchr.pdf, /home/lengliang/lzy/sj_3d/results/4_hicexplorer/6_hicFindAB/500000/scep_500000_pca1_l.pdf, /home/lengliang/lzy/sj_3d/results/4_hicexplorer/6_hicFindAB/500000/scep_500000_pca1.pdf, /home/lengliang/lzy/sj_3d/results/4_hicexplorer/6_hicFindAB/500000/scep_500000_pca1_combine.pdf
    jobid: 41
    reason: Missing output files: /home/lengliang/lzy/sj_3d/results/4_hicexplorer/6_hicFindAB/500000/scep_500000_pca1_combine.pdf; Input files updated by another job: /home/lengliang/lzy/sj_3d/results/4_hicexplorer/6_hicFindAB/500000/scep_500000_pearson.h5, /home/lengliang/lzy/sj_3d/results/4_hicexplorer/6_hicFindAB/500000/scep_500000_pca2.bw, /home/lengliang/lzy/sj_3d/results/4_hicexplorer/6_hicFindAB/500000/scep_500000_pca1.bw
    wildcards: resolution=500000, sample=scep
    threads: 24
    resources: mem_mb=1000, disk_mb=4191800, tmpdir=/home/lengliang/lzy/tmp/3d/


~/lzy/mambaforge/bin/hicPlotMatrix -m /home/lengliang/lzy/sj_3d/results/4_hicexplorer/6_hicFindAB/500000/scep_500000_pearson.h5 --outFileName /home/lengliang/lzy/sj_3d/results/4_hicexplorer/6_hicFindAB/500000/scep_500000_pca1.pdf --perChr --bigwig /home/lengliang/lzy/sj_3d/results/4_hicexplorer/6_hicFindAB/500000/scep_500000_pca1.bw  --dpi 330  --vMinBigwig -0.05 --vMaxBigwig 0.05 --vMax 4 
~/lzy/mambaforge/bin/hicPlotMatrix -m /home/lengliang/lzy/sj_3d/results/4_hicexplorer/6_hicFindAB/500000/scep_500000_pearson.h5 --outFileName /home/lengliang/lzy/sj_3d/results/4_hicexplorer/6_hicFindAB/500000/scep_500000_pca1_combine.pdf --bigwig /home/lengliang/lzy/sj_3d/results/4_hicexplorer/6_hicFindAB/500000/scep_500000_pca1.bw --dpi 330  --vMinBigwig -0.05 --vMaxBigwig 0.05 --vMax 4  
~/lzy/mambaforge/bin/hicPlotMatrix -m /home/lengliang/lzy/sj_3d/results/4_hicexplorer/6_hicFindAB/500000/scep_500000_pearson.h5 --outFileName /home/lengliang/lzy/sj_3d/results/4_hicexplorer/6_hicFindAB/500000/scep_500000_pca1_l_perchr.pdf --perChr --bigwig /home/lengliang/lzy/sj_3d/results/4_hicexplorer/6_hicFindAB/500000/scep_500000_pca1.bw   --vMinBigwig -0.05 --vMaxBigwig 0.05 --dpi 330 --vMax 1 
~/lzy/mambaforge/bin/hicPlotMatrix -m /home/lengliang/lzy/sj_3d/results/4_hicexplorer/6_hicFindAB/500000/scep_500000_pearson.h5 --outFileName /home/lengliang/lzy/sj_3d/results/4_hicexplorer/6_hicFindAB/500000/scep_500000_pca1_l.pdf --bigwig /home/lengliang/lzy/sj_3d/results/4_hicexplorer/6_hicFindAB/500000/scep_500000_pca1.bw  --vMinBigwig -0.05 --vMaxBigwig 0.05 --dpi 330 --vMax 1  

Submitted job 41 with external jobid '10092.mu01'.
[Tue Jan 17 12:17:32 2023]
Error in rule hicFindAB_plot:
    jobid: 32
    output: /home/lengliang/lzy/sj_3d/results/4_hicexplorer/6_hicFindAB/500000/sjap_500000_pca1_l_perchr.pdf, /home/lengliang/lzy/sj_3d/results/4_hicexplorer/6_hicFindAB/500000/sjap_500000_pca1_l.pdf, /home/lengliang/lzy/sj_3d/results/4_hicexplorer/6_hicFindAB/500000/sjap_500000_pca1.pdf, /home/lengliang/lzy/sj_3d/results/4_hicexplorer/6_hicFindAB/500000/sjap_500000_pca1_combine.pdf
    shell:
        
~/lzy/mambaforge/bin/hicPlotMatrix -m /home/lengliang/lzy/sj_3d/results/4_hicexplorer/6_hicFindAB/500000/sjap_500000_pearson.h5 --outFileName /home/lengliang/lzy/sj_3d/results/4_hicexplorer/6_hicFindAB/500000/sjap_500000_pca1.pdf --perChr --bigwig /home/lengliang/lzy/sj_3d/results/4_hicexplorer/6_hicFindAB/500000/sjap_500000_pca1.bw  --dpi 330  --vMinBigwig -0.05 --vMaxBigwig 0.05 --vMax 4 
~/lzy/mambaforge/bin/hicPlotMatrix -m /home/lengliang/lzy/sj_3d/results/4_hicexplorer/6_hicFindAB/500000/sjap_500000_pearson.h5 --outFileName /home/lengliang/lzy/sj_3d/results/4_hicexplorer/6_hicFindAB/500000/sjap_500000_pca1_combine.pdf --bigwig /home/lengliang/lzy/sj_3d/results/4_hicexplorer/6_hicFindAB/500000/sjap_500000_pca1.bw --dpi 330  --vMinBigwig -0.05 --vMaxBigwig 0.05 --vMax 4  
~/lzy/mambaforge/bin/hicPlotMatrix -m /home/lengliang/lzy/sj_3d/results/4_hicexplorer/6_hicFindAB/500000/sjap_500000_pearson.h5 --outFileName /home/lengliang/lzy/sj_3d/results/4_hicexplorer/6_hicFindAB/500000/sjap_500000_pca1_l_perchr.pdf --perChr --bigwig /home/lengliang/lzy/sj_3d/results/4_hicexplorer/6_hicFindAB/500000/sjap_500000_pca1.bw   --vMinBigwig -0.05 --vMaxBigwig 0.05 --dpi 330 --vMax 1 
~/lzy/mambaforge/bin/hicPlotMatrix -m /home/lengliang/lzy/sj_3d/results/4_hicexplorer/6_hicFindAB/500000/sjap_500000_pearson.h5 --outFileName /home/lengliang/lzy/sj_3d/results/4_hicexplorer/6_hicFindAB/500000/sjap_500000_pca1_l.pdf --bigwig /home/lengliang/lzy/sj_3d/results/4_hicexplorer/6_hicFindAB/500000/sjap_500000_pca1.bw  --vMinBigwig -0.05 --vMaxBigwig 0.05 --dpi 330 --vMax 1  

        (one of the commands exited with non-zero exit code; note that snakemake uses bash strict mode!)
    cluster_jobid: 10087.mu01

Error executing rule hicFindAB_plot on cluster (jobid: 32, external: 10087.mu01, jobscript: /home/lengliang/lzy/sj_3d/script/4_hicexplorer/.snakemake/tmp.hjijg32o/snakejob.hicFindAB_plot.32.sh). For error details see the cluster log and the log files of the involved rule(s).
[Tue Jan 17 12:17:45 2023]
Finished job 26.
9 of 55 steps (16%) done
[Tue Jan 17 12:17:55 2023]
Error in rule hicFindAB_plot:
    jobid: 50
    output: /home/lengliang/lzy/sj_3d/results/4_hicexplorer/6_hicFindAB/500000/syun_500000_pca1_l_perchr.pdf, /home/lengliang/lzy/sj_3d/results/4_hicexplorer/6_hicFindAB/500000/syun_500000_pca1_l.pdf, /home/lengliang/lzy/sj_3d/results/4_hicexplorer/6_hicFindAB/500000/syun_500000_pca1.pdf, /home/lengliang/lzy/sj_3d/results/4_hicexplorer/6_hicFindAB/500000/syun_500000_pca1_combine.pdf
    shell:
        
~/lzy/mambaforge/bin/hicPlotMatrix -m /home/lengliang/lzy/sj_3d/results/4_hicexplorer/6_hicFindAB/500000/syun_500000_pearson.h5 --outFileName /home/lengliang/lzy/sj_3d/results/4_hicexplorer/6_hicFindAB/500000/syun_500000_pca1.pdf --perChr --bigwig /home/lengliang/lzy/sj_3d/results/4_hicexplorer/6_hicFindAB/500000/syun_500000_pca1.bw  --dpi 330  --vMinBigwig -0.05 --vMaxBigwig 0.05 --vMax 4 
~/lzy/mambaforge/bin/hicPlotMatrix -m /home/lengliang/lzy/sj_3d/results/4_hicexplorer/6_hicFindAB/500000/syun_500000_pearson.h5 --outFileName /home/lengliang/lzy/sj_3d/results/4_hicexplorer/6_hicFindAB/500000/syun_500000_pca1_combine.pdf --bigwig /home/lengliang/lzy/sj_3d/results/4_hicexplorer/6_hicFindAB/500000/syun_500000_pca1.bw --dpi 330  --vMinBigwig -0.05 --vMaxBigwig 0.05 --vMax 4  
~/lzy/mambaforge/bin/hicPlotMatrix -m /home/lengliang/lzy/sj_3d/results/4_hicexplorer/6_hicFindAB/500000/syun_500000_pearson.h5 --outFileName /home/lengliang/lzy/sj_3d/results/4_hicexplorer/6_hicFindAB/500000/syun_500000_pca1_l_perchr.pdf --perChr --bigwig /home/lengliang/lzy/sj_3d/results/4_hicexplorer/6_hicFindAB/500000/syun_500000_pca1.bw   --vMinBigwig -0.05 --vMaxBigwig 0.05 --dpi 330 --vMax 1 
~/lzy/mambaforge/bin/hicPlotMatrix -m /home/lengliang/lzy/sj_3d/results/4_hicexplorer/6_hicFindAB/500000/syun_500000_pearson.h5 --outFileName /home/lengliang/lzy/sj_3d/results/4_hicexplorer/6_hicFindAB/500000/syun_500000_pca1_l.pdf --bigwig /home/lengliang/lzy/sj_3d/results/4_hicexplorer/6_hicFindAB/500000/syun_500000_pca1.bw  --vMinBigwig -0.05 --vMaxBigwig 0.05 --dpi 330 --vMax 1  

        (one of the commands exited with non-zero exit code; note that snakemake uses bash strict mode!)
    cluster_jobid: 10088.mu01

Error executing rule hicFindAB_plot on cluster (jobid: 50, external: 10088.mu01, jobscript: /home/lengliang/lzy/sj_3d/script/4_hicexplorer/.snakemake/tmp.hjijg32o/snakejob.hicFindAB_plot.50.sh). For error details see the cluster log and the log files of the involved rule(s).
[Tue Jan 17 12:17:55 2023]
Finished job 1.
10 of 55 steps (18%) done
[Tue Jan 17 12:17:55 2023]
Finished job 19.
11 of 55 steps (20%) done
[Tue Jan 17 12:18:06 2023]
Error in rule hicFindAB_plot:
    jobid: 44
    output: /home/lengliang/lzy/sj_3d/results/4_hicexplorer/6_hicFindAB/250000/scep_250000_pca1_l_perchr.pdf, /home/lengliang/lzy/sj_3d/results/4_hicexplorer/6_hicFindAB/250000/scep_250000_pca1_l.pdf, /home/lengliang/lzy/sj_3d/results/4_hicexplorer/6_hicFindAB/250000/scep_250000_pca1.pdf, /home/lengliang/lzy/sj_3d/results/4_hicexplorer/6_hicFindAB/250000/scep_250000_pca1_combine.pdf
    shell:
        
~/lzy/mambaforge/bin/hicPlotMatrix -m /home/lengliang/lzy/sj_3d/results/4_hicexplorer/6_hicFindAB/250000/scep_250000_pearson.h5 --outFileName /home/lengliang/lzy/sj_3d/results/4_hicexplorer/6_hicFindAB/250000/scep_250000_pca1.pdf --perChr --bigwig /home/lengliang/lzy/sj_3d/results/4_hicexplorer/6_hicFindAB/250000/scep_250000_pca1.bw  --dpi 330  --vMinBigwig -0.05 --vMaxBigwig 0.05 --vMax 4 
~/lzy/mambaforge/bin/hicPlotMatrix -m /home/lengliang/lzy/sj_3d/results/4_hicexplorer/6_hicFindAB/250000/scep_250000_pearson.h5 --outFileName /home/lengliang/lzy/sj_3d/results/4_hicexplorer/6_hicFindAB/250000/scep_250000_pca1_combine.pdf --bigwig /home/lengliang/lzy/sj_3d/results/4_hicexplorer/6_hicFindAB/250000/scep_250000_pca1.bw --dpi 330  --vMinBigwig -0.05 --vMaxBigwig 0.05 --vMax 4  
~/lzy/mambaforge/bin/hicPlotMatrix -m /home/lengliang/lzy/sj_3d/results/4_hicexplorer/6_hicFindAB/250000/scep_250000_pearson.h5 --outFileName /home/lengliang/lzy/sj_3d/results/4_hicexplorer/6_hicFindAB/250000/scep_250000_pca1_l_perchr.pdf --perChr --bigwig /home/lengliang/lzy/sj_3d/results/4_hicexplorer/6_hicFindAB/250000/scep_250000_pca1.bw   --vMinBigwig -0.05 --vMaxBigwig 0.05 --dpi 330 --vMax 1 
~/lzy/mambaforge/bin/hicPlotMatrix -m /home/lengliang/lzy/sj_3d/results/4_hicexplorer/6_hicFindAB/250000/scep_250000_pearson.h5 --outFileName /home/lengliang/lzy/sj_3d/results/4_hicexplorer/6_hicFindAB/250000/scep_250000_pca1_l.pdf --bigwig /home/lengliang/lzy/sj_3d/results/4_hicexplorer/6_hicFindAB/250000/scep_250000_pca1.bw  --vMinBigwig -0.05 --vMaxBigwig 0.05 --dpi 330 --vMax 1  

        (one of the commands exited with non-zero exit code; note that snakemake uses bash strict mode!)
    cluster_jobid: 10091.mu01

Error executing rule hicFindAB_plot on cluster (jobid: 44, external: 10091.mu01, jobscript: /home/lengliang/lzy/sj_3d/script/4_hicexplorer/.snakemake/tmp.hjijg32o/snakejob.hicFindAB_plot.44.sh). For error details see the cluster log and the log files of the involved rule(s).
[Tue Jan 17 12:18:06 2023]
Error in rule hicFindAB_plot:
    jobid: 41
    output: /home/lengliang/lzy/sj_3d/results/4_hicexplorer/6_hicFindAB/500000/scep_500000_pca1_l_perchr.pdf, /home/lengliang/lzy/sj_3d/results/4_hicexplorer/6_hicFindAB/500000/scep_500000_pca1_l.pdf, /home/lengliang/lzy/sj_3d/results/4_hicexplorer/6_hicFindAB/500000/scep_500000_pca1.pdf, /home/lengliang/lzy/sj_3d/results/4_hicexplorer/6_hicFindAB/500000/scep_500000_pca1_combine.pdf
    shell:
        
~/lzy/mambaforge/bin/hicPlotMatrix -m /home/lengliang/lzy/sj_3d/results/4_hicexplorer/6_hicFindAB/500000/scep_500000_pearson.h5 --outFileName /home/lengliang/lzy/sj_3d/results/4_hicexplorer/6_hicFindAB/500000/scep_500000_pca1.pdf --perChr --bigwig /home/lengliang/lzy/sj_3d/results/4_hicexplorer/6_hicFindAB/500000/scep_500000_pca1.bw  --dpi 330  --vMinBigwig -0.05 --vMaxBigwig 0.05 --vMax 4 
~/lzy/mambaforge/bin/hicPlotMatrix -m /home/lengliang/lzy/sj_3d/results/4_hicexplorer/6_hicFindAB/500000/scep_500000_pearson.h5 --outFileName /home/lengliang/lzy/sj_3d/results/4_hicexplorer/6_hicFindAB/500000/scep_500000_pca1_combine.pdf --bigwig /home/lengliang/lzy/sj_3d/results/4_hicexplorer/6_hicFindAB/500000/scep_500000_pca1.bw --dpi 330  --vMinBigwig -0.05 --vMaxBigwig 0.05 --vMax 4  
~/lzy/mambaforge/bin/hicPlotMatrix -m /home/lengliang/lzy/sj_3d/results/4_hicexplorer/6_hicFindAB/500000/scep_500000_pearson.h5 --outFileName /home/lengliang/lzy/sj_3d/results/4_hicexplorer/6_hicFindAB/500000/scep_500000_pca1_l_perchr.pdf --perChr --bigwig /home/lengliang/lzy/sj_3d/results/4_hicexplorer/6_hicFindAB/500000/scep_500000_pca1.bw   --vMinBigwig -0.05 --vMaxBigwig 0.05 --dpi 330 --vMax 1 
~/lzy/mambaforge/bin/hicPlotMatrix -m /home/lengliang/lzy/sj_3d/results/4_hicexplorer/6_hicFindAB/500000/scep_500000_pearson.h5 --outFileName /home/lengliang/lzy/sj_3d/results/4_hicexplorer/6_hicFindAB/500000/scep_500000_pca1_l.pdf --bigwig /home/lengliang/lzy/sj_3d/results/4_hicexplorer/6_hicFindAB/500000/scep_500000_pca1.bw  --vMinBigwig -0.05 --vMaxBigwig 0.05 --dpi 330 --vMax 1  

        (one of the commands exited with non-zero exit code; note that snakemake uses bash strict mode!)
    cluster_jobid: 10092.mu01

Error executing rule hicFindAB_plot on cluster (jobid: 41, external: 10092.mu01, jobscript: /home/lengliang/lzy/sj_3d/script/4_hicexplorer/.snakemake/tmp.hjijg32o/snakejob.hicFindAB_plot.41.sh). For error details see the cluster log and the log files of the involved rule(s).
Terminating processes on user request, this might take some time.
1 out of 1 calls to --cluster-cancel failed.  This is safe to ignore in most cases.
Complete log: .snakemake/log/2023-01-17T121557.284638.snakemake.log
