Building DAG of jobs...
Using shell: /usr/bin/bash
Provided cluster nodes: 20
Job stats:
job                      count    min threads    max threads
---------------------  -------  -------------  -------------
all                          1              1              1
hicCorrectMatrix             7             24             24
hicCorrectMatrix_plot        7             24             24
hicPlotMatrix                9             24             24
total                       24              1             24

Select jobs to execute...

[Mon Feb  6 22:30:53 2023]
rule hicCorrectMatrix:
    input: /home/lengliang/lzy/sj_3d/results/4_hicexplorer/2_hicNormmalize/500000/syun_500000_matrix.h5
    output: /home/lengliang/lzy/sj_3d/results/4_hicexplorer/3_hicCorrectMatrix/500000/syun_500000.pdf, /home/lengliang/lzy/sj_3d/results/4_hicexplorer/3_hicCorrectMatrix/500000/syun_500000_corrected.h5
    jobid: 14
    reason: Missing output files: /home/lengliang/lzy/sj_3d/results/4_hicexplorer/3_hicCorrectMatrix/500000/syun_500000_corrected.h5
    wildcards: resolution=500000, sample=syun
    threads: 24
    resources: mem_mb=1000, disk_mb=4191800, tmpdir=/home/lengliang/lzy/tmp/3d/


~/lzy/mambaforge/bin/hicCorrectMatrix diagnostic_plot -m /home/lengliang/lzy/sj_3d/results/4_hicexplorer/2_hicNormmalize/500000/syun_500000_matrix.h5 -o /home/lengliang/lzy/sj_3d/results/4_hicexplorer/3_hicCorrectMatrix/500000/syun_500000.pdf 
~/lzy/mambaforge/bin/hicCorrectMatrix correct -m /home/lengliang/lzy/sj_3d/results/4_hicexplorer/2_hicNormmalize/500000/syun_500000_matrix.h5 --filterThreshold -1.5 5 -o /home/lengliang/lzy/sj_3d/results/4_hicexplorer/3_hicCorrectMatrix/500000/syun_500000_corrected.h5 

Submitted job 14 with external jobid '16686.mu01'.

[Mon Feb  6 22:30:55 2023]
rule hicCorrectMatrix_plot:
    input: /home/lengliang/lzy/sj_3d/results/4_hicexplorer/2_hicNormmalize/100000/syun_100000_matrix.h5
    output: /home/lengliang/lzy/sj_3d/results/4_hicexplorer/2_hicNormmalize/100000/syun_100000_correct.pdf
    jobid: 1
    reason: Missing output files: /home/lengliang/lzy/sj_3d/results/4_hicexplorer/2_hicNormmalize/100000/syun_100000_correct.pdf
    wildcards: resolution=100000, sample=syun
    threads: 24
    resources: mem_mb=24576, disk_mb=1000, tmpdir=/home/lengliang/lzy/tmp/3d/


~/lzy/mambaforge/bin/hicCorrectMatrix diagnostic_plot --matrix /home/lengliang/lzy/sj_3d/results/4_hicexplorer/2_hicNormmalize/100000/syun_100000_matrix.h5 -o /home/lengliang/lzy/sj_3d/results/4_hicexplorer/2_hicNormmalize/100000/syun_100000_correct.pdf

Submitted job 1 with external jobid '16687.mu01'.

[Mon Feb  6 22:30:56 2023]
rule hicCorrectMatrix:
    input: /home/lengliang/lzy/sj_3d/results/4_hicexplorer/2_hicNormmalize/300000/syun_300000_matrix.h5
    output: /home/lengliang/lzy/sj_3d/results/4_hicexplorer/3_hicCorrectMatrix/300000/syun_300000.pdf, /home/lengliang/lzy/sj_3d/results/4_hicexplorer/3_hicCorrectMatrix/300000/syun_300000_corrected.h5
    jobid: 15
    reason: Missing output files: /home/lengliang/lzy/sj_3d/results/4_hicexplorer/3_hicCorrectMatrix/300000/syun_300000_corrected.h5
    wildcards: resolution=300000, sample=syun
    threads: 24
    resources: mem_mb=1000, disk_mb=4191800, tmpdir=/home/lengliang/lzy/tmp/3d/


~/lzy/mambaforge/bin/hicCorrectMatrix diagnostic_plot -m /home/lengliang/lzy/sj_3d/results/4_hicexplorer/2_hicNormmalize/300000/syun_300000_matrix.h5 -o /home/lengliang/lzy/sj_3d/results/4_hicexplorer/3_hicCorrectMatrix/300000/syun_300000.pdf 
~/lzy/mambaforge/bin/hicCorrectMatrix correct -m /home/lengliang/lzy/sj_3d/results/4_hicexplorer/2_hicNormmalize/300000/syun_300000_matrix.h5 --filterThreshold -1.5 5 -o /home/lengliang/lzy/sj_3d/results/4_hicexplorer/3_hicCorrectMatrix/300000/syun_300000_corrected.h5 

Submitted job 15 with external jobid '16688.mu01'.

[Mon Feb  6 22:30:56 2023]
rule hicCorrectMatrix_plot:
    input: /home/lengliang/lzy/sj_3d/results/4_hicexplorer/2_hicNormmalize/10000/syun_10000_matrix.h5
    output: /home/lengliang/lzy/sj_3d/results/4_hicexplorer/2_hicNormmalize/10000/syun_10000_correct.pdf
    jobid: 3
    reason: Missing output files: /home/lengliang/lzy/sj_3d/results/4_hicexplorer/2_hicNormmalize/10000/syun_10000_correct.pdf
    wildcards: resolution=10000, sample=syun
    threads: 24
    resources: mem_mb=24576, disk_mb=1000, tmpdir=/home/lengliang/lzy/tmp/3d/


~/lzy/mambaforge/bin/hicCorrectMatrix diagnostic_plot --matrix /home/lengliang/lzy/sj_3d/results/4_hicexplorer/2_hicNormmalize/10000/syun_10000_matrix.h5 -o /home/lengliang/lzy/sj_3d/results/4_hicexplorer/2_hicNormmalize/10000/syun_10000_correct.pdf

Submitted job 3 with external jobid '16689.mu01'.

[Mon Feb  6 22:30:56 2023]
rule hicCorrectMatrix:
    input: /home/lengliang/lzy/sj_3d/results/4_hicexplorer/2_hicNormmalize/250000/syun_250000_matrix.h5
    output: /home/lengliang/lzy/sj_3d/results/4_hicexplorer/3_hicCorrectMatrix/250000/syun_250000.pdf, /home/lengliang/lzy/sj_3d/results/4_hicexplorer/3_hicCorrectMatrix/250000/syun_250000_corrected.h5
    jobid: 17
    reason: Missing output files: /home/lengliang/lzy/sj_3d/results/4_hicexplorer/3_hicCorrectMatrix/250000/syun_250000_corrected.h5
    wildcards: resolution=250000, sample=syun
    threads: 24
    resources: mem_mb=1000, disk_mb=4191800, tmpdir=/home/lengliang/lzy/tmp/3d/


~/lzy/mambaforge/bin/hicCorrectMatrix diagnostic_plot -m /home/lengliang/lzy/sj_3d/results/4_hicexplorer/2_hicNormmalize/250000/syun_250000_matrix.h5 -o /home/lengliang/lzy/sj_3d/results/4_hicexplorer/3_hicCorrectMatrix/250000/syun_250000.pdf 
~/lzy/mambaforge/bin/hicCorrectMatrix correct -m /home/lengliang/lzy/sj_3d/results/4_hicexplorer/2_hicNormmalize/250000/syun_250000_matrix.h5 --filterThreshold -1.5 5 -o /home/lengliang/lzy/sj_3d/results/4_hicexplorer/3_hicCorrectMatrix/250000/syun_250000_corrected.h5 

Submitted job 17 with external jobid '16690.mu01'.

[Mon Feb  6 22:30:56 2023]
rule hicCorrectMatrix_plot:
    input: /home/lengliang/lzy/sj_3d/results/4_hicexplorer/2_hicNormmalize/500000/syun_500000_matrix.h5
    output: /home/lengliang/lzy/sj_3d/results/4_hicexplorer/2_hicNormmalize/500000/syun_500000_correct.pdf
    jobid: 5
    reason: Missing output files: /home/lengliang/lzy/sj_3d/results/4_hicexplorer/2_hicNormmalize/500000/syun_500000_correct.pdf
    wildcards: resolution=500000, sample=syun
    threads: 24
    resources: mem_mb=24576, disk_mb=1000, tmpdir=/home/lengliang/lzy/tmp/3d/


~/lzy/mambaforge/bin/hicCorrectMatrix diagnostic_plot --matrix /home/lengliang/lzy/sj_3d/results/4_hicexplorer/2_hicNormmalize/500000/syun_500000_matrix.h5 -o /home/lengliang/lzy/sj_3d/results/4_hicexplorer/2_hicNormmalize/500000/syun_500000_correct.pdf

Submitted job 5 with external jobid '16691.mu01'.

[Mon Feb  6 22:30:56 2023]
rule hicPlotMatrix:
    input: /home/lengliang/lzy/sj_3d/results/4_hicexplorer/3_hicCorrectMatrix/100000/syun_100000_corrected.h5
    output: /home/lengliang/lzy/sj_3d/results/4_hicexplorer/4_hicPlotMatrix/100000/syun_100000_perchr.pdf, /home/lengliang/lzy/sj_3d/results/4_hicexplorer/4_hicPlotMatrix/100000/syun_100000_conbine.pdf, /home/lengliang/lzy/sj_3d/results/4_hicexplorer/4_hicPlotMatrix/100000/syun_100000_perchr_log.pdf, /home/lengliang/lzy/sj_3d/results/4_hicexplorer/4_hicPlotMatrix/100000/syun_100000_conbine_log.pdf
    jobid: 19
    reason: Missing output files: /home/lengliang/lzy/sj_3d/results/4_hicexplorer/4_hicPlotMatrix/100000/syun_100000_conbine.pdf, /home/lengliang/lzy/sj_3d/results/4_hicexplorer/4_hicPlotMatrix/100000/syun_100000_perchr.pdf
    wildcards: resolution=100000, sample=syun
    threads: 24
    resources: mem_mb=1000, disk_mb=4191800, tmpdir=/home/lengliang/lzy/tmp/3d/


~/lzy/mambaforge/bin/hicPlotMatrix -m  /home/lengliang/lzy/sj_3d/results/4_hicexplorer/3_hicCorrectMatrix/100000/syun_100000_corrected.h5 -o /home/lengliang/lzy/sj_3d/results/4_hicexplorer/4_hicPlotMatrix/100000/syun_100000_perchr_log.pdf --dpi 330 --perChr --log1p 
~/lzy/mambaforge/bin/hicPlotMatrix -m  /home/lengliang/lzy/sj_3d/results/4_hicexplorer/3_hicCorrectMatrix/100000/syun_100000_corrected.h5 -o /home/lengliang/lzy/sj_3d/results/4_hicexplorer/4_hicPlotMatrix/100000/syun_100000_conbine_log.pdf  --dpi 330 --log1p  
~/lzy/mambaforge/bin/hicPlotMatrix -m  /home/lengliang/lzy/sj_3d/results/4_hicexplorer/3_hicCorrectMatrix/100000/syun_100000_corrected.h5 -o /home/lengliang/lzy/sj_3d/results/4_hicexplorer/4_hicPlotMatrix/100000/syun_100000_conbine.pdf  --dpi 330 --vMax 4  
~/lzy/mambaforge/bin/hicPlotMatrix -m  /home/lengliang/lzy/sj_3d/results/4_hicexplorer/3_hicCorrectMatrix/100000/syun_100000_corrected.h5 -o /home/lengliang/lzy/sj_3d/results/4_hicexplorer/4_hicPlotMatrix/100000/syun_100000_perchr.pdf --dpi 330 --perChr --vMax 4  


Submitted job 19 with external jobid '16692.mu01'.

[Mon Feb  6 22:30:56 2023]
rule hicCorrectMatrix_plot:
    input: /home/lengliang/lzy/sj_3d/results/4_hicexplorer/2_hicNormmalize/50000/syun_50000_matrix.h5
    output: /home/lengliang/lzy/sj_3d/results/4_hicexplorer/2_hicNormmalize/50000/syun_50000_correct.pdf
    jobid: 9
    reason: Missing output files: /home/lengliang/lzy/sj_3d/results/4_hicexplorer/2_hicNormmalize/50000/syun_50000_correct.pdf
    wildcards: resolution=50000, sample=syun
    threads: 24
    resources: mem_mb=24576, disk_mb=1000, tmpdir=/home/lengliang/lzy/tmp/3d/


~/lzy/mambaforge/bin/hicCorrectMatrix diagnostic_plot --matrix /home/lengliang/lzy/sj_3d/results/4_hicexplorer/2_hicNormmalize/50000/syun_50000_matrix.h5 -o /home/lengliang/lzy/sj_3d/results/4_hicexplorer/2_hicNormmalize/50000/syun_50000_correct.pdf

Submitted job 9 with external jobid '16693.mu01'.

[Mon Feb  6 22:30:56 2023]
rule hicCorrectMatrix:
    input: /home/lengliang/lzy/sj_3d/results/4_hicexplorer/2_hicNormmalize/40000/syun_40000_matrix.h5
    output: /home/lengliang/lzy/sj_3d/results/4_hicexplorer/3_hicCorrectMatrix/40000/syun_40000.pdf, /home/lengliang/lzy/sj_3d/results/4_hicexplorer/3_hicCorrectMatrix/40000/syun_40000_corrected.h5
    jobid: 11
    reason: Missing output files: /home/lengliang/lzy/sj_3d/results/4_hicexplorer/3_hicCorrectMatrix/40000/syun_40000_corrected.h5
    wildcards: resolution=40000, sample=syun
    threads: 24
    resources: mem_mb=1000, disk_mb=4191800, tmpdir=/home/lengliang/lzy/tmp/3d/


~/lzy/mambaforge/bin/hicCorrectMatrix diagnostic_plot -m /home/lengliang/lzy/sj_3d/results/4_hicexplorer/2_hicNormmalize/40000/syun_40000_matrix.h5 -o /home/lengliang/lzy/sj_3d/results/4_hicexplorer/3_hicCorrectMatrix/40000/syun_40000.pdf 
~/lzy/mambaforge/bin/hicCorrectMatrix correct -m /home/lengliang/lzy/sj_3d/results/4_hicexplorer/2_hicNormmalize/40000/syun_40000_matrix.h5 --filterThreshold -1.5 5 -o /home/lengliang/lzy/sj_3d/results/4_hicexplorer/3_hicCorrectMatrix/40000/syun_40000_corrected.h5 

Submitted job 11 with external jobid '16694.mu01'.

[Mon Feb  6 22:30:56 2023]
rule hicPlotMatrix:
    input: /home/lengliang/lzy/sj_3d/results/4_hicexplorer/3_hicCorrectMatrix/5000/syun_5000_corrected.h5
    output: /home/lengliang/lzy/sj_3d/results/4_hicexplorer/4_hicPlotMatrix/5000/syun_5000_perchr.pdf, /home/lengliang/lzy/sj_3d/results/4_hicexplorer/4_hicPlotMatrix/5000/syun_5000_conbine.pdf, /home/lengliang/lzy/sj_3d/results/4_hicexplorer/4_hicPlotMatrix/5000/syun_5000_perchr_log.pdf, /home/lengliang/lzy/sj_3d/results/4_hicexplorer/4_hicPlotMatrix/5000/syun_5000_conbine_log.pdf
    jobid: 25
    reason: Missing output files: /home/lengliang/lzy/sj_3d/results/4_hicexplorer/4_hicPlotMatrix/5000/syun_5000_perchr.pdf, /home/lengliang/lzy/sj_3d/results/4_hicexplorer/4_hicPlotMatrix/5000/syun_5000_conbine.pdf
    wildcards: resolution=5000, sample=syun
    threads: 24
    resources: mem_mb=1000, disk_mb=4191800, tmpdir=/home/lengliang/lzy/tmp/3d/


~/lzy/mambaforge/bin/hicPlotMatrix -m  /home/lengliang/lzy/sj_3d/results/4_hicexplorer/3_hicCorrectMatrix/5000/syun_5000_corrected.h5 -o /home/lengliang/lzy/sj_3d/results/4_hicexplorer/4_hicPlotMatrix/5000/syun_5000_perchr_log.pdf --dpi 330 --perChr --log1p 
~/lzy/mambaforge/bin/hicPlotMatrix -m  /home/lengliang/lzy/sj_3d/results/4_hicexplorer/3_hicCorrectMatrix/5000/syun_5000_corrected.h5 -o /home/lengliang/lzy/sj_3d/results/4_hicexplorer/4_hicPlotMatrix/5000/syun_5000_conbine_log.pdf  --dpi 330 --log1p  
~/lzy/mambaforge/bin/hicPlotMatrix -m  /home/lengliang/lzy/sj_3d/results/4_hicexplorer/3_hicCorrectMatrix/5000/syun_5000_corrected.h5 -o /home/lengliang/lzy/sj_3d/results/4_hicexplorer/4_hicPlotMatrix/5000/syun_5000_conbine.pdf  --dpi 330 --vMax 4  
~/lzy/mambaforge/bin/hicPlotMatrix -m  /home/lengliang/lzy/sj_3d/results/4_hicexplorer/3_hicCorrectMatrix/5000/syun_5000_corrected.h5 -o /home/lengliang/lzy/sj_3d/results/4_hicexplorer/4_hicPlotMatrix/5000/syun_5000_perchr.pdf --dpi 330 --perChr --vMax 4  


Submitted job 25 with external jobid '16695.mu01'.

[Mon Feb  6 22:30:57 2023]
rule hicCorrectMatrix:
    input: /home/lengliang/lzy/sj_3d/results/4_hicexplorer/2_hicNormmalize/25000/syun_25000_matrix.h5
    output: /home/lengliang/lzy/sj_3d/results/4_hicexplorer/3_hicCorrectMatrix/25000/syun_25000.pdf, /home/lengliang/lzy/sj_3d/results/4_hicexplorer/3_hicCorrectMatrix/25000/syun_25000_corrected.h5
    jobid: 13
    reason: Missing output files: /home/lengliang/lzy/sj_3d/results/4_hicexplorer/3_hicCorrectMatrix/25000/syun_25000_corrected.h5
    wildcards: resolution=25000, sample=syun
    threads: 24
    resources: mem_mb=1000, disk_mb=4191800, tmpdir=/home/lengliang/lzy/tmp/3d/


~/lzy/mambaforge/bin/hicCorrectMatrix diagnostic_plot -m /home/lengliang/lzy/sj_3d/results/4_hicexplorer/2_hicNormmalize/25000/syun_25000_matrix.h5 -o /home/lengliang/lzy/sj_3d/results/4_hicexplorer/3_hicCorrectMatrix/25000/syun_25000.pdf 
~/lzy/mambaforge/bin/hicCorrectMatrix correct -m /home/lengliang/lzy/sj_3d/results/4_hicexplorer/2_hicNormmalize/25000/syun_25000_matrix.h5 --filterThreshold -1.5 5 -o /home/lengliang/lzy/sj_3d/results/4_hicexplorer/3_hicCorrectMatrix/25000/syun_25000_corrected.h5 

Submitted job 13 with external jobid '16696.mu01'.

[Mon Feb  6 22:30:57 2023]
rule hicCorrectMatrix_plot:
    input: /home/lengliang/lzy/sj_3d/results/4_hicexplorer/2_hicNormmalize/40000/syun_40000_matrix.h5
    output: /home/lengliang/lzy/sj_3d/results/4_hicexplorer/2_hicNormmalize/40000/syun_40000_correct.pdf
    jobid: 2
    reason: Missing output files: /home/lengliang/lzy/sj_3d/results/4_hicexplorer/2_hicNormmalize/40000/syun_40000_correct.pdf
    wildcards: resolution=40000, sample=syun
    threads: 24
    resources: mem_mb=24576, disk_mb=1000, tmpdir=/home/lengliang/lzy/tmp/3d/


~/lzy/mambaforge/bin/hicCorrectMatrix diagnostic_plot --matrix /home/lengliang/lzy/sj_3d/results/4_hicexplorer/2_hicNormmalize/40000/syun_40000_matrix.h5 -o /home/lengliang/lzy/sj_3d/results/4_hicexplorer/2_hicNormmalize/40000/syun_40000_correct.pdf

Submitted job 2 with external jobid '16697.mu01'.

[Mon Feb  6 22:30:57 2023]
rule hicCorrectMatrix_plot:
    input: /home/lengliang/lzy/sj_3d/results/4_hicexplorer/2_hicNormmalize/25000/syun_25000_matrix.h5
    output: /home/lengliang/lzy/sj_3d/results/4_hicexplorer/2_hicNormmalize/25000/syun_25000_correct.pdf
    jobid: 4
    reason: Missing output files: /home/lengliang/lzy/sj_3d/results/4_hicexplorer/2_hicNormmalize/25000/syun_25000_correct.pdf
    wildcards: resolution=25000, sample=syun
    threads: 24
    resources: mem_mb=24576, disk_mb=1000, tmpdir=/home/lengliang/lzy/tmp/3d/


~/lzy/mambaforge/bin/hicCorrectMatrix diagnostic_plot --matrix /home/lengliang/lzy/sj_3d/results/4_hicexplorer/2_hicNormmalize/25000/syun_25000_matrix.h5 -o /home/lengliang/lzy/sj_3d/results/4_hicexplorer/2_hicNormmalize/25000/syun_25000_correct.pdf

Submitted job 4 with external jobid '16698.mu01'.

[Mon Feb  6 22:30:57 2023]
rule hicCorrectMatrix_plot:
    input: /home/lengliang/lzy/sj_3d/results/4_hicexplorer/2_hicNormmalize/250000/syun_250000_matrix.h5
    output: /home/lengliang/lzy/sj_3d/results/4_hicexplorer/2_hicNormmalize/250000/syun_250000_correct.pdf
    jobid: 8
    reason: Missing output files: /home/lengliang/lzy/sj_3d/results/4_hicexplorer/2_hicNormmalize/250000/syun_250000_correct.pdf
    wildcards: resolution=250000, sample=syun
    threads: 24
    resources: mem_mb=24576, disk_mb=1000, tmpdir=/home/lengliang/lzy/tmp/3d/


~/lzy/mambaforge/bin/hicCorrectMatrix diagnostic_plot --matrix /home/lengliang/lzy/sj_3d/results/4_hicexplorer/2_hicNormmalize/250000/syun_250000_matrix.h5 -o /home/lengliang/lzy/sj_3d/results/4_hicexplorer/2_hicNormmalize/250000/syun_250000_correct.pdf

Submitted job 8 with external jobid '16699.mu01'.

[Mon Feb  6 22:30:57 2023]
rule hicCorrectMatrix:
    input: /home/lengliang/lzy/sj_3d/results/4_hicexplorer/2_hicNormmalize/50000/syun_50000_matrix.h5
    output: /home/lengliang/lzy/sj_3d/results/4_hicexplorer/3_hicCorrectMatrix/50000/syun_50000.pdf, /home/lengliang/lzy/sj_3d/results/4_hicexplorer/3_hicCorrectMatrix/50000/syun_50000_corrected.h5
    jobid: 18
    reason: Missing output files: /home/lengliang/lzy/sj_3d/results/4_hicexplorer/3_hicCorrectMatrix/50000/syun_50000_corrected.h5
    wildcards: resolution=50000, sample=syun
    threads: 24
    resources: mem_mb=1000, disk_mb=4191800, tmpdir=/home/lengliang/lzy/tmp/3d/


~/lzy/mambaforge/bin/hicCorrectMatrix diagnostic_plot -m /home/lengliang/lzy/sj_3d/results/4_hicexplorer/2_hicNormmalize/50000/syun_50000_matrix.h5 -o /home/lengliang/lzy/sj_3d/results/4_hicexplorer/3_hicCorrectMatrix/50000/syun_50000.pdf 
~/lzy/mambaforge/bin/hicCorrectMatrix correct -m /home/lengliang/lzy/sj_3d/results/4_hicexplorer/2_hicNormmalize/50000/syun_50000_matrix.h5 --filterThreshold -1.5 5 -o /home/lengliang/lzy/sj_3d/results/4_hicexplorer/3_hicCorrectMatrix/50000/syun_50000_corrected.h5 

Submitted job 18 with external jobid '16700.mu01'.

[Mon Feb  6 22:30:57 2023]
rule hicCorrectMatrix:
    input: /home/lengliang/lzy/sj_3d/results/4_hicexplorer/2_hicNormmalize/10000/syun_10000_matrix.h5
    output: /home/lengliang/lzy/sj_3d/results/4_hicexplorer/3_hicCorrectMatrix/10000/syun_10000.pdf, /home/lengliang/lzy/sj_3d/results/4_hicexplorer/3_hicCorrectMatrix/10000/syun_10000_corrected.h5
    jobid: 12
    reason: Missing output files: /home/lengliang/lzy/sj_3d/results/4_hicexplorer/3_hicCorrectMatrix/10000/syun_10000_corrected.h5
    wildcards: resolution=10000, sample=syun
    threads: 24
    resources: mem_mb=1000, disk_mb=4191800, tmpdir=/home/lengliang/lzy/tmp/3d/


~/lzy/mambaforge/bin/hicCorrectMatrix diagnostic_plot -m /home/lengliang/lzy/sj_3d/results/4_hicexplorer/2_hicNormmalize/10000/syun_10000_matrix.h5 -o /home/lengliang/lzy/sj_3d/results/4_hicexplorer/3_hicCorrectMatrix/10000/syun_10000.pdf 
~/lzy/mambaforge/bin/hicCorrectMatrix correct -m /home/lengliang/lzy/sj_3d/results/4_hicexplorer/2_hicNormmalize/10000/syun_10000_matrix.h5 --filterThreshold -1.5 5 -o /home/lengliang/lzy/sj_3d/results/4_hicexplorer/3_hicCorrectMatrix/10000/syun_10000_corrected.h5 

Submitted job 12 with external jobid '16701.mu01'.
[Mon Feb  6 22:31:14 2023]
Finished job 5.
1 of 24 steps (4%) done
[Mon Feb  6 22:31:15 2023]
Finished job 8.
2 of 24 steps (8%) done
[Mon Feb  6 22:31:25 2023]
Finished job 14.
3 of 24 steps (12%) done
Select jobs to execute...

[Mon Feb  6 22:31:25 2023]
rule hicPlotMatrix:
    input: /home/lengliang/lzy/sj_3d/results/4_hicexplorer/3_hicCorrectMatrix/500000/syun_500000_corrected.h5
    output: /home/lengliang/lzy/sj_3d/results/4_hicexplorer/4_hicPlotMatrix/500000/syun_500000_perchr.pdf, /home/lengliang/lzy/sj_3d/results/4_hicexplorer/4_hicPlotMatrix/500000/syun_500000_conbine.pdf, /home/lengliang/lzy/sj_3d/results/4_hicexplorer/4_hicPlotMatrix/500000/syun_500000_perchr_log.pdf, /home/lengliang/lzy/sj_3d/results/4_hicexplorer/4_hicPlotMatrix/500000/syun_500000_conbine_log.pdf
    jobid: 23
    reason: Missing output files: /home/lengliang/lzy/sj_3d/results/4_hicexplorer/4_hicPlotMatrix/500000/syun_500000_conbine.pdf, /home/lengliang/lzy/sj_3d/results/4_hicexplorer/4_hicPlotMatrix/500000/syun_500000_perchr.pdf; Input files updated by another job: /home/lengliang/lzy/sj_3d/results/4_hicexplorer/3_hicCorrectMatrix/500000/syun_500000_corrected.h5
    wildcards: resolution=500000, sample=syun
    threads: 24
    resources: mem_mb=1000, disk_mb=4191800, tmpdir=/home/lengliang/lzy/tmp/3d/


~/lzy/mambaforge/bin/hicPlotMatrix -m  /home/lengliang/lzy/sj_3d/results/4_hicexplorer/3_hicCorrectMatrix/500000/syun_500000_corrected.h5 -o /home/lengliang/lzy/sj_3d/results/4_hicexplorer/4_hicPlotMatrix/500000/syun_500000_perchr_log.pdf --dpi 330 --perChr --log1p 
~/lzy/mambaforge/bin/hicPlotMatrix -m  /home/lengliang/lzy/sj_3d/results/4_hicexplorer/3_hicCorrectMatrix/500000/syun_500000_corrected.h5 -o /home/lengliang/lzy/sj_3d/results/4_hicexplorer/4_hicPlotMatrix/500000/syun_500000_conbine_log.pdf  --dpi 330 --log1p  
~/lzy/mambaforge/bin/hicPlotMatrix -m  /home/lengliang/lzy/sj_3d/results/4_hicexplorer/3_hicCorrectMatrix/500000/syun_500000_corrected.h5 -o /home/lengliang/lzy/sj_3d/results/4_hicexplorer/4_hicPlotMatrix/500000/syun_500000_conbine.pdf  --dpi 330 --vMax 4  
~/lzy/mambaforge/bin/hicPlotMatrix -m  /home/lengliang/lzy/sj_3d/results/4_hicexplorer/3_hicCorrectMatrix/500000/syun_500000_corrected.h5 -o /home/lengliang/lzy/sj_3d/results/4_hicexplorer/4_hicPlotMatrix/500000/syun_500000_perchr.pdf --dpi 330 --perChr --vMax 4  


Submitted job 23 with external jobid '16702.mu01'.
[Mon Feb  6 22:31:25 2023]
Finished job 1.
4 of 24 steps (17%) done
[Mon Feb  6 22:31:25 2023]
Finished job 15.
5 of 24 steps (21%) done
[Mon Feb  6 22:31:25 2023]
Finished job 3.
6 of 24 steps (25%) done
[Mon Feb  6 22:31:25 2023]
Finished job 17.
7 of 24 steps (29%) done
[Mon Feb  6 22:31:25 2023]
Finished job 9.
8 of 24 steps (33%) done
[Mon Feb  6 22:31:25 2023]
Finished job 11.
9 of 24 steps (38%) done
[Mon Feb  6 22:31:25 2023]
Finished job 13.
10 of 24 steps (42%) done
Select jobs to execute...

[Mon Feb  6 22:31:25 2023]
rule hicPlotMatrix:
    input: /home/lengliang/lzy/sj_3d/results/4_hicexplorer/3_hicCorrectMatrix/40000/syun_40000_corrected.h5
    output: /home/lengliang/lzy/sj_3d/results/4_hicexplorer/4_hicPlotMatrix/40000/syun_40000_perchr.pdf, /home/lengliang/lzy/sj_3d/results/4_hicexplorer/4_hicPlotMatrix/40000/syun_40000_conbine.pdf, /home/lengliang/lzy/sj_3d/results/4_hicexplorer/4_hicPlotMatrix/40000/syun_40000_perchr_log.pdf, /home/lengliang/lzy/sj_3d/results/4_hicexplorer/4_hicPlotMatrix/40000/syun_40000_conbine_log.pdf
    jobid: 20
    reason: Missing output files: /home/lengliang/lzy/sj_3d/results/4_hicexplorer/4_hicPlotMatrix/40000/syun_40000_conbine.pdf, /home/lengliang/lzy/sj_3d/results/4_hicexplorer/4_hicPlotMatrix/40000/syun_40000_perchr.pdf; Input files updated by another job: /home/lengliang/lzy/sj_3d/results/4_hicexplorer/3_hicCorrectMatrix/40000/syun_40000_corrected.h5
    wildcards: resolution=40000, sample=syun
    threads: 24
    resources: mem_mb=1000, disk_mb=4191800, tmpdir=/home/lengliang/lzy/tmp/3d/


~/lzy/mambaforge/bin/hicPlotMatrix -m  /home/lengliang/lzy/sj_3d/results/4_hicexplorer/3_hicCorrectMatrix/40000/syun_40000_corrected.h5 -o /home/lengliang/lzy/sj_3d/results/4_hicexplorer/4_hicPlotMatrix/40000/syun_40000_perchr_log.pdf --dpi 330 --perChr --log1p 
~/lzy/mambaforge/bin/hicPlotMatrix -m  /home/lengliang/lzy/sj_3d/results/4_hicexplorer/3_hicCorrectMatrix/40000/syun_40000_corrected.h5 -o /home/lengliang/lzy/sj_3d/results/4_hicexplorer/4_hicPlotMatrix/40000/syun_40000_conbine_log.pdf  --dpi 330 --log1p  
~/lzy/mambaforge/bin/hicPlotMatrix -m  /home/lengliang/lzy/sj_3d/results/4_hicexplorer/3_hicCorrectMatrix/40000/syun_40000_corrected.h5 -o /home/lengliang/lzy/sj_3d/results/4_hicexplorer/4_hicPlotMatrix/40000/syun_40000_conbine.pdf  --dpi 330 --vMax 4  
~/lzy/mambaforge/bin/hicPlotMatrix -m  /home/lengliang/lzy/sj_3d/results/4_hicexplorer/3_hicCorrectMatrix/40000/syun_40000_corrected.h5 -o /home/lengliang/lzy/sj_3d/results/4_hicexplorer/4_hicPlotMatrix/40000/syun_40000_perchr.pdf --dpi 330 --perChr --vMax 4  


Submitted job 20 with external jobid '16703.mu01'.

[Mon Feb  6 22:31:25 2023]
rule hicPlotMatrix:
    input: /home/lengliang/lzy/sj_3d/results/4_hicexplorer/3_hicCorrectMatrix/25000/syun_25000_corrected.h5
    output: /home/lengliang/lzy/sj_3d/results/4_hicexplorer/4_hicPlotMatrix/25000/syun_25000_perchr.pdf, /home/lengliang/lzy/sj_3d/results/4_hicexplorer/4_hicPlotMatrix/25000/syun_25000_conbine.pdf, /home/lengliang/lzy/sj_3d/results/4_hicexplorer/4_hicPlotMatrix/25000/syun_25000_perchr_log.pdf, /home/lengliang/lzy/sj_3d/results/4_hicexplorer/4_hicPlotMatrix/25000/syun_25000_conbine_log.pdf
    jobid: 22
    reason: Missing output files: /home/lengliang/lzy/sj_3d/results/4_hicexplorer/4_hicPlotMatrix/25000/syun_25000_perchr.pdf, /home/lengliang/lzy/sj_3d/results/4_hicexplorer/4_hicPlotMatrix/25000/syun_25000_conbine.pdf; Input files updated by another job: /home/lengliang/lzy/sj_3d/results/4_hicexplorer/3_hicCorrectMatrix/25000/syun_25000_corrected.h5
    wildcards: resolution=25000, sample=syun
    threads: 24
    resources: mem_mb=1000, disk_mb=4191800, tmpdir=/home/lengliang/lzy/tmp/3d/


~/lzy/mambaforge/bin/hicPlotMatrix -m  /home/lengliang/lzy/sj_3d/results/4_hicexplorer/3_hicCorrectMatrix/25000/syun_25000_corrected.h5 -o /home/lengliang/lzy/sj_3d/results/4_hicexplorer/4_hicPlotMatrix/25000/syun_25000_perchr_log.pdf --dpi 330 --perChr --log1p 
~/lzy/mambaforge/bin/hicPlotMatrix -m  /home/lengliang/lzy/sj_3d/results/4_hicexplorer/3_hicCorrectMatrix/25000/syun_25000_corrected.h5 -o /home/lengliang/lzy/sj_3d/results/4_hicexplorer/4_hicPlotMatrix/25000/syun_25000_conbine_log.pdf  --dpi 330 --log1p  
~/lzy/mambaforge/bin/hicPlotMatrix -m  /home/lengliang/lzy/sj_3d/results/4_hicexplorer/3_hicCorrectMatrix/25000/syun_25000_corrected.h5 -o /home/lengliang/lzy/sj_3d/results/4_hicexplorer/4_hicPlotMatrix/25000/syun_25000_conbine.pdf  --dpi 330 --vMax 4  
~/lzy/mambaforge/bin/hicPlotMatrix -m  /home/lengliang/lzy/sj_3d/results/4_hicexplorer/3_hicCorrectMatrix/25000/syun_25000_corrected.h5 -o /home/lengliang/lzy/sj_3d/results/4_hicexplorer/4_hicPlotMatrix/25000/syun_25000_perchr.pdf --dpi 330 --perChr --vMax 4  


Submitted job 22 with external jobid '16704.mu01'.

[Mon Feb  6 22:31:25 2023]
rule hicPlotMatrix:
    input: /home/lengliang/lzy/sj_3d/results/4_hicexplorer/3_hicCorrectMatrix/300000/syun_300000_corrected.h5
    output: /home/lengliang/lzy/sj_3d/results/4_hicexplorer/4_hicPlotMatrix/300000/syun_300000_perchr.pdf, /home/lengliang/lzy/sj_3d/results/4_hicexplorer/4_hicPlotMatrix/300000/syun_300000_conbine.pdf, /home/lengliang/lzy/sj_3d/results/4_hicexplorer/4_hicPlotMatrix/300000/syun_300000_perchr_log.pdf, /home/lengliang/lzy/sj_3d/results/4_hicexplorer/4_hicPlotMatrix/300000/syun_300000_conbine_log.pdf
    jobid: 24
    reason: Missing output files: /home/lengliang/lzy/sj_3d/results/4_hicexplorer/4_hicPlotMatrix/300000/syun_300000_conbine.pdf, /home/lengliang/lzy/sj_3d/results/4_hicexplorer/4_hicPlotMatrix/300000/syun_300000_perchr.pdf; Input files updated by another job: /home/lengliang/lzy/sj_3d/results/4_hicexplorer/3_hicCorrectMatrix/300000/syun_300000_corrected.h5
    wildcards: resolution=300000, sample=syun
    threads: 24
    resources: mem_mb=1000, disk_mb=4191800, tmpdir=/home/lengliang/lzy/tmp/3d/


~/lzy/mambaforge/bin/hicPlotMatrix -m  /home/lengliang/lzy/sj_3d/results/4_hicexplorer/3_hicCorrectMatrix/300000/syun_300000_corrected.h5 -o /home/lengliang/lzy/sj_3d/results/4_hicexplorer/4_hicPlotMatrix/300000/syun_300000_perchr_log.pdf --dpi 330 --perChr --log1p 
~/lzy/mambaforge/bin/hicPlotMatrix -m  /home/lengliang/lzy/sj_3d/results/4_hicexplorer/3_hicCorrectMatrix/300000/syun_300000_corrected.h5 -o /home/lengliang/lzy/sj_3d/results/4_hicexplorer/4_hicPlotMatrix/300000/syun_300000_conbine_log.pdf  --dpi 330 --log1p  
~/lzy/mambaforge/bin/hicPlotMatrix -m  /home/lengliang/lzy/sj_3d/results/4_hicexplorer/3_hicCorrectMatrix/300000/syun_300000_corrected.h5 -o /home/lengliang/lzy/sj_3d/results/4_hicexplorer/4_hicPlotMatrix/300000/syun_300000_conbine.pdf  --dpi 330 --vMax 4  
~/lzy/mambaforge/bin/hicPlotMatrix -m  /home/lengliang/lzy/sj_3d/results/4_hicexplorer/3_hicCorrectMatrix/300000/syun_300000_corrected.h5 -o /home/lengliang/lzy/sj_3d/results/4_hicexplorer/4_hicPlotMatrix/300000/syun_300000_perchr.pdf --dpi 330 --perChr --vMax 4  


Submitted job 24 with external jobid '16705.mu01'.

[Mon Feb  6 22:31:25 2023]
rule hicPlotMatrix:
    input: /home/lengliang/lzy/sj_3d/results/4_hicexplorer/3_hicCorrectMatrix/250000/syun_250000_corrected.h5
    output: /home/lengliang/lzy/sj_3d/results/4_hicexplorer/4_hicPlotMatrix/250000/syun_250000_perchr.pdf, /home/lengliang/lzy/sj_3d/results/4_hicexplorer/4_hicPlotMatrix/250000/syun_250000_conbine.pdf, /home/lengliang/lzy/sj_3d/results/4_hicexplorer/4_hicPlotMatrix/250000/syun_250000_perchr_log.pdf, /home/lengliang/lzy/sj_3d/results/4_hicexplorer/4_hicPlotMatrix/250000/syun_250000_conbine_log.pdf
    jobid: 26
    reason: Missing output files: /home/lengliang/lzy/sj_3d/results/4_hicexplorer/4_hicPlotMatrix/250000/syun_250000_perchr.pdf, /home/lengliang/lzy/sj_3d/results/4_hicexplorer/4_hicPlotMatrix/250000/syun_250000_conbine.pdf; Input files updated by another job: /home/lengliang/lzy/sj_3d/results/4_hicexplorer/3_hicCorrectMatrix/250000/syun_250000_corrected.h5
    wildcards: resolution=250000, sample=syun
    threads: 24
    resources: mem_mb=1000, disk_mb=4191800, tmpdir=/home/lengliang/lzy/tmp/3d/


~/lzy/mambaforge/bin/hicPlotMatrix -m  /home/lengliang/lzy/sj_3d/results/4_hicexplorer/3_hicCorrectMatrix/250000/syun_250000_corrected.h5 -o /home/lengliang/lzy/sj_3d/results/4_hicexplorer/4_hicPlotMatrix/250000/syun_250000_perchr_log.pdf --dpi 330 --perChr --log1p 
~/lzy/mambaforge/bin/hicPlotMatrix -m  /home/lengliang/lzy/sj_3d/results/4_hicexplorer/3_hicCorrectMatrix/250000/syun_250000_corrected.h5 -o /home/lengliang/lzy/sj_3d/results/4_hicexplorer/4_hicPlotMatrix/250000/syun_250000_conbine_log.pdf  --dpi 330 --log1p  
~/lzy/mambaforge/bin/hicPlotMatrix -m  /home/lengliang/lzy/sj_3d/results/4_hicexplorer/3_hicCorrectMatrix/250000/syun_250000_corrected.h5 -o /home/lengliang/lzy/sj_3d/results/4_hicexplorer/4_hicPlotMatrix/250000/syun_250000_conbine.pdf  --dpi 330 --vMax 4  
~/lzy/mambaforge/bin/hicPlotMatrix -m  /home/lengliang/lzy/sj_3d/results/4_hicexplorer/3_hicCorrectMatrix/250000/syun_250000_corrected.h5 -o /home/lengliang/lzy/sj_3d/results/4_hicexplorer/4_hicPlotMatrix/250000/syun_250000_perchr.pdf --dpi 330 --perChr --vMax 4  


Submitted job 26 with external jobid '16706.mu01'.
[Mon Feb  6 22:31:26 2023]
Finished job 2.
11 of 24 steps (46%) done
[Mon Feb  6 22:31:26 2023]
Finished job 4.
12 of 24 steps (50%) done
[Mon Feb  6 22:31:26 2023]
Finished job 18.
13 of 24 steps (54%) done
Select jobs to execute...

[Mon Feb  6 22:31:26 2023]
rule hicPlotMatrix:
    input: /home/lengliang/lzy/sj_3d/results/4_hicexplorer/3_hicCorrectMatrix/50000/syun_50000_corrected.h5
    output: /home/lengliang/lzy/sj_3d/results/4_hicexplorer/4_hicPlotMatrix/50000/syun_50000_perchr.pdf, /home/lengliang/lzy/sj_3d/results/4_hicexplorer/4_hicPlotMatrix/50000/syun_50000_conbine.pdf, /home/lengliang/lzy/sj_3d/results/4_hicexplorer/4_hicPlotMatrix/50000/syun_50000_perchr_log.pdf, /home/lengliang/lzy/sj_3d/results/4_hicexplorer/4_hicPlotMatrix/50000/syun_50000_conbine_log.pdf
    jobid: 27
    reason: Missing output files: /home/lengliang/lzy/sj_3d/results/4_hicexplorer/4_hicPlotMatrix/50000/syun_50000_conbine.pdf, /home/lengliang/lzy/sj_3d/results/4_hicexplorer/4_hicPlotMatrix/50000/syun_50000_perchr.pdf; Input files updated by another job: /home/lengliang/lzy/sj_3d/results/4_hicexplorer/3_hicCorrectMatrix/50000/syun_50000_corrected.h5
    wildcards: resolution=50000, sample=syun
    threads: 24
    resources: mem_mb=1000, disk_mb=4191800, tmpdir=/home/lengliang/lzy/tmp/3d/


~/lzy/mambaforge/bin/hicPlotMatrix -m  /home/lengliang/lzy/sj_3d/results/4_hicexplorer/3_hicCorrectMatrix/50000/syun_50000_corrected.h5 -o /home/lengliang/lzy/sj_3d/results/4_hicexplorer/4_hicPlotMatrix/50000/syun_50000_perchr_log.pdf --dpi 330 --perChr --log1p 
~/lzy/mambaforge/bin/hicPlotMatrix -m  /home/lengliang/lzy/sj_3d/results/4_hicexplorer/3_hicCorrectMatrix/50000/syun_50000_corrected.h5 -o /home/lengliang/lzy/sj_3d/results/4_hicexplorer/4_hicPlotMatrix/50000/syun_50000_conbine_log.pdf  --dpi 330 --log1p  
~/lzy/mambaforge/bin/hicPlotMatrix -m  /home/lengliang/lzy/sj_3d/results/4_hicexplorer/3_hicCorrectMatrix/50000/syun_50000_corrected.h5 -o /home/lengliang/lzy/sj_3d/results/4_hicexplorer/4_hicPlotMatrix/50000/syun_50000_conbine.pdf  --dpi 330 --vMax 4  
~/lzy/mambaforge/bin/hicPlotMatrix -m  /home/lengliang/lzy/sj_3d/results/4_hicexplorer/3_hicCorrectMatrix/50000/syun_50000_corrected.h5 -o /home/lengliang/lzy/sj_3d/results/4_hicexplorer/4_hicPlotMatrix/50000/syun_50000_perchr.pdf --dpi 330 --perChr --vMax 4  


Submitted job 27 with external jobid '16707.mu01'.
[Mon Feb  6 22:31:26 2023]
Finished job 12.
14 of 24 steps (58%) done
Select jobs to execute...

[Mon Feb  6 22:31:26 2023]
rule hicPlotMatrix:
    input: /home/lengliang/lzy/sj_3d/results/4_hicexplorer/3_hicCorrectMatrix/10000/syun_10000_corrected.h5
    output: /home/lengliang/lzy/sj_3d/results/4_hicexplorer/4_hicPlotMatrix/10000/syun_10000_perchr.pdf, /home/lengliang/lzy/sj_3d/results/4_hicexplorer/4_hicPlotMatrix/10000/syun_10000_conbine.pdf, /home/lengliang/lzy/sj_3d/results/4_hicexplorer/4_hicPlotMatrix/10000/syun_10000_perchr_log.pdf, /home/lengliang/lzy/sj_3d/results/4_hicexplorer/4_hicPlotMatrix/10000/syun_10000_conbine_log.pdf
    jobid: 21
    reason: Missing output files: /home/lengliang/lzy/sj_3d/results/4_hicexplorer/4_hicPlotMatrix/10000/syun_10000_perchr.pdf, /home/lengliang/lzy/sj_3d/results/4_hicexplorer/4_hicPlotMatrix/10000/syun_10000_conbine.pdf; Input files updated by another job: /home/lengliang/lzy/sj_3d/results/4_hicexplorer/3_hicCorrectMatrix/10000/syun_10000_corrected.h5
    wildcards: resolution=10000, sample=syun
    threads: 24
    resources: mem_mb=1000, disk_mb=4191800, tmpdir=/home/lengliang/lzy/tmp/3d/


~/lzy/mambaforge/bin/hicPlotMatrix -m  /home/lengliang/lzy/sj_3d/results/4_hicexplorer/3_hicCorrectMatrix/10000/syun_10000_corrected.h5 -o /home/lengliang/lzy/sj_3d/results/4_hicexplorer/4_hicPlotMatrix/10000/syun_10000_perchr_log.pdf --dpi 330 --perChr --log1p 
~/lzy/mambaforge/bin/hicPlotMatrix -m  /home/lengliang/lzy/sj_3d/results/4_hicexplorer/3_hicCorrectMatrix/10000/syun_10000_corrected.h5 -o /home/lengliang/lzy/sj_3d/results/4_hicexplorer/4_hicPlotMatrix/10000/syun_10000_conbine_log.pdf  --dpi 330 --log1p  
~/lzy/mambaforge/bin/hicPlotMatrix -m  /home/lengliang/lzy/sj_3d/results/4_hicexplorer/3_hicCorrectMatrix/10000/syun_10000_corrected.h5 -o /home/lengliang/lzy/sj_3d/results/4_hicexplorer/4_hicPlotMatrix/10000/syun_10000_conbine.pdf  --dpi 330 --vMax 4  
~/lzy/mambaforge/bin/hicPlotMatrix -m  /home/lengliang/lzy/sj_3d/results/4_hicexplorer/3_hicCorrectMatrix/10000/syun_10000_corrected.h5 -o /home/lengliang/lzy/sj_3d/results/4_hicexplorer/4_hicPlotMatrix/10000/syun_10000_perchr.pdf --dpi 330 --perChr --vMax 4  


Submitted job 21 with external jobid '16708.mu01'.
[Mon Feb  6 22:31:36 2023]
Error in rule hicPlotMatrix:
    jobid: 25
    output: /home/lengliang/lzy/sj_3d/results/4_hicexplorer/4_hicPlotMatrix/5000/syun_5000_perchr.pdf, /home/lengliang/lzy/sj_3d/results/4_hicexplorer/4_hicPlotMatrix/5000/syun_5000_conbine.pdf, /home/lengliang/lzy/sj_3d/results/4_hicexplorer/4_hicPlotMatrix/5000/syun_5000_perchr_log.pdf, /home/lengliang/lzy/sj_3d/results/4_hicexplorer/4_hicPlotMatrix/5000/syun_5000_conbine_log.pdf
    shell:
        
~/lzy/mambaforge/bin/hicPlotMatrix -m  /home/lengliang/lzy/sj_3d/results/4_hicexplorer/3_hicCorrectMatrix/5000/syun_5000_corrected.h5 -o /home/lengliang/lzy/sj_3d/results/4_hicexplorer/4_hicPlotMatrix/5000/syun_5000_perchr_log.pdf --dpi 330 --perChr --log1p 
~/lzy/mambaforge/bin/hicPlotMatrix -m  /home/lengliang/lzy/sj_3d/results/4_hicexplorer/3_hicCorrectMatrix/5000/syun_5000_corrected.h5 -o /home/lengliang/lzy/sj_3d/results/4_hicexplorer/4_hicPlotMatrix/5000/syun_5000_conbine_log.pdf  --dpi 330 --log1p  
~/lzy/mambaforge/bin/hicPlotMatrix -m  /home/lengliang/lzy/sj_3d/results/4_hicexplorer/3_hicCorrectMatrix/5000/syun_5000_corrected.h5 -o /home/lengliang/lzy/sj_3d/results/4_hicexplorer/4_hicPlotMatrix/5000/syun_5000_conbine.pdf  --dpi 330 --vMax 4  
~/lzy/mambaforge/bin/hicPlotMatrix -m  /home/lengliang/lzy/sj_3d/results/4_hicexplorer/3_hicCorrectMatrix/5000/syun_5000_corrected.h5 -o /home/lengliang/lzy/sj_3d/results/4_hicexplorer/4_hicPlotMatrix/5000/syun_5000_perchr.pdf --dpi 330 --perChr --vMax 4  


        (one of the commands exited with non-zero exit code; note that snakemake uses bash strict mode!)
    cluster_jobid: 16695.mu01

Error executing rule hicPlotMatrix on cluster (jobid: 25, external: 16695.mu01, jobscript: /home/lengliang/lzy/sj_3d/script/4_hicexplorer/.snakemake/tmp.ob9x6bi7/snakejob.hicPlotMatrix.25.sh). For error details see the cluster log and the log files of the involved rule(s).
[Mon Feb  6 22:33:26 2023]
Error in rule hicPlotMatrix:
    jobid: 21
    output: /home/lengliang/lzy/sj_3d/results/4_hicexplorer/4_hicPlotMatrix/10000/syun_10000_perchr.pdf, /home/lengliang/lzy/sj_3d/results/4_hicexplorer/4_hicPlotMatrix/10000/syun_10000_conbine.pdf, /home/lengliang/lzy/sj_3d/results/4_hicexplorer/4_hicPlotMatrix/10000/syun_10000_perchr_log.pdf, /home/lengliang/lzy/sj_3d/results/4_hicexplorer/4_hicPlotMatrix/10000/syun_10000_conbine_log.pdf
    shell:
        
~/lzy/mambaforge/bin/hicPlotMatrix -m  /home/lengliang/lzy/sj_3d/results/4_hicexplorer/3_hicCorrectMatrix/10000/syun_10000_corrected.h5 -o /home/lengliang/lzy/sj_3d/results/4_hicexplorer/4_hicPlotMatrix/10000/syun_10000_perchr_log.pdf --dpi 330 --perChr --log1p 
~/lzy/mambaforge/bin/hicPlotMatrix -m  /home/lengliang/lzy/sj_3d/results/4_hicexplorer/3_hicCorrectMatrix/10000/syun_10000_corrected.h5 -o /home/lengliang/lzy/sj_3d/results/4_hicexplorer/4_hicPlotMatrix/10000/syun_10000_conbine_log.pdf  --dpi 330 --log1p  
~/lzy/mambaforge/bin/hicPlotMatrix -m  /home/lengliang/lzy/sj_3d/results/4_hicexplorer/3_hicCorrectMatrix/10000/syun_10000_corrected.h5 -o /home/lengliang/lzy/sj_3d/results/4_hicexplorer/4_hicPlotMatrix/10000/syun_10000_conbine.pdf  --dpi 330 --vMax 4  
~/lzy/mambaforge/bin/hicPlotMatrix -m  /home/lengliang/lzy/sj_3d/results/4_hicexplorer/3_hicCorrectMatrix/10000/syun_10000_corrected.h5 -o /home/lengliang/lzy/sj_3d/results/4_hicexplorer/4_hicPlotMatrix/10000/syun_10000_perchr.pdf --dpi 330 --perChr --vMax 4  


        (one of the commands exited with non-zero exit code; note that snakemake uses bash strict mode!)
    cluster_jobid: 16708.mu01

Error executing rule hicPlotMatrix on cluster (jobid: 21, external: 16708.mu01, jobscript: /home/lengliang/lzy/sj_3d/script/4_hicexplorer/.snakemake/tmp.ob9x6bi7/snakejob.hicPlotMatrix.21.sh). For error details see the cluster log and the log files of the involved rule(s).
[Mon Feb  6 22:33:56 2023]
Finished job 23.
15 of 24 steps (62%) done
[Mon Feb  6 22:34:36 2023]
Finished job 24.
16 of 24 steps (67%) done
[Mon Feb  6 22:35:06 2023]
Finished job 26.
17 of 24 steps (71%) done
[Mon Feb  6 22:35:26 2023]
Error in rule hicPlotMatrix:
    jobid: 22
    output: /home/lengliang/lzy/sj_3d/results/4_hicexplorer/4_hicPlotMatrix/25000/syun_25000_perchr.pdf, /home/lengliang/lzy/sj_3d/results/4_hicexplorer/4_hicPlotMatrix/25000/syun_25000_conbine.pdf, /home/lengliang/lzy/sj_3d/results/4_hicexplorer/4_hicPlotMatrix/25000/syun_25000_perchr_log.pdf, /home/lengliang/lzy/sj_3d/results/4_hicexplorer/4_hicPlotMatrix/25000/syun_25000_conbine_log.pdf
    shell:
        
~/lzy/mambaforge/bin/hicPlotMatrix -m  /home/lengliang/lzy/sj_3d/results/4_hicexplorer/3_hicCorrectMatrix/25000/syun_25000_corrected.h5 -o /home/lengliang/lzy/sj_3d/results/4_hicexplorer/4_hicPlotMatrix/25000/syun_25000_perchr_log.pdf --dpi 330 --perChr --log1p 
~/lzy/mambaforge/bin/hicPlotMatrix -m  /home/lengliang/lzy/sj_3d/results/4_hicexplorer/3_hicCorrectMatrix/25000/syun_25000_corrected.h5 -o /home/lengliang/lzy/sj_3d/results/4_hicexplorer/4_hicPlotMatrix/25000/syun_25000_conbine_log.pdf  --dpi 330 --log1p  
~/lzy/mambaforge/bin/hicPlotMatrix -m  /home/lengliang/lzy/sj_3d/results/4_hicexplorer/3_hicCorrectMatrix/25000/syun_25000_corrected.h5 -o /home/lengliang/lzy/sj_3d/results/4_hicexplorer/4_hicPlotMatrix/25000/syun_25000_conbine.pdf  --dpi 330 --vMax 4  
~/lzy/mambaforge/bin/hicPlotMatrix -m  /home/lengliang/lzy/sj_3d/results/4_hicexplorer/3_hicCorrectMatrix/25000/syun_25000_corrected.h5 -o /home/lengliang/lzy/sj_3d/results/4_hicexplorer/4_hicPlotMatrix/25000/syun_25000_perchr.pdf --dpi 330 --perChr --vMax 4  


        (one of the commands exited with non-zero exit code; note that snakemake uses bash strict mode!)
    cluster_jobid: 16704.mu01

Error executing rule hicPlotMatrix on cluster (jobid: 22, external: 16704.mu01, jobscript: /home/lengliang/lzy/sj_3d/script/4_hicexplorer/.snakemake/tmp.ob9x6bi7/snakejob.hicPlotMatrix.22.sh). For error details see the cluster log and the log files of the involved rule(s).
[Mon Feb  6 22:38:06 2023]
Finished job 19.
18 of 24 steps (75%) done
[Mon Feb  6 22:47:17 2023]
Finished job 27.
19 of 24 steps (79%) done
[Mon Feb  6 22:53:37 2023]
Finished job 20.
20 of 24 steps (83%) done
Shutting down, this might take some time.
Exiting because a job execution failed. Look above for error message
Complete log: .snakemake/log/2023-02-06T223052.452737.snakemake.log
