Building DAG of jobs...
Using shell: /usr/bin/bash
Provided cluster nodes: 20
Job stats:
job                      count    min threads    max threads
---------------------  -------  -------------  -------------
all                          1              1              1
hicCorrectMatrix             1             24             24
hicCorrectMatrix_plot        1             24             24
hicPlotMatrix               16             24             24
total                       19              1             24

Select jobs to execute...

[Mon Jan 16 22:27:33 2023]
rule hicPlotMatrix:
    input: /home/lengliang/lzy/sj_3d/results/4_hicexplorer/3_hicCorrectMatrix/40000/syun_40000_corrected.h5
    output: /home/lengliang/lzy/sj_3d/results/4_hicexplorer/4_hicPlotMatrix/40000/syun_40000_perchr.pdf, /home/lengliang/lzy/sj_3d/results/4_hicexplorer/4_hicPlotMatrix/40000/syun_40000_conbine.pdf, /home/lengliang/lzy/sj_3d/results/4_hicexplorer/4_hicPlotMatrix/40000/syun_40000_perchr_log.pdf, /home/lengliang/lzy/sj_3d/results/4_hicexplorer/4_hicPlotMatrix/40000/syun_40000_conbine_log.pdf
    jobid: 56
    reason: Forced execution
    wildcards: resolution=40000, sample=syun
    threads: 24
    resources: mem_mb=1000, disk_mb=4191800, tmpdir=/home/lengliang/lzy/tmp/3d/


~/lzy/mambaforge/bin/hicPlotMatrix -m  /home/lengliang/lzy/sj_3d/results/4_hicexplorer/3_hicCorrectMatrix/40000/syun_40000_corrected.h5 -o /home/lengliang/lzy/sj_3d/results/4_hicexplorer/4_hicPlotMatrix/40000/syun_40000_perchr_log.pdf --dpi 330 --perChr --log1p 
~/lzy/mambaforge/bin/hicPlotMatrix -m  /home/lengliang/lzy/sj_3d/results/4_hicexplorer/3_hicCorrectMatrix/40000/syun_40000_corrected.h5 -o /home/lengliang/lzy/sj_3d/results/4_hicexplorer/4_hicPlotMatrix/40000/syun_40000_conbine_log.pdf  --dpi 330 --log1p  
~/lzy/mambaforge/bin/hicPlotMatrix -m  /home/lengliang/lzy/sj_3d/results/4_hicexplorer/3_hicCorrectMatrix/40000/syun_40000_corrected.h5 -o /home/lengliang/lzy/sj_3d/results/4_hicexplorer/4_hicPlotMatrix/40000/syun_40000_conbine.pdf  --dpi 330 --vMax 4  
~/lzy/mambaforge/bin/hicPlotMatrix -m  /home/lengliang/lzy/sj_3d/results/4_hicexplorer/3_hicCorrectMatrix/40000/syun_40000_corrected.h5 -o /home/lengliang/lzy/sj_3d/results/4_hicexplorer/4_hicPlotMatrix/40000/syun_40000_perchr.pdf --dpi 330 --perChr --vMax 4  


Submitted job 56 with external jobid '9973.mu01'.

[Mon Jan 16 22:27:35 2023]
rule hicPlotMatrix:
    input: /home/lengliang/lzy/sj_3d/results/4_hicexplorer/3_hicCorrectMatrix/5000/scep_5000_corrected.h5
    output: /home/lengliang/lzy/sj_3d/results/4_hicexplorer/4_hicPlotMatrix/5000/scep_5000_perchr.pdf, /home/lengliang/lzy/sj_3d/results/4_hicexplorer/4_hicPlotMatrix/5000/scep_5000_conbine.pdf, /home/lengliang/lzy/sj_3d/results/4_hicexplorer/4_hicPlotMatrix/5000/scep_5000_perchr_log.pdf, /home/lengliang/lzy/sj_3d/results/4_hicexplorer/4_hicPlotMatrix/5000/scep_5000_conbine_log.pdf
    jobid: 70
    reason: Missing output files: /home/lengliang/lzy/sj_3d/results/4_hicexplorer/4_hicPlotMatrix/5000/scep_5000_perchr.pdf, /home/lengliang/lzy/sj_3d/results/4_hicexplorer/4_hicPlotMatrix/5000/scep_5000_conbine.pdf
    wildcards: resolution=5000, sample=scep
    threads: 24
    resources: mem_mb=1106, disk_mb=4191800, tmpdir=/home/lengliang/lzy/tmp/3d/


~/lzy/mambaforge/bin/hicPlotMatrix -m  /home/lengliang/lzy/sj_3d/results/4_hicexplorer/3_hicCorrectMatrix/5000/scep_5000_corrected.h5 -o /home/lengliang/lzy/sj_3d/results/4_hicexplorer/4_hicPlotMatrix/5000/scep_5000_perchr_log.pdf --dpi 330 --perChr --log1p 
~/lzy/mambaforge/bin/hicPlotMatrix -m  /home/lengliang/lzy/sj_3d/results/4_hicexplorer/3_hicCorrectMatrix/5000/scep_5000_corrected.h5 -o /home/lengliang/lzy/sj_3d/results/4_hicexplorer/4_hicPlotMatrix/5000/scep_5000_conbine_log.pdf  --dpi 330 --log1p  
~/lzy/mambaforge/bin/hicPlotMatrix -m  /home/lengliang/lzy/sj_3d/results/4_hicexplorer/3_hicCorrectMatrix/5000/scep_5000_corrected.h5 -o /home/lengliang/lzy/sj_3d/results/4_hicexplorer/4_hicPlotMatrix/5000/scep_5000_conbine.pdf  --dpi 330 --vMax 4  
~/lzy/mambaforge/bin/hicPlotMatrix -m  /home/lengliang/lzy/sj_3d/results/4_hicexplorer/3_hicCorrectMatrix/5000/scep_5000_corrected.h5 -o /home/lengliang/lzy/sj_3d/results/4_hicexplorer/4_hicPlotMatrix/5000/scep_5000_perchr.pdf --dpi 330 --perChr --vMax 4  


Submitted job 70 with external jobid '9974.mu01'.

[Mon Jan 16 22:27:35 2023]
rule hicPlotMatrix:
    input: /home/lengliang/lzy/sj_3d/results/4_hicexplorer/3_hicCorrectMatrix/10000/syun_10000_corrected.h5
    output: /home/lengliang/lzy/sj_3d/results/4_hicexplorer/4_hicPlotMatrix/10000/syun_10000_perchr.pdf, /home/lengliang/lzy/sj_3d/results/4_hicexplorer/4_hicPlotMatrix/10000/syun_10000_conbine.pdf, /home/lengliang/lzy/sj_3d/results/4_hicexplorer/4_hicPlotMatrix/10000/syun_10000_perchr_log.pdf, /home/lengliang/lzy/sj_3d/results/4_hicexplorer/4_hicPlotMatrix/10000/syun_10000_conbine_log.pdf
    jobid: 57
    reason: Forced execution
    wildcards: resolution=10000, sample=syun
    threads: 24
    resources: mem_mb=1000, disk_mb=4191800, tmpdir=/home/lengliang/lzy/tmp/3d/


~/lzy/mambaforge/bin/hicPlotMatrix -m  /home/lengliang/lzy/sj_3d/results/4_hicexplorer/3_hicCorrectMatrix/10000/syun_10000_corrected.h5 -o /home/lengliang/lzy/sj_3d/results/4_hicexplorer/4_hicPlotMatrix/10000/syun_10000_perchr_log.pdf --dpi 330 --perChr --log1p 
~/lzy/mambaforge/bin/hicPlotMatrix -m  /home/lengliang/lzy/sj_3d/results/4_hicexplorer/3_hicCorrectMatrix/10000/syun_10000_corrected.h5 -o /home/lengliang/lzy/sj_3d/results/4_hicexplorer/4_hicPlotMatrix/10000/syun_10000_conbine_log.pdf  --dpi 330 --log1p  
~/lzy/mambaforge/bin/hicPlotMatrix -m  /home/lengliang/lzy/sj_3d/results/4_hicexplorer/3_hicCorrectMatrix/10000/syun_10000_corrected.h5 -o /home/lengliang/lzy/sj_3d/results/4_hicexplorer/4_hicPlotMatrix/10000/syun_10000_conbine.pdf  --dpi 330 --vMax 4  
~/lzy/mambaforge/bin/hicPlotMatrix -m  /home/lengliang/lzy/sj_3d/results/4_hicexplorer/3_hicCorrectMatrix/10000/syun_10000_corrected.h5 -o /home/lengliang/lzy/sj_3d/results/4_hicexplorer/4_hicPlotMatrix/10000/syun_10000_perchr.pdf --dpi 330 --perChr --vMax 4  


Submitted job 57 with external jobid '9975.mu01'.

[Mon Jan 16 22:27:35 2023]
rule hicPlotMatrix:
    input: /home/lengliang/lzy/sj_3d/results/4_hicexplorer/3_hicCorrectMatrix/10000/sjap_10000_corrected.h5
    output: /home/lengliang/lzy/sj_3d/results/4_hicexplorer/4_hicPlotMatrix/10000/sjap_10000_perchr.pdf, /home/lengliang/lzy/sj_3d/results/4_hicexplorer/4_hicPlotMatrix/10000/sjap_10000_conbine.pdf, /home/lengliang/lzy/sj_3d/results/4_hicexplorer/4_hicPlotMatrix/10000/sjap_10000_perchr_log.pdf, /home/lengliang/lzy/sj_3d/results/4_hicexplorer/4_hicPlotMatrix/10000/sjap_10000_conbine_log.pdf
    jobid: 75
    reason: Forced execution
    wildcards: resolution=10000, sample=sjap
    threads: 24
    resources: mem_mb=1000, disk_mb=4191800, tmpdir=/home/lengliang/lzy/tmp/3d/


~/lzy/mambaforge/bin/hicPlotMatrix -m  /home/lengliang/lzy/sj_3d/results/4_hicexplorer/3_hicCorrectMatrix/10000/sjap_10000_corrected.h5 -o /home/lengliang/lzy/sj_3d/results/4_hicexplorer/4_hicPlotMatrix/10000/sjap_10000_perchr_log.pdf --dpi 330 --perChr --log1p 
~/lzy/mambaforge/bin/hicPlotMatrix -m  /home/lengliang/lzy/sj_3d/results/4_hicexplorer/3_hicCorrectMatrix/10000/sjap_10000_corrected.h5 -o /home/lengliang/lzy/sj_3d/results/4_hicexplorer/4_hicPlotMatrix/10000/sjap_10000_conbine_log.pdf  --dpi 330 --log1p  
~/lzy/mambaforge/bin/hicPlotMatrix -m  /home/lengliang/lzy/sj_3d/results/4_hicexplorer/3_hicCorrectMatrix/10000/sjap_10000_corrected.h5 -o /home/lengliang/lzy/sj_3d/results/4_hicexplorer/4_hicPlotMatrix/10000/sjap_10000_conbine.pdf  --dpi 330 --vMax 4  
~/lzy/mambaforge/bin/hicPlotMatrix -m  /home/lengliang/lzy/sj_3d/results/4_hicexplorer/3_hicCorrectMatrix/10000/sjap_10000_corrected.h5 -o /home/lengliang/lzy/sj_3d/results/4_hicexplorer/4_hicPlotMatrix/10000/sjap_10000_perchr.pdf --dpi 330 --perChr --vMax 4  


Submitted job 75 with external jobid '9976.mu01'.

[Mon Jan 16 22:27:35 2023]
rule hicPlotMatrix:
    input: /home/lengliang/lzy/sj_3d/results/4_hicexplorer/3_hicCorrectMatrix/50000/syun_50000_corrected.h5
    output: /home/lengliang/lzy/sj_3d/results/4_hicexplorer/4_hicPlotMatrix/50000/syun_50000_perchr.pdf, /home/lengliang/lzy/sj_3d/results/4_hicexplorer/4_hicPlotMatrix/50000/syun_50000_conbine.pdf, /home/lengliang/lzy/sj_3d/results/4_hicexplorer/4_hicPlotMatrix/50000/syun_50000_perchr_log.pdf, /home/lengliang/lzy/sj_3d/results/4_hicexplorer/4_hicPlotMatrix/50000/syun_50000_conbine_log.pdf
    jobid: 63
    reason: Forced execution
    wildcards: resolution=50000, sample=syun
    threads: 24
    resources: mem_mb=1000, disk_mb=4191800, tmpdir=/home/lengliang/lzy/tmp/3d/


~/lzy/mambaforge/bin/hicPlotMatrix -m  /home/lengliang/lzy/sj_3d/results/4_hicexplorer/3_hicCorrectMatrix/50000/syun_50000_corrected.h5 -o /home/lengliang/lzy/sj_3d/results/4_hicexplorer/4_hicPlotMatrix/50000/syun_50000_perchr_log.pdf --dpi 330 --perChr --log1p 
~/lzy/mambaforge/bin/hicPlotMatrix -m  /home/lengliang/lzy/sj_3d/results/4_hicexplorer/3_hicCorrectMatrix/50000/syun_50000_corrected.h5 -o /home/lengliang/lzy/sj_3d/results/4_hicexplorer/4_hicPlotMatrix/50000/syun_50000_conbine_log.pdf  --dpi 330 --log1p  
~/lzy/mambaforge/bin/hicPlotMatrix -m  /home/lengliang/lzy/sj_3d/results/4_hicexplorer/3_hicCorrectMatrix/50000/syun_50000_corrected.h5 -o /home/lengliang/lzy/sj_3d/results/4_hicexplorer/4_hicPlotMatrix/50000/syun_50000_conbine.pdf  --dpi 330 --vMax 4  
~/lzy/mambaforge/bin/hicPlotMatrix -m  /home/lengliang/lzy/sj_3d/results/4_hicexplorer/3_hicCorrectMatrix/50000/syun_50000_corrected.h5 -o /home/lengliang/lzy/sj_3d/results/4_hicexplorer/4_hicPlotMatrix/50000/syun_50000_perchr.pdf --dpi 330 --perChr --vMax 4  


Submitted job 63 with external jobid '9977.mu01'.

[Mon Jan 16 22:27:35 2023]
rule hicCorrectMatrix_plot:
    input: /home/lengliang/lzy/sj_3d/results/4_hicexplorer/2_hicNormmalize/5000/syun_5000_matrix.h5
    output: /home/lengliang/lzy/sj_3d/results/4_hicexplorer/2_hicNormmalize/5000/syun_5000_correct.pdf
    jobid: 7
    reason: Missing output files: /home/lengliang/lzy/sj_3d/results/4_hicexplorer/2_hicNormmalize/5000/syun_5000_correct.pdf
    wildcards: resolution=5000, sample=syun
    threads: 24
    resources: mem_mb=24576, disk_mb=1000, tmpdir=/home/lengliang/lzy/tmp/3d/


~/lzy/mambaforge/bin/hicCorrectMatrix diagnostic_plot --matrix /home/lengliang/lzy/sj_3d/results/4_hicexplorer/2_hicNormmalize/5000/syun_5000_matrix.h5 -o /home/lengliang/lzy/sj_3d/results/4_hicexplorer/2_hicNormmalize/5000/syun_5000_correct.pdf

Submitted job 7 with external jobid '9978.mu01'.

[Mon Jan 16 22:27:36 2023]
rule hicPlotMatrix:
    input: /home/lengliang/lzy/sj_3d/results/4_hicexplorer/3_hicCorrectMatrix/5000/sjap_5000_corrected.h5
    output: /home/lengliang/lzy/sj_3d/results/4_hicexplorer/4_hicPlotMatrix/5000/sjap_5000_perchr.pdf, /home/lengliang/lzy/sj_3d/results/4_hicexplorer/4_hicPlotMatrix/5000/sjap_5000_conbine.pdf, /home/lengliang/lzy/sj_3d/results/4_hicexplorer/4_hicPlotMatrix/5000/sjap_5000_perchr_log.pdf, /home/lengliang/lzy/sj_3d/results/4_hicexplorer/4_hicPlotMatrix/5000/sjap_5000_conbine_log.pdf
    jobid: 79
    reason: Missing output files: /home/lengliang/lzy/sj_3d/results/4_hicexplorer/4_hicPlotMatrix/5000/sjap_5000_perchr.pdf, /home/lengliang/lzy/sj_3d/results/4_hicexplorer/4_hicPlotMatrix/5000/sjap_5000_conbine.pdf
    wildcards: resolution=5000, sample=sjap
    threads: 24
    resources: mem_mb=1103, disk_mb=4191800, tmpdir=/home/lengliang/lzy/tmp/3d/


~/lzy/mambaforge/bin/hicPlotMatrix -m  /home/lengliang/lzy/sj_3d/results/4_hicexplorer/3_hicCorrectMatrix/5000/sjap_5000_corrected.h5 -o /home/lengliang/lzy/sj_3d/results/4_hicexplorer/4_hicPlotMatrix/5000/sjap_5000_perchr_log.pdf --dpi 330 --perChr --log1p 
~/lzy/mambaforge/bin/hicPlotMatrix -m  /home/lengliang/lzy/sj_3d/results/4_hicexplorer/3_hicCorrectMatrix/5000/sjap_5000_corrected.h5 -o /home/lengliang/lzy/sj_3d/results/4_hicexplorer/4_hicPlotMatrix/5000/sjap_5000_conbine_log.pdf  --dpi 330 --log1p  
~/lzy/mambaforge/bin/hicPlotMatrix -m  /home/lengliang/lzy/sj_3d/results/4_hicexplorer/3_hicCorrectMatrix/5000/sjap_5000_corrected.h5 -o /home/lengliang/lzy/sj_3d/results/4_hicexplorer/4_hicPlotMatrix/5000/sjap_5000_conbine.pdf  --dpi 330 --vMax 4  
~/lzy/mambaforge/bin/hicPlotMatrix -m  /home/lengliang/lzy/sj_3d/results/4_hicexplorer/3_hicCorrectMatrix/5000/sjap_5000_corrected.h5 -o /home/lengliang/lzy/sj_3d/results/4_hicexplorer/4_hicPlotMatrix/5000/sjap_5000_perchr.pdf --dpi 330 --perChr --vMax 4  


Submitted job 79 with external jobid '9979.mu01'.

[Mon Jan 16 22:27:36 2023]
rule hicPlotMatrix:
    input: /home/lengliang/lzy/sj_3d/results/4_hicexplorer/3_hicCorrectMatrix/40000/scep_40000_corrected.h5
    output: /home/lengliang/lzy/sj_3d/results/4_hicexplorer/4_hicPlotMatrix/40000/scep_40000_perchr.pdf, /home/lengliang/lzy/sj_3d/results/4_hicexplorer/4_hicPlotMatrix/40000/scep_40000_conbine.pdf, /home/lengliang/lzy/sj_3d/results/4_hicexplorer/4_hicPlotMatrix/40000/scep_40000_perchr_log.pdf, /home/lengliang/lzy/sj_3d/results/4_hicexplorer/4_hicPlotMatrix/40000/scep_40000_conbine_log.pdf
    jobid: 65
    reason: Forced execution
    wildcards: resolution=40000, sample=scep
    threads: 24
    resources: mem_mb=1000, disk_mb=4191800, tmpdir=/home/lengliang/lzy/tmp/3d/


~/lzy/mambaforge/bin/hicPlotMatrix -m  /home/lengliang/lzy/sj_3d/results/4_hicexplorer/3_hicCorrectMatrix/40000/scep_40000_corrected.h5 -o /home/lengliang/lzy/sj_3d/results/4_hicexplorer/4_hicPlotMatrix/40000/scep_40000_perchr_log.pdf --dpi 330 --perChr --log1p 
~/lzy/mambaforge/bin/hicPlotMatrix -m  /home/lengliang/lzy/sj_3d/results/4_hicexplorer/3_hicCorrectMatrix/40000/scep_40000_corrected.h5 -o /home/lengliang/lzy/sj_3d/results/4_hicexplorer/4_hicPlotMatrix/40000/scep_40000_conbine_log.pdf  --dpi 330 --log1p  
~/lzy/mambaforge/bin/hicPlotMatrix -m  /home/lengliang/lzy/sj_3d/results/4_hicexplorer/3_hicCorrectMatrix/40000/scep_40000_corrected.h5 -o /home/lengliang/lzy/sj_3d/results/4_hicexplorer/4_hicPlotMatrix/40000/scep_40000_conbine.pdf  --dpi 330 --vMax 4  
~/lzy/mambaforge/bin/hicPlotMatrix -m  /home/lengliang/lzy/sj_3d/results/4_hicexplorer/3_hicCorrectMatrix/40000/scep_40000_corrected.h5 -o /home/lengliang/lzy/sj_3d/results/4_hicexplorer/4_hicPlotMatrix/40000/scep_40000_perchr.pdf --dpi 330 --perChr --vMax 4  


Submitted job 65 with external jobid '9980.mu01'.

[Mon Jan 16 22:27:36 2023]
rule hicPlotMatrix:
    input: /home/lengliang/lzy/sj_3d/results/4_hicexplorer/3_hicCorrectMatrix/50000/sjap_50000_corrected.h5
    output: /home/lengliang/lzy/sj_3d/results/4_hicexplorer/4_hicPlotMatrix/50000/sjap_50000_perchr.pdf, /home/lengliang/lzy/sj_3d/results/4_hicexplorer/4_hicPlotMatrix/50000/sjap_50000_conbine.pdf, /home/lengliang/lzy/sj_3d/results/4_hicexplorer/4_hicPlotMatrix/50000/sjap_50000_perchr_log.pdf, /home/lengliang/lzy/sj_3d/results/4_hicexplorer/4_hicPlotMatrix/50000/sjap_50000_conbine_log.pdf
    jobid: 81
    reason: Forced execution
    wildcards: resolution=50000, sample=sjap
    threads: 24
    resources: mem_mb=1000, disk_mb=4191800, tmpdir=/home/lengliang/lzy/tmp/3d/


~/lzy/mambaforge/bin/hicPlotMatrix -m  /home/lengliang/lzy/sj_3d/results/4_hicexplorer/3_hicCorrectMatrix/50000/sjap_50000_corrected.h5 -o /home/lengliang/lzy/sj_3d/results/4_hicexplorer/4_hicPlotMatrix/50000/sjap_50000_perchr_log.pdf --dpi 330 --perChr --log1p 
~/lzy/mambaforge/bin/hicPlotMatrix -m  /home/lengliang/lzy/sj_3d/results/4_hicexplorer/3_hicCorrectMatrix/50000/sjap_50000_corrected.h5 -o /home/lengliang/lzy/sj_3d/results/4_hicexplorer/4_hicPlotMatrix/50000/sjap_50000_conbine_log.pdf  --dpi 330 --log1p  
~/lzy/mambaforge/bin/hicPlotMatrix -m  /home/lengliang/lzy/sj_3d/results/4_hicexplorer/3_hicCorrectMatrix/50000/sjap_50000_corrected.h5 -o /home/lengliang/lzy/sj_3d/results/4_hicexplorer/4_hicPlotMatrix/50000/sjap_50000_conbine.pdf  --dpi 330 --vMax 4  
~/lzy/mambaforge/bin/hicPlotMatrix -m  /home/lengliang/lzy/sj_3d/results/4_hicexplorer/3_hicCorrectMatrix/50000/sjap_50000_corrected.h5 -o /home/lengliang/lzy/sj_3d/results/4_hicexplorer/4_hicPlotMatrix/50000/sjap_50000_perchr.pdf --dpi 330 --perChr --vMax 4  


Submitted job 81 with external jobid '9981.mu01'.

[Mon Jan 16 22:27:36 2023]
rule hicPlotMatrix:
    input: /home/lengliang/lzy/sj_3d/results/4_hicexplorer/3_hicCorrectMatrix/25000/scep_25000_corrected.h5
    output: /home/lengliang/lzy/sj_3d/results/4_hicexplorer/4_hicPlotMatrix/25000/scep_25000_perchr.pdf, /home/lengliang/lzy/sj_3d/results/4_hicexplorer/4_hicPlotMatrix/25000/scep_25000_conbine.pdf, /home/lengliang/lzy/sj_3d/results/4_hicexplorer/4_hicPlotMatrix/25000/scep_25000_perchr_log.pdf, /home/lengliang/lzy/sj_3d/results/4_hicexplorer/4_hicPlotMatrix/25000/scep_25000_conbine_log.pdf
    jobid: 67
    reason: Missing output files: /home/lengliang/lzy/sj_3d/results/4_hicexplorer/4_hicPlotMatrix/25000/scep_25000_perchr.pdf, /home/lengliang/lzy/sj_3d/results/4_hicexplorer/4_hicPlotMatrix/25000/scep_25000_conbine.pdf
    wildcards: resolution=25000, sample=scep
    threads: 24
    resources: mem_mb=1000, disk_mb=4191800, tmpdir=/home/lengliang/lzy/tmp/3d/


~/lzy/mambaforge/bin/hicPlotMatrix -m  /home/lengliang/lzy/sj_3d/results/4_hicexplorer/3_hicCorrectMatrix/25000/scep_25000_corrected.h5 -o /home/lengliang/lzy/sj_3d/results/4_hicexplorer/4_hicPlotMatrix/25000/scep_25000_perchr_log.pdf --dpi 330 --perChr --log1p 
~/lzy/mambaforge/bin/hicPlotMatrix -m  /home/lengliang/lzy/sj_3d/results/4_hicexplorer/3_hicCorrectMatrix/25000/scep_25000_corrected.h5 -o /home/lengliang/lzy/sj_3d/results/4_hicexplorer/4_hicPlotMatrix/25000/scep_25000_conbine_log.pdf  --dpi 330 --log1p  
~/lzy/mambaforge/bin/hicPlotMatrix -m  /home/lengliang/lzy/sj_3d/results/4_hicexplorer/3_hicCorrectMatrix/25000/scep_25000_corrected.h5 -o /home/lengliang/lzy/sj_3d/results/4_hicexplorer/4_hicPlotMatrix/25000/scep_25000_conbine.pdf  --dpi 330 --vMax 4  
~/lzy/mambaforge/bin/hicPlotMatrix -m  /home/lengliang/lzy/sj_3d/results/4_hicexplorer/3_hicCorrectMatrix/25000/scep_25000_corrected.h5 -o /home/lengliang/lzy/sj_3d/results/4_hicexplorer/4_hicPlotMatrix/25000/scep_25000_perchr.pdf --dpi 330 --perChr --vMax 4  


Submitted job 67 with external jobid '9982.mu01'.

[Mon Jan 16 22:27:36 2023]
rule hicPlotMatrix:
    input: /home/lengliang/lzy/sj_3d/results/4_hicexplorer/3_hicCorrectMatrix/100000/syun_100000_corrected.h5
    output: /home/lengliang/lzy/sj_3d/results/4_hicexplorer/4_hicPlotMatrix/100000/syun_100000_perchr.pdf, /home/lengliang/lzy/sj_3d/results/4_hicexplorer/4_hicPlotMatrix/100000/syun_100000_conbine.pdf, /home/lengliang/lzy/sj_3d/results/4_hicexplorer/4_hicPlotMatrix/100000/syun_100000_perchr_log.pdf, /home/lengliang/lzy/sj_3d/results/4_hicexplorer/4_hicPlotMatrix/100000/syun_100000_conbine_log.pdf
    jobid: 55
    reason: Forced execution
    wildcards: resolution=100000, sample=syun
    threads: 24
    resources: mem_mb=1000, disk_mb=4191800, tmpdir=/home/lengliang/lzy/tmp/3d/


~/lzy/mambaforge/bin/hicPlotMatrix -m  /home/lengliang/lzy/sj_3d/results/4_hicexplorer/3_hicCorrectMatrix/100000/syun_100000_corrected.h5 -o /home/lengliang/lzy/sj_3d/results/4_hicexplorer/4_hicPlotMatrix/100000/syun_100000_perchr_log.pdf --dpi 330 --perChr --log1p 
~/lzy/mambaforge/bin/hicPlotMatrix -m  /home/lengliang/lzy/sj_3d/results/4_hicexplorer/3_hicCorrectMatrix/100000/syun_100000_corrected.h5 -o /home/lengliang/lzy/sj_3d/results/4_hicexplorer/4_hicPlotMatrix/100000/syun_100000_conbine_log.pdf  --dpi 330 --log1p  
~/lzy/mambaforge/bin/hicPlotMatrix -m  /home/lengliang/lzy/sj_3d/results/4_hicexplorer/3_hicCorrectMatrix/100000/syun_100000_corrected.h5 -o /home/lengliang/lzy/sj_3d/results/4_hicexplorer/4_hicPlotMatrix/100000/syun_100000_conbine.pdf  --dpi 330 --vMax 4  
~/lzy/mambaforge/bin/hicPlotMatrix -m  /home/lengliang/lzy/sj_3d/results/4_hicexplorer/3_hicCorrectMatrix/100000/syun_100000_corrected.h5 -o /home/lengliang/lzy/sj_3d/results/4_hicexplorer/4_hicPlotMatrix/100000/syun_100000_perchr.pdf --dpi 330 --perChr --vMax 4  


Submitted job 55 with external jobid '9983.mu01'.

[Mon Jan 16 22:27:36 2023]
rule hicCorrectMatrix:
    input: /home/lengliang/lzy/sj_3d/results/4_hicexplorer/2_hicNormmalize/5000/syun_5000_matrix.h5
    output: /home/lengliang/lzy/sj_3d/results/4_hicexplorer/3_hicCorrectMatrix/5000/syun_5000.pdf, /home/lengliang/lzy/sj_3d/results/4_hicexplorer/3_hicCorrectMatrix/5000/syun_5000_corrected.h5
    jobid: 34
    reason: Missing output files: /home/lengliang/lzy/sj_3d/results/4_hicexplorer/3_hicCorrectMatrix/5000/syun_5000_corrected.h5
    wildcards: resolution=5000, sample=syun
    threads: 24
    resources: mem_mb=1000, disk_mb=4191800, tmpdir=/home/lengliang/lzy/tmp/3d/


~/lzy/mambaforge/bin/hicCorrectMatrix diagnostic_plot -m /home/lengliang/lzy/sj_3d/results/4_hicexplorer/2_hicNormmalize/5000/syun_5000_matrix.h5 -o /home/lengliang/lzy/sj_3d/results/4_hicexplorer/3_hicCorrectMatrix/5000/syun_5000.pdf 
~/lzy/mambaforge/bin/hicCorrectMatrix correct -m /home/lengliang/lzy/sj_3d/results/4_hicexplorer/2_hicNormmalize/5000/syun_5000_matrix.h5 --filterThreshold -1.5 5 -o /home/lengliang/lzy/sj_3d/results/4_hicexplorer/3_hicCorrectMatrix/5000/syun_5000_corrected.h5 

Submitted job 34 with external jobid '9984.mu01'.

[Mon Jan 16 22:27:36 2023]
rule hicPlotMatrix:
    input: /home/lengliang/lzy/sj_3d/results/4_hicexplorer/3_hicCorrectMatrix/50000/scep_50000_corrected.h5
    output: /home/lengliang/lzy/sj_3d/results/4_hicexplorer/4_hicPlotMatrix/50000/scep_50000_perchr.pdf, /home/lengliang/lzy/sj_3d/results/4_hicexplorer/4_hicPlotMatrix/50000/scep_50000_conbine.pdf, /home/lengliang/lzy/sj_3d/results/4_hicexplorer/4_hicPlotMatrix/50000/scep_50000_perchr_log.pdf, /home/lengliang/lzy/sj_3d/results/4_hicexplorer/4_hicPlotMatrix/50000/scep_50000_conbine_log.pdf
    jobid: 72
    reason: Missing output files: /home/lengliang/lzy/sj_3d/results/4_hicexplorer/4_hicPlotMatrix/50000/scep_50000_conbine.pdf, /home/lengliang/lzy/sj_3d/results/4_hicexplorer/4_hicPlotMatrix/50000/scep_50000_perchr.pdf
    wildcards: resolution=50000, sample=scep
    threads: 24
    resources: mem_mb=1000, disk_mb=4191800, tmpdir=/home/lengliang/lzy/tmp/3d/


~/lzy/mambaforge/bin/hicPlotMatrix -m  /home/lengliang/lzy/sj_3d/results/4_hicexplorer/3_hicCorrectMatrix/50000/scep_50000_corrected.h5 -o /home/lengliang/lzy/sj_3d/results/4_hicexplorer/4_hicPlotMatrix/50000/scep_50000_perchr_log.pdf --dpi 330 --perChr --log1p 
~/lzy/mambaforge/bin/hicPlotMatrix -m  /home/lengliang/lzy/sj_3d/results/4_hicexplorer/3_hicCorrectMatrix/50000/scep_50000_corrected.h5 -o /home/lengliang/lzy/sj_3d/results/4_hicexplorer/4_hicPlotMatrix/50000/scep_50000_conbine_log.pdf  --dpi 330 --log1p  
~/lzy/mambaforge/bin/hicPlotMatrix -m  /home/lengliang/lzy/sj_3d/results/4_hicexplorer/3_hicCorrectMatrix/50000/scep_50000_corrected.h5 -o /home/lengliang/lzy/sj_3d/results/4_hicexplorer/4_hicPlotMatrix/50000/scep_50000_conbine.pdf  --dpi 330 --vMax 4  
~/lzy/mambaforge/bin/hicPlotMatrix -m  /home/lengliang/lzy/sj_3d/results/4_hicexplorer/3_hicCorrectMatrix/50000/scep_50000_corrected.h5 -o /home/lengliang/lzy/sj_3d/results/4_hicexplorer/4_hicPlotMatrix/50000/scep_50000_perchr.pdf --dpi 330 --perChr --vMax 4  


Submitted job 72 with external jobid '9985.mu01'.

[Mon Jan 16 22:27:37 2023]
rule hicPlotMatrix:
    input: /home/lengliang/lzy/sj_3d/results/4_hicexplorer/3_hicCorrectMatrix/25000/syun_25000_corrected.h5
    output: /home/lengliang/lzy/sj_3d/results/4_hicexplorer/4_hicPlotMatrix/25000/syun_25000_perchr.pdf, /home/lengliang/lzy/sj_3d/results/4_hicexplorer/4_hicPlotMatrix/25000/syun_25000_conbine.pdf, /home/lengliang/lzy/sj_3d/results/4_hicexplorer/4_hicPlotMatrix/25000/syun_25000_perchr_log.pdf, /home/lengliang/lzy/sj_3d/results/4_hicexplorer/4_hicPlotMatrix/25000/syun_25000_conbine_log.pdf
    jobid: 58
    reason: Forced execution
    wildcards: resolution=25000, sample=syun
    threads: 24
    resources: mem_mb=1000, disk_mb=4191800, tmpdir=/home/lengliang/lzy/tmp/3d/


~/lzy/mambaforge/bin/hicPlotMatrix -m  /home/lengliang/lzy/sj_3d/results/4_hicexplorer/3_hicCorrectMatrix/25000/syun_25000_corrected.h5 -o /home/lengliang/lzy/sj_3d/results/4_hicexplorer/4_hicPlotMatrix/25000/syun_25000_perchr_log.pdf --dpi 330 --perChr --log1p 
~/lzy/mambaforge/bin/hicPlotMatrix -m  /home/lengliang/lzy/sj_3d/results/4_hicexplorer/3_hicCorrectMatrix/25000/syun_25000_corrected.h5 -o /home/lengliang/lzy/sj_3d/results/4_hicexplorer/4_hicPlotMatrix/25000/syun_25000_conbine_log.pdf  --dpi 330 --log1p  
~/lzy/mambaforge/bin/hicPlotMatrix -m  /home/lengliang/lzy/sj_3d/results/4_hicexplorer/3_hicCorrectMatrix/25000/syun_25000_corrected.h5 -o /home/lengliang/lzy/sj_3d/results/4_hicexplorer/4_hicPlotMatrix/25000/syun_25000_conbine.pdf  --dpi 330 --vMax 4  
~/lzy/mambaforge/bin/hicPlotMatrix -m  /home/lengliang/lzy/sj_3d/results/4_hicexplorer/3_hicCorrectMatrix/25000/syun_25000_corrected.h5 -o /home/lengliang/lzy/sj_3d/results/4_hicexplorer/4_hicPlotMatrix/25000/syun_25000_perchr.pdf --dpi 330 --perChr --vMax 4  


Submitted job 58 with external jobid '9986.mu01'.

[Mon Jan 16 22:27:37 2023]
rule hicPlotMatrix:
    input: /home/lengliang/lzy/sj_3d/results/4_hicexplorer/3_hicCorrectMatrix/40000/sjap_40000_corrected.h5
    output: /home/lengliang/lzy/sj_3d/results/4_hicexplorer/4_hicPlotMatrix/40000/sjap_40000_perchr.pdf, /home/lengliang/lzy/sj_3d/results/4_hicexplorer/4_hicPlotMatrix/40000/sjap_40000_conbine.pdf, /home/lengliang/lzy/sj_3d/results/4_hicexplorer/4_hicPlotMatrix/40000/sjap_40000_perchr_log.pdf, /home/lengliang/lzy/sj_3d/results/4_hicexplorer/4_hicPlotMatrix/40000/sjap_40000_conbine_log.pdf
    jobid: 74
    reason: Forced execution
    wildcards: resolution=40000, sample=sjap
    threads: 24
    resources: mem_mb=1000, disk_mb=4191800, tmpdir=/home/lengliang/lzy/tmp/3d/


~/lzy/mambaforge/bin/hicPlotMatrix -m  /home/lengliang/lzy/sj_3d/results/4_hicexplorer/3_hicCorrectMatrix/40000/sjap_40000_corrected.h5 -o /home/lengliang/lzy/sj_3d/results/4_hicexplorer/4_hicPlotMatrix/40000/sjap_40000_perchr_log.pdf --dpi 330 --perChr --log1p 
~/lzy/mambaforge/bin/hicPlotMatrix -m  /home/lengliang/lzy/sj_3d/results/4_hicexplorer/3_hicCorrectMatrix/40000/sjap_40000_corrected.h5 -o /home/lengliang/lzy/sj_3d/results/4_hicexplorer/4_hicPlotMatrix/40000/sjap_40000_conbine_log.pdf  --dpi 330 --log1p  
~/lzy/mambaforge/bin/hicPlotMatrix -m  /home/lengliang/lzy/sj_3d/results/4_hicexplorer/3_hicCorrectMatrix/40000/sjap_40000_corrected.h5 -o /home/lengliang/lzy/sj_3d/results/4_hicexplorer/4_hicPlotMatrix/40000/sjap_40000_conbine.pdf  --dpi 330 --vMax 4  
~/lzy/mambaforge/bin/hicPlotMatrix -m  /home/lengliang/lzy/sj_3d/results/4_hicexplorer/3_hicCorrectMatrix/40000/sjap_40000_corrected.h5 -o /home/lengliang/lzy/sj_3d/results/4_hicexplorer/4_hicPlotMatrix/40000/sjap_40000_perchr.pdf --dpi 330 --perChr --vMax 4  


Submitted job 74 with external jobid '9987.mu01'.

[Mon Jan 16 22:27:37 2023]
rule hicPlotMatrix:
    input: /home/lengliang/lzy/sj_3d/results/4_hicexplorer/3_hicCorrectMatrix/25000/sjap_25000_corrected.h5
    output: /home/lengliang/lzy/sj_3d/results/4_hicexplorer/4_hicPlotMatrix/25000/sjap_25000_perchr.pdf, /home/lengliang/lzy/sj_3d/results/4_hicexplorer/4_hicPlotMatrix/25000/sjap_25000_conbine.pdf, /home/lengliang/lzy/sj_3d/results/4_hicexplorer/4_hicPlotMatrix/25000/sjap_25000_perchr_log.pdf, /home/lengliang/lzy/sj_3d/results/4_hicexplorer/4_hicPlotMatrix/25000/sjap_25000_conbine_log.pdf
    jobid: 76
    reason: Missing output files: /home/lengliang/lzy/sj_3d/results/4_hicexplorer/4_hicPlotMatrix/25000/sjap_25000_perchr.pdf, /home/lengliang/lzy/sj_3d/results/4_hicexplorer/4_hicPlotMatrix/25000/sjap_25000_conbine.pdf
    wildcards: resolution=25000, sample=sjap
    threads: 24
    resources: mem_mb=1000, disk_mb=4191800, tmpdir=/home/lengliang/lzy/tmp/3d/


~/lzy/mambaforge/bin/hicPlotMatrix -m  /home/lengliang/lzy/sj_3d/results/4_hicexplorer/3_hicCorrectMatrix/25000/sjap_25000_corrected.h5 -o /home/lengliang/lzy/sj_3d/results/4_hicexplorer/4_hicPlotMatrix/25000/sjap_25000_perchr_log.pdf --dpi 330 --perChr --log1p 
~/lzy/mambaforge/bin/hicPlotMatrix -m  /home/lengliang/lzy/sj_3d/results/4_hicexplorer/3_hicCorrectMatrix/25000/sjap_25000_corrected.h5 -o /home/lengliang/lzy/sj_3d/results/4_hicexplorer/4_hicPlotMatrix/25000/sjap_25000_conbine_log.pdf  --dpi 330 --log1p  
~/lzy/mambaforge/bin/hicPlotMatrix -m  /home/lengliang/lzy/sj_3d/results/4_hicexplorer/3_hicCorrectMatrix/25000/sjap_25000_corrected.h5 -o /home/lengliang/lzy/sj_3d/results/4_hicexplorer/4_hicPlotMatrix/25000/sjap_25000_conbine.pdf  --dpi 330 --vMax 4  
~/lzy/mambaforge/bin/hicPlotMatrix -m  /home/lengliang/lzy/sj_3d/results/4_hicexplorer/3_hicCorrectMatrix/25000/sjap_25000_corrected.h5 -o /home/lengliang/lzy/sj_3d/results/4_hicexplorer/4_hicPlotMatrix/25000/sjap_25000_perchr.pdf --dpi 330 --perChr --vMax 4  


Submitted job 76 with external jobid '9988.mu01'.

[Mon Jan 16 22:27:37 2023]
rule hicPlotMatrix:
    input: /home/lengliang/lzy/sj_3d/results/4_hicexplorer/3_hicCorrectMatrix/10000/scep_10000_corrected.h5
    output: /home/lengliang/lzy/sj_3d/results/4_hicexplorer/4_hicPlotMatrix/10000/scep_10000_perchr.pdf, /home/lengliang/lzy/sj_3d/results/4_hicexplorer/4_hicPlotMatrix/10000/scep_10000_conbine.pdf, /home/lengliang/lzy/sj_3d/results/4_hicexplorer/4_hicPlotMatrix/10000/scep_10000_perchr_log.pdf, /home/lengliang/lzy/sj_3d/results/4_hicexplorer/4_hicPlotMatrix/10000/scep_10000_conbine_log.pdf
    jobid: 66
    reason: Forced execution
    wildcards: resolution=10000, sample=scep
    threads: 24
    resources: mem_mb=1000, disk_mb=4191800, tmpdir=/home/lengliang/lzy/tmp/3d/


~/lzy/mambaforge/bin/hicPlotMatrix -m  /home/lengliang/lzy/sj_3d/results/4_hicexplorer/3_hicCorrectMatrix/10000/scep_10000_corrected.h5 -o /home/lengliang/lzy/sj_3d/results/4_hicexplorer/4_hicPlotMatrix/10000/scep_10000_perchr_log.pdf --dpi 330 --perChr --log1p 
~/lzy/mambaforge/bin/hicPlotMatrix -m  /home/lengliang/lzy/sj_3d/results/4_hicexplorer/3_hicCorrectMatrix/10000/scep_10000_corrected.h5 -o /home/lengliang/lzy/sj_3d/results/4_hicexplorer/4_hicPlotMatrix/10000/scep_10000_conbine_log.pdf  --dpi 330 --log1p  
~/lzy/mambaforge/bin/hicPlotMatrix -m  /home/lengliang/lzy/sj_3d/results/4_hicexplorer/3_hicCorrectMatrix/10000/scep_10000_corrected.h5 -o /home/lengliang/lzy/sj_3d/results/4_hicexplorer/4_hicPlotMatrix/10000/scep_10000_conbine.pdf  --dpi 330 --vMax 4  
~/lzy/mambaforge/bin/hicPlotMatrix -m  /home/lengliang/lzy/sj_3d/results/4_hicexplorer/3_hicCorrectMatrix/10000/scep_10000_corrected.h5 -o /home/lengliang/lzy/sj_3d/results/4_hicexplorer/4_hicPlotMatrix/10000/scep_10000_perchr.pdf --dpi 330 --perChr --vMax 4  


Submitted job 66 with external jobid '9989.mu01'.
[Mon Jan 16 22:29:00 2023]
Error in rule hicPlotMatrix:
    jobid: 70
    output: /home/lengliang/lzy/sj_3d/results/4_hicexplorer/4_hicPlotMatrix/5000/scep_5000_perchr.pdf, /home/lengliang/lzy/sj_3d/results/4_hicexplorer/4_hicPlotMatrix/5000/scep_5000_conbine.pdf, /home/lengliang/lzy/sj_3d/results/4_hicexplorer/4_hicPlotMatrix/5000/scep_5000_perchr_log.pdf, /home/lengliang/lzy/sj_3d/results/4_hicexplorer/4_hicPlotMatrix/5000/scep_5000_conbine_log.pdf
    shell:
        
~/lzy/mambaforge/bin/hicPlotMatrix -m  /home/lengliang/lzy/sj_3d/results/4_hicexplorer/3_hicCorrectMatrix/5000/scep_5000_corrected.h5 -o /home/lengliang/lzy/sj_3d/results/4_hicexplorer/4_hicPlotMatrix/5000/scep_5000_perchr_log.pdf --dpi 330 --perChr --log1p 
~/lzy/mambaforge/bin/hicPlotMatrix -m  /home/lengliang/lzy/sj_3d/results/4_hicexplorer/3_hicCorrectMatrix/5000/scep_5000_corrected.h5 -o /home/lengliang/lzy/sj_3d/results/4_hicexplorer/4_hicPlotMatrix/5000/scep_5000_conbine_log.pdf  --dpi 330 --log1p  
~/lzy/mambaforge/bin/hicPlotMatrix -m  /home/lengliang/lzy/sj_3d/results/4_hicexplorer/3_hicCorrectMatrix/5000/scep_5000_corrected.h5 -o /home/lengliang/lzy/sj_3d/results/4_hicexplorer/4_hicPlotMatrix/5000/scep_5000_conbine.pdf  --dpi 330 --vMax 4  
~/lzy/mambaforge/bin/hicPlotMatrix -m  /home/lengliang/lzy/sj_3d/results/4_hicexplorer/3_hicCorrectMatrix/5000/scep_5000_corrected.h5 -o /home/lengliang/lzy/sj_3d/results/4_hicexplorer/4_hicPlotMatrix/5000/scep_5000_perchr.pdf --dpi 330 --perChr --vMax 4  


        (one of the commands exited with non-zero exit code; note that snakemake uses bash strict mode!)
    cluster_jobid: 9974.mu01

Error executing rule hicPlotMatrix on cluster (jobid: 70, external: 9974.mu01, jobscript: /home/lengliang/lzy/sj_3d/script/4_hicexplorer/.snakemake/tmp.q3tynhpe/snakejob.hicPlotMatrix.70.sh). For error details see the cluster log and the log files of the involved rule(s).
Terminating processes on user request, this might take some time.
1 out of 1 calls to --cluster-cancel failed.  This is safe to ignore in most cases.
Complete log: .snakemake/log/2023-01-16T222732.102154.snakemake.log
