Building DAG of jobs...
Using shell: /usr/bin/bash
Provided cluster nodes: 20
Job stats:
job              count    min threads    max threads
-------------  -------  -------------  -------------
all                  1              1              1
hicpro2juicer        3             24             24
total                4              1             24

Select jobs to execute...

[Mon Jan 16 21:52:35 2023]
rule hicpro2juicer:
    input: /home/lengliang/lzy/sj_3d/results/1_hicpro/scep/hic_results/data/scep/scep.allValidPairs
    output: /home/lengliang/lzy/sj_3d/results/2_transform/juicer/scep/scep.allValidPairs.hic
    log: /home/lengliang/lzy/3d/log/scep_hicConvertFormat_juicer.log
    jobid: 1
    reason: Missing output files: /home/lengliang/lzy/sj_3d/results/2_transform/juicer/scep/scep.allValidPairs.hic
    wildcards: sample=scep
    threads: 24
    resources: mem_mb=20394, disk_mb=4191800, tmpdir=/home/lengliang/lzy/tmp/3d/


/home/lengliang/lzy/soft/hicpro/HiC-Pro_3.1.0/bin/utils/hicpro2juicebox.sh -t /home/lengliang/lzy/tmp/3d/ -i /home/lengliang/lzy/sj_3d/results/1_hicpro/scep/hic_results/data/scep/scep.allValidPairs -g /home/lengliang/lzy/sj_3d/genomes/scep/genome.chrom.size -j /home/lengliang/lzy/soft/juicer/scripts/common/juicer_tools.jar -o /home/lengliang/lzy/sj_3d/results/2_transform/juicer/scep
ls /home/lengliang/lzy/sj_3d/results/2_transform/juicer/scep/scep.allValidPairs.hic

Submitted job 1 with external jobid '9886.mu01'.

[Mon Jan 16 21:52:38 2023]
rule hicpro2juicer:
    input: /home/lengliang/lzy/sj_3d/results/1_hicpro/sjap/hic_results/data/sjap/sjap.allValidPairs
    output: /home/lengliang/lzy/sj_3d/results/2_transform/juicer/sjap/sjap.allValidPairs.hic
    log: /home/lengliang/lzy/3d/log/sjap_hicConvertFormat_juicer.log
    jobid: 3
    reason: Missing output files: /home/lengliang/lzy/sj_3d/results/2_transform/juicer/sjap/sjap.allValidPairs.hic
    wildcards: sample=sjap
    threads: 24
    resources: mem_mb=19205, disk_mb=4191800, tmpdir=/home/lengliang/lzy/tmp/3d/


/home/lengliang/lzy/soft/hicpro/HiC-Pro_3.1.0/bin/utils/hicpro2juicebox.sh -t /home/lengliang/lzy/tmp/3d/ -i /home/lengliang/lzy/sj_3d/results/1_hicpro/sjap/hic_results/data/sjap/sjap.allValidPairs -g /home/lengliang/lzy/sj_3d/genomes/sjap/genome.chrom.size -j /home/lengliang/lzy/soft/juicer/scripts/common/juicer_tools.jar -o /home/lengliang/lzy/sj_3d/results/2_transform/juicer/sjap
ls /home/lengliang/lzy/sj_3d/results/2_transform/juicer/sjap/sjap.allValidPairs.hic

Submitted job 3 with external jobid '9887.mu01'.

[Mon Jan 16 21:52:38 2023]
rule hicpro2juicer:
    input: /home/lengliang/lzy/sj_3d/results/1_hicpro/syun/hic_results/data/syun/syun.allValidPairs
    output: /home/lengliang/lzy/sj_3d/results/2_transform/juicer/syun/syun.allValidPairs.hic
    log: /home/lengliang/lzy/3d/log/syun_hicConvertFormat_juicer.log
    jobid: 2
    reason: Missing output files: /home/lengliang/lzy/sj_3d/results/2_transform/juicer/syun/syun.allValidPairs.hic
    wildcards: sample=syun
    threads: 24
    resources: mem_mb=1000, disk_mb=4191800, tmpdir=/home/lengliang/lzy/tmp/3d/


/home/lengliang/lzy/soft/hicpro/HiC-Pro_3.1.0/bin/utils/hicpro2juicebox.sh -t /home/lengliang/lzy/tmp/3d/ -i /home/lengliang/lzy/sj_3d/results/1_hicpro/syun/hic_results/data/syun/syun.allValidPairs -g /home/lengliang/lzy/sj_3d/genomes/syun/genome.chrom.size -j /home/lengliang/lzy/soft/juicer/scripts/common/juicer_tools.jar -o /home/lengliang/lzy/sj_3d/results/2_transform/juicer/syun
ls /home/lengliang/lzy/sj_3d/results/2_transform/juicer/syun/syun.allValidPairs.hic

Submitted job 2 with external jobid '9888.mu01'.
[Mon Jan 16 21:56:44 2023]
Finished job 2.
1 of 4 steps (25%) done
[Mon Jan 16 23:33:21 2023]
Finished job 3.
2 of 4 steps (50%) done
[Mon Jan 16 23:36:11 2023]
Finished job 1.
3 of 4 steps (75%) done
Select jobs to execute...

[Mon Jan 16 23:36:11 2023]
localrule all:
    input: /home/lengliang/lzy/sj_3d/results/2_transform/juicer/scep/scep.allValidPairs.hic, /home/lengliang/lzy/sj_3d/results/2_transform/juicer/syun/syun.allValidPairs.hic, /home/lengliang/lzy/sj_3d/results/2_transform/juicer/sjap/sjap.allValidPairs.hic
    jobid: 0
    reason: Input files updated by another job: /home/lengliang/lzy/sj_3d/results/2_transform/juicer/syun/syun.allValidPairs.hic, /home/lengliang/lzy/sj_3d/results/2_transform/juicer/sjap/sjap.allValidPairs.hic, /home/lengliang/lzy/sj_3d/results/2_transform/juicer/scep/scep.allValidPairs.hic
    resources: mem_mb=2445, disk_mb=2445, tmpdir=/tmp

[Mon Jan 16 23:36:11 2023]
Finished job 0.
4 of 4 steps (100%) done
Complete log: .snakemake/log/2023-01-16T215235.064333.snakemake.log
