Building DAG of jobs...
Using shell: /usr/bin/bash
Provided cluster nodes: 20
Job stats:
job              count    min threads    max threads
-------------  -------  -------------  -------------
all                  1              1              1
hicpro2juicer        3             24             24
total                4              1             24

Select jobs to execute...

[Thu Jan 26 23:38:01 2023]
rule hicpro2juicer:
    input: /home/lengliang/lzy/sj_3d/results/1_hicpro/scep/hic_results/data/scep/scep.allValidPairs
    output: /home/lengliang/lzy/sj_3d/results/2_transform/juicer/scep/scep.allValidPairs.hic
    jobid: 1
    reason: Forced execution
    wildcards: sample=scep
    threads: 24
    resources: mem_mb=20394, disk_mb=4191800, tmpdir=/home/lengliang/lzy/tmp/3d/


/home/lengliang/lzy/soft/hicpro/HiC-Pro_3.1.0/bin/utils/hicpro2juicebox.sh  -s 5000,10000,25000,40000,50000,100000,250000,300000,500000 -t /home/lengliang/lzy/tmp/3d/ -i /home/lengliang/lzy/sj_3d/results/1_hicpro/scep/hic_results/data/scep/scep.allValidPairs -g /home/lengliang/lzy/sj_3d/genomes/scep/genome.chrom.size -j /home/lengliang/lzy/soft/juicer/scripts/common/juicer_tools.jar -o /home/lengliang/lzy/sj_3d/results/2_transform/juicer/scep 
ls /home/lengliang/lzy/sj_3d/results/2_transform/juicer/scep/scep.allValidPairs.hic

Submitted job 1 with external jobid '10940.mu01'.

[Thu Jan 26 23:38:03 2023]
rule hicpro2juicer:
    input: /home/lengliang/lzy/sj_3d/results/1_hicpro/syun/hic_results/data/syun/syun.allValidPairs
    output: /home/lengliang/lzy/sj_3d/results/2_transform/juicer/syun/syun.allValidPairs.hic
    jobid: 2
    reason: Forced execution
    wildcards: sample=syun
    threads: 24
    resources: mem_mb=1000, disk_mb=4191800, tmpdir=/home/lengliang/lzy/tmp/3d/


/home/lengliang/lzy/soft/hicpro/HiC-Pro_3.1.0/bin/utils/hicpro2juicebox.sh  -s 5000,10000,25000,40000,50000,100000,250000,300000,500000 -t /home/lengliang/lzy/tmp/3d/ -i /home/lengliang/lzy/sj_3d/results/1_hicpro/syun/hic_results/data/syun/syun.allValidPairs -g /home/lengliang/lzy/sj_3d/genomes/syun/genome.chrom.size -j /home/lengliang/lzy/soft/juicer/scripts/common/juicer_tools.jar -o /home/lengliang/lzy/sj_3d/results/2_transform/juicer/syun 
ls /home/lengliang/lzy/sj_3d/results/2_transform/juicer/syun/syun.allValidPairs.hic

Submitted job 2 with external jobid '10941.mu01'.

[Thu Jan 26 23:38:03 2023]
rule hicpro2juicer:
    input: /home/lengliang/lzy/sj_3d/results/1_hicpro/sjap/hic_results/data/sjap/sjap.allValidPairs
    output: /home/lengliang/lzy/sj_3d/results/2_transform/juicer/sjap/sjap.allValidPairs.hic
    jobid: 3
    reason: Forced execution
    wildcards: sample=sjap
    threads: 24
    resources: mem_mb=19205, disk_mb=4191800, tmpdir=/home/lengliang/lzy/tmp/3d/


/home/lengliang/lzy/soft/hicpro/HiC-Pro_3.1.0/bin/utils/hicpro2juicebox.sh  -s 5000,10000,25000,40000,50000,100000,250000,300000,500000 -t /home/lengliang/lzy/tmp/3d/ -i /home/lengliang/lzy/sj_3d/results/1_hicpro/sjap/hic_results/data/sjap/sjap.allValidPairs -g /home/lengliang/lzy/sj_3d/genomes/sjap/genome.chrom.size -j /home/lengliang/lzy/soft/juicer/scripts/common/juicer_tools.jar -o /home/lengliang/lzy/sj_3d/results/2_transform/juicer/sjap 
ls /home/lengliang/lzy/sj_3d/results/2_transform/juicer/sjap/sjap.allValidPairs.hic

Submitted job 3 with external jobid '10942.mu01'.
[Thu Jan 26 23:41:46 2023]
Finished job 2.
1 of 4 steps (25%) done
[Fri Jan 27 01:16:37 2023]
Finished job 3.
2 of 4 steps (50%) done
[Fri Jan 27 01:19:37 2023]
Finished job 1.
3 of 4 steps (75%) done
Select jobs to execute...

[Fri Jan 27 01:19:37 2023]
localrule all:
    input: /home/lengliang/lzy/sj_3d/results/2_transform/juicer/scep/scep.allValidPairs.hic, /home/lengliang/lzy/sj_3d/results/2_transform/juicer/syun/syun.allValidPairs.hic, /home/lengliang/lzy/sj_3d/results/2_transform/juicer/sjap/sjap.allValidPairs.hic
    jobid: 0
    reason: Input files updated by another job: /home/lengliang/lzy/sj_3d/results/2_transform/juicer/syun/syun.allValidPairs.hic, /home/lengliang/lzy/sj_3d/results/2_transform/juicer/scep/scep.allValidPairs.hic, /home/lengliang/lzy/sj_3d/results/2_transform/juicer/sjap/sjap.allValidPairs.hic
    resources: mem_mb=1696, disk_mb=1696, tmpdir=/tmp

[Fri Jan 27 01:19:37 2023]
Finished job 0.
4 of 4 steps (100%) done
Complete log: .snakemake/log/2023-01-26T233800.679546.snakemake.log
